PRT1
388
779
4 0 71 (64 2048 -448 ) (48 2048 -448 ) (48 2048 -543.780029 ) (64 2048 -543.780029 ) 
4 0 70 (544 2048 -448 ) (64 2048 -448 ) (64 2048 -576 ) (544 2048 -576 ) 
4 1 2 (1392 1520 0 ) (1520 1520 0 ) (1520 1520 128 ) (1392 1520 128 ) 
4 2 4 (1392 1456 0 ) (1520 1456 0 ) (1520 1456 128 ) (1392 1456 128 ) 
4 3 4 (1520 1456 128 ) (1520 1456 0 ) (1520 1292 0 ) (1520 1292 128 ) 
4 4 7 (1392 1228 0 ) (1520 1228 0 ) (1520 1228 128 ) (1392 1228 128 ) 
4 4 5 (1392 1456 128 ) (1392 1456 0 ) (1392 1296 0 ) (1392 1296 128 ) 
4 4 6 (1392 1232 0 ) (1392 1228 0 ) (1392 1228 128 ) (1392 1232 128 ) 
4 5 8 (1376 1400 0 ) (1376 1352 0 ) (1376 1352 108 ) (1376 1400 108 ) 
4 6 7 (1376 1228 128 ) (1376 1228 0 ) (1392 1228 0 ) (1392 1228 128 ) 
4 8 9 (1344 1400 0 ) (1344 1352 0 ) (1344 1352 108 ) (1344 1400 108 ) 
4 9 10 (1248 1440 0 ) (1248 1312 0 ) (1248 1312 128 ) (1248 1440 128 ) 
4 10 11 (1184 1440 0 ) (1184 1312 0 ) (1184 1312 128 ) (1184 1440 128 ) 
4 11 12 (1056 1440 0 ) (1056 1312 0 ) (1056 1312 128 ) (1056 1440 128 ) 
4 12 21 (1024 1440 0 ) (1024 1312 0 ) (1024 1312 128 ) (1024 1440 128 ) 
4 13 14 (768 1840 0 ) (768 1712 0 ) (768 1712 128 ) (768 1840 128 ) 
4 14 25 (640 1856 0 ) (640 1696 0 ) (640 1696 128 ) (640 1856 128 ) 
6 15 69 (844 1483.217529 0 ) (844 1528 0 ) (859.712891 1528 0 ) (864 1511.998169 0 ) (859.713013 1496 0 ) (848.003235 1484.290894 0 ) 
4 15 65 (844 1528 0 ) (844 1540.782471 0 ) (848 1539.709961 0 ) (859.712952 1528 0 ) 
4 15 22 (844 1456 0 ) (896 1456 0 ) (896 1456 128 ) (844 1456 128 ) 
4 15 18 (844 1534 0 ) (844 1528 0 ) (844 1528 16 ) (844 1534 16 ) 
4 15 17 (844 1528 16 ) (844 1528 128 ) (844 1534 128 ) (844 1534 16 ) 
4 15 16 (844 1568 128 ) (844 1568 0 ) (844 1534 0 ) (844 1534 128 ) 
4 15 19 (844 1528 0 ) (844 1456 0 ) (844 1456 128 ) (844 1528 128 ) 
5 16 66 (820 1534 0 ) (820 1540.782593 0 ) (832 1544 0 ) (844 1540.782471 0 ) (844 1534 0 ) 
4 16 20 (820 1568 128 ) (820 1568 0 ) (820 1534 0 ) (820 1534 128 ) 
4 16 18 (820 1534 16 ) (820 1534 0 ) (844 1534 0 ) (844 1534 16 ) 
4 16 17 (820 1534 128 ) (820 1534 16 ) (844 1534 16 ) (844 1534 128 ) 
4 17 20 (820 1528 16 ) (820 1528 128 ) (820 1534 128 ) (820 1534 16 ) 
4 17 19 (820 1528 128 ) (820 1528 16 ) (844 1528 16 ) (844 1528 128 ) 
4 17 18 (844 1528 16 ) (820 1528 16 ) (820 1534 16 ) (844 1534 16 ) 
4 18 67 (820 1528 0 ) (820 1534 0 ) (844 1534 0 ) (844 1528 0 ) 
4 18 20 (820 1534 0 ) (820 1528 0 ) (820 1528 16 ) (820 1534 16 ) 
4 18 19 (820 1528 16 ) (820 1528 0 ) (844 1528 0 ) (844 1528 16 ) 
5 19 69 (820 1483.217407 0 ) (820 1528 0 ) (844 1528 0 ) (844 1483.217529 0 ) (832 1480 0 ) 
4 19 22 (820 1456 0 ) (844 1456 0 ) (844 1456 128 ) (820 1456 128 ) 
4 19 20 (820 1528 0 ) (820 1456 0 ) (820 1456 128 ) (820 1528 128 ) 
6 20 69 (804.285889 1496.004150 0 ) (800 1512 0 ) (804.286987 1528 0 ) (820 1528 0 ) (820 1483.217407 0 ) (816 1484.289917 0 ) 
4 20 68 (810.288879 1534 0 ) (820 1534 0 ) (820 1528 0 ) (804.286987 1528 0 ) 
4 20 66 (820 1540.782593 0 ) (820 1534 0 ) (810.288940 1534 0 ) (816.001221 1539.710449 0 ) 
4 20 22 (768 1456 0 ) (820 1456 0 ) (820 1456 128 ) (768 1456 128 ) 
4 21 22 (992 1440 0 ) (992 1312 0 ) (992 1312 128 ) (992 1440 128 ) 
4 22 23 (672 1400 0 ) (672 1352 0 ) (672 1352 108 ) (672 1400 108 ) 
4 23 31 (640 1400 0 ) (640 1352 0 ) (640 1352 108 ) (640 1400 108 ) 
4 24 157 (768 1024 128 ) (640 1024 128 ) (640 1024 0 ) (768 1024 0 ) 
4 24 34 (640 1216 0 ) (640 1024 0 ) (640 1024 128 ) (640 1216 128 ) 
4 25 27 (464 1696 0 ) (560 1696 0 ) (560 1696 108 ) (464 1696 108 ) 
4 25 26 (448 1840 0 ) (448 1712 0 ) (448 1712 128 ) (448 1840 128 ) 
4 27 35 (464 1664 0 ) (560 1664 0 ) (560 1664 108 ) (464 1664 108 ) 
4 28 30 (608 1536 128 ) (608 1536 0 ) (616 1536 0 ) (616 1536 128 ) 
4 28 35 (608 1664 128 ) (608 1664 0 ) (608 1536 0 ) (608 1536 128 ) 
4 29 31 (608 1472 128 ) (608 1472 0 ) (616 1472 0 ) (616 1472 128 ) 
4 29 35 (608 1480 0 ) (608 1472 0 ) (608 1472 128 ) (608 1480 128 ) 
4 30 35 (608 1536 0 ) (608 1528 0 ) (608 1528 128 ) (608 1536 128 ) 
4 31 33 (608 1280 128 ) (608 1280 0 ) (616 1280 0 ) (616 1280 128 ) 
4 31 35 (608 1472 0 ) (608 1280 0 ) (608 1280 128 ) (608 1472 128 ) 
4 32 35 (608 1224 0 ) (608 1216 0 ) (608 1216 128 ) (608 1224 128 ) 
4 32 34 (608 1216 128 ) (608 1216 0 ) (616 1216 0 ) (616 1216 128 ) 
4 33 35 (608 1280 0 ) (608 1272 0 ) (608 1272 128 ) (608 1280 128 ) 
4 34 157 (640 1024 128 ) (608 1024 128 ) (608 1024 0 ) (640 1024 0 ) 
4 34 35 (608 1216 0 ) (608 1024 0 ) (608 1024 128 ) (608 1216 128 ) 
4 35 157 (608 1024 128 ) (416 1024 128 ) (416 1024 0 ) (608 1024 0 ) 
4 35 63 (416 1224 0 ) (416 1216 0 ) (416 1216 128 ) (416 1224 128 ) 
4 35 62 (416 1280 0 ) (416 1272 0 ) (416 1272 128 ) (416 1280 128 ) 
4 35 64 (416 1216 0 ) (416 1024 0 ) (416 1024 128 ) (416 1216 128 ) 
4 35 58 (416 1382.419678 0 ) (416 1381.083862 0 ) (416 1381.083862 128 ) (416 1382.419678 128 ) 
4 35 51 (416 1381.083862 0 ) (416 1280 0 ) (416 1280 128 ) (416 1381.083862 128 ) 
4 35 47 (416 1406.419678 0 ) (416 1405.083862 0 ) (416 1405.083862 128 ) (416 1406.419678 128 ) 
4 35 46 (416 1426.949585 0 ) (416 1406.419678 0 ) (416 1406.419678 128 ) (416 1426.949585 128 ) 
4 35 45 (416 1472 0 ) (416 1426.949585 0 ) (416 1426.949585 128 ) (416 1472 128 ) 
4 35 39 (416 1405.083862 0 ) (416 1382.419678 0 ) (416 1382.419678 128 ) (416 1405.083862 128 ) 
4 35 38 (416 1480 0 ) (416 1472 0 ) (416 1472 128 ) (416 1480 128 ) 
4 35 37 (416 1536 0 ) (416 1528 0 ) (416 1528 128 ) (416 1536 128 ) 
4 35 36 (416 1664 128 ) (416 1664 0 ) (416 1536 0 ) (416 1536 128 ) 
4 36 37 (408 1536 0 ) (416 1536 0 ) (416 1536 128 ) (408 1536 128 ) 
4 38 45 (408 1472 0 ) (416 1472 0 ) (416 1472 128 ) (408 1472 128 ) 
4 39 60 (391.997040 1376 0 ) (397.463928 1377.463135 0 ) (397.463928 1377.463135 128 ) (391.997040 1376 128 ) 
4 39 58 (397.463928 1377.463135 0 ) (416 1382.421265 0 ) (416 1382.421265 128 ) (397.463928 1377.463135 128 ) 
4 39 57 (385.692169 1374.314331 0 ) (388.002136 1374.932251 0 ) (388.002136 1374.932251 128 ) (385.692169 1374.314331 128 ) 
4 39 56 (385.091339 1374.153564 0 ) (385.692169 1374.314331 0 ) (385.692169 1374.314331 128 ) (385.091339 1374.153564 128 ) 
4 39 48 (400.618561 1389.691772 0 ) (398.928040 1388 0 ) (398.928040 1388 128 ) (400.618561 1389.691772 128 ) 
4 39 47 (416 1405.083862 128 ) (416 1405.083862 0 ) (400.618561 1389.691772 0 ) (400.618561 1389.691772 128 ) 
4 39 40 (396 1385.069824 0 ) (385.089844 1374.152344 0 ) (385.089844 1374.152344 128 ) (396 1385.069824 128 ) 
4 40 56 (384 1373.861694 128 ) (384 1373.861694 0 ) (385.091339 1374.153564 0 ) (385.091339 1374.153564 128 ) 
4 40 41 (392.001251 1384 0 ) (384 1381.859497 0 ) (384 1381.859497 128 ) (392.001251 1384 128 ) 
4 41 42 (388 1385.069336 0 ) (384 1386.139404 0 ) (384 1386.139404 128 ) (388 1385.069336 128 ) 
4 42 43 (385.071869 1388 0 ) (384 1389.073242 0 ) (384 1389.073242 128 ) (385.071869 1388 128 ) 
4 44 45 (385.071259 1396 0 ) (405.439117 1472 0 ) (405.439117 1472 128 ) (385.071259 1396 128 ) 
4 45 46 (388.003082 1398.930908 0 ) (416 1426.947754 0 ) (416 1426.947754 128 ) (388.003082 1398.930908 128 ) 
4 46 49 (392.001312 1400 0 ) (397.464478 1401.460938 0 ) (397.464478 1401.460938 128 ) (392.001312 1400 128 ) 
4 46 47 (397.464478 1401.460938 0 ) (416 1406.418945 0 ) (416 1406.418945 128 ) (397.464478 1401.460938 128 ) 
4 47 50 (398.307587 1398.312866 0 ) (398.927216 1396 0 ) (398.927216 1396 128 ) (398.307587 1398.312866 128 ) 
4 47 49 (397.463379 1401.462891 128 ) (397.463379 1401.462891 0 ) (398.307587 1398.312866 0 ) (398.307587 1398.312866 128 ) 
4 47 48 (400 1391.998779 0 ) (400.618103 1389.691162 0 ) (400.618103 1389.691162 128 ) (400 1391.998779 128 ) 
4 49 50 (395.998993 1398.931030 0 ) (398.308167 1398.313354 0 ) (398.308167 1398.313354 128 ) (395.998993 1398.931030 128 ) 
4 51 62 (408 1280 0 ) (416 1280 0 ) (416 1280 128 ) (408 1280 128 ) 
4 51 59 (400.618439 1365.692627 0 ) (398.928375 1364.001343 0 ) (398.928375 1364.001343 128 ) (400.618439 1365.692627 128 ) 
4 51 58 (416 1381.084717 128 ) (416 1381.084717 0 ) (400.618439 1365.692627 0 ) (400.618439 1365.692627 128 ) 
4 51 52 (395.998749 1361.069702 0 ) (384 1349.062622 0 ) (384 1349.062622 128 ) (395.998749 1361.069702 128 ) 
4 52 53 (391.998260 1360 0 ) (384 1357.860962 0 ) (384 1357.860962 128 ) (391.998260 1360 128 ) 
4 53 54 (388 1361.069092 0 ) (384 1362.139282 0 ) (384 1362.139282 128 ) (388 1361.069092 128 ) 
4 54 55 (385.071777 1364 0 ) (384 1365.073120 0 ) (384 1365.073120 128 ) (385.071777 1364 128 ) 
4 56 57 (385.072968 1372 0 ) (385.692566 1374.312622 0 ) (385.692566 1374.312622 128 ) (385.072968 1372 128 ) 
4 58 61 (398.308075 1374.312744 0 ) (398.925262 1372.009766 0 ) (398.925262 1372.009766 128 ) (398.308075 1374.312744 128 ) 
4 58 60 (397.464172 1377.461548 128 ) (397.464172 1377.461548 0 ) (398.308075 1374.312744 0 ) (398.308075 1374.312744 128 ) 
4 58 59 (400 1368 0 ) (400.618561 1365.691650 0 ) (400.618561 1365.691650 128 ) (400 1368 128 ) 
4 60 61 (396.009338 1374.927856 0 ) (398.308350 1374.312866 0 ) (398.308350 1374.312866 128 ) (396.009338 1374.927856 128 ) 
4 63 64 (408 1216 0 ) (416 1216 0 ) (416 1216 128 ) (408 1216 128 ) 
4 64 157 (416 1024 128 ) (384 1024 128 ) (384 1024 0 ) (416 1024 0 ) 
4 65 80 (859.712891 1528 -336 ) (844 1528 -336 ) (844 1540.782471 -336 ) (848 1539.709961 -336 ) 
4 65 69 (844 1528 -336 ) (859.712891 1528 -336 ) (859.712891 1528 0 ) (844 1528 0 ) 
4 65 67 (844 1534 -336 ) (844 1528 -336 ) (844 1528 0 ) (844 1534 0 ) 
4 65 66 (844 1540.782471 -336 ) (844 1534 -336 ) (844 1534 0 ) (844 1540.782471 0 ) 
5 66 81 (844 1540.782471 -336 ) (844 1534 -336 ) (820 1534 -336 ) (820 1540.782593 -336 ) (832 1544 -336 ) 
4 66 85 (820 1534 -336 ) (810.288940 1534 -336 ) (816.001099 1539.710327 -336 ) (820 1540.782593 -336 ) 
4 66 68 (810.288940 1534 -336 ) (820 1534 -336 ) (820 1534 0 ) (810.288940 1534 0 ) 
4 66 67 (820 1534 -336 ) (844 1534 -336 ) (844 1534 0 ) (820 1534 0 ) 
4 67 82 (844 1528 -336 ) (820 1528 -336 ) (820 1534 -336 ) (844 1534 -336 ) 
4 67 69 (820 1528 -336 ) (844 1528 -336 ) (844 1528 0 ) (820 1528 0 ) 
4 67 68 (820 1534 0 ) (820 1534 -336 ) (820 1528 -336 ) (820 1528 0 ) 
4 68 85 (820 1528 -336 ) (804.286987 1528 -336 ) (810.288879 1534 -336 ) (820 1534 -336 ) 
4 68 69 (804.286987 1528 -336 ) (820 1528 -336 ) (820 1528 0 ) (804.286987 1528 0 ) 
5 69 84 (820 1528 -336 ) (844 1528 -336 ) (844 1483.217529 -336 ) (832 1480 -336 ) (820 1483.217529 -336 ) 
6 69 85 (804.285828 1496.004150 -336 ) (800 1512 -336 ) (804.286987 1528 -336 ) (820 1528 -336 ) (820 1483.217529 -336 ) (816 1484.290039 -336 ) 
6 69 80 (844 1528 -336 ) (859.712891 1528 -336 ) (864 1511.998169 -336 ) (859.713013 1496 -336 ) (848.003357 1484.290894 -336 ) (844 1483.217529 -336 ) 
4 70 77 (256 1952 -464 ) (112 1952 -464 ) (112 1952 -560 ) (256 1952 -560 ) 
4 70 74 (416 1952 -560 ) (416 1952 -464 ) (272 1952 -464 ) (272 1952 -560 ) 
4 70 73 (484 1952 -576 ) (540 1952 -576 ) (540 1952 -464 ) (484 1952 -464 ) 
4 70 72 (540 1952 -576 ) (544 1952 -576 ) (544 1952 -575.670044 ) (540 1952 -575.670044 ) 
4 70 71 (64 1952 -543.780029 ) (64 1952 -448 ) (64 2048 -448 ) (64 2048 -543.780029 ) 
4 72 86 (540 1936 -576 ) (544 1936 -576 ) (544 1936 -575.670044 ) (540 1936 -575.670044 ) 
4 72 73 (540 1952 -575.670044 ) (540 1952 -576 ) (540 1936 -576 ) (540 1936 -575.670044 ) 
4 73 86 (484 1936 -576 ) (540 1936 -576 ) (540 1936 -464 ) (484 1936 -464 ) 
4 74 75 (272 1948 -464 ) (272 1948 -560 ) (416 1948 -560 ) (416 1948 -464 ) 
4 75 76 (272 1940 -464 ) (272 1940 -560 ) (416 1940 -560 ) (416 1940 -464 ) 
4 76 94 (288 1936 -464 ) (272 1936 -464 ) (272 1936 -560 ) (288 1936 -560 ) 
4 76 87 (416 1936 -560 ) (416 1936 -464 ) (352 1936 -464 ) (352 1936 -560 ) 
4 76 93 (352 1936 -464 ) (288 1936 -464 ) (288 1936 -560 ) (352 1936 -560 ) 
4 77 78 (112 1948 -560 ) (256 1948 -560 ) (256 1948 -464 ) (112 1948 -464 ) 
4 78 79 (112 1940 -560 ) (256 1940 -560 ) (256 1940 -464 ) (112 1940 -464 ) 
4 79 95 (160 1936 -464 ) (112 1936 -464 ) (112 1936 -560 ) (160 1936 -560 ) 
4 79 94 (256 1936 -464 ) (160 1936 -464 ) (160 1936 -560 ) (256 1936 -560 ) 
4 80 191 (928 1024 -336 ) (844 1024 -336 ) (844 1024 -464 ) (928 1024 -464 ) 
4 80 83 (844 1534 -464 ) (844 1528 -464 ) (844 1528 -368 ) (844 1534 -368 ) 
4 80 82 (844 1528 -368 ) (844 1528 -336 ) (844 1534 -336 ) (844 1534 -368 ) 
4 80 81 (844 1568 -336 ) (844 1568 -464 ) (844 1534 -464 ) (844 1534 -336 ) 
4 80 84 (844 1528 -464 ) (844 1024 -464 ) (844 1024 -336 ) (844 1528 -336 ) 
4 81 83 (820 1534 -368 ) (820 1534 -464 ) (844 1534 -464 ) (844 1534 -368 ) 
4 81 82 (820 1534 -336 ) (820 1534 -368 ) (844 1534 -368 ) (844 1534 -336 ) 
4 81 85 (820 1568 -336 ) (820 1568 -464 ) (820 1534 -464 ) (820 1534 -336 ) 
4 82 85 (820 1528 -368 ) (820 1528 -336 ) (820 1534 -336 ) (820 1534 -368 ) 
4 82 84 (820 1528 -336 ) (820 1528 -368 ) (844 1528 -368 ) (844 1528 -336 ) 
4 82 83 (844 1528 -368 ) (820 1528 -368 ) (820 1534 -368 ) (844 1534 -368 ) 
4 83 85 (820 1534 -464 ) (820 1528 -464 ) (820 1528 -368 ) (820 1534 -368 ) 
4 83 84 (820 1528 -368 ) (820 1528 -464 ) (844 1528 -464 ) (844 1528 -368 ) 
4 84 191 (844 1024 -336 ) (820 1024 -336 ) (820 1024 -464 ) (844 1024 -464 ) 
4 84 85 (820 1528 -464 ) (820 1024 -464 ) (820 1024 -336 ) (820 1528 -336 ) 
4 85 191 (820 1024 -336 ) (736 1024 -336 ) (736 1024 -464 ) (820 1024 -464 ) 
4 86 114 (544 1556 -576 ) (544 1200 -576 ) (416 1200 -576 ) (416 1556 -576 ) 
4 86 106 (416 1936 -576 ) (480 1936 -576 ) (480 1616 -576 ) (416 1616 -576 ) 
4 86 90 (416 1776 -448 ) (416 1784 -448 ) (416 1784 -576 ) (416 1776 -576 ) 
4 86 88 (416 1832 -448 ) (416 1840 -448 ) (416 1840 -576 ) (416 1832 -576 ) 
4 86 87 (416 1840 -448 ) (416 1936 -448 ) (416 1936 -576 ) (416 1840 -576 ) 
4 86 92 (416 1200 -576 ) (416 1200 -448 ) (416 1776 -448 ) (416 1776 -576 ) 
4 87 115 (352 1936 -576 ) (356 1936 -576 ) (356 1840 -576 ) (352 1840 -576 ) 
4 87 107 (356 1936 -576 ) (416 1936 -576 ) (416 1840 -576 ) (356 1840 -576 ) 
4 87 89 (352 1840 -448 ) (352 1840 -576 ) (360 1840 -576 ) (360 1840 -448 ) 
4 87 88 (408 1840 -576 ) (416 1840 -576 ) (416 1840 -448 ) (408 1840 -448 ) 
4 87 93 (352 1840 -448 ) (352 1936 -448 ) (352 1936 -576 ) (352 1840 -576 ) 
3 88 108 (416 1840 -576 ) (416 1832 -576 ) (408 1840 -576 ) 
4 89 115 (352 1832 -576 ) (352 1840 -576 ) (356 1840 -576 ) (356 1836 -576 ) 
3 89 109 (356 1840 -576 ) (360 1840 -576 ) (356 1836 -576 ) 
4 89 93 (352 1832 -448 ) (352 1840 -448 ) (352 1840 -576 ) (352 1832 -576 ) 
3 90 110 (416 1784 -576 ) (416 1776 -576 ) (408 1776 -576 ) 
4 90 92 (408 1776 -576 ) (416 1776 -576 ) (416 1776 -448 ) (408 1776 -448 ) 
4 91 116 (356 1776 -576 ) (352 1776 -576 ) (352 1784 -576 ) (356 1780 -576 ) 
3 91 111 (360 1776 -576 ) (356 1776 -576 ) (356 1780 -576 ) 
4 91 92 (352 1776 -448 ) (352 1776 -576 ) (360 1776 -576 ) (360 1776 -448 ) 
4 91 93 (352 1776 -448 ) (352 1784 -448 ) (352 1784 -576 ) (352 1776 -576 ) 
4 92 136 (352 1376 -576 ) (352 1396 -576 ) (356 1396 -576 ) (356 1376 -576 ) 
4 92 138 (356 1200 -576 ) (352 1200 -576 ) (352 1376 -576 ) (356 1376 -576 ) 
4 92 134 (352 1396 -576 ) (352 1416 -576 ) (356 1416 -576 ) (356 1396 -576 ) 
4 92 132 (352 1416 -576 ) (352 1436 -576 ) (356 1436 -576 ) (356 1416 -576 ) 
4 92 130 (352 1436 -576 ) (352 1456 -576 ) (356 1456 -576 ) (356 1436 -576 ) 
4 92 128 (352 1456 -576 ) (352 1476 -576 ) (356 1476 -576 ) (356 1456 -576 ) 
4 92 126 (352 1476 -576 ) (352 1496 -576 ) (356 1496 -576 ) (356 1476 -576 ) 
4 92 124 (352 1496 -576 ) (352 1516 -576 ) (356 1516 -576 ) (356 1496 -576 ) 
4 92 122 (352 1516 -576 ) (352 1536 -576 ) (356 1536 -576 ) (356 1516 -576 ) 
4 92 120 (352 1536 -576 ) (352 1556 -576 ) (356 1556 -576 ) (356 1536 -576 ) 
4 92 116 (352 1616 -576 ) (352 1776 -576 ) (356 1776 -576 ) (356 1616 -576 ) 
4 92 114 (416 1556 -576 ) (416 1200 -576 ) (356 1200 -576 ) (356 1556 -576 ) 
4 92 112 (416 1776 -576 ) (416 1616 -576 ) (356 1616 -576 ) (356 1776 -576 ) 
4 92 93 (352 1200 -576 ) (352 1200 -448 ) (352 1776 -448 ) (352 1776 -576 ) 
4 93 136 (288 1376 -576 ) (288 1396 -576 ) (352 1396 -576 ) (352 1376 -576 ) 
4 93 138 (288 1200 -576 ) (288 1376 -576 ) (352 1376 -576 ) (352 1200 -576 ) 
4 93 134 (288 1396 -576 ) (288 1416 -576 ) (352 1416 -576 ) (352 1396 -576 ) 
4 93 132 (288 1416 -576 ) (288 1436 -576 ) (352 1436 -576 ) (352 1416 -576 ) 
4 93 130 (288 1436 -576 ) (288 1456 -576 ) (352 1456 -576 ) (352 1436 -576 ) 
4 93 128 (288 1456 -576 ) (288 1476 -576 ) (352 1476 -576 ) (352 1456 -576 ) 
4 93 126 (288 1476 -576 ) (288 1496 -576 ) (352 1496 -576 ) (352 1476 -576 ) 
4 93 124 (288 1496 -576 ) (288 1516 -576 ) (352 1516 -576 ) (352 1496 -576 ) 
4 93 122 (288 1516 -576 ) (288 1536 -576 ) (352 1536 -576 ) (352 1516 -576 ) 
4 93 120 (288 1536 -576 ) (288 1556 -576 ) (352 1556 -576 ) (352 1536 -576 ) 
4 93 118 (288 1616 -576 ) (288 1936 -576 ) (352 1936 -576 ) (352 1616 -576 ) 
4 93 102 (288 1680 -576 ) (288 1616 -576 ) (288 1616 -448 ) (288 1680 -448 ) 
4 93 94 (288 1936 -448 ) (288 1936 -576 ) (288 1680 -576 ) (288 1680 -448 ) 
4 94 139 (160 1936 -576 ) (288 1936 -576 ) (288 1680 -576 ) (160 1680 -576 ) 
4 94 102 (224 1680 -576 ) (288 1680 -576 ) (288 1680 -448 ) (224 1680 -448 ) 
4 94 98 (160 1776 -448 ) (160 1784 -448 ) (160 1784 -576 ) (160 1776 -576 ) 
4 94 96 (160 1832 -448 ) (160 1840 -448 ) (160 1840 -576 ) (160 1832 -576 ) 
4 94 95 (160 1840 -448 ) (160 1936 -448 ) (160 1936 -576 ) (160 1840 -576 ) 
4 94 100 (160 1680 -576 ) (160 1680 -448 ) (160 1776 -448 ) (160 1776 -576 ) 
4 95 140 (96 1936 -576 ) (160 1936 -576 ) (160 1840 -576 ) (96 1840 -576 ) 
4 95 97 (96 1840 -448 ) (96 1840 -576 ) (104 1840 -576 ) (104 1840 -448 ) 
4 95 96 (152 1840 -576 ) (160 1840 -576 ) (160 1840 -448 ) (152 1840 -448 ) 
4 95 101 (96 1840 -448 ) (96 1936 -448 ) (96 1936 -576 ) (96 1840 -576 ) 
3 96 141 (160 1840 -576 ) (160 1832 -576 ) (152 1840 -576 ) 
3 97 142 (96 1832 -576 ) (96 1840 -576 ) (104 1840 -576 ) 
4 97 101 (96 1832 -448 ) (96 1840 -448 ) (96 1840 -576 ) (96 1832 -576 ) 
3 98 143 (160 1784 -576 ) (160 1776 -576 ) (152 1776 -576 ) 
4 98 100 (152 1776 -576 ) (160 1776 -576 ) (160 1776 -448 ) (152 1776 -448 ) 
3 99 144 (104 1776 -576 ) (96 1776 -576 ) (96 1784 -576 ) 
4 99 100 (96 1776 -448 ) (96 1776 -576 ) (104 1776 -576 ) (104 1776 -448 ) 
4 99 101 (96 1776 -448 ) (96 1784 -448 ) (96 1784 -576 ) (96 1776 -576 ) 
4 100 145 (160 1776 -576 ) (160 1680 -576 ) (96 1680 -576 ) (96 1776 -576 ) 
4 100 101 (96 1680 -576 ) (96 1680 -448 ) (96 1776 -448 ) (96 1776 -576 ) 
4 101 148 (0 1936 -448 ) (0 1936 -576 ) (0 1680 -576 ) (0 1680 -448 ) 
4 101 146 (0 1680 -576 ) (0 1936 -576 ) (96 1936 -576 ) (96 1680 -576 ) 
3 102 147 (224 1680 -576 ) (288 1680 -576 ) (288 1616 -576 ) 
4 103 118 (324 1936 -704 ) (352 1936 -704 ) (352 1936 -592 ) (324 1936 -592 ) 
4 103 115 (352 1936 -704 ) (356 1936 -704 ) (356 1936 -592 ) (352 1936 -592 ) 
4 103 107 (356 1936 -704 ) (380 1936 -704 ) (380 1936 -592 ) (356 1936 -592 ) 
4 104 193 (800 1024 -576 ) (544 1024 -576 ) (544 1024 -704 ) (800 1024 -704 ) 
4 104 114 (544 1200 -704 ) (544 1024 -704 ) (544 1024 -576 ) (544 1200 -576 ) 
4 105 113 (480 1616 -704 ) (544 1616 -704 ) (544 1616 -584 ) (480 1616 -584 ) 
4 105 106 (480 1936 -584 ) (480 1936 -704 ) (480 1616 -704 ) (480 1616 -584 ) 
4 106 113 (416 1616 -704 ) (480 1616 -704 ) (480 1616 -584 ) (416 1616 -584 ) 
4 106 110 (416 1784 -704 ) (416 1776 -704 ) (416 1776 -576 ) (416 1784 -576 ) 
4 106 108 (416 1840 -704 ) (416 1832 -704 ) (416 1832 -576 ) (416 1840 -576 ) 
4 106 107 (416 1936 -576 ) (416 1936 -704 ) (416 1840 -704 ) (416 1840 -576 ) 
4 106 112 (416 1776 -704 ) (416 1616 -704 ) (416 1616 -576 ) (416 1776 -576 ) 
4 107 115 (356 1936 -576 ) (356 1936 -704 ) (356 1840 -704 ) (356 1840 -576 ) 
4 107 109 (356 1840 -576 ) (356 1840 -704 ) (360 1840 -704 ) (360 1840 -576 ) 
4 107 108 (408 1840 -704 ) (416 1840 -704 ) (416 1840 -576 ) (408 1840 -576 ) 
4 109 115 (356 1840 -704 ) (356 1836 -704 ) (356 1836 -576 ) (356 1840 -576 ) 
4 110 112 (408 1776 -704 ) (416 1776 -704 ) (416 1776 -576 ) (408 1776 -576 ) 
4 111 116 (356 1780 -704 ) (356 1776 -704 ) (356 1776 -576 ) (356 1780 -576 ) 
4 111 112 (356 1776 -576 ) (356 1776 -704 ) (360 1776 -704 ) (360 1776 -576 ) 
4 112 116 (356 1776 -704 ) (356 1616 -704 ) (356 1616 -576 ) (356 1776 -576 ) 
4 112 113 (356 1616 -584 ) (356 1616 -704 ) (416 1616 -704 ) (416 1616 -584 ) 
4 113 117 (356 1616 -704 ) (356 1556 -704 ) (356 1556 -584 ) (356 1616 -584 ) 
4 113 114 (356 1556 -584 ) (356 1556 -704 ) (544 1556 -704 ) (544 1556 -584 ) 
4 114 193 (544 1024 -576 ) (356 1024 -576 ) (356 1024 -704 ) (544 1024 -704 ) 
4 114 136 (356 1376 -692 ) (356 1376 -576 ) (356 1396 -576 ) (356 1396 -692 ) 
4 114 137 (356 1396 -704 ) (356 1376 -704 ) (356 1376 -700 ) (356 1396 -700 ) 
4 114 138 (356 1376 -704 ) (356 1024 -704 ) (356 1024 -576 ) (356 1376 -576 ) 
4 114 134 (356 1396 -678 ) (356 1396 -576 ) (356 1416 -576 ) (356 1416 -678 ) 
4 114 135 (356 1416 -704 ) (356 1396 -704 ) (356 1396 -686 ) (356 1416 -686 ) 
4 114 132 (356 1416 -664 ) (356 1416 -576 ) (356 1436 -576 ) (356 1436 -664 ) 
4 114 133 (356 1436 -704 ) (356 1416 -704 ) (356 1416 -672 ) (356 1436 -672 ) 
4 114 130 (356 1436 -650 ) (356 1436 -576 ) (356 1456 -576 ) (356 1456 -650 ) 
4 114 131 (356 1456 -704 ) (356 1436 -704 ) (356 1436 -658 ) (356 1456 -658 ) 
4 114 128 (356 1456 -637 ) (356 1456 -576 ) (356 1476 -576 ) (356 1476 -637 ) 
4 114 129 (356 1476 -704 ) (356 1456 -704 ) (356 1456 -645 ) (356 1476 -645 ) 
4 114 126 (356 1476 -624 ) (356 1476 -576 ) (356 1496 -576 ) (356 1496 -624 ) 
4 114 127 (356 1496 -704 ) (356 1476 -704 ) (356 1476 -632 ) (356 1496 -632 ) 
4 114 124 (356 1496 -612 ) (356 1496 -576 ) (356 1516 -576 ) (356 1516 -612 ) 
4 114 125 (356 1516 -704 ) (356 1496 -704 ) (356 1496 -620 ) (356 1516 -620 ) 
4 114 122 (356 1516 -600 ) (356 1516 -576 ) (356 1536 -576 ) (356 1536 -600 ) 
4 114 123 (356 1536 -704 ) (356 1516 -704 ) (356 1516 -608 ) (356 1536 -608 ) 
4 114 120 (356 1536 -588 ) (356 1536 -576 ) (356 1556 -576 ) (356 1556 -588 ) 
4 114 121 (356 1556 -704 ) (356 1536 -704 ) (356 1536 -596 ) (356 1556 -596 ) 
4 115 118 (352 1936 -576 ) (352 1936 -704 ) (352 1832 -704 ) (352 1832 -576 ) 
4 116 118 (352 1784 -704 ) (352 1616 -704 ) (352 1616 -576 ) (352 1784 -576 ) 
4 116 117 (352 1616 -584 ) (352 1616 -704 ) (356 1616 -704 ) (356 1616 -584 ) 
4 117 120 (356 1556 -588 ) (356 1556 -584 ) (352 1556 -584 ) (352 1556 -588 ) 
4 117 121 (352 1556 -704 ) (356 1556 -704 ) (356 1556 -596 ) (352 1556 -596 ) 
4 117 119 (352 1616 -704 ) (352 1556 -704 ) (352 1556 -584 ) (352 1616 -584 ) 
4 118 147 (288 1680 -704 ) (288 1616 -704 ) (288 1616 -576 ) (288 1680 -576 ) 
4 118 139 (288 1936 -704 ) (288 1680 -704 ) (288 1680 -576 ) (288 1936 -576 ) 
4 118 119 (288 1616 -584 ) (288 1616 -704 ) (352 1616 -704 ) (352 1616 -584 ) 
4 119 120 (288 1556 -584 ) (288 1556 -588 ) (352 1556 -588 ) (352 1556 -584 ) 
4 119 121 (288 1556 -596 ) (288 1556 -704 ) (352 1556 -704 ) (352 1556 -596 ) 
4 120 122 (288 1536 -576 ) (288 1536 -588 ) (356 1536 -588 ) (356 1536 -576 ) 
4 121 122 (288 1536 -596 ) (288 1536 -600 ) (356 1536 -600 ) (356 1536 -596 ) 
4 121 123 (288 1536 -608 ) (288 1536 -704 ) (356 1536 -704 ) (356 1536 -608 ) 
4 122 124 (288 1516 -576 ) (288 1516 -600 ) (356 1516 -600 ) (356 1516 -576 ) 
4 123 124 (288 1516 -608 ) (288 1516 -612 ) (356 1516 -612 ) (356 1516 -608 ) 
4 123 125 (288 1516 -620 ) (288 1516 -704 ) (356 1516 -704 ) (356 1516 -620 ) 
4 124 126 (288 1496 -576 ) (288 1496 -612 ) (356 1496 -612 ) (356 1496 -576 ) 
4 125 126 (288 1496 -620 ) (288 1496 -624 ) (356 1496 -624 ) (356 1496 -620 ) 
4 125 127 (288 1496 -632 ) (288 1496 -704 ) (356 1496 -704 ) (356 1496 -632 ) 
4 126 128 (288 1476 -576 ) (288 1476 -624 ) (356 1476 -624 ) (356 1476 -576 ) 
4 127 128 (288 1476 -632 ) (288 1476 -637 ) (356 1476 -637 ) (356 1476 -632 ) 
4 127 129 (288 1476 -645 ) (288 1476 -704 ) (356 1476 -704 ) (356 1476 -645 ) 
4 128 130 (288 1456 -576 ) (288 1456 -637 ) (356 1456 -637 ) (356 1456 -576 ) 
4 129 130 (288 1456 -645 ) (288 1456 -650 ) (356 1456 -650 ) (356 1456 -645 ) 
4 129 131 (288 1456 -658 ) (288 1456 -704 ) (356 1456 -704 ) (356 1456 -658 ) 
4 130 132 (288 1436 -576 ) (288 1436 -650 ) (356 1436 -650 ) (356 1436 -576 ) 
4 131 132 (288 1436 -658 ) (288 1436 -664 ) (356 1436 -664 ) (356 1436 -658 ) 
4 131 133 (288 1436 -672 ) (288 1436 -704 ) (356 1436 -704 ) (356 1436 -672 ) 
4 132 134 (288 1416 -576 ) (288 1416 -664 ) (356 1416 -664 ) (356 1416 -576 ) 
4 133 134 (288 1416 -672 ) (288 1416 -678 ) (356 1416 -678 ) (356 1416 -672 ) 
4 133 135 (288 1416 -686 ) (288 1416 -704 ) (356 1416 -704 ) (356 1416 -686 ) 
4 134 136 (288 1396 -576 ) (288 1396 -678 ) (356 1396 -678 ) (356 1396 -576 ) 
4 135 136 (288 1396 -686 ) (288 1396 -692 ) (356 1396 -692 ) (356 1396 -686 ) 
4 135 137 (288 1396 -700 ) (288 1396 -704 ) (356 1396 -704 ) (356 1396 -700 ) 
4 136 138 (288 1376 -576 ) (288 1376 -692 ) (356 1376 -692 ) (356 1376 -576 ) 
4 137 138 (288 1376 -700 ) (288 1376 -704 ) (356 1376 -704 ) (356 1376 -700 ) 
4 138 193 (356 1024 -576 ) (288 1024 -576 ) (288 1024 -704 ) (356 1024 -704 ) 
4 139 147 (224 1680 -704 ) (288 1680 -704 ) (288 1680 -576 ) (224 1680 -576 ) 
4 139 143 (160 1784 -704 ) (160 1776 -704 ) (160 1776 -576 ) (160 1784 -576 ) 
4 139 141 (160 1840 -704 ) (160 1832 -704 ) (160 1832 -576 ) (160 1840 -576 ) 
4 139 140 (160 1936 -576 ) (160 1936 -704 ) (160 1840 -704 ) (160 1840 -576 ) 
4 139 145 (160 1776 -704 ) (160 1680 -704 ) (160 1680 -576 ) (160 1776 -576 ) 
4 140 142 (96 1840 -576 ) (96 1840 -704 ) (104 1840 -704 ) (104 1840 -576 ) 
4 140 141 (152 1840 -704 ) (160 1840 -704 ) (160 1840 -576 ) (152 1840 -576 ) 
4 140 146 (96 1936 -576 ) (96 1936 -704 ) (96 1840 -704 ) (96 1840 -576 ) 
4 142 146 (96 1840 -704 ) (96 1832 -704 ) (96 1832 -576 ) (96 1840 -576 ) 
4 143 145 (152 1776 -704 ) (160 1776 -704 ) (160 1776 -576 ) (152 1776 -576 ) 
4 144 145 (96 1776 -576 ) (96 1776 -704 ) (104 1776 -704 ) (104 1776 -576 ) 
4 144 146 (96 1784 -704 ) (96 1776 -704 ) (96 1776 -576 ) (96 1784 -576 ) 
4 145 146 (96 1776 -704 ) (96 1680 -704 ) (96 1680 -576 ) (96 1776 -576 ) 
4 146 148 (0 1680 -576 ) (0 1936 -576 ) (0 1936 -704 ) (0 1680 -704 ) 
4 148 149 (-96 1766 -598 ) (-96 1850 -598 ) (-96 1850 -704 ) (-96 1766 -704 ) 
4 149 150 (-112 1766 -598 ) (-112 1850 -598 ) (-112 1850 -704 ) (-112 1766 -704 ) 
4 150 151 (-480 1850 -704 ) (-480 1766 -704 ) (-480 1766 -598 ) (-480 1850 -598 ) 
3 152 184 (119.405746 320 128 ) (128 320 128 ) (128 314.257538 128 ) 
3 152 176 (101.308723 58.690079 128 ) (96 31.996002 128 ) (96 57.633972 128 ) 
6 152 175 (96 320 128 ) (119.405746 320 128 ) (128 314.257538 128 ) (128 192.902908 128 ) (101.308723 58.690079 128 ) (96 57.633972 128 ) 
4 152 155 (98.434578 44.237873 128 ) (99.753960 50.872177 128 ) (99.754341 50.872097 192 ) (98.435074 44.238380 192 ) 
4 152 154 (99.753960 50.872177 128 ) (101.308731 58.690083 128 ) (101.309143 58.690155 192 ) (99.754341 50.872097 192 ) 
4 152 153 (101.308731 58.690083 128 ) (128 192.902649 128 ) (128 192.900650 192 ) (101.309143 58.690155 192 ) 
4 152 156 (96 320 192 ) (96 320 128 ) (96 31.996002 128 ) (96 31.994007 192 ) 
3 153 175 (128 192.902908 128 ) (128 64 128 ) (101.308723 58.690079 128 ) 
4 153 154 (101.309830 58.689697 192 ) (101.309418 58.689617 128 ) (115.756569 61.563705 128 ) (115.757278 61.563847 192 ) 
3 154 177 (99.753952 50.872177 128 ) (101.308723 58.690079 128 ) (115.757858 61.564568 128 ) 
4 154 155 (99.754250 50.870865 192 ) (99.753868 50.870949 128 ) (105.376953 54.627934 128 ) (105.376831 54.627518 192 ) 
3 155 178 (98.434570 44.237862 128 ) (99.753952 50.872177 128 ) (105.378189 54.629795 128 ) 
4 156 266 (0 320 128 ) (0 0 128 ) (0 0 192 ) (0 320 192 ) 
4 156 265 (0 0 192 ) (0 0 128 ) (96 0 128 ) (96 0 192 ) 
4 156 189 (0 0 128 ) (0 320 128 ) (48 320 128 ) (48 0 128 ) 
4 156 187 (48 320 128 ) (96 320 128 ) (96 0 128 ) (48 0 128 ) 
4 157 159 (384 992 0 ) (608 992 0 ) (608 992 128 ) (384 992 128 ) 
4 157 158 (608 992 0 ) (616 992 0 ) (616 992 128 ) (608 992 128 ) 
4 158 159 (608 992 128 ) (608 992 0 ) (608 984 0 ) (608 984 128 ) 
4 159 167 (384 960 0 ) (608 960 0 ) (608 960 128 ) (384 960 128 ) 
4 159 160 (384 968 0 ) (384 960 0 ) (384 960 128 ) (384 968 128 ) 
4 160 167 (376 960 0 ) (384 960 0 ) (384 960 128 ) (376 960 128 ) 
4 161 167 (320 960 0 ) (328 960 0 ) (328 960 128 ) (320 960 128 ) 
4 161 162 (320 968 0 ) (320 960 0 ) (320 960 128 ) (320 968 128 ) 
4 162 167 (192 960 0 ) (320 960 0 ) (320 960 128 ) (192 960 128 ) 
4 162 163 (192 968 0 ) (192 960 0 ) (192 960 128 ) (192 968 128 ) 
4 163 167 (184 960 0 ) (192 960 0 ) (192 960 128 ) (184 960 128 ) 
4 164 174 (128 968 0 ) (128 960 0 ) (128 960 128 ) (128 968 128 ) 
4 164 167 (128 960 128 ) (128 960 0 ) (136 960 0 ) (136 960 128 ) 
4 165 166 (608 928 128 ) (608 928 0 ) (616 928 0 ) (616 928 128 ) 
4 165 167 (608 936 0 ) (608 928 0 ) (608 928 128 ) (608 936 128 ) 
4 166 168 (608 768 0 ) (640 768 0 ) (640 768 128 ) (608 768 128 ) 
4 166 167 (608 928 0 ) (608 768 0 ) (608 768 128 ) (608 928 128 ) 
4 167 174 (128 960 0 ) (128 768 0 ) (128 768 128 ) (128 960 128 ) 
4 167 173 (184 768 0 ) (192 768 0 ) (192 768 128 ) (184 768 128 ) 
4 167 172 (128 768 128 ) (128 768 0 ) (136 768 0 ) (136 768 128 ) 
4 167 171 (192 768 0 ) (320 768 0 ) (320 768 128 ) (192 768 128 ) 
4 167 170 (376 768 0 ) (384 768 0 ) (384 768 128 ) (376 768 128 ) 
4 167 169 (320 768 0 ) (328 768 0 ) (328 768 128 ) (320 768 128 ) 
4 167 168 (384 768 0 ) (608 768 0 ) (608 768 128 ) (384 768 128 ) 
4 168 170 (384 768 128 ) (384 768 0 ) (384 760 0 ) (384 760 128 ) 
4 169 171 (320 768 128 ) (320 768 0 ) (320 760 0 ) (320 760 128 ) 
4 171 173 (192 768 128 ) (192 768 0 ) (192 760 0 ) (192 760 128 ) 
4 172 174 (128 768 0 ) (128 760 0 ) (128 760 128 ) (128 768 128 ) 
4 174 186 (96 992 0 ) (96 736 0 ) (96 736 128 ) (96 992 128 ) 
4 175 187 (96 335.638763 0 ) (96 57.633972 0 ) (96 57.633976 128 ) (96 335.639130 128 ) 
4 175 184 (128 314.256958 128 ) (128 314.256622 0 ) (115.760757 322.434082 0 ) (115.759720 322.435089 128 ) 
4 175 182 (105.371216 329.375671 0 ) (99.754257 333.128540 0 ) (99.754189 333.128906 128 ) (105.371994 329.375458 128 ) 
4 175 180 (99.754257 333.128540 0 ) (96 335.636871 0 ) (96 335.637207 128 ) (99.754189 333.128906 128 ) 
4 175 177 (101.307816 58.689503 0 ) (115.755577 61.563721 0 ) (115.757011 61.564007 128 ) (101.308640 58.689667 128 ) 
4 175 176 (96 57.633575 128 ) (96 57.633575 0 ) (101.307816 58.689503 0 ) (101.308640 58.689667 128 ) 
4 176 187 (96 57.633972 0 ) (96 32 0 ) (96 31.995998 128 ) (96 57.633976 128 ) 
4 176 178 (98.433067 44.236107 0 ) (99.752769 50.872055 0 ) (99.753525 50.871887 128 ) (98.434052 44.237091 128 ) 
4 176 177 (99.752769 50.872055 0 ) (101.308594 58.695313 0 ) (101.309418 58.695473 128 ) (99.753525 50.871887 128 ) 
4 177 178 (99.756622 50.872883 128 ) (99.755859 50.873047 0 ) (105.377075 54.628613 0 ) (105.376854 54.627792 128 ) 
4 179 187 (96 704 0 ) (96 441.634003 0 ) (96 441.634003 128 ) (96 704 128 ) 
4 179 183 (101.308060 442.690704 0 ) (115.758049 445.565369 0 ) (115.759483 445.565674 128 ) (101.308891 442.690887 128 ) 
4 179 181 (96 441.634735 128 ) (96 441.634735 0 ) (101.308060 442.690704 0 ) (101.308891 442.690887 128 ) 
4 180 187 (96 352 0 ) (96 335.638763 0 ) (96 335.639130 128 ) (96 352 128 ) 
4 180 182 (99.754486 333.132263 128 ) (99.754562 333.131866 0 ) (98.437080 339.754425 0 ) (98.436806 339.755768 128 ) 
4 181 187 (96 441.634003 0 ) (96 416 0 ) (96 415.996002 128 ) (96 441.634003 128 ) 
4 181 185 (98.433441 428.236694 0 ) (99.753067 434.872253 0 ) (99.753838 434.872131 128 ) (98.434433 428.237671 128 ) 
4 181 183 (99.753067 434.872253 0 ) (101.307693 442.689514 0 ) (101.308517 442.689667 128 ) (99.753838 434.872131 128 ) 
4 183 185 (99.751747 434.868805 128 ) (99.750984 434.868958 0 ) (105.376068 438.627106 0 ) (105.375847 438.626312 128 ) 
4 186 188 (48 736 108 ) (48 736 128 ) (48 992 128 ) (48 992 108 ) 
4 186 190 (48 992 0 ) (48 736 0 ) (48 736 108 ) (48 992 108 ) 
4 187 265 (96 0 128 ) (48 0 128 ) (48 0 0 ) (96 0 0 ) 
4 187 189 (48 0 108 ) (48 0 128 ) (48 704 128 ) (48 704 108 ) 
4 187 190 (48 704 0 ) (48 0 0 ) (48 0 108 ) (48 704 108 ) 
4 188 271 (0 736 128 ) (0 992 128 ) (0 992 108 ) (0 736 108 ) 
4 188 190 (0 736 108 ) (0 992 108 ) (48 992 108 ) (48 736 108 ) 
4 189 272 (0 0 108 ) (0 0 128 ) (0 704 128 ) (0 704 108 ) 
4 189 265 (48 0 128 ) (0 0 128 ) (0 0 108 ) (48 0 108 ) 
4 189 190 (0 0 108 ) (0 704 108 ) (48 704 108 ) (48 0 108 ) 
4 190 273 (0 992 0 ) (0 0 0 ) (0 0 108 ) (0 992 108 ) 
4 190 265 (0 0 108 ) (0 0 0 ) (48 0 0 ) (48 0 108 ) 
4 191 192 (808 960 -464 ) (856 960 -464 ) (856 960 -356 ) (808 960 -356 ) 
4 192 194 (808 944 -356 ) (808 944 -464 ) (856 944 -464 ) (856 944 -356 ) 
4 193 195 (680 944 -596 ) (680 944 -704 ) (728 944 -704 ) (728 944 -596 ) 
4 194 196 (808 928 -356 ) (808 928 -464 ) (856 928 -464 ) (856 928 -356 ) 
4 195 225 (680 928 -696 ) (680 928 -704 ) (728 928 -704 ) (728 928 -696 ) 
4 195 223 (680 928 -688 ) (680 928 -696 ) (728 928 -696 ) (728 928 -688 ) 
4 195 221 (680 928 -640 ) (680 928 -688 ) (728 928 -688 ) (728 928 -640 ) 
4 195 219 (680 928 -624 ) (680 928 -640 ) (728 928 -640 ) (728 928 -624 ) 
4 195 218 (680 928 -616 ) (680 928 -624 ) (728 928 -624 ) (728 928 -616 ) 
4 195 217 (680 928 -608 ) (680 928 -616 ) (728 928 -616 ) (728 928 -608 ) 
4 195 215 (728 928 -596 ) (680 928 -596 ) (680 928 -608 ) (728 928 -608 ) 
4 196 205 (784 756 -336 ) (784 756 -464 ) (880 756 -464 ) (880 756 -336 ) 
4 196 197 (880 756 -464 ) (784 756 -464 ) (784 852 -464 ) (880 852 -464 ) 
4 197 205 (784 756 -464 ) (784 756 -472 ) (880 756 -472 ) (880 756 -464 ) 
4 197 198 (880 756 -472 ) (784 756 -472 ) (784 840 -472 ) (880 840 -472 ) 
4 198 205 (784 756 -472 ) (784 756 -480 ) (880 756 -480 ) (880 756 -472 ) 
4 198 199 (784 816 -480 ) (784 828 -480 ) (880 828 -480 ) (880 816 -480 ) 
4 198 200 (880 756 -480 ) (784 756 -480 ) (784 816 -480 ) (880 816 -480 ) 
4 199 200 (880 816 -488 ) (880 816 -480 ) (784 816 -480 ) (784 816 -488 ) 
4 200 205 (784 756 -480 ) (784 756 -496 ) (880 756 -496 ) (880 756 -480 ) 
4 200 201 (784 792 -496 ) (784 804 -496 ) (880 804 -496 ) (880 792 -496 ) 
4 200 202 (880 756 -496 ) (784 756 -496 ) (784 792 -496 ) (880 792 -496 ) 
4 201 202 (880 792 -504 ) (880 792 -496 ) (784 792 -496 ) (784 792 -504 ) 
4 202 205 (784 756 -496 ) (784 756 -512 ) (880 756 -512 ) (880 756 -496 ) 
4 202 203 (880 756 -512 ) (784 756 -512 ) (784 780 -512 ) (880 780 -512 ) 
4 203 205 (784 756 -512 ) (784 756 -520 ) (880 756 -520 ) (880 756 -512 ) 
4 203 204 (880 756 -520 ) (784 756 -520 ) (784 768 -520 ) (880 768 -520 ) 
4 204 205 (784 756 -520 ) (784 756 -528 ) (880 756 -528 ) (880 756 -520 ) 
4 205 212 (784 596 -536 ) (784 596 -336 ) (784 684 -336 ) (784 684 -536 ) 
4 205 206 (880 596 -536 ) (784 596 -536 ) (784 744 -536 ) (880 744 -536 ) 
4 206 212 (784 596 -544 ) (784 596 -536 ) (784 684 -536 ) (784 684 -544 ) 
4 206 207 (880 596 -544 ) (784 596 -544 ) (784 732 -544 ) (880 732 -544 ) 
4 207 212 (784 596 -552 ) (784 596 -544 ) (784 684 -544 ) (784 684 -552 ) 
4 207 208 (880 596 -552 ) (784 596 -552 ) (784 720 -552 ) (880 720 -552 ) 
4 208 212 (784 596 -560 ) (784 596 -552 ) (784 684 -552 ) (784 684 -560 ) 
4 208 211 (880 596 -560 ) (784 596 -560 ) (784 684 -560 ) (880 684 -560 ) 
4 208 210 (784 684 -560 ) (784 696 -560 ) (880 696 -560 ) (880 684 -560 ) 
4 208 209 (784 696 -560 ) (784 708 -560 ) (880 708 -560 ) (880 696 -560 ) 
4 209 210 (880 696 -568 ) (880 696 -560 ) (784 696 -560 ) (784 696 -568 ) 
4 210 211 (880 684 -576 ) (880 684 -560 ) (784 684 -560 ) (784 684 -576 ) 
4 211 212 (784 596 -584 ) (784 596 -560 ) (784 684 -560 ) (784 684 -584 ) 
4 212 214 (752 684 -584 ) (752 596 -584 ) (752 596 -336 ) (752 684 -336 ) 
4 213 216 (656 696 -592 ) (656 708 -592 ) (752 708 -592 ) (752 696 -592 ) 
4 213 215 (656 708 -592 ) (656 928 -592 ) (752 928 -592 ) (752 708 -592 ) 
4 213 214 (752 684 -584 ) (752 684 -336 ) (656 684 -336 ) (656 684 -584 ) 
4 215 217 (656 720 -608 ) (656 928 -608 ) (752 928 -608 ) (752 720 -608 ) 
4 215 216 (752 708 -600 ) (752 708 -592 ) (656 708 -592 ) (656 708 -600 ) 
4 217 218 (656 732 -616 ) (656 928 -616 ) (752 928 -616 ) (752 732 -616 ) 
4 218 220 (656 744 -624 ) (656 756 -624 ) (752 756 -624 ) (752 744 -624 ) 
4 218 219 (656 756 -624 ) (656 928 -624 ) (752 928 -624 ) (752 756 -624 ) 
4 219 228 (656 768 -640 ) (656 780 -640 ) (752 780 -640 ) (752 768 -640 ) 
4 219 227 (656 780 -640 ) (656 792 -640 ) (752 792 -640 ) (752 780 -640 ) 
4 219 226 (656 792 -640 ) (656 804 -640 ) (752 804 -640 ) (752 792 -640 ) 
4 219 224 (656 804 -640 ) (656 816 -640 ) (752 816 -640 ) (752 804 -640 ) 
4 219 222 (656 816 -640 ) (656 828 -640 ) (752 828 -640 ) (752 816 -640 ) 
4 219 221 (656 828 -640 ) (656 928 -640 ) (752 928 -640 ) (752 828 -640 ) 
4 219 220 (752 756 -632 ) (752 756 -624 ) (656 756 -624 ) (656 756 -632 ) 
4 221 223 (656 840 -688 ) (656 928 -688 ) (752 928 -688 ) (752 840 -688 ) 
4 221 222 (752 828 -680 ) (752 828 -640 ) (656 828 -640 ) (656 828 -680 ) 
4 222 224 (752 816 -672 ) (752 816 -640 ) (656 816 -640 ) (656 816 -672 ) 
4 223 225 (656 852 -696 ) (656 928 -696 ) (752 928 -696 ) (752 852 -696 ) 
4 224 226 (752 804 -664 ) (752 804 -640 ) (656 804 -640 ) (656 804 -664 ) 
4 226 227 (752 792 -656 ) (752 792 -640 ) (656 792 -640 ) (656 792 -656 ) 
4 227 228 (752 780 -648 ) (752 780 -640 ) (656 780 -640 ) (656 780 -648 ) 
4 229 260 (128 -220 112 ) (128 -191.096695 112 ) (128 -191.093170 0 ) (128 -220 0 ) 
4 229 255 (128 -191.096695 112 ) (128 -164 112 ) (128 -164 0 ) (128 -191.093170 0 ) 
4 230 239 (136 -448 124.250000 ) (384 -448 124.250000 ) (384 -544 124.250000 ) (136 -544 124.250000 ) 
4 230 233 (136 -544 124.250000 ) (224 -544 124.250000 ) (224 -544 128 ) (136 -544 128 ) 
4 230 232 (224 -544 124.250000 ) (256 -544 124.250000 ) (256 -544 128 ) (224 -544 128 ) 
4 230 231 (256 -544 124.250000 ) (384 -544 124.250000 ) (384 -544 128 ) (256 -544 128 ) 
4 231 239 (256 -544 124.250000 ) (384 -544 124.250000 ) (384 -608 124.250000 ) (256 -608 124.250000 ) 
4 231 234 (256 -608 124.250000 ) (384 -608 124.250000 ) (384 -608 128 ) (256 -608 128 ) 
4 231 232 (256 -544 128 ) (256 -544 124.250000 ) (256 -608 124.250000 ) (256 -608 128 ) 
4 232 239 (224 -544 124.250000 ) (256 -544 124.250000 ) (256 -608 124.250000 ) (224 -608 124.250000 ) 
4 232 234 (224 -608 124.250000 ) (256 -608 124.250000 ) (256 -608 128 ) (224 -608 128 ) 
4 232 233 (224 -544 128 ) (224 -544 124.250000 ) (224 -608 124.250000 ) (224 -608 128 ) 
4 233 239 (136 -544 124.250000 ) (224 -544 124.250000 ) (224 -608 124.250000 ) (136 -608 124.250000 ) 
4 233 234 (136 -608 124.250000 ) (224 -608 124.250000 ) (224 -608 128 ) (136 -608 128 ) 
4 234 239 (136 -608 124.250000 ) (384 -608 124.250000 ) (384 -704 124.250000 ) (136 -704 124.250000 ) 
4 234 237 (136 -704 124.250000 ) (224 -704 124.250000 ) (224 -704 128 ) (136 -704 128 ) 
4 234 236 (224 -704 124.250000 ) (256 -704 124.250000 ) (256 -704 128 ) (224 -704 128 ) 
4 234 235 (256 -704 124.250000 ) (384 -704 124.250000 ) (384 -704 128 ) (256 -704 128 ) 
4 235 239 (256 -704 124.250000 ) (384 -704 124.250000 ) (384 -768 124.250000 ) (256 -768 124.250000 ) 
4 235 238 (256 -768 124.250000 ) (384 -768 124.250000 ) (384 -768 128 ) (256 -768 128 ) 
4 235 236 (256 -704 128 ) (256 -704 124.250000 ) (256 -768 124.250000 ) (256 -768 128 ) 
4 236 239 (224 -704 124.250000 ) (256 -704 124.250000 ) (256 -768 124.250000 ) (224 -768 124.250000 ) 
4 236 238 (224 -768 124.250000 ) (256 -768 124.250000 ) (256 -768 128 ) (224 -768 128 ) 
4 236 237 (224 -704 128 ) (224 -704 124.250000 ) (224 -768 124.250000 ) (224 -768 128 ) 
4 237 239 (136 -704 124.250000 ) (224 -704 124.250000 ) (224 -768 124.250000 ) (136 -768 124.250000 ) 
4 237 238 (136 -768 124.250000 ) (224 -768 124.250000 ) (224 -768 128 ) (136 -768 128 ) 
4 238 239 (136 -768 124.250000 ) (384 -768 124.250000 ) (384 -864 124.250000 ) (136 -864 124.250000 ) 
4 239 253 (136 -760 0.250000 ) (136 -760 0 ) (136 -864 0 ) (136 -864 0.250000 ) 
4 239 250 (136 -860 124.250000 ) (136 -760 124.250000 ) (136 -760 4.250000 ) (136 -860 4.250000 ) 
4 239 249 (136 -756 0.250000 ) (136 -756 0 ) (136 -760 0 ) (136 -760 0.250000 ) 
4 239 248 (136 -708 108.250000 ) (136 -708 0 ) (136 -756 0 ) (136 -756 108.250000 ) 
4 239 245 (136 -756 124.250000 ) (136 -708 124.250000 ) (136 -708 112.250000 ) (136 -756 112.250000 ) 
4 239 244 (136 -704 0.250000 ) (136 -704 0 ) (136 -708 0 ) (136 -708 0.250000 ) 
4 239 243 (136 -448 0.250000 ) (136 -448 0 ) (136 -704 0 ) (136 -704 0.250000 ) 
4 239 240 (136 -704 124.250000 ) (136 -452 124.250000 ) (136 -452 4.250000 ) (136 -704 4.250000 ) 
4 240 241 (134 -452 124.250000 ) (134 -452 4.250000 ) (134 -704 4.250000 ) (134 -704 124.250000 ) 
4 241 242 (130 -452 124.250000 ) (130 -452 4.250000 ) (130 -704 4.250000 ) (130 -704 124.250000 ) 
4 242 263 (128 -453.742432 124.250000 ) (128 -452 124.250000 ) (128 -452 4.250000 ) (128 -453.742767 4.250000 ) 
4 242 254 (128 -704 4.250000 ) (128 -704 124.250000 ) (128 -453.742432 124.250000 ) (128 -453.742767 4.250000 ) 
4 243 263 (128 -453.742798 0.250000 ) (128 -448 0.250000 ) (128 -448 0 ) (128 -453.742798 0 ) 
4 243 254 (128 -704 0 ) (128 -704 0.250000 ) (128 -453.742798 0.250000 ) (128 -453.742798 0 ) 
4 243 244 (136 -704 0 ) (136 -704 0.250000 ) (128 -704 0.250000 ) (128 -704 0 ) 
4 244 254 (128 -708 0 ) (128 -708 0.250000 ) (128 -704 0.250000 ) (128 -704 0 ) 
4 244 248 (136 -708 0 ) (136 -708 0.250000 ) (128 -708 0.250000 ) (128 -708 0 ) 
4 245 246 (134 -708 124.250000 ) (134 -708 112.250000 ) (134 -756 112.250000 ) (134 -756 124.250000 ) 
4 246 247 (130 -708 124.250000 ) (130 -708 112.250000 ) (130 -756 112.250000 ) (130 -756 124.250000 ) 
4 247 254 (128 -756 112.250000 ) (128 -756 124.250000 ) (128 -708 124.250000 ) (128 -708 112.250000 ) 
4 248 254 (128 -756 0 ) (128 -756 108.250000 ) (128 -708 108.250000 ) (128 -708 0 ) 
4 248 249 (136 -756 0 ) (136 -756 0.250000 ) (128 -756 0.250000 ) (128 -756 0 ) 
4 249 254 (128 -760 0 ) (128 -760 0.250000 ) (128 -756 0.250000 ) (128 -756 0 ) 
4 249 253 (136 -760 0 ) (136 -760 0.250000 ) (128 -760 0.250000 ) (128 -760 0 ) 
4 250 251 (134 -760 124.250000 ) (134 -760 4.250000 ) (134 -860 4.250000 ) (134 -860 124.250000 ) 
4 251 252 (130 -760 124.250000 ) (130 -760 4.250000 ) (130 -860 4.250000 ) (130 -860 124.250000 ) 
4 252 254 (128 -860 124.250000 ) (128 -760 124.250000 ) (128 -760 4.250000 ) (128 -860 4.250000 ) 
4 253 254 (128 -864 0 ) (128 -864 0.250000 ) (128 -760 0.250000 ) (128 -760 0 ) 
4 254 265 (96 -432.361237 0 ) (96 -947.354126 0 ) (96 -947.354126 192 ) (96 -432.360718 192 ) 
4 254 263 (115.757233 -445.564026 192 ) (128 -453.744324 192 ) (128 -453.744873 0 ) (115.758659 -445.565521 0 ) 
4 254 261 (99.754219 -434.871246 192 ) (105.373093 -438.625641 192 ) (105.371887 -438.625336 0 ) (99.754333 -434.871826 0 ) 
4 254 259 (96 -432.363281 0 ) (96 -432.362762 192 ) (99.754219 -434.871246 192 ) (99.754333 -434.871826 0 ) 
4 255 265 (96 -48.361210 0 ) (96 -352 0 ) (96 -352.006012 192 ) (96 -48.360718 192 ) 
4 255 264 (98.433350 -339.763458 0 ) (99.753014 -333.127747 0 ) (99.754036 -333.128052 192 ) (98.434746 -339.762085 192 ) 
4 255 262 (99.753014 -333.127747 0 ) (101.307732 -325.310089 0 ) (101.308815 -325.309875 192 ) (99.754036 -333.128052 192 ) 
4 255 260 (101.307732 -325.310089 0 ) (128 -191.092392 0 ) (128 -191.093750 192 ) (101.308815 -325.309875 192 ) 
4 255 258 (128 -69.743057 0 ) (115.762802 -61.566353 0 ) (115.761322 -61.564865 192 ) (128 -69.742561 192 ) 
4 255 257 (105.369446 -54.621674 0 ) (99.753845 -50.869415 0 ) (99.753731 -50.868843 192 ) (105.370682 -54.622002 192 ) 
4 255 256 (99.753845 -50.869415 0 ) (96 -48.361156 0 ) (96 -48.360661 192 ) (99.753731 -50.868843 192 ) 
4 256 265 (96 -32 0 ) (96 -48.361210 0 ) (96 -48.360718 192 ) (96 -32 192 ) 
4 256 257 (99.753792 -50.868553 192 ) (99.753906 -50.869141 0 ) (98.435852 -44.243767 0 ) (98.435425 -44.241631 192 ) 
4 259 265 (96 -416 0 ) (96 -432.361237 0 ) (96 -432.360718 192 ) (96 -416 192 ) 
4 259 261 (99.753098 -434.868958 192 ) (99.753212 -434.869537 0 ) (98.434822 -428.242218 0 ) (98.434395 -428.240051 192 ) 
4 260 262 (101.308525 -325.309662 192 ) (101.307281 -325.309906 0 ) (115.757080 -322.435272 0 ) (115.759949 -322.434357 192 ) 
4 262 264 (99.754372 -333.127747 192 ) (99.753227 -333.127533 0 ) (105.378456 -329.369324 0 ) (105.378128 -329.370514 192 ) 
4 265 361 (0 -960 0 ) (0 -992 0 ) (0 -992 128 ) (0 -960 128 ) 
4 265 360 (0 -768 0 ) (0 -960 0 ) (0 -960 128 ) (0 -768 128 ) 
4 265 345 (0 -736 0 ) (0 -768 0 ) (0 -768 128 ) (0 -736 128 ) 
4 265 328 (0 0 128 ) (0 0 0 ) (0 -736 0 ) (0 -736 128 ) 
4 265 320 (0 -960 128 ) (0 -992 128 ) (0 -992 192 ) (0 -960 192 ) 
4 265 319 (0 -768 128 ) (0 -960 128 ) (0 -960 192 ) (0 -768 192 ) 
4 265 314 (0 -736 128 ) (0 -768 128 ) (0 -768 192 ) (0 -736 192 ) 
4 265 288 (0 0 192 ) (0 0 128 ) (0 -736 128 ) (0 -736 192 ) 
4 266 288 (0 0 128 ) (0 0 192 ) (-96 0 192 ) (-96 0 128 ) 
4 266 275 (-96 320 128 ) (-48 320 128 ) (-48 0 128 ) (-96 0 128 ) 
4 266 272 (-48 320 128 ) (0 320 128 ) (0 0 128 ) (-48 0 128 ) 
4 266 269 (-96 40.597904 128 ) (-96 32 128 ) (-96 32 192 ) (-96 40.596893 192 ) 
4 266 268 (-96 57.636078 128 ) (-96 40.597904 128 ) (-96 40.596893 192 ) (-96 57.635269 192 ) 
4 266 267 (-96 320 192 ) (-96 320 128 ) (-96 57.636078 128 ) (-96 57.635269 192 ) 
3 267 283 (-128 314.256317 128 ) (-128 320 128 ) (-119.403084 320 128 ) 
5 267 277 (-128 64 128 ) (-128 314.256317 128 ) (-119.403084 320 128 ) (-96 320 128 ) (-96 57.636078 128 ) 
4 267 270 (-115.763222 61.566479 128 ) (-109.127693 60.246849 128 ) (-109.127853 60.246082 192 ) (-115.762238 61.565483 192 ) 
4 267 268 (-109.127693 60.246849 128 ) (-96 57.636105 128 ) (-96 57.635307 192 ) (-109.127853 60.246082 192 ) 
3 268 278 (-109.127663 60.246811 128 ) (-96 57.636078 128 ) (-96 40.597904 128 ) 
4 268 270 (-109.125488 60.245766 192 ) (-109.125328 60.246525 128 ) (-105.365204 54.618790 128 ) (-105.366005 54.618992 192 ) 
4 268 269 (-98.436829 44.249184 128 ) (-96 40.602016 128 ) (-96 40.601009 192 ) (-98.436546 44.247761 192 ) 
3 269 279 (-98.435715 44.243568 128 ) (-96 40.597904 128 ) (-96 32 128 ) 
3 270 280 (-115.763138 61.566425 128 ) (-109.127663 60.246811 128 ) (-105.369392 54.621590 128 ) 
4 271 274 (-48 736 128 ) (-48 992 128 ) (-48 992 108 ) (-48 736 108 ) 
4 271 273 (-48 736 108 ) (-48 992 108 ) (0 992 108 ) (0 736 108 ) 
4 272 328 (0 0 108 ) (0 0 128 ) (-48 0 128 ) (-48 0 108 ) 
4 272 275 (-48 0 108 ) (-48 0 128 ) (-48 704 128 ) (-48 704 108 ) 
4 272 273 (-48 0 108 ) (-48 704 108 ) (0 704 108 ) (0 0 108 ) 
4 273 328 (0 0 0 ) (0 0 108 ) (-48 0 108 ) (-48 0 0 ) 
4 273 275 (-48 704 0 ) (-48 0 0 ) (-48 0 108 ) (-48 704 108 ) 
4 273 274 (-48 992 0 ) (-48 736 0 ) (-48 736 108 ) (-48 992 108 ) 
4 274 276 (-96 992 0 ) (-96 736 0 ) (-96 736 128 ) (-96 992 128 ) 
4 275 328 (-48 0 128 ) (-96 0 128 ) (-96 0 0 ) (-48 0 0 ) 
4 275 286 (-96 424.597870 0 ) (-96 416 0 ) (-96 416 128 ) (-96 424.596863 128 ) 
4 275 285 (-96 352 0 ) (-96 343.405273 0 ) (-96 343.405762 128 ) (-96 352.003967 128 ) 
4 275 284 (-96 441.636047 0 ) (-96 424.597870 0 ) (-96 424.596863 128 ) (-96 441.635254 128 ) 
4 275 282 (-96 704 0 ) (-96 441.636047 0 ) (-96 441.635254 128 ) (-96 704 128 ) 
4 275 281 (-96 343.405273 0 ) (-96 335.635193 0 ) (-96 335.635864 128 ) (-96 343.405762 128 ) 
4 275 279 (-96 40.599915 0 ) (-96 32 0 ) (-96 32 128 ) (-96 40.597900 128 ) 
4 275 278 (-96 57.637665 0 ) (-96 40.599915 0 ) (-96 40.597900 128 ) (-96 57.636059 128 ) 
4 275 277 (-96 335.635193 0 ) (-96 57.637665 0 ) (-96 57.636059 128 ) (-96 335.635864 128 ) 
4 277 283 (-115.756096 322.435760 0 ) (-128 314.255493 0 ) (-128 314.257813 128 ) (-115.759712 322.435028 128 ) 
4 277 281 (-96 335.635681 128 ) (-96 335.635010 0 ) (-105.378639 329.369049 0 ) (-105.377861 329.370728 128 ) 
4 277 280 (-115.765907 61.568939 0 ) (-109.127640 60.248772 0 ) (-109.127960 60.247246 128 ) (-115.763947 61.566963 128 ) 
4 277 278 (-109.127640 60.248772 0 ) (-96 57.638046 0 ) (-96 57.636456 128 ) (-109.127960 60.247246 128 ) 
4 278 280 (-109.125328 60.246525 128 ) (-109.125000 60.248047 0 ) (-105.363579 54.618378 0 ) (-105.365204 54.618790 128 ) 
4 278 279 (-98.437401 44.252052 0 ) (-96 40.604027 0 ) (-96 40.602016 128 ) (-98.436829 44.249184 128 ) 
4 281 285 (-96 343.401337 128 ) (-96 343.400848 0 ) (-98.434830 339.756866 0 ) (-98.435806 339.755890 128 ) 
4 282 287 (-115.764740 445.567505 0 ) (-109.128235 444.247681 0 ) (-109.128403 444.246918 128 ) (-115.763779 445.566528 128 ) 
4 282 284 (-109.128235 444.247681 0 ) (-96 441.636841 0 ) (-96 441.636047 128 ) (-109.128403 444.246918 128 ) 
4 284 287 (-109.128738 444.247253 128 ) (-109.128578 444.248016 0 ) (-105.369637 438.621765 0 ) (-105.370461 438.622009 128 ) 
4 284 286 (-98.435654 428.243256 0 ) (-96 424.597656 0 ) (-96 424.596649 128 ) (-98.435371 428.241821 128 ) 
4 288 328 (-96 0 128 ) (0 0 128 ) (0 -736 128 ) (-96 -736 128 ) 
4 288 314 (-96 -736 128 ) (0 -736 128 ) (0 -736 192 ) (-96 -736 192 ) 
4 288 299 (-96 -32 128 ) (-96 -40.594746 128 ) (-96 -40.594250 192 ) (-96 -31.995951 192 ) 
4 288 297 (-96 -40.594746 128 ) (-96 -48.364799 128 ) (-96 -48.364075 192 ) (-96 -40.594250 192 ) 
4 288 294 (-96 -343.403137 128 ) (-96 -352 128 ) (-96 -352 192 ) (-96 -343.403625 192 ) 
4 288 292 (-96 -326.364777 128 ) (-96 -343.403137 128 ) (-96 -343.403625 192 ) (-96 -326.365112 192 ) 
4 288 290 (-96 -48.364799 128 ) (-96 -326.364777 128 ) (-96 -326.365112 192 ) (-96 -48.364075 192 ) 
4 288 289 (-96 -415.996033 128 ) (-96 -736 128 ) (-96 -736 192 ) (-96 -415.993988 192 ) 
3 289 339 (-96 -415.996033 128 ) (-96 -424.594269 128 ) (-98.434570 -428.237854 128 ) 
4 289 336 (-96 -424.594269 128 ) (-96 -432.364136 128 ) (-99.753960 -434.872192 128 ) (-98.434570 -428.237854 128 ) 
5 289 334 (-96 -432.364136 128 ) (-96 -736 128 ) (-128 -736 128 ) (-128 -576.902832 128 ) (-99.753960 -434.872192 128 ) 
4 289 314 (-128 -736 128 ) (-96 -736 128 ) (-96 -736 192 ) (-128 -736 192 ) 
4 289 303 (-128 -688 128 ) (-128 -700.903137 128 ) (-128 -700.903137 192 ) (-128 -688.001465 192 ) 
4 289 301 (-128 -700.903137 128 ) (-128 -712.545288 128 ) (-128 -712.551697 192 ) (-128 -700.903137 192 ) 
4 289 300 (-128 -712.545288 128 ) (-128 -736 128 ) (-128 -736 192 ) (-128 -712.551697 192 ) 
4 289 293 (-98.434914 -428.238373 128 ) (-99.754242 -434.872406 128 ) (-99.754631 -434.872345 192 ) (-98.435417 -428.238892 192 ) 
4 289 291 (-99.754242 -434.872406 128 ) (-128 -576.901367 128 ) (-128 -576.899353 192 ) (-99.754631 -434.872345 192 ) 
4 290 329 (-96 -48.364799 128 ) (-96 -326.364777 128 ) (-128 -320 128 ) (-128 -69.744385 128 ) 
4 290 298 (-115.758781 -61.564751 128 ) (-128 -69.743126 128 ) (-128 -69.742455 192 ) (-115.760216 -61.565037 192 ) 
4 290 297 (-96 -48.363213 192 ) (-96 -48.363888 128 ) (-105.377197 -54.628803 128 ) (-105.376984 -54.627987 192 ) 
4 290 296 (-115.761894 -322.434753 128 ) (-109.127686 -323.754120 128 ) (-109.127731 -323.754517 192 ) (-115.761406 -322.435272 192 ) 
4 290 292 (-109.127686 -323.754120 128 ) (-96 -326.364868 128 ) (-96 -326.365265 192 ) (-109.127731 -323.754517 192 ) 
3 291 334 (-99.753960 -434.872192 128 ) (-128 -576.902832 128 ) (-128 -453.743683 128 ) 
4 291 295 (-115.763481 -445.565704 128 ) (-128 -453.740814 128 ) (-128 -453.740479 192 ) (-115.764122 -445.565826 192 ) 
4 291 293 (-99.753860 -434.869537 192 ) (-99.753479 -434.869598 128 ) (-105.375313 -438.625488 128 ) (-105.375221 -438.625122 192 ) 
3 292 333 (-96 -326.364777 128 ) (-96 -343.403137 128 ) (-109.127792 -323.753967 128 ) 
4 292 296 (-109.125603 -323.754944 192 ) (-109.125519 -323.754578 128 ) (-105.366837 -329.380432 128 ) (-105.367210 -329.380402 192 ) 
4 292 294 (-98.436211 -339.753967 128 ) (-96 -343.400421 128 ) (-96 -343.400940 192 ) (-98.436058 -339.754730 192 ) 
3 293 336 (-98.434570 -428.237854 128 ) (-99.753960 -434.872192 128 ) (-105.378220 -438.629822 128 ) 
3 294 335 (-96 -343.403137 128 ) (-96 -352 128 ) (-98.435417 -339.757904 128 ) 
3 295 338 (-115.757874 -445.564575 128 ) (-128 -453.743683 128 ) (-128 -448 128 ) 
3 296 337 (-115.762199 -322.434540 128 ) (-109.127792 -323.753967 128 ) (-105.370171 -329.378235 128 ) 
3 297 330 (-96 -40.594746 128 ) (-96 -48.364799 128 ) (-105.378426 -54.630638 128 ) 
4 297 299 (-96 -40.593117 192 ) (-96 -40.593613 128 ) (-98.433167 -44.234779 128 ) (-98.434174 -44.235794 192 ) 
3 298 331 (-115.756378 -61.564274 128 ) (-128 -69.744385 128 ) (-128 -64 128 ) 
3 299 332 (-96 -32 128 ) (-96 -40.594746 128 ) (-98.433586 -44.236885 128 ) 
3 300 341 (-128 -712.545288 128 ) (-128 -736 128 ) (-163.103287 -736 128 ) 
4 300 314 (-163.103271 -736 128 ) (-128 -736 128 ) (-128 -736 192 ) (-163.093719 -736 192 ) 
4 300 302 (-157.635651 -732.347351 128 ) (-163.102432 -736 128 ) (-163.092896 -736 192 ) (-157.622131 -732.344666 192 ) 
4 300 301 (-128 -712.552307 192 ) (-128 -712.545959 128 ) (-142.054886 -721.936890 128 ) (-142.062576 -721.948364 192 ) 
3 301 342 (-128 -700.903137 128 ) (-128 -712.545288 128 ) (-142.054169 -721.935730 128 ) 
4 301 303 (-128 -700.901184 192 ) (-128 -700.901184 128 ) (-131.653534 -706.368530 128 ) (-131.653381 -706.368347 192 ) 
3 302 343 (-157.636948 -732.347595 128 ) (-163.103287 -736 128 ) (-176 -736 128 ) 
4 302 314 (-176 -736 128 ) (-163.103271 -736 128 ) (-163.093719 -736 192 ) (-176 -736 192 ) 
3 303 344 (-128 -688 128 ) (-128 -700.903137 128 ) (-131.654160 -706.371704 128 ) 
3 304 359 (-767.996033 -768 128 ) (-776.593994 -768 128 ) (-780.237427 -765.565552 128 ) 
4 304 353 (-776.593994 -768 128 ) (-864 -768 128 ) (-864 -748.907471 128 ) (-780.237427 -765.565552 128 ) 
4 304 319 (-864 -768 128 ) (-767.996033 -768 128 ) (-767.994141 -768 192 ) (-864 -768 192 ) 
4 304 305 (-780.238647 -765.564697 128 ) (-864 -748.906921 128 ) (-864 -748.906494 192 ) (-780.239136 -765.564209 192 ) 
4 305 353 (-864 -736 128 ) (-824.485718 -736 128 ) (-780.237427 -765.565552 128 ) (-864 -748.907471 128 ) 
4 305 309 (-790.630432 -758.620972 128 ) (-796.246399 -754.868469 128 ) (-796.246399 -754.868225 192 ) (-790.630005 -758.620972 192 ) 
4 305 307 (-796.246399 -754.868469 128 ) (-824.485046 -736 128 ) (-824.484741 -736 192 ) (-796.246399 -754.868225 192 ) 
4 306 346 (-647.507080 -736 128 ) (-536.485962 -736 128 ) (-488.594238 -768 128 ) (-695.403198 -768 128 ) 
4 306 319 (-695.403198 -768 128 ) (-488.594238 -768 128 ) (-488.593872 -768 192 ) (-695.403809 -768 192 ) 
4 306 315 (-502.632996 -758.617004 128 ) (-508.246826 -754.866028 128 ) (-508.246887 -754.865845 192 ) (-502.632538 -758.617188 192 ) 
4 306 313 (-508.246826 -754.866028 128 ) (-536.482117 -736 128 ) (-536.481873 -736 192 ) (-508.246887 -754.865845 192 ) 
4 306 312 (-488.589996 -768 192 ) (-488.590271 -768 128 ) (-492.232208 -765.566528 128 ) (-492.232727 -765.566040 192 ) 
4 306 310 (-691.756531 -765.564331 128 ) (-695.402161 -768 128 ) (-695.402710 -768 192 ) (-691.757202 -765.564392 192 ) 
4 306 308 (-647.506409 -736 192 ) (-647.505859 -736 128 ) (-681.379089 -758.631042 128 ) (-681.378906 -758.630554 192 ) 
3 307 355 (-824.485718 -736 128 ) (-800 -736 128 ) (-796.246277 -754.868835 128 ) 
4 307 309 (-796.246765 -754.867981 192 ) (-796.246704 -754.868225 128 ) (-797.564941 -748.241699 128 ) (-797.565186 -748.240601 192 ) 
3 308 354 (-666.257568 -736 128 ) (-647.507080 -736 128 ) (-681.378174 -758.629700 128 ) 
4 308 311 (-666.256104 -736 192 ) (-666.255920 -736 128 ) (-674.435242 -748.241577 128 ) (-674.435791 -748.242065 192 ) 
3 309 357 (-790.629944 -758.621521 128 ) (-796.246277 -754.868835 128 ) (-797.564575 -748.242126 128 ) 
3 310 356 (-691.757996 -765.564575 128 ) (-695.403198 -768 128 ) (-704 -768 128 ) 
4 310 319 (-704 -768 128 ) (-695.403198 -768 128 ) (-695.403809 -768 192 ) (-704 -768 192 ) 
3 311 358 (-672 -736 128 ) (-666.257568 -736 128 ) (-674.434570 -748.237854 128 ) 
3 312 352 (-479.995941 -768 128 ) (-488.594238 -768 128 ) (-492.237885 -765.565430 128 ) 
4 312 319 (-488.594238 -768 128 ) (-479.995941 -768 128 ) (-479.994019 -768 192 ) (-488.593872 -768 192 ) 
3 313 348 (-536.485962 -736 128 ) (-512 -736 128 ) (-508.246246 -754.869080 128 ) 
4 313 315 (-508.246368 -754.869873 192 ) (-508.246338 -754.870056 128 ) (-509.565002 -748.241455 128 ) (-509.565155 -748.240784 192 ) 
4 314 345 (-359.506927 -736 128 ) (0 -736 128 ) (0 -768 128 ) (-407.403168 -768 128 ) 
4 314 319 (-407.403168 -768 128 ) (0 -768 128 ) (0 -768 192 ) (-407.403687 -768 192 ) 
4 314 317 (-403.755096 -765.564026 128 ) (-407.401123 -768 128 ) (-407.401672 -768 192 ) (-403.755890 -765.564148 192 ) 
4 314 316 (-359.506287 -736 192 ) (-359.505737 -736 128 ) (-393.379639 -758.631897 128 ) (-393.379517 -758.631470 192 ) 
3 315 350 (-502.629822 -758.621826 128 ) (-508.246246 -754.869080 128 ) (-509.564575 -748.242188 128 ) 
3 316 347 (-378.257568 -736 128 ) (-359.506927 -736 128 ) (-393.378235 -758.629761 128 ) 
4 316 318 (-378.256775 -736 192 ) (-378.256592 -736 128 ) (-386.434784 -748.238892 128 ) (-386.435272 -748.239380 192 ) 
3 317 349 (-403.757965 -765.564575 128 ) (-407.403168 -768 128 ) (-416 -768 128 ) 
4 317 319 (-416 -768 128 ) (-407.403168 -768 128 ) (-407.403687 -768 192 ) (-416 -768 192 ) 
3 318 351 (-384 -736 128 ) (-378.257568 -736 128 ) (-386.434540 -748.237732 128 ) 
4 319 360 (-864 -768 128 ) (0 -768 128 ) (0 -960 128 ) (-864 -960 128 ) 
4 319 322 (-864 -960 128 ) (-480 -960 128 ) (-480 -960 192 ) (-864 -960 192 ) 
4 319 320 (-416.003784 -960 128 ) (0 -960 128 ) (0 -960 192 ) (-416.005951 -960 192 ) 
4 320 361 (-416.003784 -960 128 ) (0 -960 128 ) (0 -992 128 ) (-255.097229 -992 128 ) 
4 320 325 (-403.762970 -962.433960 128 ) (-397.128082 -963.753479 128 ) (-397.128174 -963.753845 192 ) (-403.762573 -962.434448 192 ) 
4 320 321 (-397.128082 -963.753479 128 ) (-255.093536 -992 128 ) (-255.095535 -992 192 ) (-397.128174 -963.753845 192 ) 
3 321 363 (-397.127838 -963.753906 128 ) (-255.097229 -992 128 ) (-378.256348 -992 128 ) 
4 321 325 (-397.127197 -963.757019 192 ) (-397.127106 -963.756653 128 ) (-393.371918 -969.377075 128 ) (-393.372284 -969.377014 192 ) 
4 321 323 (-386.435089 -979.759399 128 ) (-378.256714 -992 128 ) (-378.257050 -992 192 ) (-386.434998 -979.760071 192 ) 
4 322 362 (-864 -960 128 ) (-480 -960 128 ) (-640.855225 -992 128 ) (-864 -992 128 ) 
4 322 326 (-506.691284 -965.309998 128 ) (-492.242188 -962.435547 128 ) (-492.241364 -962.435364 192 ) (-506.690857 -965.309875 192 ) 
4 322 324 (-640.855286 -992 192 ) (-640.855286 -992 128 ) (-506.691284 -965.309998 128 ) (-506.690857 -965.309875 192 ) 
3 323 365 (-386.435425 -979.757874 128 ) (-378.256348 -992 128 ) (-384 -992 128 ) 
3 324 364 (-512 -992 128 ) (-640.855225 -992 128 ) (-506.691284 -965.309875 128 ) 
4 324 327 (-509.565948 -979.762939 128 ) (-508.246460 -973.128174 128 ) (-508.246063 -973.128235 192 ) (-509.565430 -979.762451 192 ) 
4 324 326 (-508.246460 -973.128174 128 ) (-506.691986 -965.311646 128 ) (-506.691559 -965.311584 192 ) (-508.246063 -973.128235 192 ) 
3 325 367 (-403.762146 -962.434509 128 ) (-397.127838 -963.753906 128 ) (-393.370209 -969.378174 128 ) 
3 326 366 (-508.246094 -973.127930 128 ) (-506.691284 -965.309875 128 ) (-492.241943 -962.435364 128 ) 
4 326 327 (-508.246124 -973.129028 192 ) (-508.246490 -973.128906 128 ) (-502.622650 -969.371521 128 ) (-502.622772 -969.371948 192 ) 
3 327 368 (-509.565460 -979.762207 128 ) (-508.246094 -973.127930 128 ) (-502.621887 -969.370300 128 ) 
4 328 345 (-96 -736 0 ) (0 -736 0 ) (0 -736 128 ) (-96 -736 128 ) 
4 328 339 (-96 -416 0 ) (-96 -424.594757 0 ) (-96 -424.594269 128 ) (-96 -415.996002 128 ) 
4 328 336 (-96 -424.594757 0 ) (-96 -432.364807 0 ) (-96 -432.364166 128 ) (-96 -424.594269 128 ) 
4 328 335 (-96 -343.402100 0 ) (-96 -352 0 ) (-96 -352 128 ) (-96 -343.403107 128 ) 
4 328 334 (-96 -432.364807 0 ) (-96 -736 0 ) (-96 -736 128 ) (-96 -432.364166 128 ) 
4 328 333 (-96 -326.363922 0 ) (-96 -343.402100 0 ) (-96 -343.403107 128 ) (-96 -326.364746 128 ) 
4 328 332 (-96 -32.007961 0 ) (-96 -40.595741 0 ) (-96 -40.594746 128 ) (-96 -32 128 ) 
4 328 330 (-96 -40.595741 0 ) (-96 -48.366138 0 ) (-96 -48.364807 128 ) (-96 -40.594746 128 ) 
4 328 329 (-96 -48.366138 0 ) (-96 -326.363922 0 ) (-96 -326.364746 128 ) (-96 -48.364807 128 ) 
4 329 340 (-128 -69.745705 0 ) (-128 -320 0 ) (-128 -320 120 ) (-128 -69.744438 120 ) 
4 329 337 (-115.761986 -322.434357 0 ) (-109.127289 -323.753754 0 ) (-109.127411 -323.754517 128 ) (-115.761002 -322.435333 128 ) 
4 329 333 (-109.127289 -323.753754 0 ) (-96 -326.364258 0 ) (-96 -326.365051 128 ) (-109.127411 -323.754517 128 ) 
4 329 331 (-115.751770 -61.563354 0 ) (-128 -69.746506 0 ) (-128 -69.745155 128 ) (-115.754654 -61.563931 128 ) 
4 329 330 (-96 -48.365677 128 ) (-96 -48.367027 0 ) (-105.379875 -54.633804 0 ) (-105.379440 -54.632160 128 ) 
4 330 332 (-96 -40.593613 128 ) (-96 -40.594604 0 ) (-98.431190 -44.232819 0 ) (-98.433167 -44.234779 128 ) 
4 331 340 (-128 -64 0 ) (-128 -69.745705 0 ) (-128 -69.744438 120 ) (-128 -64 120 ) 
4 333 337 (-109.127121 -323.754669 128 ) (-109.126953 -323.753906 0 ) (-105.368614 -329.378937 0 ) (-105.369446 -329.378723 128 ) 
4 333 335 (-98.436043 -339.754791 0 ) (-96 -343.400757 0 ) (-96 -343.401764 128 ) (-98.435760 -339.756226 128 ) 
4 334 345 (-128 -736 0 ) (-96 -736 0 ) (-96 -736 128 ) (-128 -736 128 ) 
4 334 344 (-128 -688 0 ) (-128 -700.902649 0 ) (-128 -700.901123 128 ) (-128 -688 128 ) 
4 334 342 (-128 -700.902649 0 ) (-128 -712.545288 0 ) (-128 -712.551697 128 ) (-128 -700.901123 128 ) 
4 334 341 (-128 -712.545288 0 ) (-128 -736 0 ) (-128 -736 128 ) (-128 -712.551697 128 ) 
4 334 338 (-115.760132 -445.565033 0 ) (-128 -453.742493 0 ) (-128 -453.741821 128 ) (-115.761536 -445.565308 128 ) 
4 334 336 (-96 -432.362610 128 ) (-96 -432.363281 0 ) (-105.376472 -438.627716 0 ) (-105.376236 -438.626892 128 ) 
4 336 339 (-96 -424.597198 128 ) (-96 -424.597687 0 ) (-98.434387 -428.240967 0 ) (-98.435387 -428.241943 128 ) 
4 341 345 (-163.103271 -736 0 ) (-128 -736 0 ) (-128 -736 128 ) (-163.093719 -736 128 ) 
4 341 343 (-157.633026 -732.346802 0 ) (-163.100311 -736 0 ) (-163.090759 -736 128 ) (-157.619354 -732.344116 128 ) 
4 341 342 (-128 -712.552856 128 ) (-128 -712.546448 0 ) (-142.054108 -721.937195 0 ) (-142.063660 -721.950012 128 ) 
4 342 344 (-128 -700.899536 128 ) (-128 -700.901062 0 ) (-131.653992 -706.369934 0 ) (-131.653290 -706.367371 128 ) 
4 343 345 (-176 -736 0 ) (-163.103271 -736 0 ) (-163.093719 -736 128 ) (-176 -736 128 ) 
4 345 360 (-407.402039 -768 0 ) (0 -768 0 ) (0 -768 128 ) (-407.403168 -768 128 ) 
4 345 349 (-403.751312 -765.563293 0 ) (-407.398438 -768 0 ) (-407.399506 -768 128 ) (-403.752777 -765.563538 128 ) 
4 345 347 (-359.504120 -736 128 ) (-359.503052 -736 0 ) (-393.381226 -758.634766 0 ) (-393.380981 -758.633911 128 ) 
4 346 360 (-695.402100 -768 0 ) (-488.594696 -768 0 ) (-488.594116 -768 128 ) (-695.403198 -768 128 ) 
4 346 356 (-691.753845 -765.563782 0 ) (-695.400391 -768 0 ) (-695.401489 -768 128 ) (-691.755371 -765.564026 128 ) 
4 346 354 (-647.504211 -736 128 ) (-647.503113 -736 0 ) (-681.380005 -758.633057 0 ) (-681.379822 -758.632202 128 ) 
4 346 352 (-488.593384 -768 128 ) (-488.593933 -768 0 ) (-492.235779 -765.566650 0 ) (-492.236694 -765.565674 128 ) 
4 346 350 (-502.631134 -758.620728 0 ) (-508.246216 -754.868896 0 ) (-508.246368 -754.868469 128 ) (-502.630371 -758.620911 128 ) 
4 346 348 (-508.246216 -754.868896 0 ) (-536.485901 -736 0 ) (-536.485352 -736 128 ) (-508.246368 -754.868469 128 ) 
4 347 351 (-378.259308 -736 128 ) (-378.258972 -736 0 ) (-386.432831 -748.233032 0 ) (-386.433807 -748.234070 128 ) 
4 348 350 (-508.245911 -754.868347 128 ) (-508.245819 -754.868774 0 ) (-509.563660 -748.244507 0 ) (-509.563934 -748.243164 128 ) 
4 349 360 (-416 -768 0 ) (-407.402039 -768 0 ) (-407.403168 -768 128 ) (-416 -768 128 ) 
4 352 360 (-488.594696 -768 0 ) (-480 -768 0 ) (-479.995850 -768 128 ) (-488.594116 -768 128 ) 
4 353 380 (-1024 -736 0 ) (-1024 -768 0 ) (-1024 -768 128 ) (-1024 -736 128 ) 
4 353 360 (-1024 -768 0 ) (-776.594604 -768 0 ) (-776.593933 -768 128 ) (-1024 -768 128 ) 
4 353 359 (-776.593689 -768 128 ) (-776.594238 -768 0 ) (-780.236267 -765.566528 0 ) (-780.237183 -765.565552 128 ) 
4 353 357 (-790.630798 -758.621399 0 ) (-796.246216 -754.869446 0 ) (-796.246277 -754.869019 128 ) (-790.629822 -758.621643 128 ) 
4 353 355 (-796.246216 -754.869446 0 ) (-824.487366 -736 0 ) (-824.486816 -736 128 ) (-796.246277 -754.869019 128 ) 
4 354 358 (-666.254028 -736 128 ) (-666.253662 -736 0 ) (-674.435059 -748.244263 0 ) (-674.435974 -748.245117 128 ) 
4 355 357 (-796.245422 -754.870605 128 ) (-796.245361 -754.871033 0 ) (-797.563538 -748.244812 0 ) (-797.563843 -748.243164 128 ) 
4 356 360 (-704 -768 0 ) (-695.402100 -768 0 ) (-695.403198 -768 128 ) (-704 -768 128 ) 
4 359 360 (-776.594604 -768 0 ) (-768 -768 0 ) (-767.995911 -768 128 ) (-776.593933 -768 128 ) 
4 360 380 (-1024 -768 0 ) (-1024 -960 0 ) (-1024 -960 128 ) (-1024 -768 128 ) 
4 360 362 (-1024 -960 0 ) (-480 -960 0 ) (-480 -960 128 ) (-1024 -960 128 ) 
4 360 361 (-416 -960 0 ) (0 -960 0 ) (0 -960 128 ) (-416.003815 -960 128 ) 
4 361 367 (-403.763977 -962.432983 0 ) (-397.127960 -963.752686 0 ) (-397.128143 -963.753479 128 ) (-403.762939 -962.434021 128 ) 
4 361 363 (-397.127960 -963.752686 0 ) (-255.089584 -992 0 ) (-255.093582 -992 128 ) (-397.128143 -963.753479 128 ) 
4 362 380 (-1024 -960 0 ) (-1024 -992 0 ) (-1024 -992 128 ) (-1024 -960 128 ) 
4 362 376 (-920 -992 4 ) (-920 -992 124 ) (-1020 -992 124 ) (-1020 -992 4 ) 
4 362 375 (-916 -992 0 ) (-868 -992 0 ) (-868 -992 108 ) (-916 -992 108 ) 
4 362 372 (-868 -992 112 ) (-868 -992 124 ) (-916 -992 124 ) (-916 -992 112 ) 
4 362 369 (-640.855347 -992 4 ) (-640.855286 -992 124 ) (-864 -992 124 ) (-864 -992 4 ) 
4 362 366 (-506.692108 -965.309937 0 ) (-492.243378 -962.435547 0 ) (-492.241852 -962.435303 128 ) (-506.691254 -965.309814 128 ) 
4 362 364 (-640.855835 -992 128 ) (-640.855835 -992 0 ) (-506.692108 -965.309937 0 ) (-506.691254 -965.309814 128 ) 
4 363 367 (-397.128906 -963.752563 128 ) (-397.128723 -963.751831 0 ) (-393.369690 -969.378113 0 ) (-393.370544 -969.377930 128 ) 
4 363 365 (-386.435669 -979.756653 0 ) (-378.255737 -992 0 ) (-378.256409 -992 128 ) (-386.435333 -979.758179 128 ) 
4 364 369 (-612 -992 124 ) (-640.855286 -992 124 ) (-640.855347 -992 4 ) (-612 -992 4 ) 
4 364 368 (-509.566833 -979.763794 0 ) (-508.247131 -973.127869 0 ) (-508.246399 -973.128113 128 ) (-509.565826 -979.762756 128 ) 
4 364 366 (-508.247131 -973.127869 0 ) (-506.692352 -965.309875 0 ) (-506.691528 -965.309692 128 ) (-508.246399 -973.128113 128 ) 
4 366 368 (-508.246338 -973.126282 128 ) (-508.247101 -973.126099 0 ) (-502.619476 -969.366211 0 ) (-502.619690 -969.367065 128 ) 
4 369 370 (-864 -994 124 ) (-864 -994 4 ) (-612 -994 4 ) (-612 -994 124 ) 
4 370 371 (-864 -998 124 ) (-864 -998 4 ) (-612 -998 4 ) (-612 -998 124 ) 
4 371 379 (-612 -1000 124 ) (-864 -1000 124 ) (-864 -1000 4 ) (-612 -1000 4 ) 
4 372 373 (-916 -994 124 ) (-916 -994 112 ) (-868 -994 112 ) (-868 -994 124 ) 
4 373 374 (-916 -998 124 ) (-916 -998 112 ) (-868 -998 112 ) (-868 -998 124 ) 
4 374 379 (-868 -1000 112 ) (-868 -1000 124 ) (-916 -1000 124 ) (-916 -1000 112 ) 
4 375 379 (-916 -1000 0 ) (-868 -1000 0 ) (-868 -1000 108 ) (-916 -1000 108 ) 
4 376 377 (-1020 -994 124 ) (-1020 -994 4 ) (-920 -994 4 ) (-920 -994 124 ) 
4 377 378 (-1020 -998 124 ) (-1020 -998 4 ) (-920 -998 4 ) (-920 -998 124 ) 
4 378 379 (-920 -1000 4 ) (-920 -1000 124 ) (-1020 -1000 124 ) (-1020 -1000 4 ) 
4 379 387 (-608 -1024 128 ) (-1024 -1024 128 ) (-1024 -1024 0 ) (-608 -1024 0 ) 
4 380 381 (-1280 -816 0 ) (-1280 -912 0 ) (-1280 -912 108 ) (-1280 -816 108 ) 
4 381 382 (-1312 -816 0 ) (-1312 -912 0 ) (-1312 -912 108 ) (-1312 -816 108 ) 
4 382 383 (-1568 -384 0 ) (-1568 -640 0 ) (-1568 -640 128 ) (-1568 -384 128 ) 
4 383 384 (-2048 -640 128 ) (-2048 -384 128 ) (-2048 -384 0 ) (-2048 -640 0 ) 
4 385 387 (-768 -1152 128 ) (-768 -1120 128 ) (-704 -1120 128 ) (-704 -1152 128 ) 
4 386 387 (-928 -1152 128 ) (-928 -1120 128 ) (-864 -1120 128 ) (-864 -1152 128 ) 
