PRT1
226
623
4 0 9 (-984 2552 0 ) (-976 2552 0 ) (-976 2552 40 ) (-984 2552 40 ) 
4 0 6 (-976 2552 40 ) (-976 2552 128 ) (-984 2552 128 ) (-984 2552 40 ) 
4 0 2 (-984 2552 64 ) (-984 2552 128 ) (-984 2616 128 ) (-984 2616 64 ) 
4 0 1 (-984 2624 128 ) (-984 2624 0 ) (-984 2616 0 ) (-984 2616 128 ) 
4 1 72 (-1024 2624 106 ) (-1024 2624 0 ) (-1024 2616 0 ) (-1024 2616 106 ) 
4 1 69 (-1024 2616 128 ) (-1024 2624 128 ) (-1024 2624 106 ) (-1024 2616 106 ) 
4 1 2 (-984 2616 64 ) (-984 2616 128 ) (-1024 2616 128 ) (-1024 2616 64 ) 
4 2 75 (-1024 2552 128 ) (-1024 2616 128 ) (-1024 2616 64 ) (-1024 2552 64 ) 
4 2 6 (-984 2552 64 ) (-984 2552 128 ) (-1024 2552 128 ) (-1024 2552 64 ) 
4 3 81 (-1024 2380 128 ) (-1024 2483.707275 128 ) (-1024 2483.707275 0 ) (-1024 2380 0 ) 
4 3 9 (-976 2531.723389 0 ) (-988 2519.719482 0 ) (-988 2519.719482 40 ) (-976 2531.723389 40 ) 
4 3 8 (-1016.279724 2491.429443 0 ) (-1024 2483.706543 0 ) (-1024 2483.706543 40 ) (-1016.279724 2491.429443 40 ) 
4 3 6 (-1024 2483.706543 40 ) (-1024 2483.706543 128 ) (-976 2531.723389 128 ) (-976 2531.723389 40 ) 
4 3 4 (-1024 2380 0 ) (-976 2380 0 ) (-976 2380 128 ) (-1024 2380 128 ) 
4 4 82 (-1024 2372 128 ) (-1024 2380 128 ) (-1024 2380 0 ) (-1024 2372 0 ) 
4 4 5 (-1024 2372 0 ) (-976 2372 0 ) (-976 2372 128 ) (-1024 2372 128 ) 
4 5 83 (-1024 2128 128 ) (-1024 2372 128 ) (-1024 2372 0 ) (-1024 2128 0 ) 
4 5 10 (-1024 2128 0 ) (-1024 2368 0 ) (-976 2368 0 ) (-976 2128 0 ) 
4 6 84 (-1024 2499.149902 128 ) (-1024 2552 128 ) (-1024 2552 40 ) (-1024 2499.149902 40 ) 
4 6 81 (-1024 2483.707275 128 ) (-1024 2499.149902 128 ) (-1024 2499.149902 40 ) (-1024 2483.707275 40 ) 
5 6 9 (-1012.278870 2552 40 ) (-976 2552 40 ) (-976 2531.727295 40 ) (-988.001526 2519.721436 40 ) (-1016.280151 2548 40 ) 
3 6 8 (-1016.281555 2491.431396 40 ) (-1024 2483.710205 40 ) (-1024 2499.149902 40 ) 
3 6 7 (-1024 2552 40 ) (-1012.278870 2552 40 ) (-1024 2540.282959 40 ) 
4 7 85 (-1024 2552 40 ) (-1024 2552 0 ) (-1024 2540.282959 0 ) (-1024 2540.282959 40 ) 
4 7 9 (-1012.277344 2552 0 ) (-1012.277344 2552 40 ) (-1016.279419 2548 40 ) (-1016.279419 2548 0 ) 
4 8 81 (-1024 2499.149902 0 ) (-1024 2483.707275 0 ) (-1024 2483.707275 40 ) (-1024 2499.149902 40 ) 
4 10 149 (-1024 2208 -120 ) (-1024 2208 -128 ) (-1024 2128 -128 ) (-1024 2128 -120 ) 
4 10 145 (-1024 2208 -104 ) (-1024 2208 -120 ) (-1024 2128 -120 ) (-1024 2128 -104 ) 
4 10 137 (-1024 2208 -72 ) (-1024 2208 -104 ) (-1024 2128 -104 ) (-1024 2128 -72 ) 
4 10 120 (-1024 2128 0 ) (-1024 2208 0 ) (-1024 2208 -72 ) (-1024 2128 -72 ) 
4 10 104 (-1024 2208 0 ) (-1024 2368 0 ) (-1024 2368 -128 ) (-1024 2208 -128 ) 
4 11 170 (-976 2048 -21.436802 ) (-976 2048 0 ) (-1024 2048 0 ) (-1024 2048 -21.436802 ) 
4 11 151 (-1024 2048 -21.436802 ) (-1024 2048 0 ) (-1024 2112 0 ) (-1024 2112 -21.436802 ) 
4 11 12 (-976 2112 -21.436802 ) (-976 2048 -21.436802 ) (-1024 2048 -21.436802 ) (-1024 2112 -21.436802 ) 
4 12 170 (-976 2048 -128 ) (-976 2048 -21.436802 ) (-1024 2048 -21.436802 ) (-1024 2048 -128 ) 
4 12 153 (-1024 2048 -128 ) (-1024 2048 -21.436802 ) (-1024 2112 -21.436802 ) (-1024 2112 -128 ) 
4 13 67 (-1424 3072 0 ) (-1424 3072 128 ) (-1648 3072 128 ) (-1648 3072 0 ) 
4 13 25 (-2048 3072 0 ) (-2048 3072 128 ) (-2048 3296 128 ) (-2048 3296 0 ) 
4 14 20 (-2848 3600 0 ) (-2656 3600 0 ) (-2656 3600 128 ) (-2848 3600 128 ) 
4 14 16 (-2632.300293 3600 0 ) (-2432 3600 0 ) (-2432 3600 128 ) (-2632.300293 3600 128 ) 
4 14 19 (-2640 3600 0 ) (-2632.300293 3600 0 ) (-2632.300293 3600 128 ) (-2640 3600 128 ) 
4 15 168 (-3072 3600 128 ) (-3072 3840 128 ) (-3072 3840 0 ) (-3072 3600 0 ) 
4 15 24 (-3072 3600 0 ) (-3072 3840 0 ) (-2880 3840 0 ) (-2880 3600 0 ) 
4 15 23 (-3072 3600 0 ) (-2880 3600 0 ) (-2880 3600 128 ) (-3072 3600 128 ) 
4 16 19 (-2632.300293 3600 128 ) (-2632.300293 3600 0 ) (-2632.300293 3596 0 ) (-2632.300293 3596 128 ) 
4 16 17 (-2632.300293 3596 128 ) (-2632.300293 3596 0 ) (-2432 3596 0 ) (-2432 3596 128 ) 
4 17 18 (-2632.300293 3588 128 ) (-2632.300293 3588 0 ) (-2432 3588 0 ) (-2432 3588 128 ) 
4 17 19 (-2632.300293 3596 0 ) (-2632.300293 3588 0 ) (-2632.300293 3588 128 ) (-2632.300293 3596 128 ) 
4 18 65 (-2632.300293 3584 0 ) (-2560 3584 0 ) (-2560 3584 128 ) (-2632.300293 3584 128 ) 
4 18 28 (-2560 3584 0 ) (-2432 3584 0 ) (-2432 3584 128 ) (-2560 3584 128 ) 
4 18 19 (-2632.300293 3588 0 ) (-2632.300293 3584 0 ) (-2632.300293 3584 128 ) (-2632.300293 3588 128 ) 
4 19 65 (-2640 3584 0 ) (-2632.300293 3584 0 ) (-2632.300293 3584 128 ) (-2640 3584 128 ) 
4 20 21 (-2848 3596 128 ) (-2848 3596 0 ) (-2656 3596 0 ) (-2656 3596 128 ) 
4 21 22 (-2848 3588 128 ) (-2848 3588 0 ) (-2656 3588 0 ) (-2656 3588 128 ) 
4 22 65 (-2848 3584 0 ) (-2656 3584 0 ) (-2656 3584 128 ) (-2848 3584 128 ) 
4 23 168 (-3072 3584 0 ) (-3072 3584 128 ) (-3072 3600 128 ) (-3072 3600 0 ) 
4 23 65 (-3072 3584 128 ) (-3072 3584 0 ) (-2880 3584 0 ) (-2880 3584 128 ) 
4 23 24 (-2880 3584 0 ) (-3072 3584 0 ) (-3072 3600 0 ) (-2880 3600 0 ) 
4 24 168 (-3072 3584 -128 ) (-3072 3584 0 ) (-3072 3840 0 ) (-3072 3840 -128 ) 
4 24 65 (-3072 3584 0 ) (-3072 3584 -128 ) (-2880 3584 -128 ) (-2880 3584 0 ) 
4 25 26 (-2176 3100 106 ) (-2176 3268 106 ) (-2176 3268 0 ) (-2176 3100 0 ) 
4 26 27 (-2192 3100 106 ) (-2192 3268 106 ) (-2192 3268 0 ) (-2192 3100 0 ) 
4 27 28 (-2304 3072 0 ) (-2304 3072 128 ) (-2304 3584 128 ) (-2304 3584 0 ) 
4 28 65 (-2560 3328 128 ) (-2560 3584 128 ) (-2560 3584 -24 ) (-2560 3328 -24 ) 
4 28 39 (-2319.010254 3109.359863 -24 ) (-2309.002930 3072 -24 ) (-2350.397949 3072 -24 ) (-2357.639893 3099.010010 -24 ) 
4 28 38 (-2487.675049 3584 -24 ) (-2446.147461 3584 -24 ) (-2329.360352 3148 -24 ) (-2368 3137.649658 -24 ) 
4 28 37 (-2446.147461 3584 -24 ) (-2304 3584 -24 ) (-2304 3072 -24 ) (-2309.002930 3072 -24 ) 
5 28 33 (-2560 3524.215332 -24 ) (-2560 3584 -24 ) (-2487.675049 3584 -24 ) (-2350.397949 3072 -24 ) (-2438.869385 3072 -24 ) 
5 28 32 (-2560 3072 -24 ) (-2560 3104.368652 -24 ) (-2554.790283 3109.580078 -24 ) (-2526.510010 3081.299805 -24 ) (-2535.813232 3072 -24 ) 
4 28 31 (-2526.510254 3137.870361 -24 ) (-2471.305664 3193.094238 -24 ) (-2459.344971 3148.441162 -24 ) (-2498.219971 3109.580078 -24 ) 
3 28 30 (-2459.344971 3148.441162 -24 ) (-2438.869385 3072 -24 ) (-2535.813232 3072 -24 ) 
3 28 29 (-2560 3104.368652 -24 ) (-2560 3524.215332 -24 ) (-2471.305664 3193.094238 -24 ) 
4 29 65 (-2560 3328 -24 ) (-2560 3524.215332 -24 ) (-2560 3524.215332 -64 ) (-2560 3328 -64 ) 
5 29 45 (-2546 3206 -64 ) (-2482 3206 -64 ) (-2482 3182.396240 -64 ) (-2518.383301 3146 -64 ) (-2546 3146 -64 ) 
4 29 41 (-2482 3206 -64 ) (-2474.762695 3206 -64 ) (-2471.305664 3193.094238 -64 ) (-2482 3182.396240 -64 ) 
4 29 64 (-2560 3104.368652 -64 ) (-2560 3206 -64 ) (-2546 3206 -64 ) (-2546 3118.373535 -64 ) 
3 29 40 (-2560 3206 -64 ) (-2560 3524.215332 -64 ) (-2474.762695 3206 -64 ) 
4 29 35 (-2471.306152 3193.093994 -64 ) (-2560 3524.213867 -64 ) (-2560 3524.214355 -48 ) (-2471.306152 3193.093994 -48 ) 
4 29 33 (-2560 3524.214355 -48 ) (-2560 3524.214844 -24 ) (-2471.305908 3193.094238 -24 ) (-2471.306152 3193.093994 -48 ) 
4 29 32 (-2560 3104.367188 -64 ) (-2554.789551 3109.579346 -64 ) (-2554.789551 3109.579346 -24 ) (-2560 3104.366943 -24 ) 
4 29 31 (-2526.509521 3137.869629 -64 ) (-2471.304688 3193.093750 -64 ) (-2471.304688 3193.093750 -24 ) (-2526.509277 3137.869385 -24 ) 
4 30 46 (-2482 3072 -64 ) (-2535.813232 3072 -64 ) (-2525.809570 3082 -64 ) (-2482 3082 -64 ) 
4 30 41 (-2459.344971 3148.441162 -64 ) (-2438.869385 3072 -64 ) (-2482 3072 -64 ) (-2482 3125.794189 -64 ) 
4 30 36 (-2438.869873 3072 -64 ) (-2446.640625 3101.010010 -64 ) (-2446.640625 3101.010010 -48 ) (-2438.869873 3072 -48 ) 
4 30 35 (-2456.990723 3139.649658 -64 ) (-2459.345459 3148.440918 -64 ) (-2459.345459 3148.440918 -48 ) (-2456.990723 3139.649658 -48 ) 
4 30 33 (-2459.345459 3148.440918 -48 ) (-2459.345215 3148.441162 -24 ) (-2438.869629 3072 -24 ) (-2438.869873 3072 -48 ) 
4 30 32 (-2526.509521 3081.299316 -64 ) (-2535.812256 3072 -64 ) (-2535.811768 3072 -24 ) (-2526.509277 3081.299072 -24 ) 
4 30 31 (-2459.343750 3148.441406 -24 ) (-2459.343750 3148.441406 -64 ) (-2498.219482 3109.579590 -64 ) (-2498.219238 3109.579346 -24 ) 
3 31 45 (-2518.383545 3146 -64 ) (-2482 3182.396240 -64 ) (-2482 3146 -64 ) 
4 31 41 (-2482 3182.396240 -64 ) (-2471.305664 3193.094238 -64 ) (-2459.344971 3148.441162 -64 ) (-2482 3125.794189 -64 ) 
4 31 35 (-2459.345459 3148.440918 -64 ) (-2471.306152 3193.093994 -64 ) (-2471.306152 3193.093994 -48 ) (-2459.345459 3148.440918 -48 ) 
4 31 33 (-2471.306152 3193.093994 -48 ) (-2471.305908 3193.094238 -24 ) (-2459.345215 3148.441162 -24 ) (-2459.345459 3148.440918 -48 ) 
5 32 46 (-2527.210205 3082 -64 ) (-2526.510010 3081.299805 -64 ) (-2535.813232 3072 -64 ) (-2546 3072 -64 ) (-2546 3082 -64 ) 
5 32 64 (-2560 3072 -64 ) (-2560 3104.368652 -64 ) (-2554.790283 3109.580078 -64 ) (-2546 3100.789795 -64 ) (-2546 3072 -64 ) 
4 33 65 (-2560 3524.215332 -24 ) (-2560 3584 -24 ) (-2560 3584 -48 ) (-2560 3524.215332 -48 ) 
4 33 39 (-2357.638916 3099.010254 -24 ) (-2350.396973 3072 -24 ) (-2350.397705 3072 -48 ) (-2357.639648 3099.010010 -48 ) 
4 33 38 (-2487.674805 3584 -48 ) (-2487.673828 3584 -24 ) (-2368 3137.649902 -24 ) (-2368 3137.649658 -48 ) 
4 33 36 (-2438.869873 3072 -48 ) (-2446.640381 3101.010010 -48 ) (-2408 3111.360107 -48 ) (-2397.457031 3072 -48 ) 
5 33 35 (-2456.990479 3139.649902 -48 ) (-2560 3524.213867 -48 ) (-2560 3584 -48 ) (-2534.601563 3584 -48 ) (-2418.350098 3150 -48 ) 
4 33 34 (-2534.601563 3584 -48 ) (-2487.674561 3584 -48 ) (-2350.397217 3072 -48 ) (-2397.457031 3072 -48 ) 
4 34 63 (-2354.598389 3087.666504 -64 ) (-2350.397949 3072 -64 ) (-2392.856934 3072 -64 ) (-2386.379883 3096.179688 -64 ) 
5 34 42 (-2386.325928 3206 -64 ) (-2371.637207 3151.215576 -64 ) (-2392.856934 3072 -64 ) (-2397.456787 3072 -64 ) (-2433.350098 3206 -64 ) 
4 34 40 (-2534.601563 3584 -64 ) (-2487.675049 3584 -64 ) (-2386.325928 3206 -64 ) (-2433.350098 3206 -64 ) 
4 34 39 (-2350.398193 3072 -64 ) (-2357.640137 3099.010010 -64 ) (-2357.639648 3099.010010 -48 ) (-2350.397705 3072 -48 ) 
4 34 38 (-2368 3137.649658 -64 ) (-2487.675537 3584 -64 ) (-2487.674805 3584 -48 ) (-2368 3137.649658 -48 ) 
4 34 36 (-2408 3111.360107 -64 ) (-2397.457031 3072 -64 ) (-2397.459229 3072 -48 ) (-2408.002197 3111.359863 -48 ) 
4 34 35 (-2534.601318 3584 -64 ) (-2418.350098 3150 -64 ) (-2418.352051 3150 -48 ) (-2534.603760 3584 -48 ) 
4 35 65 (-2560 3584 -48 ) (-2560 3584 -64 ) (-2560 3524.215332 -64 ) (-2560 3524.215332 -48 ) 
4 35 43 (-2433.350098 3206 -64 ) (-2418.349854 3150 -64 ) (-2456.989990 3139.649902 -64 ) (-2474.762695 3206 -64 ) 
5 35 40 (-2560 3524.215332 -64 ) (-2560 3584 -64 ) (-2534.601563 3584 -64 ) (-2433.350098 3206 -64 ) (-2474.762695 3206 -64 ) 
4 36 44 (-2408 3111.360352 -64 ) (-2397.456787 3072 -64 ) (-2438.869385 3072 -64 ) (-2446.639893 3101.010010 -64 ) 
5 37 62 (-2304 3206 -64 ) (-2304 3156.372559 -64 ) (-2308 3141.440186 -64 ) (-2329.118408 3147.097168 -64 ) (-2344.896240 3206 -64 ) 
4 37 61 (-2304 3156.372559 -64 ) (-2304 3072 -64 ) (-2309.002930 3072 -64 ) (-2317.802002 3104.849365 -64 ) 
4 37 40 (-2446.147461 3584 -64 ) (-2304 3584 -64 ) (-2304 3206 -64 ) (-2344.896240 3206 -64 ) 
4 37 39 (-2319.009766 3109.360107 -64 ) (-2309.002441 3072 -64 ) (-2309.002441 3072 -24 ) (-2319.009766 3109.360107 -24 ) 
4 37 38 (-2446.146973 3584 -64 ) (-2329.359863 3148 -64 ) (-2329.359863 3148 -24 ) (-2446.146973 3584 -24 ) 
5 38 62 (-2344.896240 3206 -64 ) (-2329.360352 3148 -64 ) (-2330.924316 3147.580811 -64 ) (-2369.820068 3158 -64 ) (-2356.962158 3206 -64 ) 
3 38 42 (-2371.637207 3151.215820 -64 ) (-2386.325928 3206 -64 ) (-2356.962158 3206 -64 ) 
4 38 40 (-2487.675049 3584 -64 ) (-2446.147461 3584 -64 ) (-2344.896240 3206 -64 ) (-2386.325928 3206 -64 ) 
4 39 63 (-2324.560303 3079.620117 -64 ) (-2326.601563 3072 -64 ) (-2350.397949 3072 -64 ) (-2354.598389 3087.666504 -64 ) 
3 39 61 (-2317.802002 3104.849121 -64 ) (-2309.002930 3072 -64 ) (-2326.601563 3072 -64 ) 
4 40 65 (-2560 3584 -128 ) (-2560 3328 -128 ) (-2560 3328 -64 ) (-2560 3584 -64 ) 
4 40 62 (-2304 3206 -128 ) (-2304 3206 -64 ) (-2356.962158 3206 -64 ) (-2356.962158 3206 -128 ) 
4 40 54 (-2461.720459 3206 -128 ) (-2428 3206 -128 ) (-2428 3206 -88 ) (-2461.720459 3206 -88 ) 
4 40 52 (-2546 3206 -88 ) (-2546 3206 -128 ) (-2461.720459 3206 -128 ) (-2461.720459 3206 -88 ) 
4 40 47 (-2384 3206 -128 ) (-2356.962158 3206 -128 ) (-2356.962158 3206 -88 ) (-2384 3206 -88 ) 
4 40 49 (-2428 3206 -128 ) (-2424 3206 -128 ) (-2424 3206 -88 ) (-2428 3206 -88 ) 
4 40 45 (-2482 3206 -64 ) (-2546 3206 -64 ) (-2546 3206 -88 ) (-2482 3206 -88 ) 
4 40 43 (-2433.350342 3206 -64 ) (-2474.762695 3206 -64 ) (-2474.762695 3206 -88 ) (-2433.350342 3206 -88 ) 
4 40 42 (-2356.962158 3206 -64 ) (-2433.350342 3206 -64 ) (-2433.350342 3206 -88 ) (-2356.962158 3206 -88 ) 
4 40 41 (-2474.762695 3206 -64 ) (-2482 3206 -64 ) (-2482 3206 -88 ) (-2474.762695 3206 -88 ) 
4 40 64 (-2546 3206 -64 ) (-2560 3206 -64 ) (-2560 3206 -128 ) (-2546 3206 -128 ) 
4 41 59 (-2438.869385 3072 -88 ) (-2464.889648 3072 -88 ) (-2468.639648 3086 -88 ) (-2444.361328 3092.503174 -88 ) 
5 41 58 (-2478.989746 3124.640137 -88 ) (-2482 3135.877686 -88 ) (-2482 3146 -88 ) (-2458.691162 3146 -88 ) (-2454.711670 3131.143066 -88 ) 
3 41 56 (-2464.889648 3072 -88 ) (-2482 3072 -88 ) (-2482 3135.877686 -88 ) 
4 41 55 (-2482 3146 -88 ) (-2482 3165.709961 -88 ) (-2463.720215 3147.430176 -88 ) (-2465.150879 3146 -88 ) 
3 41 53 (-2460.055420 3151.093506 -88 ) (-2458.691162 3146 -88 ) (-2465.150879 3146 -88 ) 
4 41 52 (-2482 3185.713379 -88 ) (-2482 3206 -88 ) (-2474.762695 3206 -88 ) (-2472.006592 3195.710693 -88 ) 
4 41 45 (-2482 3206 -64 ) (-2482 3206 -88 ) (-2482 3146 -88 ) (-2482 3146 -64 ) 
4 41 46 (-2482 3082 -88 ) (-2482 3072 -88 ) (-2482 3072 -64 ) (-2482 3082 -64 ) 
4 41 44 (-2438.869141 3072 -88 ) (-2446.639893 3101.010010 -88 ) (-2446.639893 3101.010010 -64 ) (-2438.869141 3072 -64 ) 
4 41 43 (-2456.990234 3139.649902 -88 ) (-2474.762939 3206 -88 ) (-2474.762939 3206 -64 ) (-2456.990234 3139.649902 -64 ) 
4 42 63 (-2386.380371 3096.180176 -64 ) (-2392.857422 3072 -64 ) (-2392.857422 3072 -88 ) (-2386.380371 3096.180176 -88 ) 
4 42 62 (-2356.962646 3206 -88 ) (-2356.962646 3206 -64 ) (-2369.820557 3158 -64 ) (-2369.820557 3158 -88 ) 
3 42 54 (-2428 3186.025635 -88 ) (-2433.350342 3206 -88 ) (-2428 3206 -88 ) 
5 42 51 (-2388 3090.119629 -88 ) (-2392.853760 3072 -88 ) (-2397.457031 3072 -88 ) (-2407.635742 3110 -88 ) (-2388 3110 -88 ) 
3 42 50 (-2371.959717 3150 -88 ) (-2388 3090.119629 -88 ) (-2388 3150 -88 ) 
4 42 48 (-2384 3150 -88 ) (-2418.350098 3150 -88 ) (-2422.635986 3166 -88 ) (-2384 3166 -88 ) 
4 42 47 (-2356.958984 3206 -88 ) (-2371.959717 3150 -88 ) (-2384 3150 -88 ) (-2384 3206 -88 ) 
4 42 49 (-2424 3171.092529 -88 ) (-2428 3186.025635 -88 ) (-2428 3206 -88 ) (-2424 3206 -88 ) 
4 42 44 (-2408 3111.360107 -88 ) (-2397.457520 3072 -88 ) (-2397.457520 3072 -64 ) (-2408 3111.360107 -64 ) 
4 42 43 (-2433.350830 3206 -64 ) (-2433.350830 3206 -88 ) (-2418.350586 3150 -88 ) (-2418.350586 3150 -64 ) 
4 43 58 (-2456.990234 3139.649902 -88 ) (-2458.691162 3146 -88 ) (-2443.299316 3146 -88 ) (-2442.628662 3143.496826 -88 ) 
3 43 57 (-2443.299316 3146 -88 ) (-2433.283691 3146 -88 ) (-2442.628662 3143.496826 -88 ) 
6 43 54 (-2463.720215 3204 -88 ) (-2461.720703 3206 -88 ) (-2433.350342 3206 -88 ) (-2428 3186.025635 -88 ) (-2428 3183.137695 -88 ) (-2435.430176 3175.710205 -88 ) 
5 43 53 (-2458.691162 3146 -88 ) (-2460.055420 3151.093506 -88 ) (-2428 3183.137695 -88 ) (-2428 3147.415283 -88 ) (-2433.283691 3146 -88 ) 
3 43 52 (-2472.006592 3195.710693 -88 ) (-2474.762695 3206 -88 ) (-2461.720703 3206 -88 ) 
4 43 48 (-2422.635986 3166 -88 ) (-2418.350098 3150 -88 ) (-2424 3150 -88 ) (-2424 3166 -88 ) 
4 43 49 (-2428 3186.025635 -88 ) (-2424 3171.092529 -88 ) (-2424 3150 -88 ) (-2428 3150 -88 ) 
5 44 59 (-2428 3072 -88 ) (-2438.869385 3072 -88 ) (-2444.361572 3092.503174 -88 ) (-2430 3096.350098 -88 ) (-2428 3088.883545 -88 ) 
3 44 57 (-2432.278564 3104.856934 -88 ) (-2428 3106.002930 -88 ) (-2428 3088.883545 -88 ) 
5 44 51 (-2397.457031 3072 -88 ) (-2428 3072 -88 ) (-2428 3106.002930 -88 ) (-2413.077637 3110 -88 ) (-2407.635742 3110 -88 ) 
4 45 55 (-2482 3165.709961 -88 ) (-2482 3146 -88 ) (-2521.699463 3146 -88 ) (-2492 3175.709961 -88 ) 
5 45 52 (-2546 3146 -88 ) (-2546 3206 -88 ) (-2482 3206 -88 ) (-2482 3185.713379 -88 ) (-2521.699463 3146 -88 ) 
4 45 64 (-2546 3206 -64 ) (-2546 3206 -88 ) (-2546 3146 -88 ) (-2546 3146 -64 ) 
4 46 60 (-2482 3072 -88 ) (-2546 3072 -88 ) (-2546 3082 -88 ) (-2482 3082 -88 ) 
4 46 64 (-2546 3082 -88 ) (-2546 3072 -88 ) (-2546 3072 -64 ) (-2546 3082 -64 ) 
4 47 62 (-2369.820313 3158 -128 ) (-2356.962646 3206 -128 ) (-2356.962646 3206 -88 ) (-2369.820313 3158 -88 ) 
4 47 50 (-2384 3150 -128 ) (-2371.960938 3150 -128 ) (-2371.960938 3150 -88 ) (-2384 3150 -88 ) 
4 47 48 (-2384 3150 -128 ) (-2384 3150 -88 ) (-2384 3166 -88 ) (-2384 3166 -128 ) 
4 48 50 (-2388 3150 -128 ) (-2384 3150 -128 ) (-2384 3150 -88 ) (-2388 3150 -88 ) 
4 48 49 (-2424 3150 -128 ) (-2424 3150 -88 ) (-2424 3166 -88 ) (-2424 3166 -128 ) 
4 49 54 (-2428 3183.137451 -88 ) (-2428 3206 -88 ) (-2428 3206 -128 ) (-2428 3183.137451 -128 ) 
4 49 53 (-2428 3150 -88 ) (-2428 3183.137451 -88 ) (-2428 3183.137451 -128 ) (-2428 3150 -128 ) 
4 50 63 (-2388 3090.133301 -128 ) (-2386.380127 3096.180176 -128 ) (-2386.380127 3096.180176 -88 ) (-2388 3090.133301 -88 ) 
4 50 51 (-2388 3110 -128 ) (-2388 3090.132813 -128 ) (-2388 3090.132813 -88 ) (-2388 3110 -88 ) 
4 51 63 (-2392.857422 3072 -128 ) (-2388 3090.133301 -128 ) (-2388 3090.133301 -88 ) (-2392.857422 3072 -88 ) 
4 51 59 (-2428 3072 -88 ) (-2428 3088.883545 -88 ) (-2428 3088.883545 -128 ) (-2428 3072 -128 ) 
4 51 57 (-2428 3088.883545 -88 ) (-2428 3110 -88 ) (-2428 3110 -128 ) (-2428 3088.883545 -128 ) 
4 52 55 (-2521.699219 3146 -88 ) (-2521.699219 3146 -128 ) (-2492 3175.709717 -128 ) (-2492 3175.709717 -88 ) 
4 52 54 (-2463.719482 3204 -128 ) (-2461.719727 3206 -128 ) (-2461.719727 3206 -88 ) (-2463.719482 3204 -88 ) 
4 52 64 (-2546 3206 -88 ) (-2546 3206 -128 ) (-2546 3146 -128 ) (-2546 3146 -88 ) 
4 53 58 (-2443.299316 3146 -88 ) (-2465.150635 3146 -88 ) (-2465.150635 3146 -128 ) (-2443.299316 3146 -128 ) 
4 53 57 (-2428 3146 -128 ) (-2428 3146 -88 ) (-2443.299316 3146 -88 ) (-2443.299316 3146 -128 ) 
4 53 55 (-2463.721924 3147.432129 -128 ) (-2465.154297 3146 -128 ) (-2465.154297 3146 -88 ) (-2463.721924 3147.431885 -88 ) 
4 53 54 (-2428 3183.141846 -88 ) (-2428 3183.141846 -128 ) (-2435.432129 3175.712158 -128 ) (-2435.432129 3175.712158 -88 ) 
4 55 58 (-2465.150635 3146 -88 ) (-2482 3146 -88 ) (-2482 3146 -128 ) (-2465.150635 3146 -128 ) 
4 56 60 (-2482 3082 -128 ) (-2482 3072 -128 ) (-2482 3072 -88 ) (-2482 3082 -88 ) 
4 56 59 (-2468.638672 3086 -88 ) (-2464.888672 3072 -88 ) (-2464.888672 3072 -128 ) (-2468.638672 3086 -128 ) 
4 56 58 (-2482 3135.880859 -128 ) (-2482 3135.880859 -88 ) (-2478.989014 3124.640381 -88 ) (-2478.989014 3124.640381 -128 ) 
4 57 59 (-2430 3096.349854 -128 ) (-2428 3088.881104 -128 ) (-2428 3088.881104 -88 ) (-2430 3096.349854 -88 ) 
4 57 58 (-2443.300049 3146 -88 ) (-2443.300049 3146 -128 ) (-2440.350830 3134.989990 -128 ) (-2440.350830 3134.989990 -88 ) 
4 60 64 (-2546 3082 -128 ) (-2546 3072 -128 ) (-2546 3072 -88 ) (-2546 3082 -88 ) 
4 61 63 (-2326.601318 3072 -64 ) (-2324.560059 3079.620117 -64 ) (-2324.560059 3079.620117 -128 ) (-2326.601318 3072 -128 ) 
4 61 62 (-2308 3141.439941 -64 ) (-2304 3156.372070 -64 ) (-2304 3156.372070 -128 ) (-2308 3141.439941 -128 ) 
4 65 168 (-3072 3328 128 ) (-3072 3584 128 ) (-3072 3584 -128 ) (-3072 3328 -128 ) 
4 65 66 (-3072 3328 -128 ) (-2880 3328 -128 ) (-2880 3328 128 ) (-3072 3328 128 ) 
4 66 168 (-3072 3072 -128 ) (-3072 3072 128 ) (-3072 3328 128 ) (-3072 3328 -128 ) 
4 67 68 (-1620 2640 0 ) (-1452 2640 0 ) (-1452 2640 106 ) (-1620 2640 106 ) 
4 68 73 (-1620 2624 0 ) (-1452 2624 0 ) (-1452 2624 106 ) (-1620 2624 106 ) 
4 69 87 (-1264 2616 128 ) (-1444 2616 128 ) (-1444 2616 106 ) (-1264 2616 106 ) 
4 69 86 (-1232 2616 128 ) (-1264 2616 128 ) (-1264 2616 106 ) (-1232 2616 106 ) 
4 69 76 (-1048 2616 128 ) (-1232 2616 128 ) (-1232 2616 106 ) (-1048 2616 106 ) 
4 69 75 (-1024 2616 106 ) (-1024 2616 128 ) (-1048 2616 128 ) (-1048 2616 106 ) 
4 69 72 (-1024 2616 106 ) (-1444 2616 106 ) (-1444 2624 106 ) (-1024 2624 106 ) 
4 69 70 (-1444 2616 114 ) (-1444 2616 128 ) (-1444 2624 128 ) (-1444 2624 114 ) 
4 70 91 (-1552 2616 128 ) (-1628 2616 128 ) (-1628 2616 114 ) (-1552 2616 114 ) 
4 70 90 (-1520 2616 128 ) (-1552 2616 128 ) (-1552 2616 114 ) (-1520 2616 114 ) 
4 70 87 (-1444 2616 128 ) (-1520 2616 128 ) (-1520 2616 114 ) (-1444 2616 114 ) 
4 70 71 (-1628 2616 114 ) (-1628 2616 128 ) (-1628 2624 128 ) (-1628 2624 114 ) 
4 71 158 (-2048 2616 106 ) (-2048 2616 128 ) (-2048 2624 128 ) (-2048 2624 106 ) 
4 71 95 (-1808 2616 128 ) (-2048 2616 128 ) (-2048 2616 106 ) (-1808 2616 106 ) 
4 71 91 (-1628 2616 128 ) (-1808 2616 128 ) (-1808 2616 106 ) (-1628 2616 106 ) 
4 71 74 (-1628 2616 106 ) (-2048 2616 106 ) (-2048 2624 106 ) (-1628 2624 106 ) 
4 72 87 (-1444 2616 0 ) (-1264 2616 0 ) (-1264 2616 106 ) (-1444 2616 106 ) 
4 72 86 (-1264 2616 0 ) (-1232 2616 0 ) (-1232 2616 106 ) (-1264 2616 106 ) 
4 72 80 (-1103.843750 2616 0 ) (-1062.431396 2616 0 ) (-1062.431396 2616 40 ) (-1103.843750 2616 40 ) 
4 72 78 (-1232 2616 0 ) (-1103.843750 2616 0 ) (-1103.843750 2616 40 ) (-1232 2616 40 ) 
4 72 77 (-1062.431396 2616 0 ) (-1048 2616 0 ) (-1048 2616 40 ) (-1062.431396 2616 40 ) 
4 72 76 (-1048 2616 40 ) (-1048 2616 106 ) (-1232 2616 106 ) (-1232 2616 40 ) 
4 72 75 (-1024 2616 64 ) (-1024 2616 106 ) (-1048 2616 106 ) (-1048 2616 64 ) 
4 73 91 (-1620 2616 0 ) (-1552 2616 0 ) (-1552 2616 106 ) (-1620 2616 106 ) 
4 73 90 (-1552 2616 0 ) (-1520 2616 0 ) (-1520 2616 106 ) (-1552 2616 106 ) 
4 73 87 (-1520 2616 0 ) (-1452 2616 0 ) (-1452 2616 106 ) (-1520 2616 106 ) 
4 74 164 (-2048 2624 0 ) (-2048 2616 0 ) (-2048 2616 40 ) (-2048 2624 40 ) 
4 74 160 (-2048 2616 40 ) (-2048 2616 106 ) (-2048 2624 106 ) (-2048 2624 40 ) 
4 74 100 (-2048 2616 0 ) (-2030 2616 0 ) (-2030 2616 40 ) (-2048 2616 40 ) 
4 74 97 (-2030 2616 0 ) (-1990 2616 0 ) (-1990 2616 40 ) (-2030 2616 40 ) 
4 74 96 (-1990 2616 0 ) (-1808 2616 0 ) (-1808 2616 40 ) (-1990 2616 40 ) 
4 74 95 (-1808 2616 40 ) (-1808 2616 106 ) (-2048 2616 106 ) (-2048 2616 40 ) 
4 74 91 (-1808 2616 0 ) (-1628 2616 0 ) (-1628 2616 106 ) (-1808 2616 106 ) 
4 75 84 (-1024 2552 64 ) (-1024 2552 128 ) (-1048 2552 128 ) (-1048 2552 64 ) 
4 75 76 (-1048 2616 128 ) (-1048 2616 64 ) (-1048 2552 64 ) (-1048 2552 128 ) 
4 76 86 (-1232 2616 128 ) (-1232 2616 40 ) (-1232 2552 40 ) (-1232 2552 128 ) 
4 76 84 (-1076.849976 2552 40 ) (-1048 2552 40 ) (-1048 2552 128 ) (-1076.849976 2552 128 ) 
4 76 81 (-1232 2552 128 ) (-1232 2552 40 ) (-1076.849976 2552 40 ) (-1076.849976 2552 128 ) 
4 76 80 (-1100 2601.649902 40 ) (-1103.843750 2616 40 ) (-1062.431396 2616 40 ) (-1061.359985 2612 40 ) 
5 76 79 (-1048 2562.122803 40 ) (-1048 2552 40 ) (-1086.700806 2552 40 ) (-1089.649902 2563.009766 40 ) (-1051.010010 2573.360107 40 ) 
4 76 78 (-1086.700806 2552 40 ) (-1232 2552 40 ) (-1232 2616 40 ) (-1103.843750 2616 40 ) 
3 76 77 (-1048 2616 40 ) (-1048 2562.122803 40 ) (-1062.431396 2616 40 ) 
4 77 80 (-1061.360474 2612 40 ) (-1062.431885 2616 40 ) (-1062.431885 2616 0 ) (-1061.360474 2612 0 ) 
4 77 79 (-1048 2562.121094 0 ) (-1048 2562.121094 40 ) (-1051.010376 2573.359863 40 ) (-1051.010376 2573.359863 0 ) 
4 78 86 (-1232 2616 40 ) (-1232 2616 0 ) (-1232 2552 0 ) (-1232 2552 40 ) 
4 78 81 (-1232 2552 40 ) (-1232 2552 0 ) (-1086.700806 2552 0 ) (-1086.700806 2552 40 ) 
4 78 80 (-1103.844971 2616 0 ) (-1103.844971 2616 40 ) (-1100.001099 2601.649658 40 ) (-1100.001099 2601.649658 0 ) 
4 78 79 (-1089.651123 2563.009521 40 ) (-1086.702148 2552 40 ) (-1086.702148 2552 0 ) (-1089.651123 2563.009521 0 ) 
4 79 85 (-1076.849854 2552 0 ) (-1048 2552 0 ) (-1048 2552 40 ) (-1076.849854 2552 40 ) 
4 79 81 (-1086.700806 2552 0 ) (-1076.849854 2552 0 ) (-1076.849854 2552 40 ) (-1086.700806 2552 40 ) 
4 81 86 (-1232 2552 0 ) (-1232 2392 0 ) (-1232 2392 128 ) (-1232 2552 128 ) 
4 81 85 (-1044.567505 2519.722412 0 ) (-1076.844727 2552 0 ) (-1076.844727 2552 40 ) (-1044.567505 2519.722412 40 ) 
4 81 84 (-1076.844727 2552 40 ) (-1076.844727 2552 128 ) (-1024 2499.154785 128 ) (-1024 2499.154785 40 ) 
4 81 82 (-1232 2380 128 ) (-1232 2380 0 ) (-1024 2380 0 ) (-1024 2380 128 ) 
4 82 83 (-1232 2372 128 ) (-1232 2372 0 ) (-1024 2372 0 ) (-1024 2372 128 ) 
4 83 120 (-1024 2208 0 ) (-1024 2128 0 ) (-1232 2128 0 ) (-1232 2208 0 ) 
4 83 104 (-1024 2368 0 ) (-1024 2208 0 ) (-1232 2208 0 ) (-1232 2368 0 ) 
4 83 94 (-1232 2360 0 ) (-1232 2128 0 ) (-1232 2128 128 ) (-1232 2360 128 ) 
4 84 85 (-1044.573853 2519.716309 40 ) (-1076.857422 2552 40 ) (-1024 2552 40 ) (-1024 2540.282959 40 ) 
4 86 87 (-1264 2616 128 ) (-1264 2616 0 ) (-1264 2392 0 ) (-1264 2392 128 ) 
4 87 90 (-1520 2616 128 ) (-1520 2616 0 ) (-1520 2392 0 ) (-1520 2392 128 ) 
4 87 88 (-1520 2380 128 ) (-1520 2380 0 ) (-1264 2380 0 ) (-1264 2380 128 ) 
4 88 89 (-1520 2372 128 ) (-1520 2372 0 ) (-1264 2372 0 ) (-1264 2372 128 ) 
4 89 114 (-1424 2360 0 ) (-1520 2360 0 ) (-1520 2368 0 ) (-1424 2368 0 ) 
4 89 106 (-1264 2368 0 ) (-1264 2360 0 ) (-1424 2360 0 ) (-1424 2368 0 ) 
4 89 94 (-1520 2360 0 ) (-1264 2360 0 ) (-1264 2360 128 ) (-1520 2360 128 ) 
4 90 91 (-1552 2616 128 ) (-1552 2616 0 ) (-1552 2392 0 ) (-1552 2392 128 ) 
4 91 96 (-1808 2616 40 ) (-1808 2616 0 ) (-1808 2384 0 ) (-1808 2384 40 ) 
4 91 95 (-1808 2616 128 ) (-1808 2616 40 ) (-1808 2384 40 ) (-1808 2384 128 ) 
4 91 92 (-1808 2380 128 ) (-1808 2380 0 ) (-1552 2380 0 ) (-1552 2380 128 ) 
4 92 93 (-1808 2372 128 ) (-1808 2372 0 ) (-1552 2372 0 ) (-1552 2372 128 ) 
4 93 116 (-1808 2360 0 ) (-1808 2368 0 ) (-1552 2368 0 ) (-1552 2360 0 ) 
4 93 94 (-1808 2360 128 ) (-1808 2360 0 ) (-1552 2360 0 ) (-1552 2360 128 ) 
4 94 120 (-1808 2128 0 ) (-1808 2208 0 ) (-1232 2208 0 ) (-1232 2128 0 ) 
4 94 116 (-1808 2208 0 ) (-1808 2360 0 ) (-1552 2360 0 ) (-1552 2208 0 ) 
4 94 115 (-1552 2360 0 ) (-1520 2360 0 ) (-1520 2208 0 ) (-1552 2208 0 ) 
4 94 114 (-1520 2360 0 ) (-1424 2360 0 ) (-1424 2208 0 ) (-1520 2208 0 ) 
4 94 112 (-1424 2360 0 ) (-1360 2360 0 ) (-1360 2296 0 ) (-1424 2296 0 ) 
4 94 113 (-1360 2296 0 ) (-1360 2208 0 ) (-1424 2208 0 ) (-1424 2296 0 ) 
4 94 107 (-1360 2360 0 ) (-1264 2360 0 ) (-1264 2208 0 ) (-1360 2208 0 ) 
4 94 105 (-1264 2360 0 ) (-1232 2360 0 ) (-1232 2208 0 ) (-1264 2208 0 ) 
4 94 102 (-1808 2360 0 ) (-1808 2128 0 ) (-1808 2128 128 ) (-1808 2360 128 ) 
4 95 160 (-2048 2384 40 ) (-2048 2384 106 ) (-2048 2616 106 ) (-2048 2616 40 ) 
4 95 158 (-2048 2384 106 ) (-2048 2384 128 ) (-2048 2616 128 ) (-2048 2616 106 ) 
4 95 101 (-2006 2384 106 ) (-2048 2384 106 ) (-2048 2384 40 ) (-2006 2384 40 ) 
5 95 100 (-2048 2604.083252 40 ) (-2048 2616 40 ) (-2030 2616 40 ) (-2030 2602.930176 40 ) (-2034 2596 40 ) 
4 95 99 (-2030 2384 40 ) (-2048 2384 40 ) (-2048 2571.744873 40 ) (-2030 2602.930176 40 ) 
4 95 97 (-2030 2596 40 ) (-2030 2616 40 ) (-1990 2616 40 ) (-1990 2596 40 ) 
4 95 98 (-1990 2384 40 ) (-2030 2384 40 ) (-2030 2556 40 ) (-1990 2556 40 ) 
4 95 96 (-1808 2384 40 ) (-1990 2384 40 ) (-1990 2616 40 ) (-1808 2616 40 ) 
4 96 97 (-1990 2596 40 ) (-1990 2616 40 ) (-1990 2616 0 ) (-1990 2596 0 ) 
4 96 98 (-1990 2384 0 ) (-1990 2384 40 ) (-1990 2556 40 ) (-1990 2556 0 ) 
4 97 100 (-2030 2602.930176 40 ) (-2030 2616 40 ) (-2030 2616 0 ) (-2030 2602.930176 0 ) 
4 97 99 (-2030 2596 40 ) (-2030 2602.930176 40 ) (-2030 2602.930176 0 ) (-2030 2596 0 ) 
4 98 101 (-2030 2384 0 ) (-2006 2384 0 ) (-2006 2384 40 ) (-2030 2384 40 ) 
4 98 99 (-2030 2384 0 ) (-2030 2384 40 ) (-2030 2556 40 ) (-2030 2556 0 ) 
4 99 161 (-2048 2571.744873 0 ) (-2048 2384 0 ) (-2048 2384 40 ) (-2048 2571.744873 40 ) 
4 99 101 (-2048 2384 0 ) (-2030 2384 0 ) (-2030 2384 40 ) (-2048 2384 40 ) 
4 99 100 (-2030 2602.933594 40 ) (-2030 2602.933594 0 ) (-2034.001587 2596 0 ) (-2034.001587 2596 40 ) 
4 100 164 (-2048 2616 0 ) (-2048 2604.083252 0 ) (-2048 2604.083252 40 ) (-2048 2616 40 ) 
4 101 165 (-2048 2384 0 ) (-2048 2368 0 ) (-2048 2368 106 ) (-2048 2384 106 ) 
4 101 103 (-2048 2368 0 ) (-2006 2368 0 ) (-2006 2368 106 ) (-2048 2368 106 ) 
4 102 120 (-1808 2208 0 ) (-1808 2128 0 ) (-1840 2128 0 ) (-1840 2208 0 ) 
4 102 117 (-1808 2360 0 ) (-1808 2208 0 ) (-1840 2208 0 ) (-1840 2360 0 ) 
4 102 103 (-1840 2360 0 ) (-1840 2128 0 ) (-1840 2128 128 ) (-1840 2360 128 ) 
4 103 166 (-2048 2368 0 ) (-2048 2128 0 ) (-2048 2128 106 ) (-2048 2368 106 ) 
4 103 159 (-2048 2128 106 ) (-2048 2128 128 ) (-2048 2368 128 ) (-2048 2368 106 ) 
4 103 134 (-2000 2208 0 ) (-1988 2208 0 ) (-1988 2128 0 ) (-2000 2128 0 ) 
4 103 132 (-1988 2208 0 ) (-1976 2208 0 ) (-1976 2128 0 ) (-1988 2128 0 ) 
4 103 130 (-1976 2208 0 ) (-1964 2208 0 ) (-1964 2128 0 ) (-1976 2128 0 ) 
4 103 128 (-1964 2208 0 ) (-1952 2208 0 ) (-1952 2128 0 ) (-1964 2128 0 ) 
4 103 126 (-1952 2208 0 ) (-1940 2208 0 ) (-1940 2128 0 ) (-1952 2128 0 ) 
4 103 124 (-1940 2208 0 ) (-1928 2208 0 ) (-1928 2128 0 ) (-1940 2128 0 ) 
4 103 122 (-1928 2208 0 ) (-1916 2208 0 ) (-1916 2128 0 ) (-1928 2128 0 ) 
4 103 121 (-1916 2208 0 ) (-1904 2208 0 ) (-1904 2128 0 ) (-1916 2128 0 ) 
4 103 120 (-1904 2208 0 ) (-1840 2208 0 ) (-1840 2128 0 ) (-1904 2128 0 ) 
4 103 118 (-2000 2368 0 ) (-1840 2368 0 ) (-1840 2208 0 ) (-2000 2208 0 ) 
4 104 149 (-1024 2208 -128 ) (-1024 2208 -120 ) (-1232 2208 -120 ) (-1232 2208 -128 ) 
4 104 145 (-1024 2208 -120 ) (-1024 2208 -104 ) (-1232 2208 -104 ) (-1232 2208 -120 ) 
4 104 137 (-1024 2208 -104 ) (-1024 2208 -72 ) (-1232 2208 -72 ) (-1232 2208 -104 ) 
4 104 120 (-1024 2208 -72 ) (-1024 2208 0 ) (-1232 2208 0 ) (-1232 2208 -72 ) 
4 104 105 (-1232 2360 -128 ) (-1232 2208 -128 ) (-1232 2208 0 ) (-1232 2360 0 ) 
4 105 149 (-1264 2208 -120 ) (-1264 2208 -128 ) (-1232 2208 -128 ) (-1232 2208 -120 ) 
4 105 145 (-1264 2208 -104 ) (-1264 2208 -120 ) (-1232 2208 -120 ) (-1232 2208 -104 ) 
4 105 137 (-1264 2208 -72 ) (-1264 2208 -104 ) (-1232 2208 -104 ) (-1232 2208 -72 ) 
4 105 120 (-1232 2208 0 ) (-1264 2208 0 ) (-1264 2208 -72 ) (-1232 2208 -72 ) 
4 105 110 (-1264 2292.302246 -128 ) (-1264 2235.687500 -128 ) (-1264 2235.687500 -88 ) (-1264 2292.302246 -88 ) 
4 105 109 (-1264 2235.687500 -128 ) (-1264 2208 -128 ) (-1264 2208 -88 ) (-1264 2235.687500 -88 ) 
4 105 108 (-1264 2360 -128 ) (-1264 2292.302246 -128 ) (-1264 2292.302246 -88 ) (-1264 2360 -88 ) 
4 105 107 (-1264 2208 -88 ) (-1264 2208 0 ) (-1264 2360 0 ) (-1264 2360 -88 ) 
4 106 114 (-1424 2368 -128 ) (-1424 2360 -128 ) (-1424 2360 0 ) (-1424 2368 0 ) 
4 106 112 (-1424 2360 0 ) (-1424 2360 -64 ) (-1360 2360 -64 ) (-1360 2360 0 ) 
4 106 111 (-1360 2360 -128 ) (-1331.721436 2360 -128 ) (-1331.721436 2360 -88 ) (-1360 2360 -88 ) 
4 106 108 (-1331.721436 2360 -128 ) (-1264 2360 -128 ) (-1264 2360 -88 ) (-1331.721436 2360 -88 ) 
4 106 107 (-1264 2360 -88 ) (-1264 2360 0 ) (-1360 2360 0 ) (-1360 2360 -88 ) 
4 107 137 (-1360 2208 -72 ) (-1360 2208 -88 ) (-1264 2208 -88 ) (-1264 2208 -72 ) 
4 107 120 (-1264 2208 0 ) (-1360 2208 0 ) (-1360 2208 -72 ) (-1264 2208 -72 ) 
4 107 112 (-1360 2360 0 ) (-1360 2360 -64 ) (-1360 2296 -64 ) (-1360 2296 0 ) 
4 107 113 (-1360 2296 -88 ) (-1360 2208 -88 ) (-1360 2208 0 ) (-1360 2296 0 ) 
5 107 111 (-1360 2331.721436 -88 ) (-1360 2360 -88 ) (-1331.721436 2360 -88 ) (-1327.720093 2356 -88 ) (-1356 2327.719971 -88 ) 
4 107 110 (-1299.430054 2327.719971 -88 ) (-1264 2292.302246 -88 ) (-1264 2235.687500 -88 ) (-1327.719971 2299.429932 -88 ) 
4 107 109 (-1360 2208 -88 ) (-1360 2331.721436 -88 ) (-1264 2235.687500 -88 ) (-1264 2208 -88 ) 
3 107 108 (-1331.721436 2360 -88 ) (-1264 2360 -88 ) (-1264 2292.302246 -88 ) 
4 108 111 (-1327.722656 2355.997559 -88 ) (-1331.726563 2360 -88 ) (-1331.726563 2360 -128 ) (-1327.722656 2355.997559 -128 ) 
4 108 110 (-1264 2292.296875 -128 ) (-1264 2292.296875 -88 ) (-1299.432739 2327.717285 -88 ) (-1299.432739 2327.717285 -128 ) 
4 109 149 (-1360 2208 -120 ) (-1360 2208 -128 ) (-1264 2208 -128 ) (-1264 2208 -120 ) 
4 109 145 (-1360 2208 -104 ) (-1360 2208 -120 ) (-1264 2208 -120 ) (-1264 2208 -104 ) 
4 109 137 (-1360 2208 -88 ) (-1360 2208 -104 ) (-1264 2208 -104 ) (-1264 2208 -88 ) 
4 109 113 (-1360 2296 -128 ) (-1360 2208 -128 ) (-1360 2208 -88 ) (-1360 2296 -88 ) 
4 109 111 (-1360 2331.726563 -128 ) (-1360 2331.726563 -88 ) (-1355.997437 2327.722656 -88 ) (-1355.997437 2327.722656 -128 ) 
4 109 110 (-1327.717407 2299.432617 -88 ) (-1264 2235.692627 -88 ) (-1264 2235.692627 -128 ) (-1327.717407 2299.432617 -128 ) 
4 112 114 (-1424 2296 -64 ) (-1424 2296 0 ) (-1424 2360 0 ) (-1424 2360 -64 ) 
4 112 113 (-1424 2296 0 ) (-1424 2296 -64 ) (-1360 2296 -64 ) (-1360 2296 0 ) 
4 113 149 (-1424 2208 -120 ) (-1424 2208 -128 ) (-1360 2208 -128 ) (-1360 2208 -120 ) 
4 113 145 (-1424 2208 -104 ) (-1424 2208 -120 ) (-1360 2208 -120 ) (-1360 2208 -104 ) 
4 113 137 (-1424 2208 -72 ) (-1424 2208 -104 ) (-1360 2208 -104 ) (-1360 2208 -72 ) 
4 113 120 (-1360 2208 0 ) (-1424 2208 0 ) (-1424 2208 -72 ) (-1360 2208 -72 ) 
4 113 114 (-1424 2296 -128 ) (-1424 2208 -128 ) (-1424 2208 0 ) (-1424 2296 0 ) 
4 114 149 (-1520 2208 -120 ) (-1520 2208 -128 ) (-1424 2208 -128 ) (-1424 2208 -120 ) 
4 114 145 (-1520 2208 -104 ) (-1520 2208 -120 ) (-1424 2208 -120 ) (-1424 2208 -104 ) 
4 114 137 (-1520 2208 -72 ) (-1520 2208 -104 ) (-1424 2208 -104 ) (-1424 2208 -72 ) 
4 114 120 (-1424 2208 0 ) (-1520 2208 0 ) (-1520 2208 -72 ) (-1424 2208 -72 ) 
4 114 115 (-1520 2360 -128 ) (-1520 2208 -128 ) (-1520 2208 0 ) (-1520 2360 0 ) 
4 115 149 (-1552 2208 -120 ) (-1552 2208 -128 ) (-1520 2208 -128 ) (-1520 2208 -120 ) 
4 115 145 (-1552 2208 -104 ) (-1552 2208 -120 ) (-1520 2208 -120 ) (-1520 2208 -104 ) 
4 115 137 (-1552 2208 -72 ) (-1552 2208 -104 ) (-1520 2208 -104 ) (-1520 2208 -72 ) 
4 115 120 (-1520 2208 0 ) (-1552 2208 0 ) (-1552 2208 -72 ) (-1520 2208 -72 ) 
4 115 116 (-1552 2360 -128 ) (-1552 2208 -128 ) (-1552 2208 0 ) (-1552 2360 0 ) 
4 116 149 (-1808 2208 -120 ) (-1808 2208 -128 ) (-1552 2208 -128 ) (-1552 2208 -120 ) 
4 116 145 (-1808 2208 -104 ) (-1808 2208 -120 ) (-1552 2208 -120 ) (-1552 2208 -104 ) 
4 116 137 (-1808 2208 -72 ) (-1808 2208 -104 ) (-1552 2208 -104 ) (-1552 2208 -72 ) 
4 116 120 (-1552 2208 0 ) (-1808 2208 0 ) (-1808 2208 -72 ) (-1552 2208 -72 ) 
4 116 117 (-1808 2360 -128 ) (-1808 2208 -128 ) (-1808 2208 0 ) (-1808 2360 0 ) 
4 117 149 (-1820 2208 -128 ) (-1808 2208 -128 ) (-1808 2208 -120 ) (-1820 2208 -120 ) 
4 117 150 (-1840 2208 -120 ) (-1840 2208 -128 ) (-1832 2208 -128 ) (-1832 2208 -120 ) 
4 117 146 (-1840 2208 -104 ) (-1840 2208 -112 ) (-1832 2208 -112 ) (-1832 2208 -104 ) 
4 117 145 (-1832 2208 -120 ) (-1808 2208 -120 ) (-1808 2208 -104 ) (-1832 2208 -104 ) 
4 117 137 (-1840 2208 -72 ) (-1840 2208 -104 ) (-1808 2208 -104 ) (-1808 2208 -72 ) 
4 117 120 (-1808 2208 0 ) (-1840 2208 0 ) (-1840 2208 -72 ) (-1808 2208 -72 ) 
4 117 118 (-1840 2360 -128 ) (-1840 2208 -128 ) (-1840 2208 0 ) (-1840 2360 0 ) 
4 118 150 (-2000 2208 -120 ) (-2000 2208 -128 ) (-1840 2208 -128 ) (-1840 2208 -120 ) 
4 118 147 (-1856 2208 -120 ) (-1844 2208 -120 ) (-1844 2208 -112 ) (-1856 2208 -112 ) 
4 118 148 (-2000 2208 -104 ) (-2000 2208 -120 ) (-1856 2208 -120 ) (-1856 2208 -104 ) 
4 118 146 (-1840 2208 -112 ) (-1840 2208 -104 ) (-1844 2208 -104 ) (-1844 2208 -112 ) 
4 118 143 (-1904 2208 -104 ) (-1892 2208 -104 ) (-1892 2208 -80 ) (-1904 2208 -80 ) 
4 118 144 (-2000 2208 -72 ) (-2000 2208 -104 ) (-1904 2208 -104 ) (-1904 2208 -72 ) 
4 118 141 (-1880 2208 -80 ) (-1880 2208 -72 ) (-1892 2208 -72 ) (-1892 2208 -80 ) 
4 118 142 (-1892 2208 -104 ) (-1880 2208 -104 ) (-1880 2208 -88 ) (-1892 2208 -88 ) 
4 118 139 (-1868 2208 -88 ) (-1868 2208 -72 ) (-1880 2208 -72 ) (-1880 2208 -88 ) 
4 118 140 (-1880 2208 -104 ) (-1868 2208 -104 ) (-1868 2208 -96 ) (-1880 2208 -96 ) 
4 118 138 (-1856 2208 -96 ) (-1856 2208 -72 ) (-1868 2208 -72 ) (-1868 2208 -96 ) 
4 118 137 (-1856 2208 -104 ) (-1840 2208 -104 ) (-1840 2208 -72 ) (-1856 2208 -72 ) 
4 118 134 (-1988 2208 0 ) (-2000 2208 0 ) (-2000 2208 -8 ) (-1988 2208 -8 ) 
4 118 135 (-2000 2208 -16 ) (-2000 2208 -72 ) (-1988 2208 -72 ) (-1988 2208 -16 ) 
4 118 132 (-1976 2208 0 ) (-1988 2208 0 ) (-1988 2208 -16 ) (-1976 2208 -16 ) 
4 118 133 (-1988 2208 -24 ) (-1988 2208 -72 ) (-1976 2208 -72 ) (-1976 2208 -24 ) 
4 118 130 (-1964 2208 0 ) (-1976 2208 0 ) (-1976 2208 -24 ) (-1964 2208 -24 ) 
4 118 131 (-1976 2208 -32 ) (-1976 2208 -72 ) (-1964 2208 -72 ) (-1964 2208 -32 ) 
4 118 128 (-1952 2208 0 ) (-1964 2208 0 ) (-1964 2208 -32 ) (-1952 2208 -32 ) 
4 118 129 (-1964 2208 -40 ) (-1964 2208 -72 ) (-1952 2208 -72 ) (-1952 2208 -40 ) 
4 118 126 (-1940 2208 0 ) (-1952 2208 0 ) (-1952 2208 -40 ) (-1940 2208 -40 ) 
4 118 127 (-1952 2208 -48 ) (-1952 2208 -72 ) (-1940 2208 -72 ) (-1940 2208 -48 ) 
4 118 124 (-1928 2208 0 ) (-1940 2208 0 ) (-1940 2208 -48 ) (-1928 2208 -48 ) 
4 118 125 (-1940 2208 -56 ) (-1940 2208 -72 ) (-1928 2208 -72 ) (-1928 2208 -56 ) 
4 118 122 (-1916 2208 0 ) (-1928 2208 0 ) (-1928 2208 -56 ) (-1916 2208 -56 ) 
4 118 123 (-1928 2208 -64 ) (-1928 2208 -72 ) (-1916 2208 -72 ) (-1916 2208 -64 ) 
4 118 121 (-1904 2208 0 ) (-1916 2208 0 ) (-1916 2208 -64 ) (-1904 2208 -64 ) 
4 118 120 (-1840 2208 0 ) (-1904 2208 0 ) (-1904 2208 -72 ) (-1840 2208 -72 ) 
4 118 119 (-2000 2368 -8 ) (-2000 2368 -128 ) (-2000 2208 -128 ) (-2000 2208 -8 ) 
4 119 167 (-2048 2368 -128 ) (-2048 2208 -128 ) (-2048 2208 -8 ) (-2048 2368 -8 ) 
4 119 150 (-2048 2208 -120 ) (-2048 2208 -128 ) (-2000 2208 -128 ) (-2000 2208 -120 ) 
4 119 148 (-2048 2208 -104 ) (-2048 2208 -120 ) (-2000 2208 -120 ) (-2000 2208 -104 ) 
4 119 144 (-2048 2208 -72 ) (-2048 2208 -104 ) (-2000 2208 -104 ) (-2000 2208 -72 ) 
4 119 136 (-2048 2208 -8 ) (-2048 2208 -72 ) (-2000 2208 -72 ) (-2000 2208 -8 ) 
3 120 156 (-1696.668091 2128 -72 ) (-1694.400269 2128 -72 ) (-1691 2128 -63.497047 ) 
3 120 155 (-1710 2128 -72 ) (-1696.668091 2128 -72 ) (-1670 2128 -32 ) 
5 120 154 (-1648 2128 0 ) (-1776 2128 0 ) (-1776 2128 -72 ) (-1710 2128 -72 ) (-1648 2128 -10 ) 
4 120 152 (-1128 2128 -72 ) (-1044 2128 -72 ) (-1044 2128 -21.436802 ) (-1128 2128 -21.436802 ) 
4 120 141 (-1880 2128 -72 ) (-1892 2128 -72 ) (-1892 2208 -72 ) (-1880 2208 -72 ) 
4 120 139 (-1868 2128 -72 ) (-1880 2128 -72 ) (-1880 2208 -72 ) (-1868 2208 -72 ) 
4 120 138 (-1856 2128 -72 ) (-1868 2128 -72 ) (-1868 2208 -72 ) (-1856 2208 -72 ) 
4 120 137 (-1024 2128 -72 ) (-1856 2128 -72 ) (-1856 2208 -72 ) (-1024 2208 -72 ) 
4 120 121 (-1904 2208 0 ) (-1904 2208 -64 ) (-1904 2128 -64 ) (-1904 2128 0 ) 
4 121 122 (-1916 2208 0 ) (-1916 2208 -56 ) (-1916 2128 -56 ) (-1916 2128 0 ) 
4 122 124 (-1928 2208 0 ) (-1928 2208 -48 ) (-1928 2128 -48 ) (-1928 2128 0 ) 
4 123 144 (-1916 2128 -72 ) (-1928 2128 -72 ) (-1928 2208 -72 ) (-1916 2208 -72 ) 
4 123 125 (-1928 2208 -64 ) (-1928 2208 -72 ) (-1928 2128 -72 ) (-1928 2128 -64 ) 
4 124 126 (-1940 2208 0 ) (-1940 2208 -40 ) (-1940 2128 -40 ) (-1940 2128 0 ) 
4 125 144 (-1928 2128 -72 ) (-1940 2128 -72 ) (-1940 2208 -72 ) (-1928 2208 -72 ) 
4 125 127 (-1940 2208 -56 ) (-1940 2208 -72 ) (-1940 2128 -72 ) (-1940 2128 -56 ) 
4 126 128 (-1952 2208 0 ) (-1952 2208 -32 ) (-1952 2128 -32 ) (-1952 2128 0 ) 
4 127 144 (-1940 2128 -72 ) (-1952 2128 -72 ) (-1952 2208 -72 ) (-1940 2208 -72 ) 
4 127 129 (-1952 2208 -48 ) (-1952 2208 -72 ) (-1952 2128 -72 ) (-1952 2128 -48 ) 
4 128 130 (-1964 2208 0 ) (-1964 2208 -24 ) (-1964 2128 -24 ) (-1964 2128 0 ) 
4 129 144 (-1952 2128 -72 ) (-1964 2128 -72 ) (-1964 2208 -72 ) (-1952 2208 -72 ) 
4 129 131 (-1964 2208 -40 ) (-1964 2208 -72 ) (-1964 2128 -72 ) (-1964 2128 -40 ) 
4 130 132 (-1976 2208 0 ) (-1976 2208 -16 ) (-1976 2128 -16 ) (-1976 2128 0 ) 
4 131 144 (-1964 2128 -72 ) (-1976 2128 -72 ) (-1976 2208 -72 ) (-1964 2208 -72 ) 
4 131 133 (-1976 2208 -32 ) (-1976 2208 -72 ) (-1976 2128 -72 ) (-1976 2128 -32 ) 
4 132 134 (-1988 2208 0 ) (-1988 2208 -8 ) (-1988 2128 -8 ) (-1988 2128 0 ) 
4 133 144 (-1976 2128 -72 ) (-1988 2128 -72 ) (-1988 2208 -72 ) (-1976 2208 -72 ) 
4 133 135 (-1988 2208 -24 ) (-1988 2208 -72 ) (-1988 2128 -72 ) (-1988 2128 -24 ) 
4 135 144 (-1988 2128 -72 ) (-2000 2128 -72 ) (-2000 2208 -72 ) (-1988 2208 -72 ) 
4 135 136 (-2000 2208 -16 ) (-2000 2208 -72 ) (-2000 2128 -72 ) (-2000 2128 -16 ) 
4 136 167 (-2048 2128 -72 ) (-2048 2128 -8 ) (-2048 2208 -8 ) (-2048 2208 -72 ) 
4 136 144 (-2000 2128 -72 ) (-2048 2128 -72 ) (-2048 2208 -72 ) (-2000 2208 -72 ) 
4 137 156 (-1705.456055 2128 -85.181259 ) (-1696.305542 2128 -76.763107 ) (-1694.400269 2128 -72 ) (-1696.668091 2128 -72 ) 
5 137 155 (-1742 2128 -104 ) (-1725.912109 2128 -104 ) (-1705.456055 2128 -85.181259 ) (-1696.668091 2128 -72 ) (-1710 2128 -72 ) 
4 137 154 (-1776 2128 -104 ) (-1742 2128 -104 ) (-1710 2128 -72 ) (-1776 2128 -72 ) 
4 137 152 (-1128 2128 -104 ) (-1044 2128 -104 ) (-1044 2128 -72 ) (-1128 2128 -72 ) 
4 137 146 (-1832 2128 -104 ) (-1844 2128 -104 ) (-1844 2208 -104 ) (-1832 2208 -104 ) 
4 137 145 (-1024 2128 -104 ) (-1832 2128 -104 ) (-1832 2208 -104 ) (-1024 2208 -104 ) 
4 137 138 (-1856 2128 -96 ) (-1856 2128 -72 ) (-1856 2208 -72 ) (-1856 2208 -96 ) 
4 138 139 (-1868 2128 -88 ) (-1868 2128 -72 ) (-1868 2208 -72 ) (-1868 2208 -88 ) 
4 139 141 (-1880 2128 -80 ) (-1880 2128 -72 ) (-1880 2208 -72 ) (-1880 2208 -80 ) 
4 140 148 (-1868 2128 -104 ) (-1880 2128 -104 ) (-1880 2208 -104 ) (-1868 2208 -104 ) 
4 140 142 (-1880 2208 -104 ) (-1880 2128 -104 ) (-1880 2128 -96 ) (-1880 2208 -96 ) 
4 142 148 (-1880 2128 -104 ) (-1892 2128 -104 ) (-1892 2208 -104 ) (-1880 2208 -104 ) 
4 142 143 (-1892 2208 -104 ) (-1892 2128 -104 ) (-1892 2128 -88 ) (-1892 2208 -88 ) 
4 143 148 (-1892 2128 -104 ) (-1904 2128 -104 ) (-1904 2208 -104 ) (-1892 2208 -104 ) 
4 143 144 (-1904 2208 -104 ) (-1904 2128 -104 ) (-1904 2128 -80 ) (-1904 2208 -80 ) 
4 144 167 (-2048 2128 -104 ) (-2048 2128 -72 ) (-2048 2208 -72 ) (-2048 2208 -104 ) 
4 144 148 (-1904 2128 -104 ) (-2048 2128 -104 ) (-2048 2208 -104 ) (-1904 2208 -104 ) 
4 145 155 (-1758 2128 -120 ) (-1743.303833 2128 -120 ) (-1725.912109 2128 -104 ) (-1742 2128 -104 ) 
4 145 154 (-1776 2128 -120 ) (-1758 2128 -120 ) (-1742 2128 -104 ) (-1776 2128 -104 ) 
4 145 152 (-1128 2128 -120 ) (-1044 2128 -120 ) (-1044 2128 -104 ) (-1128 2128 -104 ) 
4 145 149 (-1024 2128 -120 ) (-1820 2128 -120 ) (-1820 2208 -120 ) (-1024 2208 -120 ) 
4 145 146 (-1832 2128 -112 ) (-1832 2128 -104 ) (-1832 2208 -104 ) (-1832 2208 -112 ) 
4 147 150 (-1844 2128 -120 ) (-1856 2128 -120 ) (-1856 2208 -120 ) (-1844 2208 -120 ) 
4 147 148 (-1856 2208 -120 ) (-1856 2128 -120 ) (-1856 2128 -112 ) (-1856 2208 -112 ) 
4 148 167 (-2048 2128 -120 ) (-2048 2128 -104 ) (-2048 2208 -104 ) (-2048 2208 -120 ) 
4 148 150 (-1856 2128 -120 ) (-2048 2128 -120 ) (-2048 2208 -120 ) (-1856 2208 -120 ) 
4 149 155 (-1766 2128 -128 ) (-1752 2128 -128 ) (-1743.303833 2128 -120 ) (-1758 2128 -120 ) 
4 149 154 (-1776 2128 -128 ) (-1766 2128 -128 ) (-1758 2128 -120 ) (-1776 2128 -120 ) 
4 149 152 (-1128 2128 -128 ) (-1044 2128 -128 ) (-1044 2128 -120 ) (-1128 2128 -120 ) 
4 150 167 (-2048 2128 -128 ) (-2048 2128 -120 ) (-2048 2208 -120 ) (-2048 2208 -128 ) 
4 151 223 (-1024 2048 -21.436802 ) (-1024 2048 0 ) (-1200 2048 0 ) (-1200 2048 -21.436802 ) 
4 151 153 (-1200 2048 -21.436802 ) (-1200 2112 -21.436802 ) (-1024 2112 -21.436802 ) (-1024 2048 -21.436802 ) 
4 152 153 (-1044 2112 -21.436802 ) (-1128 2112 -21.436802 ) (-1128 2112 -128 ) (-1044 2112 -128 ) 
4 153 223 (-1024 2048 -128 ) (-1024 2048 -21.436802 ) (-1200 2048 -21.436802 ) (-1200 2048 -128 ) 
4 154 155 (-1670.007568 2108 -32.011414 ) (-1765.996094 2108 -128 ) (-1765.996094 2128 -128 ) (-1670.007568 2128 -32.011414 ) 
5 154 157 (-1776 2108 0 ) (-1776 2108 -128 ) (-1766 2108 -128 ) (-1648 2108 -10 ) (-1648 2108 0 ) 
4 155 156 (-1705.451050 2108 -85.177673 ) (-1705.451050 2128 -85.177673 ) (-1691.002930 2128 -63.506344 ) (-1691.002930 2108 -63.506344 ) 
4 155 157 (-1766 2108 -128 ) (-1752 2108 -128 ) (-1705.456055 2108 -85.181335 ) (-1670 2108 -32 ) 
3 156 157 (-1705.456055 2108 -85.181335 ) (-1696.305542 2108 -76.763199 ) (-1691 2108 -63.497078 ) 
4 157 224 (-1648 2048 0 ) (-1776 2048 0 ) (-1776 2048 -128 ) (-1648 2048 -128 ) 
4 158 160 (-2096 2384 106 ) (-2096 2624 106 ) (-2048 2624 106 ) (-2048 2384 106 ) 
4 159 166 (-2096 2128 106 ) (-2096 2368 106 ) (-2048 2368 106 ) (-2048 2128 106 ) 
4 160 165 (-2048 2384 40 ) (-2048 2384 106 ) (-2090 2384 106 ) (-2090 2384 40 ) 
4 160 164 (-2068.639893 2616 40 ) (-2064.018799 2624 40 ) (-2048 2624 40 ) (-2048 2604.083008 40 ) 
4 160 163 (-2096 2488.585205 40 ) (-2096 2568.635986 40 ) (-2088.649902 2581.360107 40 ) (-2054 2561.350098 40 ) 
3 160 162 (-2096 2568.635986 40 ) (-2096 2624 40 ) (-2064.018799 2624 40 ) 
4 160 161 (-2048 2384 40 ) (-2096 2384 40 ) (-2096 2488.585205 40 ) (-2048 2571.744873 40 ) 
4 161 165 (-2090 2384 0 ) (-2048 2384 0 ) (-2048 2384 40 ) (-2090 2384 40 ) 
4 161 163 (-2096 2488.586670 40 ) (-2054 2561.350830 40 ) (-2054 2561.350830 0 ) (-2096 2488.586670 0 ) 
4 162 164 (-2064.017578 2624 0 ) (-2064.017578 2624 40 ) (-2068.639160 2616 40 ) (-2068.639160 2616 0 ) 
4 162 163 (-2088.648926 2581.359863 40 ) (-2096 2568.634277 40 ) (-2096 2568.634277 0 ) (-2088.648926 2581.359863 0 ) 
4 165 166 (-2090 2368 0 ) (-2048 2368 0 ) (-2048 2368 106 ) (-2090 2368 106 ) 
4 169 181 (0 1376 0 ) (0 1440 0 ) (0 1440 -64 ) (0 1376 -64 ) 
4 169 182 (0 1360 -128 ) (0 1360 0 ) (0 1376 0 ) (0 1376 -128 ) 
4 169 180 (0 1495.844727 -128 ) (0 1454.431396 -128 ) (0 1454.431396 -88 ) (0 1495.844727 -88 ) 
4 169 178 (0 1856 -88 ) (0 1856 -128 ) (0 1495.844727 -128 ) (0 1495.844727 -88 ) 
4 169 177 (0 1454.431396 -128 ) (0 1440 -128 ) (0 1440 -88 ) (0 1454.431396 -88 ) 
4 169 176 (0 1440 0 ) (0 1856 0 ) (0 1856 -88 ) (0 1440 -88 ) 
4 170 223 (-1024 2048 0 ) (-1024 2048 -128 ) (-1024 1872 -128 ) (-1024 1872 0 ) 
4 170 175 (-1024 1872 -128 ) (-976 1872 -128 ) (-976 1872 -21.436802 ) (-1024 1872 -21.436802 ) 
4 170 172 (-976 1872 -21.436802 ) (-976 1872 0 ) (-1024 1872 0 ) (-1024 1872 -21.436802 ) 
4 171 188 (-960 1856 0 ) (-976 1856 0 ) (-976 1856 -21.436802 ) (-960 1856 -21.436802 ) 
3 171 174 (-960 1856 -21.436802 ) (-976 1856 -21.436802 ) (-976 1872 -21.436802 ) 
4 171 172 (-976 1872 0 ) (-976 1872 -21.436802 ) (-976 1856 -21.436802 ) (-976 1856 0 ) 
4 172 223 (-1024 1856 -21.436802 ) (-1024 1856 0 ) (-1024 1872 0 ) (-1024 1872 -21.436802 ) 
4 172 188 (-976 1856 0 ) (-1024 1856 0 ) (-1024 1856 -21.436802 ) (-976 1856 -21.436802 ) 
4 172 175 (-976 1856 -21.436802 ) (-1024 1856 -21.436802 ) (-1024 1872 -21.436802 ) (-976 1872 -21.436802 ) 
4 173 185 (-120 1856 -128 ) (-64 1856 -128 ) (-64 1856 -88 ) (-120 1856 -88 ) 
4 173 183 (-64 1856 -88 ) (-64 1856 -21.436802 ) (-120 1856 -21.436802 ) (-120 1856 -88 ) 
4 173 178 (-64 1856 -128 ) (-36 1856 -128 ) (-36 1856 -88 ) (-64 1856 -88 ) 
4 173 176 (-36 1856 -88 ) (-36 1856 -21.436802 ) (-64 1856 -21.436802 ) (-64 1856 -88 ) 
4 174 188 (-976 1856 -128 ) (-960 1856 -128 ) (-960 1856 -21.436802 ) (-976 1856 -21.436802 ) 
4 174 175 (-976 1856 -128 ) (-976 1856 -21.436802 ) (-976 1872 -21.436802 ) (-976 1872 -128 ) 
4 175 223 (-1024 1872 -128 ) (-1024 1856 -128 ) (-1024 1856 -21.436802 ) (-1024 1872 -21.436802 ) 
4 175 188 (-1024 1856 -128 ) (-976 1856 -128 ) (-976 1856 -21.436802 ) (-1024 1856 -21.436802 ) 
4 176 183 (-64 1856 0 ) (-64 1856 -88 ) (-64 1440 -88 ) (-64 1440 0 ) 
4 176 181 (-64 1440 0 ) (-64 1440 -64 ) (0 1440 -64 ) (0 1440 0 ) 
4 176 180 (-14.352779 1492 -88 ) (0 1495.844727 -88 ) (0 1454.431396 -88 ) (-4 1453.359863 -88 ) 
5 176 179 (-53.873184 1440 -88 ) (-64 1440 -88 ) (-64 1478.700562 -88 ) (-52.989815 1481.649902 -88 ) (-42.637016 1443.009888 -88 ) 
4 176 178 (-64 1478.700562 -88 ) (-64 1856 -88 ) (0 1856 -88 ) (0 1495.844727 -88 ) 
3 176 177 (0 1440 -88 ) (-53.873184 1440 -88 ) (0 1454.431396 -88 ) 
4 177 180 (-4 1453.361328 -88 ) (0 1454.432983 -88 ) (0 1454.432861 -128 ) (-4 1453.361328 -128 ) 
4 177 179 (-53.878906 1440 -128 ) (-53.878906 1440 -88 ) (-42.637405 1443.011353 -88 ) (-42.637398 1443.011353 -128 ) 
4 178 185 (-64 1856 -88 ) (-64 1856 -128 ) (-64 1478.700562 -128 ) (-64 1478.700562 -88 ) 
4 178 180 (0 1495.845337 -88 ) (-14.352924 1492 -88 ) (-14.352924 1492 -128 ) (0 1495.845337 -128 ) 
4 178 179 (-52.989960 1481.650513 -88 ) (-64 1478.701172 -88 ) (-64 1478.701172 -128 ) (-52.989960 1481.650513 -128 ) 
4 179 185 (-64 1478.700562 -128 ) (-64 1440 -128 ) (-64 1440 -88 ) (-64 1478.700562 -88 ) 
4 181 183 (-64 1376 -64 ) (-64 1376 0 ) (-64 1440 0 ) (-64 1440 -64 ) 
4 181 182 (-64 1376 0 ) (-64 1376 -64 ) (0 1376 -64 ) (0 1376 0 ) 
4 182 187 (-64 1376 -128 ) (-64 1360 -128 ) (-64 1360 -88 ) (-64 1376 -88 ) 
4 182 183 (-64 1360 -88 ) (-64 1360 0 ) (-64 1376 0 ) (-64 1376 -88 ) 
4 183 189 (-192 1584 -88 ) (-192 1360 -88 ) (-192 1360 0 ) (-192 1584 0 ) 
5 183 187 (-68 1408.279907 -88 ) (-64 1404.279175 -88 ) (-64 1360 -88 ) (-76.281540 1360 -88 ) (-96.284210 1380 -88 ) 
4 183 186 (-192 1475.703003 -88 ) (-192 1532.304932 -88 ) (-96.284302 1436.569946 -88 ) (-124.568054 1408.280029 -88 ) 
4 183 185 (-192 1532.304932 -88 ) (-192 1856 -88 ) (-64 1856 -88 ) (-64 1404.279175 -88 ) 
3 183 184 (-192 1360 -88 ) (-192 1475.703003 -88 ) (-76.281540 1360 -88 ) 
4 184 189 (-192 1475.703003 -128 ) (-192 1360 -128 ) (-192 1360 -88 ) (-192 1475.703003 -88 ) 
4 184 187 (-96.284637 1380 -88 ) (-76.282753 1360 -88 ) (-76.282753 1360 -128 ) (-96.284637 1380 -128 ) 
4 184 186 (-192 1475.703125 -128 ) (-192 1475.703125 -88 ) (-124.568382 1408.279785 -88 ) (-124.568375 1408.279785 -128 ) 
4 185 189 (-192 1584 -128 ) (-192 1532.304932 -128 ) (-192 1532.304932 -88 ) (-192 1584 -88 ) 
4 185 187 (-64 1404.277344 -128 ) (-64 1404.277344 -88 ) (-68 1408.279053 -88 ) (-68 1408.279053 -128 ) 
4 185 186 (-96.285156 1436.569092 -88 ) (-192 1532.303223 -88 ) (-192 1532.303223 -128 ) (-96.285164 1436.569092 -128 ) 
4 186 189 (-192 1532.304932 -128 ) (-192 1475.703003 -128 ) (-192 1475.703003 -88 ) (-192 1532.304932 -88 ) 
4 188 223 (-1024 1856 -128 ) (-1024 1680 -128 ) (-1024 1680 0 ) (-1024 1856 0 ) 
4 188 190 (-560 1360 -128 ) (-464 1360 -128 ) (-464 1360 0 ) (-560 1360 0 ) 
4 188 189 (-464.001953 1360 0 ) (-464.001953 1360 -128 ) (-688.001953 1584 -128 ) (-688.001953 1584 0 ) 
4 189 190 (-464 1360 -128 ) (-336 1360 -128 ) (-336 1360 0 ) (-464 1360 0 ) 
4 190 201 (-558 1024 0 ) (-560 1024 0 ) (-560 1024 -128 ) (-558 1024 -128 ) 
4 190 195 (-558 1024 -88 ) (-558 1024 -128 ) (-336 1024 -128 ) (-336 1024 -88 ) 
4 190 193 (-336 1024 0 ) (-558 1024 0 ) (-558 1024 -88 ) (-336 1024 -88 ) 
4 191 214 (192 0 42 ) (192 0 -64 ) (208 0 -64 ) (208 0 42 ) 
4 191 192 (192 42 -64 ) (192 0 -64 ) (192 0 42 ) (192 42 42 ) 
4 192 215 (0 0 42 ) (0 0 -64 ) (192 0 -64 ) (192 0 42 ) 
4 192 213 (0 0 64 ) (0 0 42 ) (192 0 42 ) (192 0 64 ) 
4 192 204 (0 96 -64 ) (0 0 -64 ) (0 0 42 ) (0 96 42 ) 
4 192 203 (0 0 42 ) (0 0 64 ) (0 96 64 ) (0 96 42 ) 
4 193 201 (-558 795 -88 ) (-558 795 0 ) (-558 1024 0 ) (-558 1024 -88 ) 
4 193 199 (-558 795 0 ) (-558 795 -64 ) (-494 795 -64 ) (-494 795 0 ) 
4 193 198 (-494 795 -88 ) (-336 795 -88 ) (-336 795 0 ) (-494 795 0 ) 
4 193 197 (-508.353027 847 -88 ) (-336 893.169434 -88 ) (-336 851.756104 -88 ) (-498 808.359924 -88 ) 
5 193 196 (-547.873413 795 -88 ) (-558 795 -88 ) (-558 833.700684 -88 ) (-546.989990 836.650024 -88 ) (-536.637024 798.009949 -88 ) 
4 193 195 (-558 833.700684 -88 ) (-558 1024 -88 ) (-336 1024 -88 ) (-336 893.169434 -88 ) 
3 193 194 (-336 795 -88 ) (-547.873413 795 -88 ) (-336 851.756104 -88 ) 
4 194 198 (-494 795 -128 ) (-336 795 -128 ) (-336 795 -88 ) (-494 795 -88 ) 
4 194 197 (-498 808.360352 -88 ) (-336 851.756470 -88 ) (-336 851.756470 -128 ) (-498 808.360352 -128 ) 
4 194 196 (-547.875000 795 -128 ) (-547.875000 795 -88 ) (-536.637146 798.010376 -88 ) (-536.637146 798.010376 -128 ) 
4 195 201 (-558 1024 -128 ) (-558 833.700684 -128 ) (-558 833.700684 -88 ) (-558 1024 -88 ) 
4 195 197 (-336 893.169922 -128 ) (-336 893.169922 -88 ) (-508.353210 847 -88 ) (-508.353210 847 -128 ) 
4 195 196 (-546.990234 836.650879 -88 ) (-558 833.701660 -88 ) (-558 833.701660 -128 ) (-546.990234 836.650879 -128 ) 
4 196 201 (-558 833.700684 -128 ) (-558 795 -128 ) (-558 795 -88 ) (-558 833.700684 -88 ) 
4 198 202 (-494 720 -128 ) (-364 720 -128 ) (-364 720 -22 ) (-494 720 -22 ) 
4 198 199 (-494 795 0 ) (-494 795 -64 ) (-494 731 -64 ) (-494 731 0 ) 
4 198 200 (-494 731 -128 ) (-494 720 -128 ) (-494 720 0 ) (-494 731 0 ) 
4 199 201 (-558 731 -64 ) (-558 731 0 ) (-558 795 0 ) (-558 795 -64 ) 
4 199 200 (-558 731 0 ) (-558 731 -64 ) (-494 731 -64 ) (-494 731 0 ) 
4 200 202 (-532 720 -128 ) (-494 720 -128 ) (-494 720 -22 ) (-532 720 -22 ) 
4 200 201 (-558 731 -128 ) (-558 720 -128 ) (-558 720 0 ) (-558 731 0 ) 
4 202 211 (-512 704 -128 ) (-384 704 -128 ) (-384 704 -64 ) (-512 704 -64 ) 
4 202 210 (-384 704 -128 ) (-364 704 -128 ) (-364 704 -64 ) (-384 704 -64 ) 
4 202 212 (-532 704 -64 ) (-532 704 -128 ) (-512 704 -128 ) (-512 704 -64 ) 
4 202 207 (-364 704 -22 ) (-532 704 -22 ) (-532 704 -64 ) (-364 704 -64 ) 
4 203 216 (0 0 42 ) (0 0 64 ) (-176 0 64 ) (-176 0 42 ) 
4 203 204 (-176 96 42 ) (0 96 42 ) (0 0 42 ) (-176 0 42 ) 
4 204 216 (0 0 -64 ) (0 0 42 ) (-176 0 42 ) (-176 0 -64 ) 
4 204 205 (-176 42 -64 ) (-176 0 -64 ) (-176 0 42 ) (-176 42 42 ) 
4 205 217 (-176 0 42 ) (-192 0 42 ) (-192 0 -64 ) (-176 0 -64 ) 
4 205 207 (-192 0 -64 ) (-192 0 42 ) (-192 42 42 ) (-192 42 -64 ) 
4 206 220 (-640 0 192 ) (-704 0 192 ) (-704 0 64 ) (-640 0 64 ) 
4 206 219 (-192 0 64 ) (-192 0 192 ) (-640 0 192 ) (-640 0 64 ) 
4 206 208 (-704 0 64 ) (-704 704 64 ) (-640 704 64 ) (-640 0 64 ) 
4 206 207 (-640 704 64 ) (-192 704 64 ) (-192 0 64 ) (-640 0 64 ) 
4 207 222 (-192 0 -64 ) (-192 0 60 ) (-640 0 60 ) (-640 0 -64 ) 
4 207 219 (-192 0 60 ) (-192 0 64 ) (-640 0 64 ) (-640 0 60 ) 
4 207 211 (-512 704 -64 ) (-384 704 -64 ) (-384 96 -64 ) (-512 96 -64 ) 
4 207 210 (-384 704 -64 ) (-192 704 -64 ) (-192 96 -64 ) (-384 96 -64 ) 
4 207 212 (-640 704 -64 ) (-512 704 -64 ) (-512 96 -64 ) (-640 96 -64 ) 
4 207 209 (-640 704 -64 ) (-640 0 -64 ) (-640 0 60 ) (-640 704 60 ) 
4 207 208 (-640 0 60 ) (-640 0 64 ) (-640 704 64 ) (-640 704 60 ) 
4 208 221 (-640 0 64 ) (-704 0 64 ) (-704 0 60 ) (-640 0 60 ) 
4 208 209 (-704 0 60 ) (-704 704 60 ) (-640 704 60 ) (-640 0 60 ) 
4 209 222 (-704 0 60 ) (-704 0 -64 ) (-640 0 -64 ) (-640 0 60 ) 
4 209 212 (-704 96 -64 ) (-704 704 -64 ) (-640 704 -64 ) (-640 96 -64 ) 
4 210 211 (-384 704 -128 ) (-384 416 -128 ) (-384 96 -64 ) (-384 704 -64 ) 
4 211 212 (-512 704 -128 ) (-512 416 -128 ) (-512 96 -64 ) (-512 704 -64 ) 
4 213 218 (0 -42 42 ) (0 -96 42 ) (0 -96 64 ) (0 -42 64 ) 
4 213 216 (0 0 64 ) (0 0 42 ) (0 -42 42 ) (0 -42 64 ) 
4 213 215 (0 0 42 ) (192 0 42 ) (192 -96 42 ) (0 -96 42 ) 
4 214 215 (192 0 -64 ) (192 -42 -64 ) (192 -42 42 ) (192 0 42 ) 
4 215 218 (0 -42 -64 ) (0 -96 -64 ) (0 -96 42 ) (0 -42 42 ) 
4 215 216 (0 0 42 ) (0 0 -64 ) (0 -42 -64 ) (0 -42 42 ) 
4 216 218 (-176 -42 -64 ) (0 -42 -64 ) (0 -42 64 ) (-176 -42 64 ) 
4 216 217 (-176 0 -64 ) (-176 -42 -64 ) (-176 -42 42 ) (-176 0 42 ) 
4 217 222 (-192 0 42 ) (-192 0 -64 ) (-192 -42 -64 ) (-192 -42 42 ) 
4 219 222 (-640 0 60 ) (-192 0 60 ) (-192 -96 60 ) (-640 -96 60 ) 
4 219 221 (-640 0 60 ) (-640 -96 60 ) (-640 -96 64 ) (-640 0 64 ) 
4 219 220 (-640 -96 64 ) (-640 -96 192 ) (-640 0 192 ) (-640 0 64 ) 
4 220 221 (-704 -96 64 ) (-704 0 64 ) (-640 0 64 ) (-640 -96 64 ) 
4 221 222 (-704 -96 60 ) (-704 0 60 ) (-640 0 60 ) (-640 -96 60 ) 
4 224 225 (-1776 1968 -128 ) (-1776 1840 -128 ) (-1776 1840 0 ) (-1776 1968 0 ) 
