PRT1
35
58
4 1 2 (1280 1536 64 ) (1536 1536 64 ) (1536 1536 192 ) (1280 1536 192 ) 
4 2 3 (1280 1024 192 ) (1280 1280 192 ) (1280 1280 64 ) (1280 1024 64 ) 
4 3 4 (1024 1024 64 ) (1024 1024 192 ) (1024 1280 192 ) (1024 1280 64 ) 
4 4 9 (528 1180 0 ) (528 1124 0 ) (528 1124 108 ) (528 1180 108 ) 
4 4 7 (528 1124 108 ) (528 1124 112 ) (528 1180 112 ) (528 1180 108 ) 
4 5 16 (128 1024 128 ) (0 1024 128 ) (0 1024 112 ) (128 1024 112 ) 
4 5 13 (0 1024 112 ) (0 1024 128 ) (0 1280 128 ) (0 1280 112 ) 
4 5 12 (512 1124 112 ) (512 1024 112 ) (0 1024 112 ) (0 1124 112 ) 
4 5 8 (512 1180 112 ) (512 1124 112 ) (0 1124 112 ) (0 1180 112 ) 
4 5 6 (0 1280 112 ) (512 1280 112 ) (512 1180 112 ) (0 1180 112 ) 
4 6 13 (0 1180 112 ) (0 1280 112 ) (0 1280 0 ) (0 1180 0 ) 
4 6 11 (0 1180 0 ) (512 1180 0 ) (512 1180 108 ) (0 1180 108 ) 
4 6 8 (512 1180 108 ) (512 1180 112 ) (0 1180 112 ) (0 1180 108 ) 
4 7 9 (528 1124 108 ) (524 1124 108 ) (524 1180 108 ) (528 1180 108 ) 
4 8 13 (0 1124 112 ) (0 1180 112 ) (0 1180 108 ) (0 1124 108 ) 
4 8 12 (512 1124 112 ) (0 1124 112 ) (0 1124 108 ) (512 1124 108 ) 
4 8 11 (516 1124 108 ) (0 1124 108 ) (0 1180 108 ) (516 1180 108 ) 
4 9 10 (524 1128 108 ) (524 1176 108 ) (524 1176 0 ) (524 1128 0 ) 
4 10 11 (516 1128 108 ) (516 1176 108 ) (516 1176 0 ) (516 1128 0 ) 
4 11 13 (0 1180 108 ) (0 1180 0 ) (0 1124 0 ) (0 1124 108 ) 
4 11 12 (0 1124 0 ) (512 1124 0 ) (512 1124 108 ) (0 1124 108 ) 
4 12 16 (128 1024 112 ) (0 1024 112 ) (0 1024 0 ) (128 1024 0 ) 
4 12 13 (0 1024 0 ) (0 1024 112 ) (0 1124 112 ) (0 1124 0 ) 
4 13 17 (0 1024 0 ) (0 1024 128 ) (-128 1024 128 ) (-128 1024 0 ) 
4 13 14 (-512 1180 0 ) (-512 1124 0 ) (-512 1124 112 ) (-512 1180 112 ) 
4 15 29 (256 0 128 ) (128 0 128 ) (128 0 0 ) (256 0 0 ) 
4 15 16 (128 512 0 ) (128 0 0 ) (128 0 128 ) (128 512 128 ) 
4 16 29 (128 0 128 ) (0 0 128 ) (0 0 0 ) (128 0 0 ) 
4 16 17 (0 0 0 ) (0 0 128 ) (0 1024 128 ) (0 1024 0 ) 
4 17 32 (0 0 0 ) (0 0 128 ) (-128 0 128 ) (-128 0 0 ) 
4 17 26 (-128 512 0 ) (-128 0 0 ) (-128 0 16 ) (-128 512 16 ) 
4 17 25 (-128 0 16 ) (-128 0 112 ) (-128 512 112 ) (-128 512 16 ) 
4 17 24 (-128 528 112 ) (-128 920 112 ) (-128 920 16 ) (-128 528 16 ) 
4 17 23 (-128 0 112 ) (-128 0 128 ) (-128 512 128 ) (-128 512 112 ) 
4 17 20 (-128 1008 0 ) (-128 952 0 ) (-128 952 108 ) (-128 1008 108 ) 
4 17 18 (-128 952 108 ) (-128 952 112 ) (-128 1008 112 ) (-128 1008 108 ) 
4 18 20 (-128 952 108 ) (-132 952 108 ) (-132 1008 108 ) (-128 1008 108 ) 
4 19 27 (-144 952 108 ) (-144 952 112 ) (-144 1008 112 ) (-144 1008 108 ) 
4 19 22 (-140 952 108 ) (-144 952 108 ) (-144 1008 108 ) (-140 1008 108 ) 
4 20 21 (-132 956 108 ) (-132 1004 108 ) (-132 1004 0 ) (-132 956 0 ) 
4 21 22 (-140 956 108 ) (-140 1004 108 ) (-140 1004 0 ) (-140 956 0 ) 
4 22 27 (-144 1008 0 ) (-144 952 0 ) (-144 952 108 ) (-144 1008 108 ) 
4 23 32 (-128 0 128 ) (-144 0 128 ) (-144 0 112 ) (-128 0 112 ) 
4 23 28 (-144 0 112 ) (-144 0 128 ) (-144 448 128 ) (-144 448 112 ) 
4 23 25 (-144 0 112 ) (-144 448 112 ) (-128 512 112 ) (-128 0 112 ) 
4 24 27 (-144 528 112 ) (-144 920 112 ) (-144 920 16 ) (-144 528 16 ) 
4 25 32 (-144 0 112 ) (-144 0 16 ) (-128 0 16 ) (-128 0 112 ) 
4 25 28 (-144 0 16 ) (-144 0 112 ) (-144 448 112 ) (-144 448 16 ) 
4 25 26 (-144 0 16 ) (-144 448 16 ) (-128 512 16 ) (-128 0 16 ) 
4 26 32 (-144 0 16 ) (-144 0 0 ) (-128 0 0 ) (-128 0 16 ) 
4 26 28 (-144 448 0 ) (-144 0 0 ) (-144 0 16 ) (-144 448 16 ) 
4 28 32 (-144 0 128 ) (-256 0 128 ) (-256 0 0 ) (-144 0 0 ) 
4 29 31 (9 -36 0 ) (10.666667 -42.666668 0 ) (10.666702 -42.666687 128 ) (9 -36 128 ) 
4 29 30 (0 0 0 ) (9 -36 0 ) (9 -36 128 ) (0 0 128 ) 
4 30 32 (0 0 128 ) (0 0 0 ) (0 -36 0 ) (0 -36 128 ) 
4 30 31 (4 -36 0 ) (8.998047 -36 0 ) (8.998051 -36 128 ) (4 -36 128 ) 
4 32 33 (-265 -36 0 ) (-4 -36 0 ) (-4 -36 128 ) (-265 -36 128 ) 
4 33 34 (-351.998047 -383.998047 128 ) (-351.998047 -383.998047 0 ) (-10.666687 -42.666687 0 ) (-10.666668 -42.666683 128 ) 
