PRT1
129
392
4 0 11 (2048 0 0 ) (2048 0 112 ) (2048 64 112 ) (2048 64 0 ) 
4 0 9 (2048 0 112 ) (2048 0 1024 ) (2048 64 1024 ) (2048 64 112 ) 
4 0 7 (2048 576 640 ) (2048 576 0 ) (2048 64 0 ) (2048 64 640 ) 
4 0 6 (2048 64 1024 ) (2048 576 1024 ) (2048 576 640 ) (2048 64 640 ) 
4 0 2 (3072 0 0 ) (3072 0 1024 ) (2048 0 1024 ) (2048 0 0 ) 
4 0 1 (2048 0 0 ) (2048 576 0 ) (2304 576 0 ) (2304 0 0 ) 
4 1 3 (2304 0 -8 ) (2304 0 0 ) (2048 0 0 ) (2048 0 -8 ) 
4 2 66 (2048 -1024 0 ) (2048 -1024 112 ) (2048 0 112 ) (2048 0 0 ) 
4 2 63 (2048 -1024 112 ) (2048 -1024 512 ) (2048 0 512 ) (2048 0 112 ) 
4 2 59 (2048 -1024 512 ) (2048 -1024 640 ) (2048 -288 640 ) (2048 -288 512 ) 
4 2 56 (2048 -288 640 ) (2048 -256 640 ) (2048 -256 512 ) (2048 -288 512 ) 
4 2 54 (2048 -256 640 ) (2048 0 640 ) (2048 0 512 ) (2048 -256 512 ) 
4 2 50 (2048 -1024 640 ) (2048 -1024 672 ) (2048 0 672 ) (2048 0 640 ) 
4 2 49 (2048 -1024 672 ) (2048 -1024 1024 ) (2048 0 1024 ) (2048 0 672 ) 
4 2 5 (2048 -1024 1024 ) (2048 -1024 0 ) (2304 -1024 0 ) (2304 -1024 1024 ) 
4 2 4 (2304 -1024 0 ) (3072 -1024 0 ) (3072 -1024 1024 ) (2304 -1024 1024 ) 
4 2 3 (2304 -1024 0 ) (2048 -1024 0 ) (2048 0 0 ) (2304 0 0 ) 
4 3 5 (2048 -1024 0 ) (2048 -1024 -8 ) (2304 -1024 -8 ) (2304 -1024 0 ) 
4 4 5 (2304 -1024 1024 ) (2304 -1024 0 ) (2304 -1472 0 ) (2304 -1472 1024 ) 
4 5 105 (2048 -1472 -8 ) (2048 -1472 0 ) (2048 -1216 0 ) (2048 -1216 -8 ) 
4 5 103 (2048 -1115.979614 0 ) (2048 -1088 0 ) (2048 -1088 -8 ) (2048 -1115.978516 -8 ) 
4 5 97 (2048 -1216 0 ) (2048 -1115.979614 0 ) (2048 -1115.978516 -8 ) (2048 -1216 -8 ) 
4 5 96 (2048 -1472 0 ) (2048 -1472 1024 ) (2048 -1024 1024 ) (2048 -1024 0 ) 
4 6 12 (1216 576 1024 ) (1216 576 640 ) (1216 64 640 ) (1216 64 1024 ) 
4 6 10 (1216 64 1024 ) (1216 64 640 ) (1856 64 640 ) (1856 64 1024 ) 
4 6 9 (1856 64 640 ) (2048 64 640 ) (2048 64 1024 ) (1856 64 1024 ) 
4 6 8 (1728 64 640 ) (1216 64 640 ) (1216 192 640 ) (1728 192 640 ) 
4 6 7 (2048 64 640 ) (1728 64 640 ) (1728 576 640 ) (2048 576 640 ) 
4 7 11 (1856 64 0 ) (2048 64 0 ) (2048 64 112 ) (1856 64 112 ) 
4 7 10 (1856 64 640 ) (1728 64 640 ) (1728 64 512 ) (1856 64 512 ) 
4 7 9 (2048 64 112 ) (2048 64 640 ) (1856 64 640 ) (1856 64 112 ) 
4 7 8 (1728 192 0 ) (1728 64 0 ) (1728 64 640 ) (1728 192 640 ) 
4 8 28 (1216 192 0 ) (1216 64 0 ) (1216 64 112 ) (1216 192 112 ) 
4 8 12 (1216 64 112 ) (1216 64 640 ) (1216 192 640 ) (1216 192 112 ) 
4 8 10 (1216 64 640 ) (1216 64 512 ) (1728 64 512 ) (1728 64 640 ) 
4 9 63 (2048 0 112 ) (2048 0 512 ) (1856 0 512 ) (1856 0 112 ) 
4 9 54 (2048 0 512 ) (2048 0 640 ) (1856 0 640 ) (1856 0 512 ) 
4 9 50 (2048 0 640 ) (2048 0 672 ) (1856 0 672 ) (1856 0 640 ) 
4 9 49 (2048 0 672 ) (2048 0 1024 ) (1856 0 1024 ) (1856 0 672 ) 
4 9 11 (2048 0 112 ) (1856 0 112 ) (1856 64 112 ) (2048 64 112 ) 
4 9 10 (1856 0 512 ) (1856 0 1024 ) (1856 64 1024 ) (1856 64 512 ) 
4 10 54 (1664 0 512 ) (1856 0 512 ) (1856 0 640 ) (1664 0 640 ) 
4 10 55 (1216 0 640 ) (1216 0 512 ) (1472 0 512 ) (1472 0 640 ) 
4 10 51 (1552 0 640 ) (1584 0 640 ) (1584 0 672 ) (1552 0 672 ) 
4 10 50 (1584 0 640 ) (1856 0 640 ) (1856 0 672 ) (1584 0 672 ) 
4 10 53 (1216 0 672 ) (1216 0 640 ) (1552 0 640 ) (1552 0 672 ) 
4 10 49 (1856 0 1024 ) (1216 0 1024 ) (1216 0 672 ) (1856 0 672 ) 
4 10 12 (1216 0 512 ) (1216 0 1024 ) (1216 64 1024 ) (1216 64 512 ) 
4 11 66 (2048 0 0 ) (2048 0 112 ) (1856 0 112 ) (1856 0 0 ) 
4 12 65 (1216 0 112 ) (1216 0 512 ) (1088 0 512 ) (1088 0 112 ) 
4 12 55 (1216 0 512 ) (1216 0 640 ) (1088 0 640 ) (1088 0 512 ) 
4 12 53 (1216 0 640 ) (1216 0 672 ) (1088 0 672 ) (1088 0 640 ) 
4 12 49 (1216 0 672 ) (1216 0 1024 ) (1088 0 1024 ) (1088 0 672 ) 
4 12 28 (1088 576 112 ) (1216 576 112 ) (1216 0 112 ) (1088 0 112 ) 
4 12 25 (1088 64 240 ) (1088 64 1024 ) (1088 128 1024 ) (1088 128 240 ) 
4 12 26 (1088 128 112 ) (1088 64 112 ) (1088 64 228 ) (1088 128 228 ) 
4 12 24 (1088 140 112 ) (1088 128 112 ) (1088 128 1024 ) (1088 140 1024 ) 
4 12 27 (1088 64 112 ) (1088 0 112 ) (1088 0 1024 ) (1088 64 1024 ) 
4 12 20 (1088 192 112 ) (1088 140 112 ) (1088 140 1024 ) (1088 192 1024 ) 
4 12 19 (1088 448 112 ) (1088 192 112 ) (1088 192 228 ) (1088 448 228 ) 
4 12 18 (1088 576 112 ) (1088 448 112 ) (1088 448 240 ) (1088 576 240 ) 
4 12 13 (1088 192 240 ) (1088 192 1024 ) (1088 576 1024 ) (1088 576 240 ) 
4 13 20 (1088 192 240 ) (1088 192 1024 ) (1044 192 1024 ) (1044 192 240 ) 
4 13 18 (1044 448 240 ) (1044 576 240 ) (1088 576 240 ) (1088 448 240 ) 
4 13 16 (1044 404 240 ) (1044 364 240 ) (1044 364 400 ) (1044 404 400 ) 
4 13 15 (1044 364 400 ) (1044 364 1024 ) (1044 404 1024 ) (1044 404 400 ) 
4 13 14 (1044 576 240 ) (1044 404 240 ) (1044 404 1024 ) (1044 576 1024 ) 
4 13 17 (1044 364 240 ) (1044 192 240 ) (1044 192 1024 ) (1044 364 1024 ) 
4 14 30 (1024 404 1024 ) (1024 448 1024 ) (1024 448 384 ) (1024 404 384 ) 
4 14 29 (1024 448 1024 ) (1024 576 1024 ) (1024 576 240 ) (1024 448 240 ) 
4 14 18 (1024 448 240 ) (1024 576 240 ) (1044 576 240 ) (1044 448 240 ) 
4 14 16 (1024 404 240 ) (1044 404 240 ) (1044 404 400 ) (1024 404 400 ) 
4 14 15 (1044 404 400 ) (1044 404 1024 ) (1024 404 1024 ) (1024 404 400 ) 
4 15 30 (1024 364 1024 ) (1024 404 1024 ) (1024 404 400 ) (1024 364 400 ) 
4 15 17 (1044 364 400 ) (1044 364 1024 ) (1024 364 1024 ) (1024 364 400 ) 
4 15 16 (1044 364 400 ) (1024 364 400 ) (1024 404 400 ) (1044 404 400 ) 
4 16 30 (1024 404 400 ) (1024 404 384 ) (1024 364 384 ) (1024 364 400 ) 
4 16 17 (1024 364 240 ) (1044 364 240 ) (1044 364 400 ) (1024 364 400 ) 
4 17 30 (1024 192 1024 ) (1024 364 1024 ) (1024 364 384 ) (1024 192 384 ) 
4 17 21 (1044 192 1024 ) (1024 192 1024 ) (1024 192 240 ) (1044 192 240 ) 
4 18 29 (1024 576 240 ) (1024 576 112 ) (1024 448 112 ) (1024 448 240 ) 
4 18 28 (1024 576 112 ) (1088 576 112 ) (1088 448 112 ) (1024 448 112 ) 
4 18 19 (1024 448 112 ) (1088 448 112 ) (1088 448 228 ) (1024 448 228 ) 
4 19 28 (1088 448 112 ) (1088 192 112 ) (1024 192 112 ) (1024 448 112 ) 
4 19 21 (1024 192 112 ) (1044 192 112 ) (1044 192 228 ) (1024 192 228 ) 
4 19 20 (1044 192 112 ) (1088 192 112 ) (1088 192 228 ) (1044 192 228 ) 
4 20 28 (1088 192 112 ) (1088 140 112 ) (1044 140 112 ) (1044 192 112 ) 
4 20 24 (1044 140 112 ) (1088 140 112 ) (1088 140 1024 ) (1044 140 1024 ) 
4 20 23 (1044 180 112 ) (1044 140 112 ) (1044 140 272 ) (1044 180 272 ) 
4 20 22 (1044 140 272 ) (1044 140 1024 ) (1044 180 1024 ) (1044 180 272 ) 
4 20 21 (1044 192 1024 ) (1044 192 112 ) (1044 180 112 ) (1044 180 1024 ) 
4 21 30 (1024 180 1024 ) (1024 192 1024 ) (1024 192 384 ) (1024 180 384 ) 
4 21 28 (1024 180 112 ) (1024 192 112 ) (1044 192 112 ) (1044 180 112 ) 
4 21 23 (1024 180 112 ) (1044 180 112 ) (1044 180 272 ) (1024 180 272 ) 
4 21 22 (1044 180 272 ) (1044 180 1024 ) (1024 180 1024 ) (1024 180 272 ) 
4 22 30 (1024 140 1024 ) (1024 180 1024 ) (1024 180 384 ) (1024 140 384 ) 
4 22 24 (1044 140 272 ) (1044 140 1024 ) (1024 140 1024 ) (1024 140 272 ) 
4 22 23 (1024 180 272 ) (1044 180 272 ) (1044 140 272 ) (1024 140 272 ) 
4 23 28 (1044 140 112 ) (1024 140 112 ) (1024 180 112 ) (1044 180 112 ) 
4 23 24 (1024 140 112 ) (1044 140 112 ) (1044 140 272 ) (1024 140 272 ) 
4 24 30 (1024 128 1024 ) (1024 140 1024 ) (1024 140 384 ) (1024 128 384 ) 
4 24 28 (1088 140 112 ) (1088 128 112 ) (1024 128 112 ) (1024 140 112 ) 
4 24 25 (1088 128 240 ) (1088 128 1024 ) (1024 128 1024 ) (1024 128 240 ) 
4 24 26 (1024 128 112 ) (1088 128 112 ) (1088 128 228 ) (1024 128 228 ) 
4 25 30 (1024 64 1024 ) (1024 128 1024 ) (1024 128 384 ) (1024 64 384 ) 
4 25 27 (1088 64 240 ) (1088 64 1024 ) (1024 64 1024 ) (1024 64 240 ) 
4 26 28 (1088 128 112 ) (1088 64 112 ) (1024 64 112 ) (1024 128 112 ) 
4 26 27 (1024 64 112 ) (1088 64 112 ) (1088 64 228 ) (1024 64 228 ) 
4 27 65 (1024 0 512 ) (1024 0 112 ) (1088 0 112 ) (1088 0 512 ) 
4 27 55 (1024 0 640 ) (1024 0 512 ) (1088 0 512 ) (1088 0 640 ) 
4 27 53 (1024 0 672 ) (1024 0 640 ) (1088 0 640 ) (1088 0 672 ) 
4 27 49 (1088 0 1024 ) (1024 0 1024 ) (1024 0 672 ) (1088 0 672 ) 
4 27 30 (1024 0 384 ) (1024 0 1024 ) (1024 64 1024 ) (1024 64 384 ) 
4 27 28 (1088 64 112 ) (1088 0 112 ) (1024 0 112 ) (1024 64 112 ) 
4 28 70 (1216 0 0 ) (1216 0 112 ) (1024 0 112 ) (1024 0 0 ) 
4 28 29 (1024 448 112 ) (1024 576 112 ) (1024 576 0 ) (1024 448 0 ) 
4 29 44 (520 576 1024 ) (520 576 0 ) (520 448 0 ) (520 448 1024 ) 
4 29 31 (520 448 1024 ) (520 448 384 ) (1016 448 384 ) (1016 448 1024 ) 
4 29 30 (1024 448 384 ) (1024 448 1024 ) (1016 448 1024 ) (1016 448 384 ) 
4 30 71 (1024 0 384 ) (1024 0 1024 ) (1016 0 1024 ) (1016 0 384 ) 
4 30 40 (1016 256 384 ) (1016 0 384 ) (1016 0 1024 ) (1016 256 1024 ) 
4 30 36 (1016 288 384 ) (1016 256 384 ) (1016 256 1024 ) (1016 288 1024 ) 
4 30 33 (1016 320 384 ) (1016 288 384 ) (1016 288 1024 ) (1016 320 1024 ) 
4 30 31 (1016 448 1024 ) (1016 448 384 ) (1016 440 384 ) (1016 440 1024 ) 
4 30 32 (1016 440 384 ) (1016 320 384 ) (1016 320 1024 ) (1016 440 1024 ) 
4 31 45 (520 448 1024 ) (520 448 384 ) (520 440 384 ) (520 440 1024 ) 
4 31 32 (1016 440 384 ) (1016 440 1024 ) (520 440 1024 ) (520 440 384 ) 
4 32 45 (520 320 384 ) (520 320 1024 ) (520 440 1024 ) (520 440 384 ) 
4 32 34 (752 320 408 ) (752 320 1024 ) (720 320 1024 ) (720 320 408 ) 
4 32 33 (752 320 376 ) (1016 320 376 ) (1016 320 1024 ) (752 320 1024 ) 
4 32 35 (520 320 1024 ) (520 320 376 ) (720 320 376 ) (720 320 1024 ) 
4 33 36 (752 288 376 ) (1016 288 376 ) (1016 288 1024 ) (752 288 1024 ) 
4 33 34 (752 288 440 ) (752 288 1024 ) (752 320 1024 ) (752 320 408 ) 
4 34 37 (752 288 440 ) (752 288 1024 ) (720 288 1024 ) (720 288 440 ) 
4 34 35 (720 288 440 ) (720 288 1024 ) (720 320 1024 ) (720 320 408 ) 
4 35 45 (520 320 1024 ) (520 320 384 ) (520 288 384 ) (520 288 1024 ) 
4 35 39 (520 288 1024 ) (520 288 376 ) (720 288 376 ) (720 288 1024 ) 
4 36 41 (832 256 504 ) (832 256 1024 ) (752 256 1024 ) (752 256 504 ) 
4 36 40 (832 256 376 ) (1016 256 376 ) (1016 256 1024 ) (832 256 1024 ) 
4 36 37 (752 256 440 ) (752 256 1024 ) (752 288 1024 ) (752 288 440 ) 
4 36 38 (752 256 376 ) (752 256 408 ) (752 288 408 ) (752 288 376 ) 
4 37 41 (752 256 504 ) (752 256 1024 ) (720 256 1024 ) (720 256 504 ) 
4 37 39 (720 256 440 ) (720 256 1024 ) (720 288 1024 ) (720 288 440 ) 
4 38 39 (720 256 376 ) (720 256 408 ) (720 288 408 ) (720 288 376 ) 
4 39 45 (520 288 1024 ) (520 288 384 ) (520 256 384 ) (520 256 1024 ) 
4 39 41 (720 256 504 ) (720 256 1024 ) (640 256 1024 ) (640 256 504 ) 
4 39 43 (520 256 1024 ) (520 256 376 ) (640 256 376 ) (640 256 1024 ) 
4 40 74 (832 0 376 ) (960 0 376 ) (960 0 640 ) (832 0 640 ) 
4 40 73 (960 0 376 ) (1016 0 376 ) (1016 0 640 ) (960 0 640 ) 
4 40 72 (1016 0 640 ) (1016 0 1024 ) (832 0 1024 ) (832 0 640 ) 
4 40 41 (832 64 1024 ) (832 256 1024 ) (832 256 504 ) (832 64 504 ) 
4 40 42 (832 0 1024 ) (832 64 1024 ) (832 64 376 ) (832 0 376 ) 
4 41 42 (640 64 1024 ) (640 64 504 ) (832 64 504 ) (832 64 1024 ) 
4 41 43 (640 64 1024 ) (640 256 1024 ) (640 256 504 ) (640 64 504 ) 
4 42 76 (640 0 376 ) (768 0 376 ) (768 0 640 ) (640 0 640 ) 
4 42 74 (768 0 376 ) (832 0 376 ) (832 0 640 ) (768 0 640 ) 
4 42 72 (832 0 640 ) (832 0 1024 ) (640 0 1024 ) (640 0 640 ) 
4 42 43 (640 0 1024 ) (640 64 1024 ) (640 64 376 ) (640 0 376 ) 
4 43 85 (608 0 376 ) (640 0 376 ) (640 0 640 ) (608 0 640 ) 
4 43 87 (520 0 640 ) (520 0 376 ) (608 0 376 ) (608 0 640 ) 
4 43 72 (520 0 1024 ) (520 0 640 ) (640 0 640 ) (640 0 1024 ) 
4 43 45 (520 0 384 ) (520 0 1024 ) (520 256 1024 ) (520 256 384 ) 
4 44 45 (512 448 1024 ) (512 448 384 ) (520 448 384 ) (520 448 1024 ) 
4 44 46 (512 576 0 ) (512 448 0 ) (512 448 1024 ) (512 576 1024 ) 
4 45 90 (520 0 384 ) (520 0 1024 ) (512 0 1024 ) (512 0 384 ) 
4 45 46 (512 0 384 ) (512 0 1024 ) (512 448 1024 ) (512 448 384 ) 
4 46 91 (64 0 1024 ) (64 0 0 ) (512 0 0 ) (512 0 1024 ) 
4 46 47 (64 576 1024 ) (64 576 640 ) (64 0 640 ) (64 0 1024 ) 
4 47 92 (0 0 1024 ) (0 0 640 ) (64 0 640 ) (64 0 1024 ) 
4 47 48 (0 0 640 ) (0 0 1024 ) (0 576 1024 ) (0 576 640 ) 
4 48 111 (-160 0 1024 ) (-352 0 1024 ) (-352 0 640 ) (-160 0 640 ) 
4 48 110 (0 0 640 ) (0 0 1024 ) (-160 0 1024 ) (-160 0 640 ) 
4 48 113 (-352 0 1024 ) (-576 0 1024 ) (-576 0 640 ) (-352 0 640 ) 
4 49 96 (2048 -1024 672 ) (2048 -1024 1024 ) (1024 -1024 1024 ) (1024 -1024 672 ) 
4 49 94 (1024 -704 672 ) (1024 -1024 672 ) (1024 -1024 1024 ) (1024 -704 1024 ) 
4 49 71 (1024 0 1024 ) (1024 0 672 ) (1024 -704 672 ) (1024 -704 1024 ) 
4 49 52 (1584 -1024 672 ) (1552 -1024 672 ) (1552 -256 672 ) (1584 -256 672 ) 
4 49 51 (1552 -224 672 ) (1552 0 672 ) (1584 0 672 ) (1584 -224 672 ) 
4 49 50 (2048 -1024 672 ) (1584 -1024 672 ) (1584 0 672 ) (2048 0 672 ) 
4 49 53 (1552 -1024 672 ) (1024 -1024 672 ) (1024 0 672 ) (1552 0 672 ) 
4 50 96 (2048 -1024 640 ) (2048 -1024 672 ) (1584 -1024 672 ) (1584 -1024 640 ) 
4 50 59 (2048 -288 640 ) (2048 -1024 640 ) (1584 -1024 640 ) (1584 -288 640 ) 
4 50 56 (2048 -256 640 ) (2048 -288 640 ) (1584 -288 640 ) (1584 -256 640 ) 
4 50 54 (1664 0 640 ) (2048 0 640 ) (2048 -256 640 ) (1664 -256 640 ) 
4 50 52 (1584 -288 640 ) (1584 -1024 640 ) (1584 -1024 672 ) (1584 -256 672 ) 
4 50 51 (1584 0 640 ) (1584 -192 640 ) (1584 -224 672 ) (1584 0 672 ) 
4 51 53 (1552 0 640 ) (1552 -192 640 ) (1552 -224 672 ) (1552 0 672 ) 
4 52 96 (1584 -1024 672 ) (1552 -1024 672 ) (1552 -1024 640 ) (1584 -1024 640 ) 
4 52 60 (1584 -288 640 ) (1584 -1024 640 ) (1552 -1024 640 ) (1552 -288 640 ) 
4 52 53 (1552 -288 640 ) (1552 -1024 640 ) (1552 -1024 672 ) (1552 -256 672 ) 
4 53 96 (1552 -1024 672 ) (1024 -1024 672 ) (1024 -1024 640 ) (1552 -1024 640 ) 
4 53 94 (1024 -704 640 ) (1024 -1024 640 ) (1024 -1024 672 ) (1024 -704 672 ) 
4 53 71 (1024 0 672 ) (1024 0 640 ) (1024 -704 640 ) (1024 -704 672 ) 
4 53 62 (1024 -1024 640 ) (1024 -288 640 ) (1552 -288 640 ) (1552 -1024 640 ) 
4 53 58 (1024 -288 640 ) (1024 -256 640 ) (1552 -256 640 ) (1552 -288 640 ) 
4 53 55 (1024 -256 640 ) (1024 0 640 ) (1472 0 640 ) (1472 -256 640 ) 
4 54 63 (1856 0 512 ) (2048 0 512 ) (2048 -256 512 ) (1856 -256 512 ) 
4 54 56 (1664 -256 512 ) (2048 -256 512 ) (2048 -256 640 ) (1664 -256 640 ) 
4 55 71 (1024 0 640 ) (1024 0 512 ) (1024 -256 512 ) (1024 -256 640 ) 
4 55 65 (1024 -256 512 ) (1024 0 512 ) (1216 0 512 ) (1216 -256 512 ) 
4 55 58 (1024 -256 512 ) (1472 -256 512 ) (1472 -256 640 ) (1024 -256 640 ) 
4 56 63 (1856 -256 512 ) (2048 -256 512 ) (2048 -288 512 ) (1856 -288 512 ) 
4 56 59 (1584 -288 512 ) (2048 -288 512 ) (2048 -288 640 ) (1584 -288 640 ) 
3 56 57 (1584 -256 544 ) (1584 -256 512 ) (1584 -288 512 ) 
3 57 58 (1552 -256 544 ) (1552 -256 512 ) (1552 -288 512 ) 
4 58 71 (1024 -256 512 ) (1024 -288 512 ) (1024 -288 640 ) (1024 -256 640 ) 
4 58 65 (1024 -288 512 ) (1024 -256 512 ) (1216 -256 512 ) (1216 -288 512 ) 
4 58 62 (1024 -288 512 ) (1552 -288 512 ) (1552 -288 640 ) (1024 -288 640 ) 
4 59 96 (2048 -1024 512 ) (2048 -1024 640 ) (1584 -1024 640 ) (1584 -1024 512 ) 
3 59 64 (1856 -1024 512 ) (1600 -1024 512 ) (1856 -759.745850 512 ) 
4 59 63 (2048 -1024 512 ) (1856 -1024 512 ) (1856 -288 512 ) (2048 -288 512 ) 
4 59 61 (1584 -480 512 ) (1584 -1024 512 ) (1584 -1024 544 ) (1584 -448 544 ) 
4 59 60 (1584 -288 640 ) (1584 -288 544 ) (1584 -1024 544 ) (1584 -1024 640 ) 
4 60 96 (1584 -1024 640 ) (1552 -1024 640 ) (1552 -1024 544 ) (1584 -1024 544 ) 
4 60 61 (1552 -1024 544 ) (1552 -448 544 ) (1584 -448 544 ) (1584 -1024 544 ) 
4 60 62 (1552 -288 640 ) (1552 -288 544 ) (1552 -1024 544 ) (1552 -1024 640 ) 
4 61 96 (1552 -1024 544 ) (1552 -1024 512 ) (1584 -1024 512 ) (1584 -1024 544 ) 
4 61 62 (1552 -480 512 ) (1552 -1024 512 ) (1552 -1024 544 ) (1552 -448 544 ) 
4 62 96 (1552 -1024 640 ) (1024 -1024 640 ) (1024 -1024 512 ) (1552 -1024 512 ) 
4 62 71 (1024 -288 512 ) (1024 -704 512 ) (1024 -704 640 ) (1024 -288 640 ) 
4 62 65 (1216 -1024 512 ) (1024 -1024 512 ) (1024 -288 512 ) (1216 -288 512 ) 
4 63 96 (2048 -1024 112 ) (2048 -1024 512 ) (1856 -1024 512 ) (1856 -1024 112 ) 
4 63 66 (2048 -1024 112 ) (1856 -1024 112 ) (1856 0 112 ) (2048 0 112 ) 
4 63 64 (1856 -759.745911 112 ) (1856 -1024 112 ) (1856 -1024 512 ) (1856 -759.745911 512 ) 
4 64 96 (1856 -1024 512 ) (1600 -1024 512 ) (1600 -1024 112 ) (1856 -1024 112 ) 
3 64 69 (1821.872070 -1024 112 ) (1600 -1024 112 ) (1707.382568 -913.155151 112 ) 
3 64 68 (1746.347412 -872.933960 112 ) (1856 -759.745911 112 ) (1856 -979.282227 112 ) 
5 64 67 (1856 -1024 112 ) (1821.872070 -1024 112 ) (1707.382568 -913.155151 112 ) (1746.347412 -872.933960 112 ) (1856 -979.282227 112 ) 
4 65 96 (1216 -1024 512 ) (1024 -1024 512 ) (1024 -1024 112 ) (1216 -1024 112 ) 
4 65 71 (1024 0 512 ) (1024 0 384 ) (1024 -704 384 ) (1024 -704 512 ) 
4 65 70 (1216 -1024 112 ) (1024 -1024 112 ) (1024 0 112 ) (1216 0 112 ) 
4 66 96 (2048 -1024 0 ) (2048 -1024 112 ) (1856 -1024 112 ) (1856 -1024 0 ) 
4 66 68 (1856 -759.745972 0 ) (1856 -979.282227 0 ) (1856 -979.282227 112 ) (1856 -759.746033 112 ) 
4 66 67 (1856 -979.282227 0 ) (1856 -1024 0 ) (1856 -1024 112 ) (1856 -979.282227 112 ) 
4 67 96 (1856 -1024 112 ) (1821.872070 -1024 112 ) (1821.872070 -1024 0 ) (1856 -1024 0 ) 
4 67 69 (1707.381958 -913.155518 0 ) (1821.871094 -1024 0 ) (1821.867188 -1024 112 ) (1707.380493 -913.157166 112 ) 
4 67 68 (1856 -979.281250 112 ) (1856 -979.281250 0 ) (1746.347900 -872.933350 0 ) (1746.347900 -872.933350 112 ) 
4 69 96 (1821.872070 -1024 112 ) (1600 -1024 112 ) (1600 -1024 0 ) (1821.872070 -1024 0 ) 
4 70 96 (1216 -1024 112 ) (1024 -1024 112 ) (1024 -1024 0 ) (1216 -1024 0 ) 
4 71 94 (1024 -704 640 ) (1024 -704 1024 ) (1016 -704 1024 ) (1016 -704 640 ) 
4 71 80 (1016 -416 384 ) (1016 -704 384 ) (1016 -704 640 ) (1016 -416 640 ) 
4 71 73 (1016 0 640 ) (1016 0 384 ) (1016 -416 384 ) (1016 -416 640 ) 
4 71 72 (1016 0 1024 ) (1016 0 640 ) (1016 -704 640 ) (1016 -704 1024 ) 
4 72 94 (520 -704 1024 ) (520 -704 640 ) (1016 -704 640 ) (1016 -704 1024 ) 
4 72 90 (520 -704 640 ) (520 -704 1024 ) (520 0 1024 ) (520 0 640 ) 
4 72 89 (520 -704 640 ) (520 -696 640 ) (640 -696 640 ) (640 -704 640 ) 
4 72 88 (520 -696 640 ) (520 -336 640 ) (640 -336 640 ) (640 -696 640 ) 
4 72 86 (640 -304 640 ) (640 -336 640 ) (608 -336 640 ) (608 -304 640 ) 
4 72 85 (608 0 640 ) (640 0 640 ) (640 -304 640 ) (608 -304 640 ) 
4 72 87 (520 -336 640 ) (520 0 640 ) (608 0 640 ) (608 -336 640 ) 
4 72 82 (912 -704 640 ) (880 -704 640 ) (880 -688 640 ) (912 -688 640 ) 
4 72 81 (880 -688 640 ) (880 -416 640 ) (912 -416 640 ) (912 -688 640 ) 
4 72 80 (1016 -416 640 ) (1016 -704 640 ) (912 -704 640 ) (912 -416 640 ) 
4 72 83 (880 -704 640 ) (640 -704 640 ) (640 -416 640 ) (880 -416 640 ) 
4 72 77 (768 -304 640 ) (768 -336 640 ) (640 -336 640 ) (640 -304 640 ) 
4 72 76 (640 0 640 ) (768 0 640 ) (768 -304 640 ) (640 -304 640 ) 
4 72 79 (768 -336 640 ) (768 -416 640 ) (640 -416 640 ) (640 -336 640 ) 
4 72 75 (960 -224 640 ) (960 -416 640 ) (768 -416 640 ) (768 -224 640 ) 
4 72 74 (768 0 640 ) (960 0 640 ) (960 -224 640 ) (768 -224 640 ) 
4 72 73 (960 0 640 ) (1016 0 640 ) (1016 -416 640 ) (960 -416 640 ) 
4 73 84 (960 -416 376 ) (1016 -416 376 ) (1016 -416 384 ) (960 -416 384 ) 
4 73 80 (1016 -416 384 ) (1016 -416 640 ) (960 -416 640 ) (960 -416 384 ) 
4 73 75 (960 -416 504 ) (960 -416 640 ) (960 -224 640 ) (960 -224 504 ) 
4 73 74 (960 0 376 ) (960 -224 376 ) (960 -224 640 ) (960 0 640 ) 
4 74 76 (768 0 376 ) (768 -224 376 ) (768 -224 640 ) (768 0 640 ) 
4 74 75 (768 -224 640 ) (768 -224 504 ) (960 -224 504 ) (960 -224 640 ) 
4 75 81 (912 -416 640 ) (880 -416 640 ) (880 -416 504 ) (912 -416 504 ) 
4 75 80 (960 -416 504 ) (960 -416 640 ) (912 -416 640 ) (912 -416 504 ) 
4 75 83 (880 -416 640 ) (768 -416 640 ) (768 -416 504 ) (880 -416 504 ) 
4 75 77 (768 -336 640 ) (768 -304 640 ) (768 -304 504 ) (768 -336 504 ) 
4 75 76 (768 -304 640 ) (768 -224 640 ) (768 -224 504 ) (768 -304 504 ) 
4 75 79 (768 -416 504 ) (768 -416 640 ) (768 -336 640 ) (768 -336 504 ) 
4 76 85 (640 0 376 ) (640 -304 376 ) (640 -304 640 ) (640 0 640 ) 
4 76 77 (640 -304 640 ) (640 -304 440 ) (768 -304 440 ) (768 -304 640 ) 
4 76 78 (640 -304 408 ) (640 -304 376 ) (768 -304 376 ) (768 -304 408 ) 
4 77 86 (640 -336 440 ) (640 -336 640 ) (640 -304 640 ) (640 -304 440 ) 
4 77 79 (640 -336 640 ) (640 -336 440 ) (768 -336 440 ) (768 -336 640 ) 
4 78 79 (640 -336 408 ) (640 -336 376 ) (768 -336 376 ) (768 -336 408 ) 
4 79 88 (640 -336 376 ) (640 -416 376 ) (640 -416 640 ) (640 -336 640 ) 
4 79 84 (640 -416 384 ) (640 -416 376 ) (768 -416 376 ) (768 -416 384 ) 
4 79 83 (640 -416 640 ) (640 -416 384 ) (768 -416 384 ) (768 -416 640 ) 
4 80 84 (912 -416 384 ) (1016 -416 384 ) (1016 -696 384 ) (912 -696 384 ) 
4 80 82 (912 -688 384 ) (912 -704 384 ) (912 -704 640 ) (912 -688 640 ) 
4 80 81 (912 -416 640 ) (912 -416 384 ) (912 -688 384 ) (912 -688 640 ) 
4 81 84 (880 -416 384 ) (912 -416 384 ) (912 -688 384 ) (880 -688 384 ) 
4 81 83 (880 -416 640 ) (880 -416 384 ) (880 -688 384 ) (880 -688 640 ) 
4 81 82 (880 -688 640 ) (880 -688 384 ) (912 -688 384 ) (912 -688 640 ) 
4 82 84 (912 -688 384 ) (912 -696 384 ) (880 -696 384 ) (880 -688 384 ) 
4 82 83 (880 -688 384 ) (880 -704 384 ) (880 -704 640 ) (880 -688 640 ) 
4 83 89 (640 -704 384 ) (640 -704 640 ) (640 -696 640 ) (640 -696 384 ) 
4 83 88 (640 -696 640 ) (640 -416 640 ) (640 -416 384 ) (640 -696 384 ) 
4 83 84 (640 -696 384 ) (640 -416 384 ) (880 -416 384 ) (880 -696 384 ) 
4 84 88 (640 -416 376 ) (640 -696 376 ) (640 -696 384 ) (640 -416 384 ) 
4 85 86 (608 -304 640 ) (608 -304 408 ) (640 -304 440 ) (640 -304 640 ) 
4 85 87 (608 0 376 ) (608 -304 376 ) (608 -304 640 ) (608 0 640 ) 
4 86 88 (640 -336 440 ) (640 -336 640 ) (608 -336 640 ) (608 -336 408 ) 
4 86 87 (608 -336 408 ) (608 -336 640 ) (608 -304 640 ) (608 -304 408 ) 
4 87 90 (520 -336 640 ) (520 0 640 ) (520 0 384 ) (520 -336 384 ) 
4 87 88 (520 -336 376 ) (608 -336 376 ) (608 -336 640 ) (520 -336 640 ) 
4 88 90 (520 -696 640 ) (520 -336 640 ) (520 -336 384 ) (520 -696 384 ) 
4 88 89 (640 -696 384 ) (640 -696 640 ) (520 -696 640 ) (520 -696 384 ) 
4 89 90 (520 -704 384 ) (520 -704 640 ) (520 -696 640 ) (520 -696 384 ) 
4 90 94 (520 -704 640 ) (520 -704 1024 ) (512 -704 1024 ) (512 -704 640 ) 
4 90 91 (512 -704 384 ) (512 -704 1024 ) (512 0 1024 ) (512 0 384 ) 
4 91 94 (64 -704 1024 ) (64 -704 640 ) (512 -704 640 ) (512 -704 1024 ) 
4 91 93 (64 -576 0 ) (64 -704 0 ) (64 -704 640 ) (64 -576 640 ) 
4 91 92 (64 0 1024 ) (64 0 640 ) (64 -704 640 ) (64 -704 1024 ) 
4 92 118 (0 -400 640 ) (0 -704 640 ) (0 -704 1024 ) (0 -400 1024 ) 
4 92 114 (0 -272 640 ) (0 -400 640 ) (0 -400 1024 ) (0 -272 1024 ) 
4 92 110 (0 0 1024 ) (0 0 640 ) (0 -272 640 ) (0 -272 1024 ) 
4 92 94 (0 -704 1024 ) (0 -704 640 ) (64 -704 640 ) (64 -704 1024 ) 
4 92 93 (64 -576 640 ) (64 -704 640 ) (0 -704 640 ) (0 -576 640 ) 
4 93 122 (0 -576 0 ) (0 -704 0 ) (0 -704 640 ) (0 -576 640 ) 
4 94 118 (0 -1024 640 ) (0 -1024 1024 ) (0 -704 1024 ) (0 -704 640 ) 
4 94 106 (1024 -1024 640 ) (1024 -1024 1024 ) (0 -1024 1024 ) (0 -1024 640 ) 
4 94 95 (1016 -1024 640 ) (0 -1024 640 ) (0 -712 640 ) (1016 -712 640 ) 
4 95 123 (0 -1024 632 ) (0 -1024 640 ) (0 -712 640 ) (0 -712 632 ) 
4 95 107 (1016 -1024 632 ) (1016 -1024 640 ) (0 -1024 640 ) (0 -1024 632 ) 
4 96 109 (1024 -1216 0 ) (1024 -1472 0 ) (1024 -1472 1024 ) (1024 -1216 1024 ) 
4 96 108 (1024 -1088 0 ) (1024 -1216 0 ) (1024 -1216 1024 ) (1024 -1088 1024 ) 
4 96 106 (1024 -1024 1024 ) (1024 -1024 640 ) (1024 -1088 640 ) (1024 -1088 1024 ) 
4 96 105 (1024 -1472 0 ) (1024 -1216 0 ) (2048 -1216 0 ) (2048 -1472 0 ) 
3 96 104 (2046 -1112 0 ) (2045.202148 -1121.575317 0 ) (2038.020630 -1135.938232 0 ) 
3 96 103 (2048 -1088 0 ) (2048 -1115.979614 0 ) (2045.202148 -1121.575317 0 ) 
3 96 102 (2013.469849 -1174.680176 0 ) (2001.167725 -1190.500854 0 ) (1990.169922 -1195.640137 0 ) 
3 96 101 (2027.979614 -1156.020386 0 ) (2013.657715 -1184.664307 0 ) (2001.167725 -1190.500854 0 ) 
3 96 100 (2013.657715 -1184.664307 0 ) (2009.326904 -1193.325928 0 ) (1968 -1206 0 ) 
3 96 99 (2009.326904 -1193.325928 0 ) (2002.102173 -1207.775269 0 ) (1942.860352 -1213.709961 0 ) 
3 96 98 (2002.102173 -1207.775269 0 ) (1997.989868 -1216 0 ) (1920 -1216 0 ) 
3 96 97 (2048 -1115.979614 0 ) (2048 -1216 0 ) (1997.989868 -1216 0 ) 
4 97 105 (1997.989258 -1216 -8 ) (2048 -1216 -8 ) (2048 -1216 0 ) (1997.989868 -1216 0 ) 
4 97 104 (2045.202393 -1121.571655 -8 ) (2038.023926 -1135.928467 -8 ) (2038.023926 -1135.928711 0 ) (2045.202393 -1121.571655 0 ) 
4 97 103 (2048 -1115.976563 -8 ) (2045.202393 -1121.571655 -8 ) (2045.202393 -1121.571655 0 ) (2048 -1115.976563 0 ) 
4 97 101 (2027.974243 -1156.027588 -8 ) (2013.655029 -1184.665649 -8 ) (2013.655518 -1184.665405 0 ) (2027.974854 -1156.026733 0 ) 
4 97 100 (2013.655029 -1184.665649 -8 ) (2009.324463 -1193.326660 -8 ) (2009.324951 -1193.326538 0 ) (2013.655518 -1184.665405 0 ) 
4 97 99 (2009.324463 -1193.326660 -8 ) (2002.099976 -1207.775391 -8 ) (2002.100586 -1207.775391 0 ) (2009.324951 -1193.326538 0 ) 
4 97 98 (2002.099976 -1207.775391 -8 ) (1997.987671 -1216 -8 ) (1997.988281 -1216 0 ) (2002.100586 -1207.775391 0 ) 
4 98 105 (1920 -1216 -8 ) (1997.989258 -1216 -8 ) (1997.989868 -1216 0 ) (1920 -1216 0 ) 
4 98 99 (2002.099609 -1207.774658 0 ) (2002.098999 -1207.774780 -8 ) (1942.864380 -1213.708740 -8 ) (1942.864502 -1213.708618 0 ) 
4 99 100 (2009.326904 -1193.325562 0 ) (2009.326172 -1193.325806 -8 ) (1968 -1206 -8 ) (1968 -1206 0 ) 
4 100 102 (2001.167725 -1190.500977 -8 ) (1990.170044 -1195.640137 -8 ) (1990.169556 -1195.640503 0 ) (2001.167725 -1190.501099 0 ) 
4 100 101 (2013.657104 -1184.664795 0 ) (2013.656250 -1184.665161 -8 ) (2001.167725 -1190.500977 -8 ) (2001.167725 -1190.501099 0 ) 
4 101 102 (2013.465576 -1174.683960 -8 ) (2001.166016 -1190.501953 -8 ) (2001.166016 -1190.501953 0 ) (2013.465576 -1174.683960 0 ) 
4 103 104 (2046 -1112.001587 -8 ) (2045.201782 -1121.574951 -8 ) (2045.201660 -1121.576416 0 ) (2046 -1112.001221 0 ) 
4 105 109 (1024 -1472 0 ) (1024 -1216 0 ) (1024 -1216 -8 ) (1024 -1472 -8 ) 
4 106 125 (0 -1088 640 ) (0 -1088 1024 ) (0 -1080 1024 ) (0 -1080 640 ) 
4 106 124 (0 -1080 1024 ) (0 -1024 1024 ) (0 -1024 640 ) (0 -1080 640 ) 
4 106 108 (0 -1088 1024 ) (0 -1088 640 ) (1024 -1088 640 ) (1024 -1088 1024 ) 
4 106 107 (0 -1080 640 ) (0 -1024 640 ) (1016 -1024 640 ) (1016 -1080 640 ) 
4 107 124 (0 -1080 640 ) (0 -1024 640 ) (0 -1024 632 ) (0 -1080 632 ) 
4 108 127 (0 -1216 0 ) (0 -1216 1024 ) (0 -1088 1024 ) (0 -1088 0 ) 
4 108 109 (0 -1216 1024 ) (0 -1216 0 ) (1024 -1216 0 ) (1024 -1216 1024 ) 
4 109 128 (0 -1472 -8 ) (0 -1472 1024 ) (0 -1216 1024 ) (0 -1216 -8 ) 
4 110 114 (-160 -272 640 ) (0 -272 640 ) (0 -272 1024 ) (-160 -272 1024 ) 
4 110 112 (-160 -272 768 ) (-160 -272 1024 ) (-160 -80 1024 ) (-160 -80 768 ) 
4 110 111 (-160 0 640 ) (-160 -80 640 ) (-160 -80 1024 ) (-160 0 1024 ) 
4 111 112 (-352 -80 1024 ) (-352 -80 768 ) (-160 -80 768 ) (-160 -80 1024 ) 
4 111 113 (-352 0 640 ) (-352 -80 640 ) (-352 -80 1024 ) (-352 0 1024 ) 
4 112 115 (-240 -272 1024 ) (-272 -272 1024 ) (-272 -272 768 ) (-240 -272 768 ) 
4 112 114 (-160 -272 768 ) (-160 -272 1024 ) (-240 -272 1024 ) (-240 -272 768 ) 
4 112 117 (-272 -272 1024 ) (-352 -272 1024 ) (-352 -272 768 ) (-272 -272 768 ) 
4 112 113 (-352 -272 768 ) (-352 -272 1024 ) (-352 -80 1024 ) (-352 -80 768 ) 
4 113 117 (-576 -272 1024 ) (-576 -272 640 ) (-352 -272 640 ) (-352 -272 1024 ) 
4 114 118 (-240 -400 640 ) (0 -400 640 ) (0 -400 1024 ) (-240 -400 1024 ) 
4 114 115 (-240 -400 704 ) (-240 -400 1024 ) (-240 -272 1024 ) (-240 -272 704 ) 
4 114 116 (-240 -400 640 ) (-240 -400 672 ) (-240 -272 672 ) (-240 -272 640 ) 
4 115 119 (-240 -400 704 ) (-240 -400 1024 ) (-272 -400 1024 ) (-272 -400 704 ) 
4 115 117 (-272 -400 704 ) (-272 -400 1024 ) (-272 -272 1024 ) (-272 -272 704 ) 
4 116 117 (-272 -400 640 ) (-272 -400 672 ) (-272 -272 672 ) (-272 -272 640 ) 
4 117 121 (-576 -400 1024 ) (-576 -400 640 ) (-272 -400 640 ) (-272 -400 1024 ) 
4 118 124 (0 -1024 640 ) (0 -1024 1024 ) (-240 -1024 1024 ) (-240 -1024 640 ) 
4 118 123 (0 -712 640 ) (0 -1024 640 ) (-240 -1024 640 ) (-240 -712 640 ) 
4 118 122 (0 -576 640 ) (0 -704 640 ) (-240 -704 640 ) (-240 -576 640 ) 
4 118 119 (-240 -432 1024 ) (-240 -400 1024 ) (-240 -400 704 ) (-240 -432 672 ) 
4 118 120 (-240 -1024 1024 ) (-240 -432 1024 ) (-240 -432 640 ) (-240 -1024 640 ) 
4 119 120 (-272 -432 1024 ) (-272 -432 672 ) (-240 -432 672 ) (-240 -432 1024 ) 
4 119 121 (-272 -432 1024 ) (-272 -400 1024 ) (-272 -400 704 ) (-272 -432 672 ) 
4 120 124 (-240 -1024 1024 ) (-272 -1024 1024 ) (-272 -1024 640 ) (-240 -1024 640 ) 
4 120 123 (-240 -712 640 ) (-240 -1024 640 ) (-272 -1024 640 ) (-272 -712 640 ) 
4 120 122 (-240 -576 640 ) (-240 -704 640 ) (-272 -704 640 ) (-272 -576 640 ) 
4 120 121 (-272 -1024 1024 ) (-272 -432 1024 ) (-272 -432 640 ) (-272 -1024 640 ) 
4 121 126 (-568 -1024 1024 ) (-576 -1024 1024 ) (-576 -1024 640 ) (-568 -1024 640 ) 
4 121 124 (-272 -1024 1024 ) (-568 -1024 1024 ) (-568 -1024 640 ) (-272 -1024 640 ) 
4 121 123 (-272 -712 640 ) (-272 -1024 640 ) (-568 -1024 640 ) (-568 -712 640 ) 
4 121 122 (-576 -704 640 ) (-576 -576 640 ) (-272 -576 640 ) (-272 -704 640 ) 
4 123 124 (0 -1024 632 ) (0 -1024 640 ) (-568 -1024 640 ) (-568 -1024 632 ) 
4 124 126 (-568 -1080 640 ) (-568 -1080 1024 ) (-568 -1024 1024 ) (-568 -1024 640 ) 
4 124 125 (-568 -1080 1024 ) (-568 -1080 640 ) (0 -1080 640 ) (0 -1080 1024 ) 
4 125 127 (0 -1088 640 ) (0 -1088 1024 ) (-568 -1088 1024 ) (-568 -1088 640 ) 
4 125 126 (-568 -1088 640 ) (-568 -1088 1024 ) (-568 -1080 1024 ) (-568 -1080 640 ) 
4 126 127 (-576 -1088 1024 ) (-576 -1088 640 ) (-568 -1088 640 ) (-568 -1088 1024 ) 
4 127 128 (-576 -1216 1024 ) (-576 -1216 0 ) (0 -1216 0 ) (0 -1216 1024 ) 
