PRT1
465
1172
4 0 4 (3136 2048 -0.148380 ) (3136 2048 1792 ) (3072 2048 1792 ) (3072 2048 -0.148380 ) 
4 0 1 (3072 2048 -0.148380 ) (3072 2048 1792 ) (3072 2624 1792 ) (3072 2624 -0.148380 ) 
4 1 24 (2048 2048 0 ) (2048 2048 128 ) (2048 2336 128 ) (2048 2336 0 ) 
4 1 23 (2048 2336 128 ) (2048 2624 128 ) (2048 2624 0 ) (2048 2336 0 ) 
4 1 21 (2048 2048 128 ) (2048 2048 320 ) (2048 2624 320 ) (2048 2624 128 ) 
4 1 20 (2048 2048 320 ) (2048 2048 1792 ) (2048 2624 1792 ) (2048 2624 320 ) 
4 1 5 (3072 2048 0 ) (3072 2048 1792 ) (2048 2048 1792 ) (2048 2048 0 ) 
4 1 3 (3008 2048 0 ) (2624 2048 0 ) (2624 2624 0 ) (3008 2624 0 ) 
4 1 2 (3072 2048 0 ) (3008 2048 0 ) (3008 2624 0 ) (3072 2624 0 ) 
4 3 7 (3008 2048 -8 ) (3008 2048 0 ) (2624 2048 0 ) (2624 2048 -8 ) 
4 4 16 (3136 1024 -0.148380 ) (3136 1024 1792 ) (3072 1024 1792 ) (3072 1024 -0.148380 ) 
4 4 5 (3072 2048 1792 ) (3072 2048 -0.148380 ) (3072 1024 -0.148380 ) (3072 1024 1792 ) 
4 5 38 (2048 1024 0 ) (2048 1024 128 ) (2048 2048 128 ) (2048 2048 0 ) 
4 5 34 (2048 1024 128 ) (2048 1024 192 ) (2048 1824 192 ) (2048 1824 128 ) 
4 5 33 (2048 1024 192 ) (2048 1024 1792 ) (2048 1824 1792 ) (2048 1824 192 ) 
4 5 32 (2048 2048 320 ) (2048 2048 128 ) (2048 1824 128 ) (2048 1824 320 ) 
4 5 31 (2048 1824 1792 ) (2048 2048 1792 ) (2048 2048 320 ) (2048 1824 320 ) 
4 5 17 (3072 1024 0 ) (3072 1024 1792 ) (2048 1024 1792 ) (2048 1024 0 ) 
3 5 14 (2518.874512 1346.291382 0 ) (2511.996338 1344 0 ) (2496.001221 1344 0 ) 
3 5 13 (2624 1472 0 ) (2624 1456.007568 0 ) (2620.800049 1446.410522 0 ) 
3 5 12 (2598.451660 1393.292480 0 ) (2586.383545 1372.168213 0 ) (2565.104004 1363.653564 0 ) 
3 5 11 (2609.589600 1412.788818 0 ) (2597.532959 1376.629517 0 ) (2586.383545 1372.168213 0 ) 
3 5 10 (2624 1456.007568 0 ) (2624 1387.219971 0 ) (2597.532959 1376.629517 0 ) 
3 5 9 (2624 1387.219971 0 ) (2624 1381.312744 0 ) (2535.830078 1351.939941 0 ) 
3 5 8 (2624 1381.312744 0 ) (2624 1344 0 ) (2511.996338 1344 0 ) 
4 5 15 (2624 1024 0 ) (2048 1024 0 ) (2048 1344 0 ) (2624 1344 0 ) 
4 5 6 (3072 1024 0 ) (3008 1024 0 ) (3008 2048 0 ) (3072 2048 0 ) 
4 5 7 (3008 1024 0 ) (2624 1024 0 ) (2624 2048 0 ) (3008 2048 0 ) 
4 7 19 (3008 1024 0 ) (2624 1024 0 ) (2624 1024 -8 ) (3008 1024 -8 ) 
4 7 13 (2624 1472 -8 ) (2624 1456.007324 -8 ) (2624 1456.007568 0 ) (2624 1472 0 ) 
4 7 10 (2624 1456.007324 -8 ) (2624 1387.218994 -8 ) (2624 1387.219971 0 ) (2624 1456.007568 0 ) 
4 7 9 (2624 1387.218994 -8 ) (2624 1381.313232 -8 ) (2624 1381.312744 0 ) (2624 1387.219971 0 ) 
4 7 8 (2624 1381.313232 -8 ) (2624 1344 -8 ) (2624 1344 0 ) (2624 1381.312744 0 ) 
4 7 15 (2624 1344 -8 ) (2624 1024 -8 ) (2624 1024 0 ) (2624 1344 0 ) 
4 8 14 (2518.875488 1346.291504 -8 ) (2511.996826 1344 -8 ) (2511.998047 1344 0 ) (2518.876953 1346.291626 0 ) 
4 8 9 (2624 1381.311768 0 ) (2624 1381.312134 -8 ) (2535.841553 1351.943481 -8 ) (2535.820068 1351.935913 0 ) 
4 8 15 (2511.995117 1344 -8 ) (2624 1344 -8 ) (2624 1344 0 ) (2511.996338 1344 0 ) 
4 9 12 (2586.382324 1372.166016 -8 ) (2565.101074 1363.650635 -8 ) (2565.102783 1363.652344 0 ) (2586.383057 1372.167358 0 ) 
4 9 11 (2597.532227 1376.627563 -8 ) (2586.382324 1372.166016 -8 ) (2586.383057 1372.167358 0 ) (2597.532959 1376.628906 0 ) 
4 9 10 (2624 1387.219360 0 ) (2624 1387.218384 -8 ) (2597.532227 1376.627563 -8 ) (2597.532959 1376.628906 0 ) 
4 10 13 (2624 1456.003418 0 ) (2624 1456.003418 -8 ) (2620.799316 1446.404541 -8 ) (2620.799316 1446.404175 0 ) 
4 10 11 (2609.592041 1412.793213 -8 ) (2597.533691 1376.629761 -8 ) (2597.534180 1376.630859 0 ) (2609.592041 1412.792847 0 ) 
4 11 12 (2598.455078 1393.295410 -8 ) (2586.385010 1372.167114 -8 ) (2586.385742 1372.168457 0 ) (2598.455078 1393.295654 0 ) 
4 14 15 (2496 1344 -8 ) (2511.995117 1344 -8 ) (2511.996338 1344 0 ) (2496.001221 1344 0 ) 
4 15 41 (2048 1024 -8 ) (2048 1024 0 ) (2048 1344 0 ) (2048 1344 -8 ) 
4 15 19 (2624 1024 0 ) (2048 1024 0 ) (2048 1024 -8 ) (2624 1024 -8 ) 
4 16 153 (3136 0 1792 ) (3072 0 1792 ) (3072 0 0 ) (3136 0 0 ) 
4 16 17 (3072 1024 1792 ) (3072 1024 0 ) (3072 0 0 ) (3072 0 1792 ) 
4 17 154 (3072 0 0 ) (3072 0 1792 ) (2048 0 1792 ) (2048 0 0 ) 
4 17 50 (2048 0 0 ) (2048 0 288 ) (2048 256 288 ) (2048 256 0 ) 
4 17 49 (2048 0 288 ) (2048 0 1792 ) (2048 256 1792 ) (2048 256 288 ) 
4 17 46 (2048 496 256 ) (2048 496 0 ) (2048 256 0 ) (2048 256 256 ) 
4 17 45 (2048 256 1792 ) (2048 496 1792 ) (2048 496 256 ) (2048 256 256 ) 
4 17 42 (2048 496 1792 ) (2048 1024 1792 ) (2048 1024 0 ) (2048 496 0 ) 
4 17 19 (3008 960 0 ) (2048 960 0 ) (2048 1024 0 ) (3008 1024 0 ) 
4 17 18 (3072 1024 0 ) (3072 960 0 ) (3008 960 0 ) (3008 1024 0 ) 
4 19 53 (2048 960 -8 ) (2048 960 0 ) (2048 1024 0 ) (2048 1024 -8 ) 
4 20 31 (2048 2048 320 ) (2048 2048 1792 ) (1024 2048 1792 ) (1024 2048 320 ) 
4 20 25 (1024 2048 320 ) (1024 2048 1792 ) (1024 2624 1792 ) (1024 2624 320 ) 
4 20 22 (1024 2336 320 ) (1024 2624 320 ) (1120 2624 320 ) (1120 2336 320 ) 
4 20 21 (2048 2048 320 ) (1120 2048 320 ) (1120 2624 320 ) (2048 2624 320 ) 
4 21 32 (2048 2048 128 ) (2048 2048 320 ) (1120 2048 320 ) (1120 2048 128 ) 
4 21 24 (2048 2336 128 ) (2048 2048 128 ) (1120 2048 128 ) (1120 2336 128 ) 
4 21 23 (1120 2624 128 ) (2048 2624 128 ) (2048 2336 128 ) (1120 2336 128 ) 
4 21 22 (1120 2624 128 ) (1120 2336 128 ) (1120 2336 320 ) (1120 2624 320 ) 
4 22 26 (1024 2336 320 ) (1024 2624 320 ) (1024 2624 128 ) (1024 2336 128 ) 
4 22 23 (1024 2336 128 ) (1024 2624 128 ) (1120 2624 128 ) (1120 2336 128 ) 
4 23 28 (1024 2336 128 ) (1024 2624 128 ) (1024 2624 0 ) (1024 2336 0 ) 
4 23 24 (1120 2336 0 ) (2048 2336 0 ) (2048 2336 128 ) (1120 2336 128 ) 
4 24 38 (2048 2048 0 ) (2048 2048 128 ) (1120 2048 128 ) (1120 2048 0 ) 
4 25 54 (1024 2048 320 ) (1024 2048 1792 ) (0 2048 1792 ) (0 2048 320 ) 
4 25 30 (0 2048 320 ) (0 2048 1792 ) (0 2624 1792 ) (0 2624 320 ) 
4 25 26 (224 2336 320 ) (224 2624 320 ) (1024 2624 320 ) (1024 2336 320 ) 
4 25 27 (224 2048 320 ) (0 2048 320 ) (0 2624 320 ) (224 2624 320 ) 
4 26 28 (224 2624 128 ) (1024 2624 128 ) (1024 2336 128 ) (224 2336 128 ) 
4 26 27 (224 2624 128 ) (224 2336 128 ) (224 2336 320 ) (224 2624 320 ) 
4 27 55 (224 2048 320 ) (0 2048 320 ) (0 2048 128 ) (224 2048 128 ) 
4 27 30 (0 2048 128 ) (0 2048 320 ) (0 2624 320 ) (0 2624 128 ) 
4 27 29 (224 2336 128 ) (224 2048 128 ) (0 2048 128 ) (0 2336 128 ) 
4 27 28 (0 2624 128 ) (224 2624 128 ) (224 2336 128 ) (0 2336 128 ) 
4 28 30 (0 2336 128 ) (0 2624 128 ) (0 2624 0 ) (0 2336 0 ) 
4 28 29 (0 2336 0 ) (224 2336 0 ) (224 2336 128 ) (0 2336 128 ) 
4 29 63 (224 2048 128 ) (0 2048 128 ) (0 2048 0 ) (224 2048 0 ) 
4 29 30 (0 2048 0 ) (0 2048 128 ) (0 2336 128 ) (0 2336 0 ) 
4 30 300 (-1024 2048 0 ) (-1024 2048 1792 ) (-1024 2624 1792 ) (-1024 2624 0 ) 
4 30 66 (0 2048 0 ) (0 2048 512 ) (-128 2048 512 ) (-128 2048 0 ) 
4 30 65 (0 2048 512 ) (0 2048 1792 ) (-128 2048 1792 ) (-128 2048 512 ) 
4 30 67 (-128 2048 1792 ) (-1024 2048 1792 ) (-1024 2048 0 ) (-128 2048 0 ) 
4 31 54 (1024 2048 1792 ) (1024 2048 320 ) (1024 1824 320 ) (1024 1824 1792 ) 
4 31 33 (1024 1824 1792 ) (1024 1824 320 ) (2048 1824 320 ) (2048 1824 1792 ) 
4 31 32 (2048 1824 320 ) (1120 1824 320 ) (1120 2048 320 ) (2048 2048 320 ) 
4 32 38 (1120 2048 128 ) (2048 2048 128 ) (2048 1824 128 ) (1120 1824 128 ) 
4 32 34 (1120 1824 128 ) (2048 1824 128 ) (2048 1824 192 ) (1120 1824 192 ) 
4 32 33 (2048 1824 192 ) (2048 1824 320 ) (1120 1824 320 ) (1120 1824 192 ) 
4 33 56 (1024 1024 192 ) (1024 1024 1792 ) (1024 1824 1792 ) (1024 1824 192 ) 
4 33 43 (1248 1024 1792 ) (1024 1024 1792 ) (1024 1024 192 ) (1248 1024 192 ) 
4 33 42 (2048 1024 192 ) (2048 1024 1792 ) (1248 1024 1792 ) (1248 1024 192 ) 
3 33 35 (1088 1728 192 ) (1088 1696 192 ) (1056 1696 192 ) 
4 33 37 (1088 1024 192 ) (1024 1024 192 ) (1024 1696 192 ) (1088 1696 192 ) 
4 33 34 (2048 1024 192 ) (1088 1024 192 ) (1088 1824 192 ) (2048 1824 192 ) 
4 34 43 (1248 1024 192 ) (1088 1024 192 ) (1088 1024 128 ) (1248 1024 128 ) 
4 34 42 (2048 1024 128 ) (2048 1024 192 ) (1248 1024 192 ) (1248 1024 128 ) 
4 34 39 (1120 1024 128 ) (1088 1024 128 ) (1088 1824 128 ) (1120 1824 128 ) 
4 34 38 (2048 1024 128 ) (1120 1024 128 ) (1120 1824 128 ) (2048 1824 128 ) 
4 34 35 (1088 1696 192 ) (1088 1728 192 ) (1088 1728 160 ) (1088 1696 160 ) 
4 34 36 (1088 1824 160 ) (1088 1824 128 ) (1088 1696 128 ) (1088 1696 160 ) 
4 34 37 (1088 1024 192 ) (1088 1696 192 ) (1088 1696 128 ) (1088 1024 128 ) 
3 35 36 (1088 1696 160 ) (1056 1696 160 ) (1088 1728 160 ) 
4 35 37 (1088 1696 160 ) (1088 1696 192 ) (1056 1696 192 ) (1056 1696 160 ) 
4 36 58 (1024 1824 128 ) (1024 1696 128 ) (1024 1696 160 ) (1024 1824 160 ) 
4 36 40 (1024 1696 128 ) (1024 1824 128 ) (1088 1824 128 ) (1088 1696 128 ) 
4 36 37 (1024 1696 128 ) (1088 1696 128 ) (1088 1696 160 ) (1024 1696 160 ) 
4 37 59 (1024 1696 128 ) (1024 1024 128 ) (1024 1024 192 ) (1024 1696 192 ) 
4 37 43 (1088 1024 192 ) (1024 1024 192 ) (1024 1024 128 ) (1088 1024 128 ) 
4 37 40 (1088 1024 128 ) (1024 1024 128 ) (1024 1696 128 ) (1088 1696 128 ) 
4 38 43 (1248 1024 128 ) (1120 1024 128 ) (1120 1024 0 ) (1248 1024 0 ) 
4 38 42 (2048 1024 0 ) (2048 1024 128 ) (1248 1024 128 ) (1248 1024 0 ) 
4 38 41 (2048 1344 0 ) (2048 1024 0 ) (1120 1024 0 ) (1120 1344 0 ) 
4 38 39 (1120 1824 0 ) (1120 1024 0 ) (1120 1024 128 ) (1120 1824 128 ) 
4 39 43 (1120 1024 128 ) (1088 1024 128 ) (1088 1024 0 ) (1120 1024 0 ) 
4 39 41 (1120 1344 0 ) (1120 1024 0 ) (1088 1024 0 ) (1088 1344 0 ) 
4 39 40 (1088 1824 0 ) (1088 1024 0 ) (1088 1024 128 ) (1088 1824 128 ) 
4 40 61 (1024 1840 0 ) (1024 1024 0 ) (1024 1024 128 ) (1024 1840 128 ) 
4 40 43 (1088 1024 128 ) (1024 1024 128 ) (1024 1024 0 ) (1088 1024 0 ) 
4 40 41 (1024 1024 0 ) (1024 1344 0 ) (1088 1344 0 ) (1088 1024 0 ) 
4 41 64 (1024 1344 -8 ) (1024 1024 -8 ) (1024 1024 0 ) (1024 1344 0 ) 
4 41 53 (2048 1024 -8 ) (2048 1024 0 ) (1024 1024 0 ) (1024 1024 -8 ) 
4 42 53 (1248 1024 0 ) (2048 1024 0 ) (2048 960 0 ) (1248 960 0 ) 
4 42 46 (1248 496 0 ) (2048 496 0 ) (2048 496 256 ) (1248 496 256 ) 
4 42 45 (2048 496 256 ) (2048 496 1792 ) (1248 496 1792 ) (1248 496 256 ) 
4 42 44 (1248 496 256 ) (1248 496 1792 ) (1248 512 1792 ) (1248 512 256 ) 
4 42 43 (1248 1024 1792 ) (1248 1024 0 ) (1248 512 0 ) (1248 512 1792 ) 
4 43 97 (1024 1024 160 ) (1024 1024 0 ) (1024 512 0 ) (1024 512 160 ) 
4 43 70 (1024 1024 256 ) (1024 1024 160 ) (1024 512 160 ) (1024 512 256 ) 
4 43 69 (1024 1024 1792 ) (1024 1024 256 ) (1024 512 256 ) (1024 512 1792 ) 
4 43 53 (1024 960 0 ) (1024 1024 0 ) (1248 1024 0 ) (1248 960 0 ) 
4 43 44 (1248 512 256 ) (1248 512 1792 ) (1024 512 1792 ) (1024 512 256 ) 
4 44 69 (1024 512 1792 ) (1024 512 256 ) (1024 496 256 ) (1024 496 1792 ) 
4 44 47 (1232 496 1792 ) (1024 496 1792 ) (1024 496 256 ) (1232 496 256 ) 
4 44 45 (1248 496 256 ) (1248 496 1792 ) (1232 496 1792 ) (1232 496 256 ) 
4 45 50 (2048 256 256 ) (2048 256 288 ) (1248 256 288 ) (1248 256 256 ) 
4 45 49 (2048 256 288 ) (2048 256 1792 ) (1232 256 1792 ) (1232 256 288 ) 
4 45 47 (1232 496 1792 ) (1232 496 256 ) (1232 256 256 ) (1232 256 1792 ) 
4 45 46 (2048 256 256 ) (1248 256 256 ) (1248 496 256 ) (2048 496 256 ) 
4 46 50 (1248 256 0 ) (2048 256 0 ) (2048 256 256 ) (1248 256 256 ) 
4 47 71 (1024 496 1792 ) (1024 496 256 ) (1024 256 256 ) (1024 256 1792 ) 
4 47 51 (1024 256 1792 ) (1024 256 288 ) (1232 256 288 ) (1232 256 1792 ) 
4 48 99 (1024 496 160 ) (1024 496 0 ) (1024 256 0 ) (1024 256 160 ) 
4 48 73 (1024 496 176 ) (1024 496 160 ) (1024 256 160 ) (1024 256 176 ) 
4 48 72 (1024 496 240 ) (1024 496 176 ) (1024 256 176 ) (1024 256 240 ) 
4 48 52 (1024 256 240 ) (1024 256 0 ) (1232 256 0 ) (1232 256 240 ) 
4 49 164 (1248 0 1792 ) (1232 0 1792 ) (1232 0 288 ) (1248 0 288 ) 
4 49 162 (2048 0 288 ) (2048 0 1792 ) (1248 0 1792 ) (1248 0 288 ) 
4 49 51 (1232 256 1792 ) (1232 256 288 ) (1232 0 288 ) (1232 0 1792 ) 
4 49 50 (2048 0 288 ) (1248 0 288 ) (1248 256 288 ) (2048 256 288 ) 
4 50 162 (2048 0 0 ) (2048 0 288 ) (1248 0 288 ) (1248 0 0 ) 
4 51 164 (1024 0 1792 ) (1024 0 288 ) (1232 0 288 ) (1232 0 1792 ) 
4 51 87 (1024 0 288 ) (1024 0 1792 ) (1024 16 1792 ) (1024 16 288 ) 
4 51 81 (1024 16 1792 ) (1024 176 1792 ) (1024 176 288 ) (1024 16 288 ) 
4 51 75 (1024 176 1792 ) (1024 256 1792 ) (1024 256 288 ) (1024 176 288 ) 
4 52 165 (1024 0 240 ) (1024 0 0 ) (1232 0 0 ) (1232 0 240 ) 
4 52 102 (1024 0 0 ) (1024 0 160 ) (1024 256 160 ) (1024 256 0 ) 
4 52 94 (1024 0 160 ) (1024 0 164.250000 ) (1024 16 164.250000 ) (1024 16 160 ) 
4 52 89 (1024 0 164.250000 ) (1024 0 176 ) (1024 16 176 ) (1024 16 164.250000 ) 
4 52 88 (1024 0 176 ) (1024 0 240 ) (1024 16 240 ) (1024 16 176 ) 
4 52 84 (1024 176 176 ) (1024 176 160 ) (1024 16 160 ) (1024 16 176 ) 
4 52 82 (1024 16 240 ) (1024 176 240 ) (1024 176 176 ) (1024 16 176 ) 
4 52 78 (1024 256 176 ) (1024 256 160 ) (1024 176 160 ) (1024 176 176 ) 
4 52 76 (1024 176 240 ) (1024 256 240 ) (1024 256 176 ) (1024 176 176 ) 
4 53 107 (1024 960 -8 ) (1024 960 0 ) (1024 1024 0 ) (1024 1024 -8 ) 
4 54 66 (0 2048 512 ) (0 2048 320 ) (0 1824 320 ) (0 1824 512 ) 
4 54 65 (0 2048 1792 ) (0 2048 512 ) (0 1824 512 ) (0 1824 1792 ) 
4 54 56 (1024 1824 320 ) (1024 1824 1792 ) (0 1824 1792 ) (0 1824 320 ) 
4 54 55 (224 1824 320 ) (0 1824 320 ) (0 2048 320 ) (224 2048 320 ) 
4 55 66 (0 2048 320 ) (0 2048 128 ) (0 1824 128 ) (0 1824 320 ) 
4 55 63 (0 1824 128 ) (0 2048 128 ) (224 2048 128 ) (224 1824 128 ) 
4 55 60 (0 1824 128 ) (224 1824 128 ) (224 1824 192 ) (0 1824 192 ) 
4 55 56 (224 1824 192 ) (224 1824 320 ) (0 1824 320 ) (0 1824 192 ) 
4 56 70 (1024 1024 192 ) (1024 1024 256 ) (0 1024 256 ) (0 1024 192 ) 
4 56 69 (1024 1024 256 ) (1024 1024 1792 ) (0 1024 1792 ) (0 1024 256 ) 
4 56 66 (0 1024 192 ) (0 1024 512 ) (0 1824 512 ) (0 1824 192 ) 
4 56 65 (0 1024 512 ) (0 1024 1792 ) (0 1824 1792 ) (0 1824 512 ) 
3 56 57 (288 1696 192 ) (256 1696 192 ) (256 1728 192 ) 
4 56 59 (1024 1696 192 ) (1024 1024 192 ) (256 1024 192 ) (256 1696 192 ) 
4 56 60 (0 1024 192 ) (0 1824 192 ) (256 1824 192 ) (256 1024 192 ) 
3 57 58 (288 1696 160 ) (256 1696 160 ) (256 1728 160 ) 
4 57 60 (256 1696 192 ) (256 1728 192 ) (256 1728 160 ) (256 1696 160 ) 
4 57 59 (256 1696 192 ) (256 1696 160 ) (288 1696 160 ) (288 1696 192 ) 
4 58 61 (256 1824 128 ) (1024 1824 128 ) (1024 1696 128 ) (256 1696 128 ) 
4 58 59 (256 1696 160 ) (256 1696 128 ) (1024 1696 128 ) (1024 1696 160 ) 
4 58 60 (256 1824 160 ) (256 1824 128 ) (256 1696 128 ) (256 1696 160 ) 
4 59 97 (1024 1024 128 ) (1024 1024 160 ) (256 1024 160 ) (256 1024 128 ) 
4 59 70 (1024 1024 160 ) (1024 1024 192 ) (256 1024 192 ) (256 1024 160 ) 
4 59 61 (1024 1696 128 ) (1024 1024 128 ) (256 1024 128 ) (256 1696 128 ) 
4 59 60 (256 1024 192 ) (256 1696 192 ) (256 1696 128 ) (256 1024 128 ) 
4 60 97 (0 1024 160 ) (0 1024 128 ) (256 1024 128 ) (256 1024 160 ) 
4 60 70 (256 1024 192 ) (0 1024 192 ) (0 1024 160 ) (256 1024 160 ) 
4 60 66 (0 1824 128 ) (0 1024 128 ) (0 1024 192 ) (0 1824 192 ) 
4 60 62 (224 1824 128 ) (256 1824 128 ) (256 1024 128 ) (224 1024 128 ) 
4 60 63 (0 1024 128 ) (0 1824 128 ) (224 1824 128 ) (224 1024 128 ) 
4 61 97 (1024 1024 0 ) (1024 1024 128 ) (256 1024 128 ) (256 1024 0 ) 
4 61 64 (1024 1024 0 ) (256 1024 0 ) (256 1344 0 ) (1024 1344 0 ) 
4 61 62 (256 1824 0 ) (256 1024 0 ) (256 1024 128 ) (256 1824 128 ) 
4 62 97 (256 1024 128 ) (224 1024 128 ) (224 1024 0 ) (256 1024 0 ) 
4 62 64 (256 1024 0 ) (224 1024 0 ) (224 1344 0 ) (256 1344 0 ) 
4 62 63 (224 1824 0 ) (224 1024 0 ) (224 1024 128 ) (224 1824 128 ) 
4 63 97 (224 1024 128 ) (0 1024 128 ) (0 1024 0 ) (224 1024 0 ) 
4 63 66 (0 2048 128 ) (0 2048 0 ) (0 1024 0 ) (0 1024 128 ) 
4 63 64 (224 1024 0 ) (0 1024 0 ) (0 1344 0 ) (224 1344 0 ) 
4 64 107 (1024 1024 -8 ) (1024 1024 0 ) (0 1024 0 ) (0 1024 -8 ) 
4 64 68 (0 1344 -8 ) (0 1024 -8 ) (0 1024 0 ) (0 1344 0 ) 
4 65 108 (0 1024 512 ) (0 1024 1792 ) (-128 1024 1792 ) (-128 1024 512 ) 
4 65 67 (-128 1024 512 ) (-128 1024 1792 ) (-128 2048 1792 ) (-128 2048 512 ) 
4 65 66 (-128 1024 512 ) (-128 2048 512 ) (0 2048 512 ) (0 1024 512 ) 
4 66 109 (0 1024 0 ) (0 1024 512 ) (-128 1024 512 ) (-128 1024 0 ) 
4 66 68 (0 1024 0 ) (-128 1024 0 ) (-128 1344 0 ) (0 1344 0 ) 
4 66 67 (-128 2048 0 ) (-128 1024 0 ) (-128 1024 512 ) (-128 2048 512 ) 
4 67 308 (-1024 1024 0 ) (-1024 1024 1792 ) (-1024 2048 1792 ) (-1024 2048 0 ) 
4 67 112 (-512 1024 1792 ) (-1024 1024 1792 ) (-1024 1024 0 ) (-512 1024 0 ) 
4 67 110 (-128 1024 1792 ) (-512 1024 1792 ) (-512 1024 0 ) (-128 1024 0 ) 
4 67 68 (-128 1024 0 ) (-1024 1024 0 ) (-1024 1344 0 ) (-128 1344 0 ) 
4 68 312 (-1024 1024 -8 ) (-1024 1024 0 ) (-1024 1344 0 ) (-1024 1344 -8 ) 
4 68 119 (0 1024 -8 ) (0 1024 0 ) (-1024 1024 0 ) (-1024 1024 -8 ) 
4 69 111 (0 512 256 ) (0 496 256 ) (0 496 1792 ) (0 512 1792 ) 
4 69 109 (0 1024 512 ) (0 1024 256 ) (0 512 256 ) (0 512 512 ) 
4 69 108 (0 1024 1792 ) (0 1024 512 ) (0 512 512 ) (0 512 1792 ) 
4 69 71 (0 496 1792 ) (0 496 256 ) (1024 496 256 ) (1024 496 1792 ) 
4 69 70 (0 512 256 ) (0 1024 256 ) (1024 1024 256 ) (1024 512 256 ) 
4 70 109 (0 1024 256 ) (0 1024 160 ) (0 512 160 ) (0 512 256 ) 
4 70 97 (0 1024 160 ) (1024 1024 160 ) (1024 512 160 ) (0 512 160 ) 
4 71 113 (0 256 256 ) (0 256 1792 ) (0 496 1792 ) (0 496 256 ) 
4 71 75 (1024 256 288 ) (1024 256 1792 ) (0 256 1792 ) (0 256 288 ) 
4 72 114 (0 256 176 ) (0 256 240 ) (0 496 240 ) (0 496 176 ) 
4 72 76 (1024 256 176 ) (1024 256 240 ) (400 256 240 ) (400 256 176 ) 
4 72 77 (176 256 240 ) (0 256 240 ) (0 256 176 ) (176 256 176 ) 
4 72 73 (1024 256 176 ) (960 256 176 ) (960 496 176 ) (1024 496 176 ) 
4 72 74 (640 256 176 ) (0 256 176 ) (0 496 176 ) (640 496 176 ) 
4 73 99 (1024 496 160 ) (1024 256 160 ) (976 256 160 ) (976 496 160 ) 
4 73 78 (960 256 160 ) (1024 256 160 ) (1024 256 176 ) (960 256 176 ) 
4 74 114 (0 496 160 ) (0 256 160 ) (0 256 176 ) (0 496 176 ) 
4 74 101 (0 272 160 ) (0 496 160 ) (624 496 160 ) (624 272 160 ) 
4 75 127 (0 176 288 ) (0 176 1792 ) (0 256 1792 ) (0 256 288 ) 
4 75 81 (0 176 1792 ) (0 176 288 ) (1024 176 288 ) (1024 176 1792 ) 
4 76 82 (400 176 176 ) (1024 176 176 ) (1024 176 240 ) (400 176 240 ) 
4 76 80 (672 176 176 ) (608 176 176 ) (608 208 176 ) (672 208 176 ) 
4 76 79 (832 176 176 ) (768 176 176 ) (768 208 176 ) (832 208 176 ) 
4 76 78 (1024 176 176 ) (960 176 176 ) (960 256 176 ) (1024 256 176 ) 
4 77 128 (0 176 176 ) (0 176 240 ) (0 256 240 ) (0 256 176 ) 
4 77 83 (0 176 240 ) (0 176 176 ) (176 176 176 ) (176 176 240 ) 
4 78 102 (1024 256 160 ) (1024 176 160 ) (976 176 160 ) (976 256 160 ) 
4 78 84 (960 176 160 ) (1024 176 160 ) (1024 176 176 ) (960 176 176 ) 
4 79 103 (832 176 160 ) (768 176 160 ) (768 208 160 ) (832 208 160 ) 
4 80 103 (672 176 160 ) (608 176 160 ) (608 208 160 ) (672 208 160 ) 
4 81 135 (0 16 288 ) (0 16 1792 ) (0 176 1792 ) (0 176 288 ) 
4 81 87 (1024 16 288 ) (1024 16 1792 ) (0 16 1792 ) (0 16 288 ) 
4 82 92 (608 16 240 ) (400 16 240 ) (400 16 176 ) (608 16 176 ) 
4 82 88 (1024 16 176 ) (1024 16 240 ) (608 16 240 ) (608 16 176 ) 
4 82 86 (608 80 176 ) (608 112 176 ) (672 112 176 ) (672 80 176 ) 
4 82 85 (768 80 176 ) (768 112 176 ) (832 112 176 ) (832 80 176 ) 
4 82 84 (1024 16 176 ) (960 16 176 ) (960 176 176 ) (1024 176 176 ) 
4 83 137 (0 16 176 ) (0 16 240 ) (0 176 240 ) (0 176 176 ) 
4 83 93 (176 16 240 ) (0 16 240 ) (0 16 176 ) (176 16 176 ) 
4 84 102 (1024 176 160 ) (1024 16 160 ) (976 16 160 ) (976 176 160 ) 
4 84 94 (960 16 160 ) (1024 16 160 ) (1024 16 164.250000 ) (960 16 164.250000 ) 
4 84 89 (1024 16 164.250000 ) (1024 16 176 ) (960 16 176 ) (960 16 164.250000 ) 
4 85 103 (768 80 160 ) (768 112 160 ) (832 112 160 ) (832 80 160 ) 
4 86 103 (608 80 160 ) (608 112 160 ) (672 112 160 ) (672 80 160 ) 
4 87 190 (1024 0 288 ) (1024 0 1792 ) (0 0 1792 ) (0 0 288 ) 
4 87 146 (0 0 288 ) (0 0 1792 ) (0 16 1792 ) (0 16 288 ) 
4 88 191 (1024 0 176 ) (1024 0 240 ) (608 0 240 ) (608 0 176 ) 
4 88 92 (608 0 176 ) (608 0 240 ) (608 16 240 ) (608 16 176 ) 
4 88 90 (768 16 176 ) (832 16 176 ) (832 0 176 ) (768 0 176 ) 
4 88 91 (608 0 176 ) (608 16 176 ) (672 16 176 ) (672 0 176 ) 
4 88 89 (960 16 176 ) (1024 16 176 ) (1024 0 176 ) (960 0 176 ) 
4 89 194 (1024 0 164.250000 ) (1024 0 176 ) (960 0 176 ) (960 0 164.250000 ) 
4 89 94 (1024 0 164.250000 ) (960 0 164.250000 ) (960 16 164.250000 ) (1024 16 164.250000 ) 
4 90 195 (832 0 176 ) (768 0 176 ) (768 0 164.250000 ) (832 0 164.250000 ) 
4 90 95 (832 0 164.250000 ) (768 0 164.250000 ) (768 16 164.250000 ) (832 16 164.250000 ) 
4 91 196 (672 0 176 ) (608 0 176 ) (608 0 164.250000 ) (672 0 164.250000 ) 
4 91 96 (672 0 164.250000 ) (608 0 164.250000 ) (608 16 164.250000 ) (672 16 164.250000 ) 
4 92 191 (608 0 240 ) (400 0 240 ) (400 0 176 ) (608 0 176 ) 
4 93 193 (176 0 240 ) (0 0 240 ) (0 0 176 ) (176 0 176 ) 
4 93 147 (0 0 176 ) (0 0 240 ) (0 16 240 ) (0 16 176 ) 
4 94 197 (1024 0 160 ) (1024 0 164.250000 ) (960 0 164.250000 ) (960 0 160 ) 
4 94 102 (1024 16 160 ) (1024 0 160 ) (976 0 160 ) (976 16 160 ) 
4 95 201 (784 0 164.250000 ) (768 0 164.250000 ) (768 0 160 ) (784 0 160 ) 
4 95 199 (816 0 164.250000 ) (784 0 164.250000 ) (784 0 160 ) (816 0 160 ) 
4 95 198 (832 0 164.250000 ) (816 0 164.250000 ) (816 0 160 ) (832 0 160 ) 
4 95 103 (832 0 160 ) (768 0 160 ) (768 16 160 ) (832 16 160 ) 
4 96 205 (624 0 164.250000 ) (608 0 164.250000 ) (608 0 160 ) (624 0 160 ) 
4 96 203 (656 0 164.250000 ) (624 0 164.250000 ) (624 0 160 ) (656 0 160 ) 
4 96 202 (672 0 164.250000 ) (656 0 164.250000 ) (656 0 160 ) (672 0 160 ) 
4 96 103 (672 0 160 ) (608 0 160 ) (608 16 160 ) (672 16 160 ) 
4 97 109 (0 1024 160 ) (0 1024 0 ) (0 512 0 ) (0 512 160 ) 
4 97 107 (0 960 0 ) (0 1024 0 ) (1024 1024 0 ) (1024 960 0 ) 
4 97 98 (752 512 0 ) (848 512 0 ) (848 512 108 ) (752 512 108 ) 
4 98 100 (752 496 0 ) (848 496 0 ) (848 496 108 ) (752 496 108 ) 
4 99 102 (976 256 0 ) (1024 256 0 ) (1024 256 160 ) (976 256 160 ) 
4 100 103 (640 256 0 ) (960 256 0 ) (960 256 160 ) (640 256 160 ) 
4 101 115 (0 496 0 ) (0 272 0 ) (0 272 160 ) (0 496 160 ) 
4 102 210 (1024 0 0 ) (1024 0 160 ) (976 0 160 ) (976 0 0 ) 
4 103 211 (960 0 160 ) (448 0 160 ) (448 0 0 ) (960 0 0 ) 
4 104 105 (264 256 120 ) (264 256 0 ) (264 64 0 ) (264 64 120 ) 
4 105 212 (176 0 120 ) (176 0 0 ) (264 0 0 ) (264 0 120 ) 
4 106 213 (64 0 160 ) (0 0 160 ) (0 0 0 ) (64 0 0 ) 
4 106 151 (0 16 0 ) (0 0 0 ) (0 0 160 ) (0 16 160 ) 
4 106 143 (0 176 0 ) (0 16 0 ) (0 16 160 ) (0 176 160 ) 
4 106 133 (0 192 0 ) (0 176 0 ) (0 176 160 ) (0 192 160 ) 
4 106 131 (0 256 0 ) (0 192 0 ) (0 192 160 ) (0 256 160 ) 
4 107 119 (0 1024 0 ) (0 1024 -8 ) (0 960 -8 ) (0 960 0 ) 
4 108 111 (0 512 512 ) (0 512 1792 ) (-128 512 1792 ) (-128 512 512 ) 
4 108 110 (-128 512 512 ) (-128 512 1792 ) (-128 1024 1792 ) (-128 1024 512 ) 
4 108 109 (0 512 512 ) (-128 512 512 ) (-128 1024 512 ) (0 1024 512 ) 
4 109 119 (-128 1024 0 ) (0 1024 0 ) (0 960 0 ) (-128 960 0 ) 
4 109 111 (0 512 256 ) (0 512 512 ) (-128 512 512 ) (-128 512 256 ) 
4 109 110 (-128 1024 0 ) (-128 512 0 ) (-128 512 512 ) (-128 1024 512 ) 
4 110 119 (-512 1024 0 ) (-128 1024 0 ) (-128 960 0 ) (-512 960 0 ) 
4 110 112 (-512 1024 0 ) (-512 512 0 ) (-512 512 1792 ) (-512 1024 1792 ) 
4 110 111 (-512 512 1792 ) (-512 512 256 ) (-128 512 256 ) (-128 512 1792 ) 
4 111 117 (-496 496 1792 ) (-512 496 1792 ) (-512 496 256 ) (-496 496 256 ) 
4 111 113 (0 496 256 ) (0 496 1792 ) (-496 496 1792 ) (-496 496 256 ) 
4 111 112 (-512 496 256 ) (-512 496 1792 ) (-512 512 1792 ) (-512 512 256 ) 
4 112 313 (-1024 1024 1792 ) (-1024 1024 0 ) (-1024 496 0 ) (-1024 496 1792 ) 
3 112 126 (-998.463379 910.688416 0 ) (-986.367493 931.847595 0 ) (-965.079956 940.362610 0 ) 
3 112 125 (-935.891846 952.037842 0 ) (-922.649353 957.334839 0 ) (-918.867004 957.713135 0 ) 
3 112 124 (-922.649353 957.334839 0 ) (-915.986389 960 0 ) (-896 960 0 ) 
3 112 123 (-1009.578064 891.245667 0 ) (-997.529053 927.382996 0 ) (-986.367493 931.847595 0 ) 
3 112 122 (-1020.800537 857.587158 0 ) (-1012.839050 921.259033 0 ) (-997.529053 927.382996 0 ) 
3 112 121 (-1012.839050 921.259033 0 ) (-1007.994873 960 0 ) (-915.986389 960 0 ) 
3 112 120 (-1024 832 0 ) (-1024 960 0 ) (-1007.994873 960 0 ) 
4 112 119 (-1024 960 0 ) (-1024 1024 0 ) (-512 1024 0 ) (-512 960 0 ) 
4 112 118 (-1024 496 1792 ) (-1024 496 0 ) (-512 496 0 ) (-512 496 1792 ) 
4 113 127 (0 256 288 ) (0 256 1792 ) (-496 256 1792 ) (-496 256 288 ) 
4 113 117 (-496 496 1792 ) (-496 496 256 ) (-496 256 256 ) (-496 256 1792 ) 
4 114 128 (0 256 176 ) (0 256 240 ) (-496 256 240 ) (-496 256 176 ) 
4 114 115 (-208 272 160 ) (-208 496 160 ) (0 496 160 ) (0 272 160 ) 
4 114 116 (-208 256 160 ) (-496 256 160 ) (-496 496 160 ) (-208 496 160 ) 
4 115 116 (-208 272 160 ) (-208 496 160 ) (-208 496 0 ) (-208 272 0 ) 
4 116 132 (-496 256 0 ) (-224 256 0 ) (-224 256 160 ) (-496 256 160 ) 
4 117 129 (-496 256 288 ) (-496 256 1792 ) (-512 256 1792 ) (-512 256 288 ) 
4 117 118 (-512 256 1792 ) (-512 496 1792 ) (-512 496 256 ) (-512 256 256 ) 
4 118 313 (-1024 256 0 ) (-1024 256 1792 ) (-1024 496 1792 ) (-1024 496 0 ) 
4 118 134 (-1024 256 160 ) (-1024 256 0 ) (-512 256 0 ) (-512 256 160 ) 
4 118 130 (-1024 256 1792 ) (-1024 256 160 ) (-512 256 160 ) (-512 256 1792 ) 
4 119 313 (-1024 960 -8 ) (-1024 960 0 ) (-1024 1024 0 ) (-1024 1024 -8 ) 
4 119 124 (-896 960 0 ) (-915.986450 960 0 ) (-915.988037 960 -8 ) (-896 960 -8 ) 
4 119 121 (-915.986450 960 0 ) (-1007.994873 960 0 ) (-1007.994873 960 -8 ) (-915.988037 960 -8 ) 
4 119 120 (-1007.994873 960 0 ) (-1024 960 0 ) (-1024 960 -8 ) (-1007.994873 960 -8 ) 
4 120 313 (-1024 832 -8 ) (-1024 832 0 ) (-1024 960 0 ) (-1024 960 -8 ) 
4 120 122 (-1012.839294 921.258911 0 ) (-1020.800964 857.585632 0 ) (-1020.801025 857.585449 -8 ) (-1012.839233 921.259583 -8 ) 
4 120 121 (-1007.995117 960 -8 ) (-1007.995117 960 0 ) (-1012.839294 921.258911 0 ) (-1012.839233 921.259583 -8 ) 
4 121 126 (-986.368164 931.846497 -8 ) (-965.081177 940.361389 -8 ) (-965.082947 940.359985 0 ) (-986.368591 931.845642 0 ) 
4 121 125 (-935.886963 952.039185 -8 ) (-922.647461 957.335022 -8 ) (-922.645325 957.335144 0 ) (-935.873413 952.043884 0 ) 
4 121 124 (-922.647461 957.335022 -8 ) (-915.985046 960 -8 ) (-915.983337 960 0 ) (-922.645325 957.335144 0 ) 
4 121 123 (-997.529419 927.381958 -8 ) (-986.368164 931.846497 -8 ) (-986.368591 931.845642 0 ) (-997.529663 927.381165 0 ) 
4 121 122 (-1012.837891 921.257813 0 ) (-1012.837830 921.258545 -8 ) (-997.529419 927.381958 -8 ) (-997.529663 927.381165 0 ) 
4 122 123 (-1009.578613 891.244568 -8 ) (-997.528137 927.385498 -8 ) (-997.528320 927.384766 0 ) (-1009.578430 891.244995 0 ) 
4 123 126 (-998.464355 910.687378 -8 ) (-986.366577 931.850525 -8 ) (-986.367004 931.849670 0 ) (-998.464233 910.687561 0 ) 
4 124 125 (-922.652588 957.334473 0 ) (-922.654846 957.334229 -8 ) (-918.865784 957.713196 -8 ) (-918.866882 957.713074 0 ) 
4 127 135 (0 176 288 ) (0 176 1792 ) (-496 176 1792 ) (-496 176 288 ) 
4 127 129 (-496 256 1792 ) (-496 256 288 ) (-496 176 288 ) (-496 176 1792 ) 
4 128 137 (0 176 176 ) (0 176 240 ) (-496 176 240 ) (-496 176 176 ) 
4 129 135 (-496 176 288 ) (-496 176 1792 ) (-512 176 1792 ) (-512 176 288 ) 
4 129 130 (-512 176 288 ) (-512 176 1792 ) (-512 256 1792 ) (-512 256 288 ) 
4 130 313 (-1024 176 160 ) (-1024 176 1792 ) (-1024 256 1792 ) (-1024 256 160 ) 
4 130 142 (-1024 176 168 ) (-1024 176 160 ) (-512 176 160 ) (-512 176 168 ) 
4 130 138 (-1024 176 240 ) (-1024 176 168 ) (-512 176 168 ) (-512 176 240 ) 
4 130 136 (-1024 176 288 ) (-1024 176 240 ) (-512 176 240 ) (-512 176 288 ) 
4 130 135 (-1024 176 1792 ) (-1024 176 288 ) (-512 176 288 ) (-512 176 1792 ) 
4 130 134 (-512 176 160 ) (-1024 176 160 ) (-1024 256 160 ) (-512 256 160 ) 
4 131 133 (-208 192 0 ) (0 192 0 ) (0 192 160 ) (-208 192 160 ) 
4 133 143 (0 176 0 ) (0 176 160 ) (-208 176 160 ) (-208 176 0 ) 
4 134 313 (-1024 176 0 ) (-1024 176 160 ) (-1024 256 160 ) (-1024 256 0 ) 
4 134 145 (-512 176 160 ) (-1024 176 160 ) (-1024 176 0 ) (-512 176 0 ) 
4 135 313 (-1024 16 288 ) (-1024 16 1792 ) (-1024 176 1792 ) (-1024 176 288 ) 
4 135 148 (-512 16 288 ) (-496 16 288 ) (-496 16 1792 ) (-512 16 1792 ) 
4 135 149 (-1024 16 1792 ) (-1024 16 288 ) (-512 16 288 ) (-512 16 1792 ) 
4 135 146 (-496 16 288 ) (0 16 288 ) (0 16 1792 ) (-496 16 1792 ) 
4 135 136 (-512 16 288 ) (-1024 16 288 ) (-1024 176 288 ) (-512 176 288 ) 
4 136 313 (-1024 16 240 ) (-1024 16 288 ) (-1024 176 288 ) (-1024 176 240 ) 
4 136 149 (-1024 16 288 ) (-1024 16 240 ) (-512 16 240 ) (-512 16 288 ) 
4 136 138 (-512 16 240 ) (-1024 16 240 ) (-1024 176 240 ) (-512 176 240 ) 
4 137 147 (0 16 176 ) (0 16 240 ) (-496 16 240 ) (-496 16 176 ) 
4 138 313 (-1024 16 168 ) (-1024 16 240 ) (-1024 176 240 ) (-1024 176 168 ) 
4 138 149 (-1024 16 240 ) (-1024 16 168 ) (-512 16 168 ) (-512 16 240 ) 
4 138 142 (-512 16 168 ) (-1024 16 168 ) (-1024 176 168 ) (-512 176 168 ) 
4 139 143 (-128 64 160 ) (-128 128 160 ) (-64 128 160 ) (-64 64 160 ) 
4 140 143 (-288 64 160 ) (-288 128 160 ) (-224 128 160 ) (-224 64 160 ) 
4 141 143 (-416 64 160 ) (-416 128 160 ) (-352 128 160 ) (-352 64 160 ) 
4 142 313 (-1024 16 160 ) (-1024 16 168 ) (-1024 176 168 ) (-1024 176 160 ) 
4 142 150 (-1024 16 164.250000 ) (-1024 16 160 ) (-512 16 160 ) (-512 16 164.250000 ) 
4 142 149 (-1024 16 168 ) (-1024 16 164.250000 ) (-512 16 164.250000 ) (-512 16 168 ) 
4 142 145 (-512 16 160 ) (-1024 16 160 ) (-1024 176 160 ) (-512 176 160 ) 
4 143 151 (-208 16 0 ) (0 16 0 ) (0 16 160 ) (-208 16 160 ) 
4 143 144 (-496 144 0 ) (-496 48 0 ) (-496 48 108 ) (-496 144 108 ) 
4 144 145 (-512 144 0 ) (-512 48 0 ) (-512 48 108 ) (-512 144 108 ) 
4 145 313 (-1024 16 0 ) (-1024 16 160 ) (-1024 176 160 ) (-1024 176 0 ) 
4 145 152 (-1024 16 160 ) (-1024 16 0 ) (-512 16 0 ) (-512 16 160 ) 
4 146 243 (0 0 288 ) (0 0 1792 ) (-496 0 1792 ) (-496 0 288 ) 
4 146 148 (-496 16 1792 ) (-496 16 288 ) (-496 0 288 ) (-496 0 1792 ) 
4 147 244 (0 0 176 ) (0 0 240 ) (-496 0 240 ) (-496 0 176 ) 
4 148 245 (-496 0 288 ) (-496 0 1792 ) (-512 0 1792 ) (-512 0 288 ) 
4 148 149 (-512 0 288 ) (-512 0 1792 ) (-512 16 1792 ) (-512 16 288 ) 
4 149 313 (-1024 0 164.250000 ) (-1024 0 1792 ) (-1024 16 1792 ) (-1024 16 164.250000 ) 
4 149 246 (-1024 0 1792 ) (-1024 0 164.250000 ) (-512 0 164.250000 ) (-512 0 1792 ) 
4 149 150 (-1024 16 164.250000 ) (-512 16 164.250000 ) (-512 0 164.250000 ) (-1024 0 164.250000 ) 
4 150 313 (-1024 0 160 ) (-1024 0 164.250000 ) (-1024 16 164.250000 ) (-1024 16 160 ) 
4 150 248 (-512 0 164.250000 ) (-1024 0 164.250000 ) (-1024 0 160 ) (-512 0 160 ) 
4 150 152 (-512 0 160 ) (-1024 0 160 ) (-1024 16 160 ) (-512 16 160 ) 
4 151 249 (0 0 0 ) (0 0 160 ) (-208 0 160 ) (-208 0 0 ) 
4 152 313 (-1024 0 0 ) (-1024 0 160 ) (-1024 16 160 ) (-1024 16 0 ) 
4 152 256 (-512 0 160 ) (-1024 0 160 ) (-1024 0 0 ) (-512 0 0 ) 
4 153 156 (3136 -1024 0 ) (3136 -1024 1792 ) (3072 -1024 1792 ) (3072 -1024 0 ) 
4 153 154 (3072 0 1792 ) (3072 0 0 ) (3072 -1024 0 ) (3072 -1024 1792 ) 
4 154 163 (2048 -960 0 ) (2048 -1024 0 ) (2048 -1024 1792 ) (2048 -960 1792 ) 
4 154 162 (2048 0 1792 ) (2048 0 0 ) (2048 -960 0 ) (2048 -960 1792 ) 
4 154 158 (2176 -1024 1792 ) (2048 -1024 1792 ) (2048 -1024 0 ) (2176 -1024 0 ) 
4 154 157 (3072 -1024 0 ) (3072 -1024 1792 ) (2176 -1024 1792 ) (2176 -1024 0 ) 
4 154 155 (2176 -960 0 ) (2176 -1024 0 ) (2048 -1024 0 ) (2048 -960 0 ) 
4 155 163 (2048 -1024 -8 ) (2048 -1024 0 ) (2048 -960 0 ) (2048 -960 -8 ) 
4 155 158 (2176 -1024 -8 ) (2176 -1024 0 ) (2048 -1024 0 ) (2048 -1024 -8 ) 
4 156 159 (3136 -2048 0 ) (3136 -2048 1792 ) (3072 -2048 1792 ) (3072 -2048 0 ) 
4 156 157 (3072 -1024 1792 ) (3072 -1024 0 ) (3072 -2048 0 ) (3072 -2048 1792 ) 
4 157 160 (3072 -2048 0 ) (3072 -2048 1792 ) (2176 -2048 1792 ) (2176 -2048 0 ) 
4 157 158 (2176 -2048 0 ) (2176 -2048 1792 ) (2176 -1024 1792 ) (2176 -1024 0 ) 
4 158 174 (2048 -2048 -8 ) (2048 -2048 1792 ) (2048 -1024 1792 ) (2048 -1024 -8 ) 
4 158 161 (2176 -2048 -8 ) (2176 -2048 0 ) (2048 -2048 0 ) (2048 -2048 -8 ) 
4 158 160 (2176 -2048 0 ) (2176 -2048 1792 ) (2048 -2048 1792 ) (2048 -2048 0 ) 
4 159 160 (3072 -2048 1792 ) (3072 -2048 0 ) (3072 -3072 0 ) (3072 -3072 1792 ) 
4 160 287 (2048 -3072 0 ) (2048 -3072 1792 ) (2048 -2048 1792 ) (2048 -2048 0 ) 
4 160 161 (2048 -3072 0 ) (2048 -2048 0 ) (2176 -2048 0 ) (2176 -3072 0 ) 
4 161 288 (2048 -3072 -8 ) (2048 -3072 0 ) (2048 -2048 0 ) (2048 -2048 -8 ) 
4 162 170 (1248 -512 0 ) (1248 -960 0 ) (1248 -960 1280 ) (1248 -512 1280 ) 
4 162 169 (1248 -960 1280 ) (1248 -960 1792 ) (1248 -512 1792 ) (1248 -512 1280 ) 
4 162 168 (1248 -512 256 ) (1248 -512 1792 ) (1248 -496 1792 ) (1248 -496 256 ) 
4 162 166 (1248 -496 256 ) (1248 -496 1792 ) (1248 -256 1792 ) (1248 -256 256 ) 
4 162 164 (1248 0 1792 ) (1248 0 288 ) (1248 -256 288 ) (1248 -256 1792 ) 
4 162 163 (1248 -960 1792 ) (1248 -960 0 ) (2048 -960 0 ) (2048 -960 1792 ) 
4 163 184 (1248 -1024 0 ) (1248 -1024 -8 ) (1435.587646 -1024 -8 ) (1435.587402 -1024 0 ) 
4 163 182 (1435.587646 -1024 -8 ) (1620.736572 -1024 -8 ) (1620.735474 -1024 0 ) (1435.587402 -1024 0 ) 
4 163 181 (1620.736572 -1024 -8 ) (1648.083252 -1024 -8 ) (1648.083740 -1024 0 ) (1620.735474 -1024 0 ) 
4 163 180 (1648.083252 -1024 -8 ) (1792 -1024 -8 ) (1792 -1024 0 ) (1648.083740 -1024 0 ) 
4 163 175 (1792 -1024 1792 ) (1248 -1024 1792 ) (1248 -1024 0 ) (1792 -1024 0 ) 
4 163 174 (2048 -1024 -8 ) (2048 -1024 1792 ) (1792 -1024 1792 ) (1792 -1024 -8 ) 
4 163 172 (1248 -1024 -8 ) (1248 -1024 0 ) (1248 -960 0 ) (1248 -960 -8 ) 
4 163 170 (1248 -1024 0 ) (1248 -1024 1280 ) (1248 -960 1280 ) (1248 -960 0 ) 
4 163 169 (1248 -1024 1280 ) (1248 -1024 1792 ) (1248 -960 1792 ) (1248 -960 1280 ) 
4 164 190 (1024 0 1792 ) (1024 0 288 ) (1024 -256 288 ) (1024 -256 1792 ) 
4 164 166 (1024 -256 1792 ) (1024 -256 288 ) (1248 -256 288 ) (1248 -256 1792 ) 
4 165 218 (1024 -80 0 ) (1024 -256 0 ) (1024 -256 160 ) (1024 -80 160 ) 
4 165 215 (1024 -64 0 ) (1024 -80 0 ) (1024 -80 108 ) (1024 -64 108 ) 
4 165 214 (1024 -80 108 ) (1024 -80 160 ) (1024 -64 160 ) (1024 -64 108 ) 
4 165 210 (1024 0 160 ) (1024 0 0 ) (1024 -64 0 ) (1024 -64 160 ) 
4 165 197 (1024 0 164.250000 ) (1024 0 160 ) (1024 -256 160 ) (1024 -256 164.250000 ) 
4 165 194 (1024 0 176 ) (1024 0 164.250000 ) (1024 -256 164.250000 ) (1024 -256 176 ) 
4 165 191 (1024 0 240 ) (1024 0 176 ) (1024 -256 176 ) (1024 -256 240 ) 
4 165 167 (1024 -256 240 ) (1024 -256 0 ) (1232 -256 0 ) (1232 -256 240 ) 
4 166 230 (1024 -496 256 ) (1024 -496 1792 ) (1024 -272 1792 ) (1024 -272 256 ) 
4 166 224 (1024 -272 1792 ) (1024 -256 1792 ) (1024 -256 256 ) (1024 -272 256 ) 
4 166 168 (1248 -496 256 ) (1248 -496 1792 ) (1024 -496 1792 ) (1024 -496 256 ) 
4 167 236 (1024 -496 0 ) (1024 -496 128 ) (1024 -272 128 ) (1024 -272 0 ) 
4 167 232 (1024 -496 128 ) (1024 -496 176 ) (1024 -272 176 ) (1024 -272 128 ) 
4 167 231 (1024 -496 176 ) (1024 -496 240 ) (1024 -272 240 ) (1024 -272 176 ) 
4 167 227 (1024 -256 108 ) (1024 -256 0 ) (1024 -272 0 ) (1024 -272 108 ) 
4 167 226 (1024 -256 160 ) (1024 -256 108 ) (1024 -272 108 ) (1024 -272 160 ) 
4 167 225 (1024 -272 240 ) (1024 -256 240 ) (1024 -256 160 ) (1024 -272 160 ) 
4 168 240 (1024 -512 256 ) (1024 -512 1792 ) (1024 -496 1792 ) (1024 -496 256 ) 
4 168 170 (1216 -512 256 ) (1248 -512 256 ) (1248 -512 1280 ) (1216 -512 1280 ) 
4 168 169 (1248 -512 1280 ) (1248 -512 1792 ) (1216 -512 1792 ) (1216 -512 1280 ) 
4 168 171 (1024 -512 1792 ) (1024 -512 256 ) (1216 -512 256 ) (1216 -512 1792 ) 
4 169 176 (1248 -1024 1280 ) (1248 -1024 1792 ) (1216 -1024 1792 ) (1216 -1024 1280 ) 
4 169 171 (1216 -1024 1280 ) (1216 -1024 1792 ) (1216 -512 1792 ) (1216 -512 1280 ) 
4 169 170 (1216 -1024 1280 ) (1216 -512 1280 ) (1248 -512 1280 ) (1248 -1024 1280 ) 
4 170 177 (1248 -1024 0 ) (1248 -1024 1280 ) (1216 -1024 1280 ) (1216 -1024 0 ) 
4 170 172 (1248 -960 0 ) (1248 -1024 0 ) (1216 -1024 0 ) (1216 -960 0 ) 
4 170 171 (1216 -512 0 ) (1216 -1024 0 ) (1216 -1024 1280 ) (1216 -512 1280 ) 
4 171 241 (1024 -1024 0 ) (1024 -1024 1792 ) (1024 -512 1792 ) (1024 -512 0 ) 
4 171 179 (1216 -1024 1792 ) (1024 -1024 1792 ) (1024 -1024 0 ) (1216 -1024 0 ) 
4 171 173 (1024 -1024 0 ) (1024 -960 0 ) (1216 -960 0 ) (1216 -1024 0 ) 
4 172 185 (1248 -1024 -8 ) (1248 -1024 0 ) (1216 -1024 0 ) (1216 -1024 -8 ) 
4 172 173 (1216 -960 0 ) (1216 -960 -8 ) (1216 -1024 -8 ) (1216 -1024 0 ) 
4 173 242 (1024 -1024 -8 ) (1024 -1024 0 ) (1024 -960 0 ) (1024 -960 -8 ) 
4 173 186 (1216 -1024 0 ) (1024 -1024 0 ) (1024 -1024 -8 ) (1216 -1024 -8 ) 
4 174 288 (2048 -2048 -8 ) (2048 -2048 0 ) (1792 -2048 0 ) (1792 -2048 -8 ) 
4 174 287 (2048 -2048 0 ) (2048 -2048 1792 ) (1792 -2048 1792 ) (1792 -2048 0 ) 
4 174 183 (1792 -1456.005371 -8 ) (1792 -1472 -8 ) (1792 -1472 0 ) (1792 -1456.004150 0 ) 
4 174 180 (1792 -1024 0 ) (1792 -1024 -8 ) (1792 -1456.005371 -8 ) (1792 -1456.004150 0 ) 
4 174 175 (1792 -1024 1792 ) (1792 -1024 0 ) (1792 -2048 0 ) (1792 -2048 1792 ) 
4 175 287 (1792 -2048 0 ) (1792 -2048 1792 ) (1248 -2048 1792 ) (1248 -2048 0 ) 
3 175 189 (1664 -1344 0 ) (1679.993042 -1344 0 ) (1689.590210 -1347.200073 0 ) 
3 175 188 (1736.849976 -1362.958130 0 ) (1742.707642 -1369.548706 0 ) (1723.251953 -1358.424072 0 ) 
3 175 187 (1720 -1344 0 ) (1736.849976 -1362.958130 0 ) (1679.993042 -1344 0 ) 
4 175 184 (1248 -1024 0 ) (1435.587402 -1024 0 ) (1720 -1344 0 ) (1248 -1344 0 ) 
3 175 183 (1789.708618 -1449.125977 0 ) (1792 -1456.004150 0 ) (1792 -1472 0 ) 
3 175 182 (1435.587402 -1024 0 ) (1620.735474 -1024 0 ) (1772.346436 -1402.895996 0 ) 
3 175 181 (1620.735474 -1024 0 ) (1648.083740 -1024 0 ) (1784.059937 -1432.169678 0 ) 
3 175 180 (1648.083740 -1024 0 ) (1792 -1024 0 ) (1792 -1456.004150 0 ) 
4 175 177 (1248 -1024 0 ) (1248 -1552 0 ) (1248 -1552 1280 ) (1248 -1024 1280 ) 
4 175 176 (1248 -1552 1280 ) (1248 -1552 1792 ) (1248 -1024 1792 ) (1248 -1024 1280 ) 
4 175 178 (1248 -1552 0 ) (1248 -2048 0 ) (1248 -2048 1792 ) (1248 -1552 1792 ) 
4 176 178 (1216 -1552 1792 ) (1216 -1552 1280 ) (1248 -1552 1280 ) (1248 -1552 1792 ) 
4 176 179 (1216 -1552 1280 ) (1216 -1552 1792 ) (1216 -1024 1792 ) (1216 -1024 1280 ) 
4 176 177 (1248 -1552 1280 ) (1216 -1552 1280 ) (1216 -1024 1280 ) (1248 -1024 1280 ) 
4 177 185 (1216 -1024 0 ) (1248 -1024 0 ) (1248 -1344 0 ) (1216 -1344 0 ) 
4 177 178 (1216 -1552 1280 ) (1216 -1552 0 ) (1248 -1552 0 ) (1248 -1552 1280 ) 
4 177 179 (1216 -1024 0 ) (1216 -1552 0 ) (1216 -1552 1280 ) (1216 -1024 1280 ) 
4 178 287 (1248 -2048 1792 ) (1216 -2048 1792 ) (1216 -2048 0 ) (1248 -2048 0 ) 
4 178 179 (1216 -1552 0 ) (1216 -2048 0 ) (1216 -2048 1792 ) (1216 -1552 1792 ) 
4 179 287 (1216 -2048 1792 ) (1024 -2048 1792 ) (1024 -2048 0 ) (1216 -2048 0 ) 
4 179 279 (1024 -2048 0 ) (1024 -2048 128 ) (1024 -1024 128 ) (1024 -1024 0 ) 
4 179 278 (1024 -2048 128 ) (1024 -2048 1792 ) (1024 -1024 1792 ) (1024 -1024 128 ) 
4 179 186 (1024 -1344 0 ) (1024 -1024 0 ) (1216 -1024 0 ) (1216 -1344 0 ) 
4 180 183 (1789.708130 -1449.120239 -8 ) (1792 -1456 -8 ) (1792 -1456.003906 0 ) (1789.708618 -1449.125732 0 ) 
4 180 181 (1648.085205 -1024 -8 ) (1784.063232 -1432.175537 -8 ) (1784.060547 -1432.171631 0 ) (1648.083862 -1024 0 ) 
4 181 182 (1620.736328 -1024 -8 ) (1772.345947 -1402.895386 -8 ) (1772.344116 -1402.893188 0 ) (1620.734375 -1024 0 ) 
4 182 188 (1736.853882 -1362.959351 -8 ) (1742.713257 -1369.552002 -8 ) (1742.713013 -1369.551758 0 ) (1736.853638 -1362.959229 0 ) 
4 182 187 (1720.002930 -1344 -8 ) (1736.853882 -1362.959351 -8 ) (1736.853638 -1362.959229 0 ) (1720.002808 -1344 0 ) 
4 182 184 (1435.589966 -1024 -8 ) (1720.002930 -1344 -8 ) (1720.002808 -1344 0 ) (1435.589966 -1024 0 ) 
4 184 189 (1664 -1344 -8 ) (1679.993042 -1344 -8 ) (1679.993164 -1344 0 ) (1664 -1344 0 ) 
4 184 187 (1679.993042 -1344 -8 ) (1720 -1344 -8 ) (1720 -1344 0 ) (1679.993164 -1344 0 ) 
4 184 185 (1248 -1024 -8 ) (1248 -1344 -8 ) (1248 -1344 0 ) (1248 -1024 0 ) 
4 185 186 (1216 -1024 -8 ) (1216 -1344 -8 ) (1216 -1344 0 ) (1216 -1024 0 ) 
4 186 282 (1024 -1344 0 ) (1024 -1024 0 ) (1024 -1024 -8 ) (1024 -1344 -8 ) 
4 187 189 (1679.990234 -1344 0 ) (1679.990234 -1344 -8 ) (1689.585449 -1347.199463 -8 ) (1689.585571 -1347.199463 0 ) 
4 187 188 (1723.256592 -1358.426758 -8 ) (1736.851563 -1362.959839 -8 ) (1736.851318 -1362.959717 0 ) (1723.256470 -1358.426636 0 ) 
4 190 243 (0 0 1792 ) (0 0 288 ) (0 -256 288 ) (0 -256 1792 ) 
4 190 224 (1024 -256 288 ) (1024 -256 1792 ) (0 -256 1792 ) (0 -256 288 ) 
4 191 225 (1024 -256 176 ) (1024 -256 240 ) (400 -256 240 ) (400 -256 176 ) 
4 191 196 (608 -16 176 ) (608 0 176 ) (672 0 176 ) (672 -16 176 ) 
4 191 195 (768 -16 176 ) (768 0 176 ) (832 0 176 ) (832 -16 176 ) 
4 191 194 (1024 -256 176 ) (960 -256 176 ) (960 0 176 ) (1024 0 176 ) 
4 191 192 (400 -64 176 ) (400 -256 176 ) (400 -256 240 ) (400 -64 240 ) 
4 192 225 (400 -256 240 ) (176 -256 240 ) (176 -256 176 ) (400 -256 176 ) 
4 192 193 (176 -64 176 ) (176 -256 176 ) (176 -256 240 ) (176 -64 240 ) 
4 193 244 (0 0 240 ) (0 0 176 ) (0 -256 176 ) (0 -256 240 ) 
4 193 225 (176 -256 240 ) (0 -256 240 ) (0 -256 176 ) (176 -256 176 ) 
4 194 225 (1024 -256 164.250000 ) (1024 -256 176 ) (960 -256 176 ) (960 -256 164.250000 ) 
4 194 197 (1024 -256 164.250000 ) (960 -256 164.250000 ) (960 0 164.250000 ) (1024 0 164.250000 ) 
4 195 201 (768 -16 164.250000 ) (768 0 164.250000 ) (784 0 164.250000 ) (784 -16 164.250000 ) 
4 195 199 (784 0 164.250000 ) (816 0 164.250000 ) (816 -16 164.250000 ) (784 -16 164.250000 ) 
4 195 198 (816 0 164.250000 ) (832 0 164.250000 ) (832 -16 164.250000 ) (816 -16 164.250000 ) 
4 196 205 (608 -16 164.250000 ) (608 0 164.250000 ) (624 0 164.250000 ) (624 -16 164.250000 ) 
4 196 203 (624 0 164.250000 ) (656 0 164.250000 ) (656 -16 164.250000 ) (624 -16 164.250000 ) 
4 196 202 (656 0 164.250000 ) (672 0 164.250000 ) (672 -16 164.250000 ) (656 -16 164.250000 ) 
4 197 225 (1024 -256 160 ) (1024 -256 164.250000 ) (960 -256 164.250000 ) (960 -256 160 ) 
4 197 218 (1024 -256 160 ) (976 -256 160 ) (976 -80 160 ) (1024 -80 160 ) 
4 197 214 (960 -80 160 ) (960 -64 160 ) (1024 -64 160 ) (1024 -80 160 ) 
4 197 210 (976 0 160 ) (1024 0 160 ) (1024 -64 160 ) (976 -64 160 ) 
4 198 211 (816 -16 160 ) (816 0 160 ) (832 0 160 ) (832 -16 160 ) 
4 198 199 (816 0 160 ) (816 -16 160 ) (816 -16 164.250000 ) (816 0 164.250000 ) 
4 199 211 (784 -16 160 ) (784 0 160 ) (816 0 160 ) (816 -16 160 ) 
4 199 201 (784 0 160 ) (784 -16 160 ) (784 -16 164.250000 ) (784 0 164.250000 ) 
4 200 223 (784 -200 160 ) (784 -136 160 ) (816 -136 160 ) (816 -200 160 ) 
4 201 211 (768 -16 160 ) (768 0 160 ) (784 0 160 ) (784 -16 160 ) 
4 202 211 (656 -16 160 ) (656 0 160 ) (672 0 160 ) (672 -16 160 ) 
4 202 203 (656 0 160 ) (656 -16 160 ) (656 -16 164.250000 ) (656 0 164.250000 ) 
4 203 211 (624 -16 160 ) (624 0 160 ) (656 0 160 ) (656 -16 160 ) 
4 203 205 (624 0 160 ) (624 -16 160 ) (624 -16 164.250000 ) (624 0 164.250000 ) 
4 204 223 (624 -200 160 ) (624 -136 160 ) (656 -136 160 ) (656 -200 160 ) 
4 205 211 (608 -16 160 ) (608 0 160 ) (624 0 160 ) (624 -16 160 ) 
4 206 223 (464 -200 160 ) (464 -136 160 ) (496 -136 160 ) (496 -200 160 ) 
4 207 223 (304 -200 160 ) (304 -136 160 ) (336 -136 160 ) (336 -200 160 ) 
4 208 223 (144 -200 160 ) (144 -136 160 ) (176 -136 160 ) (176 -200 160 ) 
4 209 247 (0 -136 160 ) (0 -200 160 ) (0 -200 164.250000 ) (0 -136 164.250000 ) 
4 209 223 (0 -200 160 ) (0 -136 160 ) (16 -136 160 ) (16 -200 160 ) 
4 210 215 (976 -64 0 ) (1024 -64 0 ) (1024 -64 108 ) (976 -64 108 ) 
4 210 214 (1024 -64 108 ) (1024 -64 160 ) (976 -64 160 ) (976 -64 108 ) 
4 211 216 (776 -64 0 ) (824 -64 0 ) (824 -64 108 ) (776 -64 108 ) 
4 212 217 (196 -64 0 ) (244 -64 0 ) (244 -64 108 ) (196 -64 108 ) 
4 213 249 (0 0 160 ) (0 0 0 ) (0 -64 0 ) (0 -64 160 ) 
4 214 218 (1024 -80 108 ) (1024 -80 160 ) (976 -80 160 ) (976 -80 108 ) 
4 214 215 (1024 -80 108 ) (960 -80 108 ) (960 -64 108 ) (1024 -64 108 ) 
4 215 218 (1024 -80 0 ) (1024 -80 108 ) (976 -80 108 ) (976 -80 0 ) 
4 216 220 (824 -80 108 ) (776 -80 108 ) (776 -80 0 ) (824 -80 0 ) 
4 217 219 (244 -80 108 ) (196 -80 108 ) (196 -80 0 ) (244 -80 0 ) 
4 218 227 (1024 -256 0 ) (1024 -256 108 ) (976 -256 108 ) (976 -256 0 ) 
4 218 226 (1024 -256 108 ) (1024 -256 160 ) (976 -256 160 ) (976 -256 108 ) 
4 219 223 (36 -84 0 ) (720 -84 0 ) (720 -84 160 ) (36 -84 160 ) 
4 220 223 (728 -84 0 ) (872 -84 0 ) (872 -84 160 ) (728 -84 160 ) 
4 221 251 (0 -84 160 ) (0 -80 160 ) (0 -80 0 ) (0 -84 0 ) 
4 221 223 (0 -84 0 ) (28 -84 0 ) (28 -84 160 ) (0 -84 160 ) 
4 222 223 (880 -84 0 ) (960 -84 0 ) (960 -84 160 ) (880 -84 160 ) 
4 223 253 (0 -256 0 ) (0 -256 160 ) (0 -84 160 ) (0 -84 0 ) 
4 223 229 (56 -256 0 ) (104 -256 0 ) (104 -256 108 ) (56 -256 108 ) 
4 223 228 (352 -256 0 ) (400 -256 0 ) (400 -256 108 ) (352 -256 108 ) 
4 224 257 (0 -256 1792 ) (0 -256 256 ) (0 -272 256 ) (0 -272 1792 ) 
4 224 230 (1024 -272 256 ) (1024 -272 1792 ) (0 -272 1792 ) (0 -272 256 ) 
4 225 258 (0 -256 240 ) (0 -256 160 ) (0 -272 160 ) (0 -272 240 ) 
4 225 234 (272 -272 176 ) (184 -272 176 ) (184 -272 160 ) (272 -272 160 ) 
4 225 233 (496 -272 176 ) (480 -272 176 ) (480 -272 160 ) (496 -272 160 ) 
4 225 232 (1024 -272 160 ) (1024 -272 176 ) (496 -272 176 ) (496 -272 160 ) 
4 225 231 (1024 -272 176 ) (1024 -272 240 ) (0 -272 240 ) (0 -272 176 ) 
4 225 226 (1024 -272 160 ) (976 -272 160 ) (976 -256 160 ) (1024 -256 160 ) 
4 226 236 (1024 -272 108 ) (1024 -272 128 ) (976 -272 128 ) (976 -272 108 ) 
4 226 232 (1024 -272 128 ) (1024 -272 160 ) (976 -272 160 ) (976 -272 128 ) 
4 226 227 (1024 -272 108 ) (976 -272 108 ) (976 -256 108 ) (1024 -256 108 ) 
4 227 236 (976 -272 0 ) (1024 -272 0 ) (1024 -272 108 ) (976 -272 108 ) 
4 228 237 (352 -272 0 ) (400 -272 0 ) (400 -272 108 ) (352 -272 108 ) 
4 229 239 (56 -272 0 ) (104 -272 0 ) (104 -272 108 ) (56 -272 108 ) 
4 230 257 (0 -272 1792 ) (0 -272 256 ) (0 -496 256 ) (0 -496 1792 ) 
4 230 240 (0 -496 1792 ) (0 -496 256 ) (1024 -496 256 ) (1024 -496 1792 ) 
4 231 259 (0 -272 240 ) (0 -272 176 ) (0 -496 176 ) (0 -496 240 ) 
4 231 234 (272 -496 176 ) (184 -496 176 ) (184 -272 176 ) (272 -272 176 ) 
4 231 233 (496 -496 176 ) (480 -496 176 ) (480 -272 176 ) (496 -272 176 ) 
4 231 232 (1024 -496 176 ) (496 -496 176 ) (496 -272 176 ) (1024 -272 176 ) 
4 232 236 (1024 -496 128 ) (496 -496 128 ) (496 -272 128 ) (1024 -272 128 ) 
4 232 233 (496 -496 160 ) (496 -496 176 ) (496 -272 176 ) (496 -272 160 ) 
4 234 235 (200 -272 160 ) (256 -272 160 ) (256 -496 160 ) (200 -496 160 ) 
4 235 238 (256 -496 128 ) (200 -496 128 ) (200 -272 128 ) (256 -272 128 ) 
4 239 260 (0 -272 128 ) (0 -272 0 ) (0 -496 0 ) (0 -496 128 ) 
4 240 267 (0 -496 1792 ) (0 -496 256 ) (0 -512 256 ) (0 -512 1792 ) 
4 240 241 (1024 -512 256 ) (1024 -512 1792 ) (0 -512 1792 ) (0 -512 256 ) 
4 241 280 (912 -1024 128 ) (784 -1024 128 ) (784 -1024 0 ) (912 -1024 0 ) 
4 241 279 (1024 -1024 0 ) (1024 -1024 128 ) (912 -1024 128 ) (912 -1024 0 ) 
4 241 281 (784 -1024 128 ) (0 -1024 128 ) (0 -1024 0 ) (784 -1024 0 ) 
4 241 278 (1024 -1024 128 ) (1024 -1024 1792 ) (0 -1024 1792 ) (0 -1024 128 ) 
4 241 269 (0 -1024 0 ) (0 -1024 1792 ) (0 -512 1792 ) (0 -512 0 ) 
4 241 242 (0 -1024 0 ) (0 -960 0 ) (1024 -960 0 ) (1024 -1024 0 ) 
4 242 282 (1024 -1024 -8 ) (1024 -1024 0 ) (0 -1024 0 ) (0 -1024 -8 ) 
4 242 277 (0 -1024 -8 ) (0 -1024 0 ) (0 -960 0 ) (0 -960 -8 ) 
4 243 261 (-24 -256 1792 ) (-496 -256 1792 ) (-496 -256 288 ) (-24 -256 288 ) 
4 243 257 (0 -256 288 ) (0 -256 1792 ) (-24 -256 1792 ) (-24 -256 288 ) 
4 243 245 (-496 0 1792 ) (-496 0 288 ) (-496 -256 288 ) (-496 -256 1792 ) 
4 244 262 (-24 -256 240 ) (-496 -256 240 ) (-496 -256 176 ) (-24 -256 176 ) 
4 244 258 (0 -256 176 ) (0 -256 240 ) (-24 -256 240 ) (-24 -256 176 ) 
4 245 265 (-496 -256 288 ) (-496 -256 1792 ) (-512 -256 1792 ) (-512 -256 288 ) 
4 245 246 (-512 -256 288 ) (-512 -256 1792 ) (-512 0 1792 ) (-512 0 288 ) 
4 246 372 (-1024 -256 164.250000 ) (-1024 -256 1792 ) (-1024 0 1792 ) (-1024 0 164.250000 ) 
4 246 266 (-1024 -256 1792 ) (-1024 -256 164.250000 ) (-512 -256 164.250000 ) (-512 -256 1792 ) 
4 246 248 (-512 -256 164.250000 ) (-1024 -256 164.250000 ) (-1024 0 164.250000 ) (-512 0 164.250000 ) 
4 247 253 (-16 -200 160 ) (-16 -136 160 ) (0 -136 160 ) (0 -200 160 ) 
4 248 372 (-1024 -256 160 ) (-1024 -256 164.250000 ) (-1024 0 164.250000 ) (-1024 0 160 ) 
4 248 266 (-512 -256 164.250000 ) (-1024 -256 164.250000 ) (-1024 -256 160 ) (-512 -256 160 ) 
4 248 256 (-512 -256 160 ) (-1024 -256 160 ) (-1024 0 160 ) (-512 0 160 ) 
4 249 250 (-120 -64 0 ) (-24 -64 0 ) (-24 -64 108 ) (-120 -64 108 ) 
4 250 251 (-120 -80 0 ) (-24 -80 0 ) (-24 -80 108 ) (-120 -80 108 ) 
4 251 253 (-172 -84 0 ) (0 -84 0 ) (0 -84 160 ) (-172 -84 160 ) 
4 252 253 (-208 -84 160 ) (-208 -84 0 ) (-180 -84 0 ) (-180 -84 160 ) 
4 254 255 (-224 -64 0 ) (-224 -80 0 ) (-224 -80 160 ) (-224 -64 160 ) 
4 255 263 (-224 -256 160 ) (-496 -256 160 ) (-496 -256 0 ) (-224 -256 0 ) 
4 256 372 (-1024 -256 0 ) (-1024 -256 160 ) (-1024 0 160 ) (-1024 0 0 ) 
4 256 266 (-512 -256 160 ) (-1024 -256 160 ) (-1024 -256 0 ) (-512 -256 0 ) 
4 257 267 (0 -496 256 ) (0 -496 1792 ) (-24 -496 1792 ) (-24 -496 256 ) 
4 257 261 (-24 -256 1792 ) (-24 -256 256 ) (-24 -496 256 ) (-24 -496 1792 ) 
4 258 262 (-24 -256 240 ) (-24 -256 160 ) (-24 -272 160 ) (-24 -272 240 ) 
4 258 259 (0 -272 240 ) (-24 -272 240 ) (-24 -272 176 ) (0 -272 176 ) 
4 259 262 (-24 -496 176 ) (-24 -496 240 ) (-24 -272 240 ) (-24 -272 176 ) 
4 261 267 (-24 -496 256 ) (-24 -496 1792 ) (-496 -496 1792 ) (-496 -496 256 ) 
4 261 265 (-496 -256 1792 ) (-496 -256 256 ) (-496 -496 256 ) (-496 -496 1792 ) 
4 262 264 (-496 -496 160 ) (-496 -272 160 ) (-40 -272 160 ) (-40 -496 160 ) 
4 262 263 (-496 -272 160 ) (-496 -256 160 ) (-208 -256 160 ) (-208 -272 160 ) 
4 263 264 (-208 -272 160 ) (-496 -272 160 ) (-496 -272 0 ) (-208 -272 0 ) 
4 265 267 (-496 -496 256 ) (-496 -496 1792 ) (-512 -496 1792 ) (-512 -496 256 ) 
4 265 266 (-512 -496 256 ) (-512 -496 1792 ) (-512 -256 1792 ) (-512 -256 256 ) 
4 266 372 (-1024 -256 1792 ) (-1024 -256 0 ) (-1024 -496 0 ) (-1024 -496 1792 ) 
4 266 268 (-1024 -496 0 ) (-512 -496 0 ) (-512 -496 1792 ) (-1024 -496 1792 ) 
4 267 269 (0 -512 256 ) (0 -512 1792 ) (-512 -512 1792 ) (-512 -512 256 ) 
4 267 268 (-512 -496 1792 ) (-512 -496 256 ) (-512 -512 256 ) (-512 -512 1792 ) 
4 268 372 (-1024 -496 1792 ) (-1024 -496 0 ) (-1024 -512 0 ) (-1024 -512 1792 ) 
4 268 269 (-1024 -512 1792 ) (-1024 -512 0 ) (-512 -512 0 ) (-512 -512 1792 ) 
4 269 381 (-1024 -1024 0 ) (-1024 -1024 1792 ) (-1024 -960 1792 ) (-1024 -960 0 ) 
4 269 372 (-1024 -960 1792 ) (-1024 -512 1792 ) (-1024 -512 0 ) (-1024 -960 0 ) 
4 269 283 (0 -1024 0 ) (0 -1024 1792 ) (-1024 -1024 1792 ) (-1024 -1024 0 ) 
4 269 277 (0 -1024 0 ) (-1024 -1024 0 ) (-1024 -960 0 ) (0 -960 0 ) 
3 269 276 (-896 -960 0 ) (-911.991333 -960 0 ) (-921.587097 -956.800537 0 ) 
3 269 275 (-1024 -847.992676 0 ) (-1024 -832 0 ) (-1021.708862 -854.870483 0 ) 
3 269 274 (-974.716125 -934.447571 0 ) (-995.837341 -922.373352 0 ) (-1004.345703 -901.109802 0 ) 
3 269 273 (-955.245544 -945.578125 0 ) (-991.372009 -933.532776 0 ) (-995.837341 -922.373352 0 ) 
3 269 272 (-911.991333 -960 0 ) (-980.781494 -960 0 ) (-991.372009 -933.532776 0 ) 
3 269 271 (-980.781494 -960 0 ) (-986.687988 -960 0 ) (-1016.047546 -871.865173 0 ) 
3 269 270 (-1024 -960 0 ) (-1024 -847.992676 0 ) (-986.687988 -960 0 ) 
4 270 372 (-1024 -960 -8 ) (-1024 -960 0 ) (-1024 -847.992615 0 ) (-1024 -847.991455 -8 ) 
4 270 277 (-986.687988 -960 0 ) (-1024 -960 0 ) (-1024 -960 -8 ) (-986.687622 -960 -8 ) 
4 270 275 (-1021.708130 -854.876892 -8 ) (-1024 -847.996948 -8 ) (-1024 -847.997986 0 ) (-1021.708008 -854.878418 0 ) 
4 270 271 (-986.689758 -960 0 ) (-986.689453 -960 -8 ) (-1016.052307 -871.855225 -8 ) (-1016.058655 -871.837280 0 ) 
4 271 277 (-980.781494 -960 0 ) (-986.687988 -960 0 ) (-986.687622 -960 -8 ) (-980.782227 -960 -8 ) 
4 271 274 (-995.837402 -922.373352 -8 ) (-1004.346558 -901.108276 -8 ) (-1004.344543 -901.111145 0 ) (-995.836304 -922.374023 0 ) 
4 271 273 (-991.372070 -933.532654 -8 ) (-995.837402 -922.373352 -8 ) (-995.836304 -922.374023 0 ) (-991.371094 -933.533020 0 ) 
4 271 272 (-980.780457 -960 0 ) (-980.781250 -960 -8 ) (-991.372070 -933.532654 -8 ) (-991.371094 -933.533020 0 ) 
4 272 277 (-911.991333 -960 0 ) (-980.781494 -960 0 ) (-980.782227 -960 -8 ) (-911.991333 -960 -8 ) 
4 272 276 (-911.988159 -960 0 ) (-911.988281 -960 -8 ) (-921.583130 -956.801086 -8 ) (-921.583008 -956.801086 0 ) 
4 272 273 (-955.246338 -945.577698 -8 ) (-991.375916 -933.531982 -8 ) (-991.375000 -933.532227 0 ) (-955.246643 -945.577515 0 ) 
4 273 274 (-974.715210 -934.448059 -8 ) (-995.836914 -922.373352 -8 ) (-995.835876 -922.373901 0 ) (-974.716309 -934.447388 0 ) 
4 275 372 (-1024 -847.992615 0 ) (-1024 -832 0 ) (-1024 -832 -8 ) (-1024 -847.991455 -8 ) 
4 276 277 (-896 -960 0 ) (-911.991333 -960 0 ) (-911.991333 -960 -8 ) (-896 -960 -8 ) 
4 277 381 (-1024 -1024 -8 ) (-1024 -1024 0 ) (-1024 -960 0 ) (-1024 -960 -8 ) 
4 277 283 (0 -1024 -8 ) (0 -1024 0 ) (-1024 -1024 0 ) (-1024 -1024 -8 ) 
4 278 289 (1024 -2048 128 ) (1024 -2048 1792 ) (0 -2048 1792 ) (0 -2048 128 ) 
4 278 284 (0 -1344 128 ) (0 -2048 128 ) (0 -2048 1792 ) (0 -1344 1792 ) 
4 278 283 (0 -1024 1792 ) (0 -1024 128 ) (0 -1344 128 ) (0 -1344 1792 ) 
4 278 280 (784 -1808 128 ) (784 -1024 128 ) (912 -1024 128 ) (912 -1808 128 ) 
4 278 279 (1024 -2048 128 ) (912 -2048 128 ) (912 -1024 128 ) (1024 -1024 128 ) 
4 278 281 (784 -2048 128 ) (0 -2048 128 ) (0 -1024 128 ) (784 -1024 128 ) 
4 279 290 (1024 -2048 0 ) (1024 -2048 128 ) (912 -2048 128 ) (912 -2048 0 ) 
4 279 282 (912 -1024 0 ) (1024 -1024 0 ) (1024 -1344 0 ) (912 -1344 0 ) 
4 279 280 (912 -1024 0 ) (912 -1808 0 ) (912 -1808 128 ) (912 -1024 128 ) 
4 280 282 (784 -1024 0 ) (912 -1024 0 ) (912 -1344 0 ) (784 -1344 0 ) 
4 280 281 (784 -1024 0 ) (784 -1808 0 ) (784 -1808 128 ) (784 -1024 128 ) 
4 281 292 (784 -2048 128 ) (0 -2048 128 ) (0 -2048 0 ) (784 -2048 0 ) 
4 281 284 (0 -1344 0 ) (0 -2048 0 ) (0 -2048 128 ) (0 -1344 128 ) 
4 281 283 (0 -1024 128 ) (0 -1024 0 ) (0 -1344 0 ) (0 -1344 128 ) 
4 281 282 (0 -1024 0 ) (784 -1024 0 ) (784 -1344 0 ) (0 -1344 0 ) 
4 282 283 (0 -1024 0 ) (0 -1024 -8 ) (0 -1344 -8 ) (0 -1344 0 ) 
4 283 383 (-1024 -1344 -8 ) (-1024 -1344 1792 ) (-1024 -1024 1792 ) (-1024 -1024 -8 ) 
4 283 285 (-320 -1344 1792 ) (-1024 -1344 1792 ) (-1024 -1344 0 ) (-320 -1344 0 ) 
4 283 284 (0 -1344 0 ) (0 -1344 1792 ) (-320 -1344 1792 ) (-320 -1344 0 ) 
4 284 297 (0 -2048 0 ) (0 -2048 128 ) (-320 -2048 128 ) (-320 -2048 0 ) 
4 284 295 (-128 -2048 640 ) (-320 -2048 640 ) (-320 -2048 128 ) (-128 -2048 128 ) 
4 284 294 (0 -2048 128 ) (0 -2048 640 ) (-128 -2048 640 ) (-128 -2048 128 ) 
4 284 293 (0 -2048 640 ) (0 -2048 1792 ) (-320 -2048 1792 ) (-320 -2048 640 ) 
4 284 286 (-320 -2048 128 ) (-320 -2048 1792 ) (-320 -1936 1792 ) (-320 -1936 128 ) 
4 284 285 (-320 -1344 0 ) (-320 -1936 0 ) (-320 -1936 1792 ) (-320 -1344 1792 ) 
4 285 386 (-1024 -1936 1792 ) (-1024 -1344 1792 ) (-1024 -1344 0 ) (-1024 -1936 0 ) 
4 285 286 (-320 -1936 128 ) (-320 -1936 1792 ) (-1024 -1936 1792 ) (-1024 -1936 128 ) 
4 286 387 (-1024 -2048 128 ) (-1024 -2048 1792 ) (-1024 -1936 1792 ) (-1024 -1936 128 ) 
4 286 295 (-1024 -2048 640 ) (-1024 -2048 128 ) (-320 -2048 128 ) (-320 -2048 640 ) 
4 286 293 (-320 -2048 1792 ) (-1024 -2048 1792 ) (-1024 -2048 640 ) (-320 -2048 640 ) 
4 287 290 (1024 -3072 0 ) (1024 -3072 128 ) (1024 -2048 128 ) (1024 -2048 0 ) 
4 287 289 (1024 -3072 128 ) (1024 -3072 1792 ) (1024 -2048 1792 ) (1024 -2048 128 ) 
4 287 288 (2048 -3072 0 ) (1792 -3072 0 ) (1792 -2048 0 ) (2048 -2048 0 ) 
4 289 294 (0 -2048 640 ) (0 -2048 128 ) (0 -3072 128 ) (0 -3072 640 ) 
4 289 293 (0 -2048 1792 ) (0 -2048 640 ) (0 -3072 640 ) (0 -3072 1792 ) 
4 289 291 (912 -2592 128 ) (912 -3072 128 ) (784 -3072 128 ) (784 -2592 128 ) 
4 289 290 (912 -2048 128 ) (1024 -2048 128 ) (1024 -3072 128 ) (912 -3072 128 ) 
4 289 292 (0 -3072 128 ) (0 -2048 128 ) (784 -2048 128 ) (784 -3072 128 ) 
4 290 291 (912 -2592 0 ) (912 -3072 0 ) (912 -3072 128 ) (912 -2592 128 ) 
4 291 292 (784 -2592 0 ) (784 -3072 0 ) (784 -3072 128 ) (784 -2592 128 ) 
4 292 298 (0 -2368 0 ) (0 -3072 0 ) (0 -3072 128 ) (0 -2368 128 ) 
4 292 297 (0 -2048 128 ) (0 -2048 0 ) (0 -2368 0 ) (0 -2368 128 ) 
4 293 417 (-1024 -3072 640 ) (-1024 -3072 1792 ) (-1024 -2048 1792 ) (-1024 -2048 640 ) 
4 293 295 (-1024 -2368 640 ) (-1024 -2048 640 ) (-128 -2048 640 ) (-128 -2368 640 ) 
4 293 296 (-128 -3072 640 ) (-1024 -3072 640 ) (-1024 -2496 640 ) (-128 -2496 640 ) 
4 293 294 (0 -3072 640 ) (-128 -3072 640 ) (-128 -2048 640 ) (0 -2048 640 ) 
4 294 298 (0 -2368 128 ) (0 -3072 128 ) (-128 -3072 128 ) (-128 -2368 128 ) 
4 294 297 (-128 -2048 128 ) (0 -2048 128 ) (0 -2368 128 ) (-128 -2368 128 ) 
4 294 295 (-128 -2048 128 ) (-128 -2368 128 ) (-128 -2368 640 ) (-128 -2048 640 ) 
4 294 296 (-128 -2496 128 ) (-128 -3072 128 ) (-128 -3072 640 ) (-128 -2496 640 ) 
4 295 418 (-1024 -2368 640 ) (-1024 -2048 640 ) (-1024 -2048 128 ) (-1024 -2368 128 ) 
4 295 297 (-320 -2048 128 ) (-128 -2048 128 ) (-128 -2368 128 ) (-320 -2368 128 ) 
4 296 419 (-1024 -3072 128 ) (-1024 -3072 640 ) (-1024 -2496 640 ) (-1024 -2496 128 ) 
4 296 299 (-1024 -3072 128 ) (-1024 -2496 128 ) (-128 -2496 128 ) (-128 -3072 128 ) 
4 297 298 (-128 -2368 0 ) (0 -2368 0 ) (0 -2368 128 ) (-128 -2368 128 ) 
4 298 299 (-128 -2496 0 ) (-128 -3072 0 ) (-128 -3072 128 ) (-128 -2496 128 ) 
4 299 422 (-1024 -3072 0 ) (-1024 -3072 128 ) (-1024 -2496 128 ) (-1024 -2496 0 ) 
4 300 308 (-1024 2048 0 ) (-1024 2048 1792 ) (-1224 2048 1792 ) (-1224 2048 0 ) 
4 300 301 (-1224 2048 108.500000 ) (-1224 2048 1792 ) (-1224 2624 1792 ) (-1224 2624 108.500000 ) 
4 301 309 (-1224 2048 1792 ) (-1336 2048 1792 ) (-1336 2048 108.500000 ) (-1224 2048 108.500000 ) 
4 301 302 (-1336 2048 108.500000 ) (-1336 2048 1792 ) (-1336 2624 1792 ) (-1336 2624 108.500000 ) 
4 302 311 (-1336 2048 1792 ) (-2048 2048 1792 ) (-2048 2048 0 ) (-1336 2048 0 ) 
4 302 303 (-2048 2048 0 ) (-2048 2048 1792 ) (-2048 2624 1792 ) (-2048 2624 0 ) 
4 303 323 (-2048 2048 0 ) (-2048 2048 1792 ) (-2816 2048 1792 ) (-2816 2048 0 ) 
4 303 305 (-2816 2048 640 ) (-2816 2048 1792 ) (-2816 2496 1792 ) (-2816 2496 640 ) 
4 303 304 (-2816 2624 0 ) (-2816 2496 0 ) (-2816 2496 1792 ) (-2816 2624 1792 ) 
4 304 306 (-3072 2496 1792 ) (-3072 2624 1792 ) (-3072 2624 0 ) (-3072 2496 0 ) 
4 304 305 (-2816 2496 640 ) (-2816 2496 1792 ) (-3072 2496 1792 ) (-3072 2496 640 ) 
4 305 324 (-2816 2048 1792 ) (-3072 2048 1792 ) (-3072 2048 640 ) (-2816 2048 640 ) 
4 305 307 (-3072 2048 640 ) (-3072 2048 1792 ) (-3072 2496 1792 ) (-3072 2496 640 ) 
4 306 349 (-4096 2624 640 ) (-4096 2624 0 ) (-4096 2496 0 ) (-4096 2496 640 ) 
4 306 348 (-4096 2496 1792 ) (-4096 2624 1792 ) (-4096 2624 640 ) (-4096 2496 640 ) 
4 306 307 (-3072 2496 640 ) (-3072 2496 1792 ) (-4096 2496 1792 ) (-4096 2496 640 ) 
4 307 348 (-4096 2048 640 ) (-4096 2048 1792 ) (-4096 2496 1792 ) (-4096 2496 640 ) 
4 307 334 (-3072 2048 640 ) (-3072 2048 1792 ) (-4096 2048 1792 ) (-4096 2048 640 ) 
4 308 313 (-1024 1024 0 ) (-1024 1024 1792 ) (-1224 1024 1792 ) (-1224 1024 0 ) 
4 308 312 (-1024 1024 0 ) (-1224 1024 0 ) (-1224 1344 0 ) (-1024 1344 0 ) 
4 308 309 (-1224 1584 108.500000 ) (-1224 1584 1792 ) (-1224 2048 1792 ) (-1224 2048 108.500000 ) 
4 308 310 (-1224 1584 0 ) (-1224 1024 0 ) (-1224 1024 1792 ) (-1224 1584 1792 ) 
4 309 310 (-1336 1584 1792 ) (-1336 1584 108.500000 ) (-1224 1584 108.500000 ) (-1224 1584 1792 ) 
4 309 311 (-1336 1584 108.500000 ) (-1336 1584 1792 ) (-1336 2048 1792 ) (-1336 2048 108.500000 ) 
4 310 313 (-1224 1024 1792 ) (-1336 1024 1792 ) (-1336 1024 0 ) (-1224 1024 0 ) 
4 310 312 (-1224 1024 0 ) (-1336 1024 0 ) (-1336 1344 0 ) (-1224 1344 0 ) 
4 310 311 (-1336 1584 0 ) (-1336 1024 0 ) (-1336 1024 1792 ) (-1336 1584 1792 ) 
4 311 323 (-2048 2048 1792 ) (-2048 2048 0 ) (-2048 1024 0 ) (-2048 1024 1792 ) 
4 311 314 (-1536 1024 1792 ) (-2048 1024 1792 ) (-2048 1024 0 ) (-1536 1024 0 ) 
4 311 313 (-1336 1024 1792 ) (-1536 1024 1792 ) (-1536 1024 0 ) (-1336 1024 0 ) 
4 311 312 (-1336 1024 0 ) (-2048 1024 0 ) (-2048 1344 0 ) (-1336 1344 0 ) 
4 312 326 (-2048 1344 -8 ) (-2048 1024 -8 ) (-2048 1024 0 ) (-2048 1344 0 ) 
4 312 315 (-1536 1024 0 ) (-2048 1024 0 ) (-2048 1024 -8 ) (-1536 1024 -8 ) 
4 312 313 (-1024 1024 -8 ) (-1024 1024 0 ) (-1536 1024 0 ) (-1536 1024 -8 ) 
4 313 372 (-1024 0 -8 ) (-1024 0 1792 ) (-1536 0 1792 ) (-1536 0 -8 ) 
4 313 322 (-1536 847.991333 -8 ) (-1536 832 -8 ) (-1536 832 0 ) (-1536 847.992493 0 ) 
4 313 317 (-1536 943.998840 -8 ) (-1536 847.991333 -8 ) (-1536 847.992493 0 ) (-1536 943.998840 0 ) 
4 313 315 (-1536 1024 0 ) (-1536 1024 -8 ) (-1536 943.998840 -8 ) (-1536 943.998840 0 ) 
4 313 314 (-1536 1024 1792 ) (-1536 1024 0 ) (-1536 0 0 ) (-1536 0 1792 ) 
4 314 373 (-1536 0 0 ) (-1536 0 1792 ) (-2048 0 1792 ) (-2048 0 0 ) 
4 314 340 (-2048 0 0 ) (-2048 0 1792 ) (-2048 1024 1792 ) (-2048 1024 0 ) 
3 314 322 (-1536 847.992493 0 ) (-1536 832 0 ) (-1538.291382 854.870972 0 ) 
3 314 321 (-1585.279785 934.445190 0 ) (-1564.165283 922.379639 0 ) (-1555.654419 901.109924 0 ) 
3 314 320 (-1604.790039 945.593994 0 ) (-1568.631226 933.540649 0 ) (-1564.165283 922.379639 0 ) 
3 314 319 (-1638.410156 956.801025 0 ) (-1574.754517 948.843506 0 ) (-1568.631226 933.540649 0 ) 
3 314 318 (-1574.754517 948.843506 0 ) (-1569.371094 948.170532 0 ) (-1543.951782 871.863403 0 ) 
3 314 317 (-1536 943.998840 0 ) (-1536 847.992493 0 ) (-1569.371094 948.170532 0 ) 
3 314 316 (-2048 960 0 ) (-2048 1008.003418 0 ) (-1664 960 0 ) 
4 314 315 (-1536 1024 0 ) (-1536 943.998840 0 ) (-2048 1008.003418 0 ) (-2048 1024 0 ) 
4 315 341 (-2048 1008.003418 -8 ) (-2048 1008.003418 0 ) (-2048 1024 0 ) (-2048 1024 -8 ) 
4 315 319 (-1574.754761 948.844177 0 ) (-1638.413452 956.802124 0 ) (-1638.413452 956.802124 -8 ) (-1574.753906 948.844116 -8 ) 
4 315 318 (-1569.371338 948.171204 0 ) (-1574.754761 948.844177 0 ) (-1574.753906 948.844116 -8 ) (-1569.371704 948.171265 -8 ) 
4 315 317 (-1536 944 -8 ) (-1536 944 0 ) (-1569.371338 948.171204 0 ) (-1569.371704 948.171265 -8 ) 
4 315 316 (-1663.994751 960 0 ) (-2048 1008.004089 0 ) (-2048 1008.004089 -8 ) (-1663.994751 960 -8 ) 
4 316 341 (-2048 960 -8 ) (-2048 960 0 ) (-2048 1008.003418 0 ) (-2048 1008.003418 -8 ) 
4 317 322 (-1538.291870 854.875732 -8 ) (-1536 847.995789 -8 ) (-1536 848 0 ) (-1538.292358 854.881287 0 ) 
4 317 318 (-1569.369507 948.170288 0 ) (-1569.369873 948.170349 -8 ) (-1543.949219 871.858948 -8 ) (-1543.938232 871.829529 0 ) 
4 318 321 (-1564.163330 922.378601 -8 ) (-1555.651611 901.106201 -8 ) (-1555.653320 901.108704 0 ) (-1564.164307 922.379028 0 ) 
4 318 320 (-1568.629395 933.540039 -8 ) (-1564.163330 922.378601 -8 ) (-1564.164307 922.379028 0 ) (-1568.630249 933.540344 0 ) 
4 318 319 (-1574.753540 948.843384 0 ) (-1574.752686 948.843262 -8 ) (-1568.629395 933.540039 -8 ) (-1568.630249 933.540344 0 ) 
4 319 320 (-1604.788574 945.593262 -8 ) (-1568.631836 933.540710 -8 ) (-1568.632813 933.541016 0 ) (-1604.789307 945.593445 0 ) 
4 320 321 (-1585.282349 934.447632 -8 ) (-1564.166138 922.381470 -8 ) (-1564.167114 922.381897 0 ) (-1585.281494 934.447021 0 ) 
4 323 340 (-2048 1024 0 ) (-2048 1024 1792 ) (-2816 1024 1792 ) (-2816 1024 0 ) 
4 323 329 (-2760 1344 0 ) (-2760 1024 0 ) (-2816 1024 0 ) (-2816 1344 0 ) 
4 323 328 (-2712 1344 0 ) (-2712 1024 0 ) (-2760 1024 0 ) (-2760 1344 0 ) 
4 323 327 (-2712 1816 0 ) (-2712 1768 0 ) (-2760 1768 0 ) (-2760 1816 0 ) 
4 323 326 (-2048 1344 0 ) (-2048 1024 0 ) (-2712 1024 0 ) (-2712 1344 0 ) 
4 323 324 (-2816 1664 640 ) (-2816 1664 1792 ) (-2816 2048 1792 ) (-2816 2048 640 ) 
4 323 325 (-2816 1664 0 ) (-2816 1024 0 ) (-2816 1024 1792 ) (-2816 1664 1792 ) 
4 324 334 (-3072 2048 1792 ) (-3072 2048 640 ) (-3072 1664 640 ) (-3072 1664 1792 ) 
4 324 325 (-2816 1664 640 ) (-2816 1664 1792 ) (-3072 1664 1792 ) (-3072 1664 640 ) 
4 325 340 (-2816 1024 1792 ) (-3072 1024 1792 ) (-3072 1024 0 ) (-2816 1024 0 ) 
4 325 335 (-3072 1664 0 ) (-3072 1024 0 ) (-3072 1024 1792 ) (-3072 1664 1792 ) 
4 325 329 (-3072 1024 0 ) (-3072 1344 0 ) (-2816 1344 0 ) (-2816 1024 0 ) 
4 326 341 (-2048 1024 -8 ) (-2048 1024 0 ) (-2712 1024 0 ) (-2712 1024 -8 ) 
4 326 328 (-2712 1344 -8 ) (-2712 1024 -8 ) (-2712 1024 0 ) (-2712 1344 0 ) 
4 327 331 (-2760 1768 -8 ) (-2760 1816 -8 ) (-2712 1816 -8 ) (-2712 1768 -8 ) 
4 328 341 (-2712 1024 0 ) (-2760 1024 0 ) (-2760 1024 -8 ) (-2712 1024 -8 ) 
4 328 329 (-2760 1344 -8 ) (-2760 1024 -8 ) (-2760 1024 0 ) (-2760 1344 0 ) 
4 329 341 (-2760 1024 0 ) (-3072 1024 0 ) (-3072 1024 -8 ) (-2760 1024 -8 ) 
4 329 339 (-3072 1344 -8 ) (-3072 1024 -8 ) (-3072 1024 0 ) (-3072 1344 0 ) 
4 330 332 (-2768 1824 -192 ) (-3072 1824 -192 ) (-3072 1824 -320 ) (-2768 1824 -320 ) 
4 330 331 (-2704 1824 -320 ) (-2704 1824 -192 ) (-2768 1824 -192 ) (-2768 1824 -320 ) 
4 331 333 (-2704 1760 -320 ) (-2704 1760 -192 ) (-2768 1760 -192 ) (-2768 1760 -320 ) 
4 331 332 (-2768 1824 -192 ) (-2768 1824 -320 ) (-2768 1760 -320 ) (-2768 1760 -192 ) 
4 332 333 (-2768 1760 -320 ) (-2768 1760 -192 ) (-3072 1760 -192 ) (-3072 1760 -320 ) 
4 334 354 (-4096 1664 1792 ) (-4096 2048 1792 ) (-4096 2048 640 ) (-4096 1664 640 ) 
4 334 336 (-3712 1664 1792 ) (-3840 1664 1792 ) (-3840 1664 640 ) (-3712 1664 640 ) 
4 334 335 (-3072 1664 640 ) (-3072 1664 1792 ) (-3712 1664 1792 ) (-3712 1664 640 ) 
4 334 338 (-3840 1664 1792 ) (-4096 1664 1792 ) (-4096 1664 640 ) (-3840 1664 640 ) 
4 335 342 (-3072 1024 0 ) (-3072 1024 1792 ) (-3712 1024 1792 ) (-3712 1024 0 ) 
4 335 339 (-3072 1024 0 ) (-3712 1024 0 ) (-3712 1344 0 ) (-3072 1344 0 ) 
4 335 337 (-3712 1664 512 ) (-3712 1664 0 ) (-3712 1024 0 ) (-3712 1024 512 ) 
4 335 336 (-3712 1664 1792 ) (-3712 1664 512 ) (-3712 1024 512 ) (-3712 1024 1792 ) 
4 336 343 (-3712 1024 1792 ) (-3840 1024 1792 ) (-3840 1024 512 ) (-3712 1024 512 ) 
4 336 338 (-3840 1664 1792 ) (-3840 1664 512 ) (-3840 1024 512 ) (-3840 1024 1792 ) 
4 336 337 (-3840 1024 512 ) (-3840 1664 512 ) (-3712 1664 512 ) (-3712 1024 512 ) 
4 337 344 (-3840 1024 512 ) (-3840 1024 0 ) (-3712 1024 0 ) (-3712 1024 512 ) 
4 337 339 (-3712 1024 0 ) (-3840 1024 0 ) (-3840 1344 0 ) (-3712 1344 0 ) 
4 337 338 (-3840 1664 512 ) (-3840 1664 0 ) (-3840 1024 0 ) (-3840 1024 512 ) 
4 338 355 (-4096 1024 0 ) (-4096 1024 640 ) (-4096 1664 640 ) (-4096 1664 0 ) 
4 338 354 (-4096 1024 640 ) (-4096 1024 1792 ) (-4096 1664 1792 ) (-4096 1664 640 ) 
4 338 346 (-3840 1024 1792 ) (-4096 1024 1792 ) (-4096 1024 0 ) (-3840 1024 0 ) 
4 338 339 (-3840 1024 0 ) (-4096 1024 0 ) (-4096 1344 0 ) (-3840 1344 0 ) 
4 339 365 (-4096 1024 -8 ) (-4096 1024 0 ) (-4096 1344 0 ) (-4096 1344 -8 ) 
4 339 347 (-3072 1024 -8 ) (-3072 1024 0 ) (-4096 1024 0 ) (-4096 1024 -8 ) 
4 340 389 (-2048 0 0 ) (-2048 0 1792 ) (-3072 0 1792 ) (-3072 0 0 ) 
4 340 342 (-3072 1024 1792 ) (-3072 1024 0 ) (-3072 0 0 ) (-3072 0 1792 ) 
4 340 341 (-3072 1024 0 ) (-2048 1024 0 ) (-2048 960 0 ) (-3072 960 0 ) 
4 341 347 (-3072 1024 0 ) (-3072 1024 -8 ) (-3072 960 -8 ) (-3072 960 0 ) 
4 342 392 (-3200 0 1792 ) (-3328 0 1792 ) (-3328 0 0 ) (-3200 0 0 ) 
4 342 391 (-3072 0 0 ) (-3072 0 1792 ) (-3200 0 1792 ) (-3200 0 0 ) 
4 342 395 (-3328 0 1792 ) (-3712 0 1792 ) (-3712 0 0 ) (-3328 0 0 ) 
4 342 347 (-3072 1024 0 ) (-3072 960 0 ) (-3712 960 0 ) (-3712 1024 0 ) 
4 342 344 (-3712 1024 0 ) (-3712 768 0 ) (-3712 768 512 ) (-3712 1024 512 ) 
4 342 343 (-3712 768 512 ) (-3712 768 1792 ) (-3712 1024 1792 ) (-3712 1024 512 ) 
4 342 345 (-3712 768 0 ) (-3712 0 0 ) (-3712 0 1792 ) (-3712 768 1792 ) 
4 343 345 (-3840 768 1792 ) (-3840 768 512 ) (-3712 768 512 ) (-3712 768 1792 ) 
4 343 346 (-3840 768 512 ) (-3840 768 1792 ) (-3840 1024 1792 ) (-3840 1024 512 ) 
4 343 344 (-3712 768 512 ) (-3840 768 512 ) (-3840 1024 512 ) (-3712 1024 512 ) 
4 344 347 (-3840 960 0 ) (-3840 1024 0 ) (-3712 1024 0 ) (-3712 960 0 ) 
4 344 345 (-3840 768 512 ) (-3840 768 0 ) (-3712 768 0 ) (-3712 768 512 ) 
4 344 346 (-3840 1024 0 ) (-3840 768 0 ) (-3840 768 512 ) (-3840 1024 512 ) 
4 345 395 (-3712 0 1792 ) (-3840 0 1792 ) (-3840 0 0 ) (-3712 0 0 ) 
4 345 346 (-3840 768 0 ) (-3840 0 0 ) (-3840 0 1792 ) (-3840 768 1792 ) 
4 346 395 (-3840 0 1792 ) (-4096 0 1792 ) (-4096 0 0 ) (-3840 0 0 ) 
4 346 366 (-4096 0 0 ) (-4096 0 1792 ) (-4096 1024 1792 ) (-4096 1024 0 ) 
4 346 347 (-4096 960 0 ) (-4096 1024 0 ) (-3840 1024 0 ) (-3840 960 0 ) 
4 347 367 (-4096 960 -8 ) (-4096 960 0 ) (-4096 1024 0 ) (-4096 1024 -8 ) 
4 348 354 (-4096 2048 640 ) (-4096 2048 1792 ) (-5120 2048 1792 ) (-5120 2048 640 ) 
4 348 352 (-5120 2048 640 ) (-5120 2048 1792 ) (-5120 2624 1792 ) (-5120 2624 640 ) 
4 348 349 (-4544 2624 640 ) (-4096 2624 640 ) (-4096 2496 640 ) (-4544 2496 640 ) 
4 348 350 (-5120 2048 640 ) (-5120 2624 640 ) (-4544 2624 640 ) (-4544 2048 640 ) 
4 349 350 (-4544 2624 0 ) (-4544 2496 0 ) (-4544 2496 640 ) (-4544 2624 640 ) 
4 350 356 (-4544 2048 640 ) (-5120 2048 640 ) (-5120 2048 0 ) (-4544 2048 0 ) 
4 350 352 (-5120 2048 0 ) (-5120 2048 640 ) (-5120 2624 640 ) (-5120 2624 0 ) 
4 350 351 (-4800 2048 0 ) (-5120 2048 0 ) (-5120 2624 0 ) (-4800 2624 0 ) 
4 351 364 (-4800 2048 0 ) (-5120 2048 0 ) (-5120 2048 -8 ) (-4800 2048 -8 ) 
4 351 353 (-5120 2048 -8 ) (-5120 2048 0 ) (-5120 2624 0 ) (-5120 2624 -8 ) 
4 352 369 (-5184 2048 1792 ) (-5888 2048 1792 ) (-5888 2048 0 ) (-5184 2048 0 ) 
4 352 368 (-5120 2048 0 ) (-5120 2048 1792 ) (-5184 2048 1792 ) (-5184 2048 0 ) 
4 352 353 (-5184 2624 0 ) (-5120 2624 0 ) (-5120 2048 0 ) (-5184 2048 0 ) 
4 353 368 (-5120 2048 -8 ) (-5120 2048 0 ) (-5184 2048 0 ) (-5184 2048 -8 ) 
4 354 368 (-5120 2048 1792 ) (-5120 2048 640 ) (-5120 1024 640 ) (-5120 1024 1792 ) 
4 354 366 (-4096 1024 640 ) (-4096 1024 1792 ) (-5120 1024 1792 ) (-5120 1024 640 ) 
4 354 355 (-4096 1664 640 ) (-4096 1024 640 ) (-4544 1024 640 ) (-4544 1664 640 ) 
4 354 356 (-5120 1024 640 ) (-5120 2048 640 ) (-4544 2048 640 ) (-4544 1024 640 ) 
4 355 366 (-4096 1024 0 ) (-4096 1024 640 ) (-4544 1024 640 ) (-4544 1024 0 ) 
4 355 365 (-4096 1024 0 ) (-4544 1024 0 ) (-4544 1344 0 ) (-4096 1344 0 ) 
4 355 356 (-4544 1664 0 ) (-4544 1024 0 ) (-4544 1024 640 ) (-4544 1664 640 ) 
4 356 368 (-5120 2048 640 ) (-5120 2048 0 ) (-5120 1024 0 ) (-5120 1024 640 ) 
4 356 366 (-4544 1024 640 ) (-5120 1024 640 ) (-5120 1024 0 ) (-4544 1024 0 ) 
3 356 363 (-4672 1344 0 ) (-4687.993164 1344 0 ) (-4697.590332 1347.199951 0 ) 
3 356 362 (-4797.708008 1449.123047 0 ) (-4800 1456.003174 0 ) (-4800 1472.002075 0 ) 
3 356 361 (-4750.708008 1369.549072 0 ) (-4771.832031 1381.616577 0 ) (-4780.346680 1402.896362 0 ) 
3 356 360 (-4731.209473 1358.409790 0 ) (-4767.370605 1370.467163 0 ) (-4771.832031 1381.616577 0 ) 
3 356 359 (-4687.993164 1344 0 ) (-4756.779785 1344 0 ) (-4767.370605 1370.467163 0 ) 
3 356 358 (-4756.779785 1344 0 ) (-4762.687500 1344 0 ) (-4792.060059 1432.169312 0 ) 
3 356 357 (-4762.687500 1344 0 ) (-4800 1344 0 ) (-4800 1456.003174 0 ) 
4 356 364 (-5120 1344 0 ) (-5120 2048 0 ) (-4800 2048 0 ) (-4800 1344 0 ) 
4 356 365 (-4544 1024 0 ) (-5120 1024 0 ) (-5120 1344 0 ) (-4544 1344 0 ) 
4 357 362 (-4797.708008 1449.123291 -8 ) (-4800 1456.003174 -8 ) (-4800 1456.001953 0 ) (-4797.708008 1449.121582 0 ) 
4 357 358 (-4762.688477 1344 0 ) (-4762.687988 1344 -8 ) (-4792.055664 1432.155273 -8 ) (-4792.063477 1432.177856 0 ) 
4 357 364 (-4800 1456.004639 -8 ) (-4800 1344 -8 ) (-4800 1344 0 ) (-4800 1456.003174 0 ) 
4 357 365 (-4800 1344 -8 ) (-4762.687012 1344 -8 ) (-4762.687500 1344 0 ) (-4800 1344 0 ) 
4 358 361 (-4771.830566 1381.616089 -8 ) (-4780.344727 1402.893921 -8 ) (-4780.342773 1402.892090 0 ) (-4771.829102 1381.615356 0 ) 
4 358 360 (-4767.369141 1370.466797 -8 ) (-4771.830566 1381.616089 -8 ) (-4771.829102 1381.615356 0 ) (-4767.368164 1370.466309 0 ) 
4 358 359 (-4756.777832 1344 0 ) (-4756.778809 1344 -8 ) (-4767.369141 1370.466797 -8 ) (-4767.368164 1370.466309 0 ) 
4 358 365 (-4762.687012 1344 -8 ) (-4756.780762 1344 -8 ) (-4756.779785 1344 0 ) (-4762.687500 1344 0 ) 
4 359 363 (-4687.991211 1344 0 ) (-4687.991211 1344 -8 ) (-4697.586426 1347.199585 -8 ) (-4697.586914 1347.199585 0 ) 
4 359 360 (-4731.213867 1358.412476 -8 ) (-4767.372070 1370.469116 -8 ) (-4767.371094 1370.468750 0 ) (-4731.213867 1358.412354 0 ) 
4 359 365 (-4756.780762 1344 -8 ) (-4687.992676 1344 -8 ) (-4687.993164 1344 0 ) (-4756.779785 1344 0 ) 
4 360 361 (-4750.708496 1369.549561 -8 ) (-4771.834473 1381.618530 -8 ) (-4771.833008 1381.617798 0 ) (-4750.708496 1369.549561 0 ) 
4 362 364 (-4800 1472.003418 -8 ) (-4800 1456.004639 -8 ) (-4800 1456.003174 0 ) (-4800 1472.002075 0 ) 
4 363 365 (-4687.992676 1344 -8 ) (-4672 1344 -8 ) (-4672 1344 0 ) (-4687.993164 1344 0 ) 
4 364 368 (-5120 2048 0 ) (-5120 2048 -8 ) (-5120 1344 -8 ) (-5120 1344 0 ) 
4 364 365 (-5120 1344 -8 ) (-4800 1344 -8 ) (-4800 1344 0 ) (-5120 1344 0 ) 
4 365 368 (-5120 1344 -8 ) (-5120 1024 -8 ) (-5120 1024 0 ) (-5120 1344 0 ) 
4 365 367 (-4096 1024 -8 ) (-4096 1024 0 ) (-5120 1024 0 ) (-5120 1024 -8 ) 
4 366 431 (-4416 0 896 ) (-5120 0 896 ) (-5120 0 0 ) (-4416 0 0 ) 
4 366 430 (-4096 0 0 ) (-4096 0 896 ) (-4416 0 896 ) (-4416 0 0 ) 
4 366 429 (-4096 0 896 ) (-4096 0 1792 ) (-5120 0 1792 ) (-5120 0 896 ) 
4 366 370 (-5120 0 0 ) (-5120 0 1792 ) (-5120 1024 1792 ) (-5120 1024 0 ) 
4 366 367 (-5120 960 0 ) (-5120 1024 0 ) (-4096 1024 0 ) (-4096 960 0 ) 
4 367 371 (-5120 960 -8 ) (-5120 960 0 ) (-5120 1024 0 ) (-5120 1024 -8 ) 
4 368 371 (-5120 1024 -8 ) (-5120 1024 0 ) (-5184 1024 0 ) (-5184 1024 -8 ) 
4 368 370 (-5120 1024 0 ) (-5120 1024 1792 ) (-5184 1024 1792 ) (-5184 1024 0 ) 
4 368 369 (-5184 2048 1792 ) (-5184 2048 0 ) (-5184 1024 0 ) (-5184 1024 1792 ) 
4 369 370 (-5184 1024 0 ) (-5184 1024 1792 ) (-5888 1024 1792 ) (-5888 1024 0 ) 
4 370 438 (-5120 0 0 ) (-5120 0 896 ) (-5248 0 896 ) (-5248 0 0 ) 
4 370 437 (-5120 0 896 ) (-5120 0 1792 ) (-5248 0 1792 ) (-5248 0 896 ) 
4 370 439 (-5248 0 1792 ) (-5888 0 1792 ) (-5888 0 0 ) (-5248 0 0 ) 
4 370 371 (-5184 1024 0 ) (-5120 1024 0 ) (-5120 960 0 ) (-5184 960 0 ) 
4 372 381 (-1024 -960 -8 ) (-1024 -960 1792 ) (-1536 -960 1792 ) (-1536 -960 -8 ) 
4 372 379 (-1536 -847.991577 0 ) (-1536 -832 0 ) (-1536 -832 -8 ) (-1536 -847.991699 -8 ) 
4 372 376 (-1536 -916.793030 0 ) (-1536 -847.991577 0 ) (-1536 -847.991699 -8 ) (-1536 -916.793884 -8 ) 
4 372 375 (-1536 -922.665649 0 ) (-1536 -916.793030 0 ) (-1536 -916.793884 -8 ) (-1536 -922.665344 -8 ) 
4 372 374 (-1536 -960 -8 ) (-1536 -960 0 ) (-1536 -922.665649 0 ) (-1536 -922.665344 -8 ) 
4 372 373 (-1536 -960 0 ) (-1536 -960 1792 ) (-1536 0 1792 ) (-1536 0 0 ) 
4 373 389 (-2048 0 1792 ) (-2048 0 0 ) (-2048 -960 0 ) (-2048 -960 1792 ) 
4 373 381 (-2048 -960 1792 ) (-2048 -960 0 ) (-1536 -960 0 ) (-1536 -960 1792 ) 
3 373 380 (-1641.129883 -957.712952 0 ) (-1647.990234 -960 0 ) (-1664 -960 0 ) 
3 373 379 (-1536 -832 0 ) (-1536 -847.991577 0 ) (-1539.199341 -857.587036 0 ) 
3 373 378 (-1561.543823 -910.699280 0 ) (-1573.635620 -931.847290 0 ) (-1594.902344 -940.354004 0 ) 
3 373 377 (-1550.423584 -891.250244 0 ) (-1562.470581 -927.381226 0 ) (-1573.635620 -931.847290 0 ) 
3 373 376 (-1536 -847.991577 0 ) (-1536 -916.793030 0 ) (-1562.470581 -927.381226 0 ) 
3 373 375 (-1536 -916.793030 0 ) (-1536 -922.665649 0 ) (-1624.139648 -952.048889 0 ) 
3 373 374 (-1536 -922.665649 0 ) (-1536 -960 0 ) (-1647.990234 -960 0 ) 
4 374 381 (-1647.991089 -960 -8 ) (-1536 -960 -8 ) (-1536 -960 0 ) (-1647.990234 -960 0 ) 
4 374 380 (-1641.120239 -957.712036 -8 ) (-1647.983398 -960 -8 ) (-1647.980469 -960 0 ) (-1641.116089 -957.711548 0 ) 
4 374 375 (-1536 -922.667969 -8 ) (-1624.160889 -952.058289 -8 ) (-1624.185913 -952.067383 0 ) (-1536 -922.667969 0 ) 
4 375 378 (-1573.635986 -931.847778 -8 ) (-1594.902588 -940.354614 -8 ) (-1594.902344 -940.353882 0 ) (-1573.635620 -931.847168 0 ) 
4 375 377 (-1562.470581 -927.381470 -8 ) (-1573.635986 -931.847778 -8 ) (-1573.635620 -931.847168 0 ) (-1562.470581 -927.381165 0 ) 
4 375 376 (-1536 -916.792969 -8 ) (-1562.470581 -927.381470 -8 ) (-1562.470581 -927.381165 0 ) (-1536 -916.792969 0 ) 
4 376 379 (-1536 -847.996094 -8 ) (-1539.200195 -857.593872 -8 ) (-1539.199951 -857.591736 0 ) (-1536 -847.994568 0 ) 
4 376 377 (-1550.420288 -891.244446 -8 ) (-1562.468994 -927.379883 -8 ) (-1562.468750 -927.378906 0 ) (-1550.421143 -891.245850 0 ) 
4 377 378 (-1561.546265 -910.701782 -8 ) (-1573.638062 -931.849854 -8 ) (-1573.637329 -931.848694 0 ) (-1561.545776 -910.701050 0 ) 
4 380 381 (-1664 -960 -8 ) (-1647.991089 -960 -8 ) (-1647.990234 -960 0 ) (-1664 -960 0 ) 
4 381 390 (-2048 -1024 -8 ) (-2048 -1024 1792 ) (-2048 -960 1792 ) (-2048 -960 -8 ) 
4 381 383 (-1024 -1024 -8 ) (-1024 -1024 1792 ) (-2048 -1024 1792 ) (-2048 -1024 -8 ) 
4 381 382 (-1824 -1024 -8 ) (-1952 -1024 -8 ) (-1952 -976 -8 ) (-1824 -976 -8 ) 
4 382 385 (-1824 -1024 -8 ) (-1952 -1024 -8 ) (-1952 -1024 -32 ) (-1824 -1024 -32 ) 
4 383 399 (-2048 -1344 -8 ) (-2048 -1344 1792 ) (-2048 -1024 1792 ) (-2048 -1024 -8 ) 
4 383 386 (-1472 -1344 0 ) (-1024 -1344 0 ) (-1024 -1344 1792 ) (-1472 -1344 1792 ) 
4 383 388 (-2048 -1344 1792 ) (-2048 -1344 0 ) (-1472 -1344 0 ) (-1472 -1344 1792 ) 
4 383 385 (-1952 -1104 -8 ) (-1952 -1024 -8 ) (-1824 -1024 -8 ) (-1824 -1104 -8 ) 
4 383 384 (-1360 -1216 -8 ) (-1360 -1088 -8 ) (-1232 -1088 -8 ) (-1232 -1216 -8 ) 
4 386 387 (-1472 -1936 1792 ) (-1472 -1936 128 ) (-1024 -1936 128 ) (-1024 -1936 1792 ) 
4 386 388 (-1472 -1344 0 ) (-1472 -1936 0 ) (-1472 -1936 1792 ) (-1472 -1344 1792 ) 
4 387 418 (-1024 -2048 128 ) (-1024 -2048 640 ) (-1472 -2048 640 ) (-1472 -2048 128 ) 
4 387 417 (-1024 -2048 640 ) (-1024 -2048 1792 ) (-1472 -2048 1792 ) (-1472 -2048 640 ) 
4 387 388 (-1472 -2048 128 ) (-1472 -2048 1792 ) (-1472 -1936 1792 ) (-1472 -1936 128 ) 
4 388 421 (-2048 -2048 128 ) (-2048 -2048 0 ) (-1472 -2048 0 ) (-1472 -2048 128 ) 
4 388 418 (-1536 -2048 128 ) (-1472 -2048 128 ) (-1472 -2048 640 ) (-1536 -2048 640 ) 
4 388 420 (-2048 -2048 640 ) (-2048 -2048 128 ) (-1536 -2048 128 ) (-1536 -2048 640 ) 
4 388 417 (-1472 -2048 1792 ) (-2048 -2048 1792 ) (-2048 -2048 640 ) (-1472 -2048 640 ) 
4 388 400 (-2048 -2048 0 ) (-2048 -2048 1792 ) (-2048 -1344 1792 ) (-2048 -1344 0 ) 
4 389 391 (-3072 0 1792 ) (-3072 0 0 ) (-3072 -960 0 ) (-3072 -960 1792 ) 
4 389 390 (-2048 -960 0 ) (-2048 -960 1792 ) (-3072 -960 1792 ) (-3072 -960 0 ) 
4 390 399 (-2048 -1024 -8 ) (-2048 -1024 1792 ) (-3072 -1024 1792 ) (-3072 -1024 -8 ) 
4 390 396 (-3072 -1024 -8 ) (-3072 -1024 0 ) (-3072 -960 0 ) (-3072 -960 -8 ) 
4 390 391 (-3072 -1024 0 ) (-3072 -1024 1792 ) (-3072 -960 1792 ) (-3072 -960 0 ) 
4 391 401 (-3072 -1024 0 ) (-3072 -1024 1792 ) (-3200 -1024 1792 ) (-3200 -1024 0 ) 
4 391 396 (-3072 -960 0 ) (-3072 -1024 0 ) (-3200 -1024 0 ) (-3200 -960 0 ) 
4 391 394 (-3200 -704 0 ) (-3200 -1024 0 ) (-3200 -1024 504 ) (-3200 -704 504 ) 
4 391 393 (-3200 -1024 504 ) (-3200 -1024 1792 ) (-3200 -704 1792 ) (-3200 -704 504 ) 
4 391 392 (-3200 0 0 ) (-3200 -704 0 ) (-3200 -704 1792 ) (-3200 0 1792 ) 
4 392 394 (-3328 -704 504 ) (-3328 -704 0 ) (-3200 -704 0 ) (-3200 -704 504 ) 
4 392 393 (-3328 -704 1792 ) (-3328 -704 504 ) (-3200 -704 504 ) (-3200 -704 1792 ) 
4 392 395 (-3328 0 0 ) (-3328 -704 0 ) (-3328 -704 1792 ) (-3328 0 1792 ) 
4 393 402 (-3200 -1024 1792 ) (-3328 -1024 1792 ) (-3328 -1024 504 ) (-3200 -1024 504 ) 
4 393 395 (-3328 -1024 504 ) (-3328 -1024 1792 ) (-3328 -704 1792 ) (-3328 -704 504 ) 
4 393 394 (-3328 -1024 504 ) (-3328 -704 504 ) (-3200 -704 504 ) (-3200 -1024 504 ) 
4 394 403 (-3328 -1024 504 ) (-3328 -1024 0 ) (-3200 -1024 0 ) (-3200 -1024 504 ) 
4 394 397 (-3200 -960 0 ) (-3200 -1024 0 ) (-3328 -1024 0 ) (-3328 -960 0 ) 
4 394 395 (-3328 -704 0 ) (-3328 -1024 0 ) (-3328 -1024 504 ) (-3328 -704 504 ) 
4 395 430 (-4096 0 896 ) (-4096 0 0 ) (-4096 -1024 0 ) (-4096 -1024 896 ) 
4 395 429 (-4096 0 1792 ) (-4096 0 896 ) (-4096 -1024 896 ) (-4096 -1024 1792 ) 
4 395 416 (-3776 -1024 1792 ) (-4096 -1024 1792 ) (-4096 -1024 0 ) (-3776 -1024 0 ) 
4 395 405 (-3328 -1024 1792 ) (-3776 -1024 1792 ) (-3776 -1024 0 ) (-3328 -1024 0 ) 
4 395 398 (-3328 -960 0 ) (-3328 -1024 0 ) (-4096 -1024 0 ) (-4096 -960 0 ) 
4 396 410 (-3072 -1024 -8 ) (-3072 -1024 0 ) (-3200 -1024 0 ) (-3200 -1024 -8 ) 
4 396 397 (-3200 -960 0 ) (-3200 -960 -8 ) (-3200 -1024 -8 ) (-3200 -1024 0 ) 
4 397 411 (-3200 -1024 0 ) (-3328 -1024 0 ) (-3328 -1024 -8 ) (-3200 -1024 -8 ) 
4 397 398 (-3328 -960 0 ) (-3328 -960 -8 ) (-3328 -1024 -8 ) (-3328 -1024 0 ) 
4 398 433 (-4096 -960 -8 ) (-4096 -1024 -8 ) (-4096 -1024 0 ) (-4096 -960 0 ) 
4 398 416 (-3776 -1024 0 ) (-4096 -1024 0 ) (-4096 -1024 -8 ) (-3776 -1024 -8 ) 
4 398 412 (-3328 -1024 0 ) (-3334.953125 -1024 0 ) (-3334.953369 -1024 -8 ) (-3328 -1024 -8 ) 
4 398 408 (-3334.953125 -1024 0 ) (-3539.289063 -1024 0 ) (-3539.289063 -1024 -8 ) (-3334.953369 -1024 -8 ) 
4 398 407 (-3539.289063 -1024 0 ) (-3631.955078 -1024 0 ) (-3631.955078 -1024 -8 ) (-3539.289063 -1024 -8 ) 
4 398 406 (-3631.955078 -1024 0 ) (-3776 -1024 0 ) (-3776 -1024 -8 ) (-3631.955078 -1024 -8 ) 
4 399 410 (-3072 -1024 0 ) (-3072 -1024 -8 ) (-3072 -1344 -8 ) (-3072 -1344 0 ) 
4 399 401 (-3072 -1024 1792 ) (-3072 -1024 0 ) (-3072 -1344 0 ) (-3072 -1344 1792 ) 
4 399 400 (-2048 -1344 0 ) (-2048 -1344 1792 ) (-3072 -1344 1792 ) (-3072 -1344 0 ) 
4 400 424 (-2048 -2048 0 ) (-2048 -2048 1792 ) (-3072 -2048 1792 ) (-3072 -2048 0 ) 
4 400 401 (-3072 -2048 0 ) (-3072 -2048 1792 ) (-3072 -1344 1792 ) (-3072 -1344 0 ) 
4 401 425 (-3072 -2048 0 ) (-3072 -2048 1792 ) (-3200 -2048 1792 ) (-3200 -2048 0 ) 
4 401 410 (-3200 -1024 0 ) (-3072 -1024 0 ) (-3072 -1344 0 ) (-3200 -1344 0 ) 
4 401 403 (-3200 -1024 0 ) (-3200 -1664 0 ) (-3200 -1664 504 ) (-3200 -1024 504 ) 
4 401 402 (-3200 -1664 504 ) (-3200 -1664 1792 ) (-3200 -1024 1792 ) (-3200 -1024 504 ) 
4 401 404 (-3200 -1664 0 ) (-3200 -2048 0 ) (-3200 -2048 1792 ) (-3200 -1664 1792 ) 
4 402 404 (-3328 -1664 1792 ) (-3328 -1664 504 ) (-3200 -1664 504 ) (-3200 -1664 1792 ) 
4 402 405 (-3328 -1664 504 ) (-3328 -1664 1792 ) (-3328 -1024 1792 ) (-3328 -1024 504 ) 
4 402 403 (-3200 -1664 504 ) (-3328 -1664 504 ) (-3328 -1024 504 ) (-3200 -1024 504 ) 
4 403 411 (-3328 -1024 0 ) (-3200 -1024 0 ) (-3200 -1344 0 ) (-3328 -1344 0 ) 
4 403 404 (-3328 -1664 504 ) (-3328 -1664 0 ) (-3200 -1664 0 ) (-3200 -1664 504 ) 
4 403 405 (-3328 -1024 0 ) (-3328 -1664 0 ) (-3328 -1664 504 ) (-3328 -1024 504 ) 
4 404 425 (-3200 -2048 1792 ) (-3328 -2048 1792 ) (-3328 -2048 0 ) (-3200 -2048 0 ) 
4 404 405 (-3328 -1664 0 ) (-3328 -2048 0 ) (-3328 -2048 1792 ) (-3328 -1664 1792 ) 
4 405 425 (-3328 -2048 1792 ) (-3776 -2048 1792 ) (-3776 -2048 0 ) (-3328 -2048 0 ) 
4 405 416 (-3776 -2048 0 ) (-3776 -2048 1792 ) (-3776 -1024 1792 ) (-3776 -1024 0 ) 
3 405 415 (-3670.874268 -1346.291382 0 ) (-3663.996094 -1344 0 ) (-3648 -1344 0 ) 
3 405 414 (-3717.104736 -1363.653931 0 ) (-3713.574951 -1360.516602 0 ) (-3687.829834 -1351.939941 0 ) 
3 405 413 (-3713.574951 -1360.516602 0 ) (-3694.991699 -1344 0 ) (-3663.996094 -1344 0 ) 
4 405 412 (-3694.991699 -1344 0 ) (-3334.953125 -1024 0 ) (-3328 -1024 0 ) (-3328 -1344 0 ) 
3 405 409 (-3776 -1472 0 ) (-3776 -1456.007324 0 ) (-3772.800049 -1446.410400 0 ) 
3 405 408 (-3750.450928 -1393.291870 0 ) (-3539.289063 -1024 0 ) (-3334.953125 -1024 0 ) 
3 405 407 (-3761.575928 -1412.747925 0 ) (-3631.955078 -1024 0 ) (-3539.289063 -1024 0 ) 
3 405 406 (-3776 -1456.007324 0 ) (-3776 -1024 0 ) (-3631.955078 -1024 0 ) 
4 406 416 (-3776 -1456.007324 0 ) (-3776 -1024 0 ) (-3776 -1024 -8 ) (-3776 -1456.007324 -8 ) 
4 406 409 (-3776 -1456.007813 -8 ) (-3772.800049 -1446.410645 -8 ) (-3772.800049 -1446.410645 0 ) (-3776 -1456.007813 0 ) 
4 406 407 (-3761.575684 -1412.747314 -8 ) (-3631.955078 -1024 -8 ) (-3631.955078 -1024 0 ) (-3761.575684 -1412.747314 0 ) 
4 407 408 (-3750.452637 -1393.293457 -8 ) (-3539.289795 -1024 -8 ) (-3539.289795 -1024 0 ) (-3750.452881 -1393.293701 0 ) 
4 408 414 (-3717.104492 -1363.652710 -8 ) (-3713.577148 -1360.517700 -8 ) (-3713.576660 -1360.517212 0 ) (-3717.106689 -1363.654663 0 ) 
4 408 413 (-3713.577148 -1360.517700 -8 ) (-3694.992676 -1344 -8 ) (-3694.992920 -1344 0 ) (-3713.576660 -1360.517212 0 ) 
4 408 412 (-3694.992676 -1344 -8 ) (-3334.953857 -1024 -8 ) (-3334.957031 -1024 0 ) (-3694.992920 -1344 0 ) 
4 409 416 (-3776 -1472 0 ) (-3776 -1456.007324 0 ) (-3776 -1456.007324 -8 ) (-3776 -1472 -8 ) 
4 410 411 (-3200 -1024 -8 ) (-3200 -1344 -8 ) (-3200 -1344 0 ) (-3200 -1024 0 ) 
4 411 412 (-3328 -1024 -8 ) (-3328 -1344 -8 ) (-3328 -1344 0 ) (-3328 -1024 0 ) 
4 412 415 (-3663.995117 -1344 -8 ) (-3648.001221 -1344 -8 ) (-3648 -1344 0 ) (-3663.996094 -1344 0 ) 
4 412 413 (-3694.992432 -1344 0 ) (-3694.992676 -1344 -8 ) (-3663.995117 -1344 -8 ) (-3663.996094 -1344 0 ) 
4 413 415 (-3670.872559 -1346.291260 -8 ) (-3663.994873 -1344 -8 ) (-3663.996094 -1344 0 ) (-3670.874268 -1346.291382 0 ) 
4 413 414 (-3713.574951 -1360.516846 0 ) (-3713.575928 -1360.517578 -8 ) (-3687.852539 -1351.947998 -8 ) (-3687.830811 -1351.940308 0 ) 
4 416 436 (-4096 -2048 -8 ) (-4096 -2048 0 ) (-4096 -1024 0 ) (-4096 -1024 -8 ) 
4 416 435 (-4096 -2048 0 ) (-4096 -2048 896 ) (-4096 -1024 896 ) (-4096 -1024 0 ) 
4 416 434 (-4096 -2048 896 ) (-4096 -2048 1792 ) (-4096 -1024 1792 ) (-4096 -1024 896 ) 
4 416 426 (-3776 -2048 -8 ) (-3776 -2048 0 ) (-4096 -2048 0 ) (-4096 -2048 -8 ) 
4 416 425 (-3776 -2048 0 ) (-3776 -2048 1792 ) (-4096 -2048 1792 ) (-4096 -2048 0 ) 
4 417 424 (-2048 -3072 640 ) (-2048 -3072 1792 ) (-2048 -2048 1792 ) (-2048 -2048 640 ) 
4 417 418 (-1536 -2048 640 ) (-1024 -2048 640 ) (-1024 -2368 640 ) (-1536 -2368 640 ) 
4 417 419 (-1024 -2496 640 ) (-1024 -3072 640 ) (-1536 -3072 640 ) (-1536 -2496 640 ) 
4 417 420 (-2048 -3072 640 ) (-2048 -2048 640 ) (-1536 -2048 640 ) (-1536 -3072 640 ) 
4 418 421 (-1536 -2368 128 ) (-1536 -2048 128 ) (-1472 -2048 128 ) (-1472 -2368 128 ) 
4 418 420 (-1536 -2048 128 ) (-1536 -2368 128 ) (-1536 -2368 640 ) (-1536 -2048 640 ) 
4 419 422 (-1024 -3072 128 ) (-1536 -3072 128 ) (-1536 -2496 128 ) (-1024 -2496 128 ) 
4 419 420 (-1536 -2496 128 ) (-1536 -3072 128 ) (-1536 -3072 640 ) (-1536 -2496 640 ) 
4 420 424 (-2048 -3072 128 ) (-2048 -3072 640 ) (-2048 -2048 640 ) (-2048 -2048 128 ) 
4 420 423 (-1536 -3072 128 ) (-2048 -3072 128 ) (-2048 -2368 128 ) (-1536 -2368 128 ) 
4 420 421 (-2048 -2368 128 ) (-2048 -2048 128 ) (-1536 -2048 128 ) (-1536 -2368 128 ) 
4 421 424 (-2048 -2368 128 ) (-2048 -2048 128 ) (-2048 -2048 0 ) (-2048 -2368 0 ) 
4 421 423 (-2048 -2368 0 ) (-1536 -2368 0 ) (-1536 -2368 128 ) (-2048 -2368 128 ) 
4 422 423 (-1536 -2496 0 ) (-1536 -3072 0 ) (-1536 -3072 128 ) (-1536 -2496 128 ) 
4 423 424 (-2048 -3072 0 ) (-2048 -3072 128 ) (-2048 -2368 128 ) (-2048 -2368 0 ) 
4 424 425 (-3072 -2048 1792 ) (-3072 -2048 0 ) (-3072 -3072 0 ) (-3072 -3072 1792 ) 
4 425 445 (-4096 -3072 0 ) (-4096 -3072 640 ) (-4096 -2240 640 ) (-4096 -2240 0 ) 
4 425 444 (-4096 -3072 640 ) (-4096 -3072 1792 ) (-4096 -2240 1792 ) (-4096 -2240 640 ) 
4 425 442 (-4096 -2240 1792 ) (-4096 -2048 1792 ) (-4096 -2048 0 ) (-4096 -2240 0 ) 
4 425 427 (-4096 -3072 1792 ) (-4096 -3072 0 ) (-3456 -3072 0 ) (-3456 -3072 1792 ) 
4 425 426 (-4096 -3072 0 ) (-4096 -2048 0 ) (-3776 -2048 0 ) (-3776 -3072 0 ) 
4 426 449 (-4096 -3072 -8 ) (-4096 -3072 0 ) (-4096 -2048 0 ) (-4096 -2048 -8 ) 
4 426 428 (-4096 -3072 0 ) (-4096 -3072 -8 ) (-3776 -3072 -8 ) (-3776 -3072 0 ) 
4 427 462 (-4096 -3712 1792 ) (-4096 -3584 1792 ) (-4096 -3584 0 ) (-4096 -3712 0 ) 
4 427 461 (-4096 -3584 1792 ) (-4096 -3200 1792 ) (-4096 -3200 0 ) (-4096 -3584 0 ) 
4 427 453 (-4096 -3200 1792 ) (-4096 -3072 1792 ) (-4096 -3072 0 ) (-4096 -3200 0 ) 
4 427 428 (-4096 -3584 0 ) (-4096 -3072 0 ) (-3776 -3072 0 ) (-3776 -3584 0 ) 
4 428 461 (-4096 -3584 -8 ) (-4096 -3584 0 ) (-4096 -3200 0 ) (-4096 -3200 -8 ) 
4 428 456 (-4096 -3131.171387 0 ) (-4096 -3072 0 ) (-4096 -3072 -8 ) (-4096 -3131.172363 -8 ) 
4 428 455 (-4096 -3141.366943 0 ) (-4096 -3131.171387 0 ) (-4096 -3131.172363 -8 ) (-4096 -3141.366455 -8 ) 
4 428 454 (-4096 -3200 0 ) (-4096 -3141.366943 0 ) (-4096 -3141.366455 -8 ) (-4096 -3200 -8 ) 
4 429 437 (-5120 0 1792 ) (-5120 0 896 ) (-5120 -1024 896 ) (-5120 -1024 1792 ) 
4 429 434 (-4096 -1024 896 ) (-4096 -1024 1792 ) (-5120 -1024 1792 ) (-5120 -1024 896 ) 
3 429 432 (-4544 -704 896 ) (-4416 -704 896 ) (-4416 -832 896 ) 
4 429 431 (-5120 -704 896 ) (-5120 0 896 ) (-4416 0 896 ) (-4416 -704 896 ) 
4 429 430 (-4096 -1024 896 ) (-4416 -1024 896 ) (-4416 0 896 ) (-4096 0 896 ) 
4 430 435 (-4096 -1024 0 ) (-4096 -1024 896 ) (-4416 -1024 896 ) (-4416 -1024 0 ) 
4 430 433 (-4096 -960 0 ) (-4096 -1024 0 ) (-4160 -1024 0 ) (-4160 -960 0 ) 
4 430 432 (-4416 -704 0 ) (-4416 -832 0 ) (-4416 -832 896 ) (-4416 -704 896 ) 
4 430 431 (-4416 0 0 ) (-4416 -704 0 ) (-4416 -704 896 ) (-4416 0 896 ) 
4 431 438 (-5120 0 896 ) (-5120 0 0 ) (-5120 -704 0 ) (-5120 -704 896 ) 
4 431 432 (-4544 -704 0 ) (-4416 -704 0 ) (-4416 -704 896 ) (-4544 -704 896 ) 
4 433 436 (-4096 -1024 -8 ) (-4096 -1024 0 ) (-4160 -1024 0 ) (-4160 -1024 -8 ) 
4 434 443 (-4416 -2048 1792 ) (-5120 -2048 1792 ) (-5120 -2048 896 ) (-4416 -2048 896 ) 
4 434 442 (-4096 -2048 896 ) (-4096 -2048 1792 ) (-4416 -2048 1792 ) (-4416 -2048 896 ) 
4 434 440 (-5120 -2048 896 ) (-5120 -2048 1792 ) (-5120 -1024 1792 ) (-5120 -1024 896 ) 
4 434 435 (-4096 -2048 896 ) (-4416 -2048 896 ) (-4416 -1024 896 ) (-4096 -1024 896 ) 
4 435 442 (-4096 -2048 0 ) (-4096 -2048 896 ) (-4416 -2048 896 ) (-4416 -2048 0 ) 
4 435 436 (-4160 -1024 0 ) (-4096 -1024 0 ) (-4096 -2048 0 ) (-4160 -2048 0 ) 
4 436 449 (-4096 -2048 -8 ) (-4096 -2048 0 ) (-4160 -2048 0 ) (-4160 -2048 -8 ) 
4 437 440 (-5120 -1024 896 ) (-5120 -1024 1792 ) (-5248 -1024 1792 ) (-5248 -1024 896 ) 
4 437 438 (-5248 -832 896 ) (-5248 0 896 ) (-5120 0 896 ) (-5120 -704 896 ) 
4 437 439 (-5248 -1024 896 ) (-5248 -1024 1792 ) (-5248 0 1792 ) (-5248 0 896 ) 
4 438 439 (-5248 0 0 ) (-5248 -832 0 ) (-5248 -832 896 ) (-5248 0 896 ) 
4 439 441 (-5248 -1024 1792 ) (-5888 -1024 1792 ) (-5888 -1024 0 ) (-5248 -1024 0 ) 
4 440 450 (-5120 -2048 896 ) (-5120 -2048 1792 ) (-5248 -2048 1792 ) (-5248 -2048 896 ) 
4 440 441 (-5248 -2048 896 ) (-5248 -2048 1792 ) (-5248 -1024 1792 ) (-5248 -1024 896 ) 
4 441 452 (-5248 -2048 1792 ) (-5888 -2048 1792 ) (-5888 -2048 0 ) (-5248 -2048 0 ) 
4 442 449 (-4160 -2048 0 ) (-4096 -2048 0 ) (-4096 -2240 0 ) (-4160 -2240 0 ) 
4 442 445 (-4416 -2240 0 ) (-4096 -2240 0 ) (-4096 -2240 640 ) (-4416 -2240 640 ) 
4 442 444 (-4096 -2240 640 ) (-4096 -2240 1792 ) (-4416 -2240 1792 ) (-4416 -2240 640 ) 
4 442 443 (-4416 -2240 896 ) (-4416 -2240 1792 ) (-4416 -2048 1792 ) (-4416 -2048 896 ) 
4 443 450 (-5120 -2048 1792 ) (-5120 -2048 896 ) (-5120 -2240 896 ) (-5120 -2240 1792 ) 
4 443 444 (-5120 -2240 1792 ) (-5120 -2240 896 ) (-4416 -2240 896 ) (-4416 -2240 1792 ) 
4 444 453 (-4096 -3072 640 ) (-4096 -3072 1792 ) (-5120 -3072 1792 ) (-5120 -3072 640 ) 
4 444 451 (-5120 -3072 640 ) (-5120 -3072 1792 ) (-5120 -2240 1792 ) (-5120 -2240 640 ) 
3 444 447 (-4544 -2752 640 ) (-4544 -2880 640 ) (-4672 -2880 640 ) 
3 444 446 (-5120 -2880 640 ) (-5120 -2752 640 ) (-4992 -2880 640 ) 
4 444 448 (-4544 -3072 640 ) (-5120 -3072 640 ) (-5120 -2880 640 ) (-4544 -2880 640 ) 
4 444 445 (-4096 -3072 640 ) (-4544 -3072 640 ) (-4544 -2240 640 ) (-4096 -2240 640 ) 
4 445 453 (-4096 -3072 0 ) (-4096 -3072 640 ) (-4544 -3072 640 ) (-4544 -3072 0 ) 
4 445 449 (-4096 -3072 0 ) (-4160 -3072 0 ) (-4160 -2240 0 ) (-4096 -2240 0 ) 
4 445 447 (-4544 -2880 640 ) (-4544 -2752 640 ) (-4544 -2752 0 ) (-4544 -2880 0 ) 
4 445 448 (-4544 -3072 640 ) (-4544 -2880 640 ) (-4544 -2880 0 ) (-4544 -3072 0 ) 
4 446 451 (-5120 -2880 640 ) (-5120 -2752 640 ) (-5120 -2752 0 ) (-5120 -2880 0 ) 
4 446 448 (-5120 -2880 0 ) (-4992 -2880 0 ) (-4992 -2880 640 ) (-5120 -2880 640 ) 
4 447 448 (-4672 -2880 0 ) (-4544 -2880 0 ) (-4544 -2880 640 ) (-4672 -2880 640 ) 
4 448 453 (-4544 -3072 640 ) (-5120 -3072 640 ) (-5120 -3072 0 ) (-4544 -3072 0 ) 
4 448 451 (-5120 -3072 0 ) (-5120 -3072 640 ) (-5120 -2880 640 ) (-5120 -2880 0 ) 
4 449 459 (-4154.667480 -3072 0 ) (-4160 -3072 0 ) (-4160 -3072 -8 ) (-4154.667480 -3072 -8 ) 
4 449 456 (-4096 -3072 -8 ) (-4096 -3072 0 ) (-4154.667480 -3072 0 ) (-4154.667480 -3072 -8 ) 
4 450 451 (-5248 -2240 1792 ) (-5248 -2240 896 ) (-5120 -2240 896 ) (-5120 -2240 1792 ) 
4 450 452 (-5248 -2240 896 ) (-5248 -2240 1792 ) (-5248 -2048 1792 ) (-5248 -2048 896 ) 
4 451 463 (-5120 -3072 0 ) (-5120 -3072 1792 ) (-5248 -3072 1792 ) (-5248 -3072 0 ) 
4 451 452 (-5248 -2240 0 ) (-5248 -3072 0 ) (-5248 -3072 1792 ) (-5248 -2240 1792 ) 
4 452 463 (-5248 -3072 1792 ) (-5888 -3072 1792 ) (-5888 -3072 0 ) (-5248 -3072 0 ) 
4 453 463 (-5120 -3072 1792 ) (-5120 -3072 0 ) (-5120 -3200 0 ) (-5120 -3200 1792 ) 
4 453 461 (-5120 -3200 1792 ) (-5120 -3200 0 ) (-4096 -3200 0 ) (-4096 -3200 1792 ) 
3 453 460 (-4272.004395 -3200 0 ) (-4288.002930 -3200 0 ) (-4265.124512 -3197.708008 0 ) 
3 453 459 (-4160 -3072 0 ) (-4154.667480 -3072 0 ) (-4163.200195 -3097.589844 0 ) 
3 453 458 (-4185.548340 -3150.707764 0 ) (-4197.629883 -3171.837158 0 ) (-4218.895996 -3180.346680 0 ) 
3 453 457 (-4174.424316 -3131.252930 0 ) (-4186.467285 -3167.370605 0 ) (-4197.629883 -3171.837158 0 ) 
4 453 456 (-4154.667480 -3072 0 ) (-4096 -3072 0 ) (-4096 -3131.171387 0 ) (-4186.467285 -3167.370605 0 ) 
3 453 455 (-4096 -3131.171387 0 ) (-4096 -3141.366943 0 ) (-4248.169434 -3192.059814 0 ) 
3 453 454 (-4096 -3200 0 ) (-4272.004395 -3200 0 ) (-4096 -3141.366943 0 ) 
4 454 461 (-4272.005859 -3200 -8 ) (-4096 -3200 -8 ) (-4096 -3200 0 ) (-4272.004395 -3200 0 ) 
4 454 460 (-4265.124023 -3197.708008 -8 ) (-4272.003906 -3200 -8 ) (-4272 -3200 0 ) (-4265.118164 -3197.707520 0 ) 
4 454 455 (-4096 -3141.367188 -8 ) (-4248.155762 -3192.055420 -8 ) (-4248.190918 -3192.068359 0 ) (-4096 -3141.368408 0 ) 
4 455 458 (-4197.630859 -3171.839111 -8 ) (-4218.898926 -3180.349121 -8 ) (-4218.896484 -3180.347168 0 ) (-4197.630371 -3171.837646 0 ) 
4 455 457 (-4186.467773 -3167.372314 -8 ) (-4197.630859 -3171.839111 -8 ) (-4197.630371 -3171.837646 0 ) (-4186.467285 -3167.370850 0 ) 
4 455 456 (-4096 -3131.173096 -8 ) (-4186.467773 -3167.372314 -8 ) (-4186.467285 -3167.370850 0 ) (-4096 -3131.171631 0 ) 
4 456 459 (-4154.667969 -3072 -8 ) (-4163.199707 -3097.587158 -8 ) (-4163.199707 -3097.587891 0 ) (-4154.667969 -3072 0 ) 
4 456 457 (-4174.425293 -3131.254150 -8 ) (-4186.468262 -3167.372314 -8 ) (-4186.467773 -3167.371094 0 ) (-4174.425293 -3131.254883 0 ) 
4 457 458 (-4185.552246 -3150.711426 -8 ) (-4197.634277 -3171.841797 -8 ) (-4197.633301 -3171.840576 0 ) (-4185.552246 -3150.711182 0 ) 
4 460 461 (-4288.001953 -3200 -8 ) (-4272.005859 -3200 -8 ) (-4272.004395 -3200 0 ) (-4288.002930 -3200 0 ) 
4 461 464 (-5120 -3584 -8 ) (-5120 -3584 0 ) (-5120 -3200 0 ) (-5120 -3200 -8 ) 
4 461 463 (-5120 -3584 0 ) (-5120 -3584 1792 ) (-5120 -3200 1792 ) (-5120 -3200 0 ) 
4 461 462 (-5120 -3584 1792 ) (-5120 -3584 0 ) (-4096 -3584 0 ) (-4096 -3584 1792 ) 
4 462 463 (-5120 -3712 0 ) (-5120 -3712 1792 ) (-5120 -3584 1792 ) (-5120 -3584 0 ) 
4 463 464 (-5888 -3584 0 ) (-5888 -3200 0 ) (-5120 -3200 0 ) (-5120 -3584 0 ) 
