PRT1
165
304
4 0 43 (1024 3520 40 ) (1024 3520 232 ) (1024 3648 232 ) (1024 3648 40 ) 
4 0 34 (1024 3702.570557 232 ) (1024 3753.560547 232 ) (1024 3753.560547 40 ) (1024 3702.570557 40 ) 
4 0 28 (1024 3648 232 ) (1024 3702.570557 232 ) (1024 3702.570557 40 ) (1024 3648 40 ) 
4 0 17 (1408 3520 40 ) (1024 3520 40 ) (1024 3648 40 ) (1408 3648 40 ) 
4 0 12 (1059.764160 3746.437256 40 ) (1053.114258 3747.761719 40 ) (1053.114258 3747.761719 232 ) (1059.764282 3746.437012 232 ) 
4 0 11 (1078.608521 3742.683838 40 ) (1072 3744 40 ) (1072 3744 232 ) (1078.620117 3742.681396 232 ) 
4 0 10 (1086.442017 3741.123535 40 ) (1078.608521 3742.683838 40 ) (1078.620117 3742.681396 232 ) (1086.442017 3741.123535 232 ) 
4 0 9 (1111.958984 3736.041016 40 ) (1086.442017 3741.123535 40 ) (1086.442017 3741.123535 232 ) (1111.958984 3736.041016 232 ) 
4 0 8 (1220.779175 3714.366455 40 ) (1111.958984 3736.041016 40 ) (1111.958984 3736.041016 232 ) (1220.779175 3714.366455 232 ) 
4 0 7 (1408 3677.075928 40 ) (1220.779175 3714.366455 40 ) (1220.779175 3714.366455 232 ) (1408 3677.075928 232 ) 
4 0 1 (1053.114258 3747.761719 40 ) (1024 3753.560547 40 ) (1024 3753.560547 232 ) (1053.114258 3747.761719 232 ) 
4 1 34 (1024 3753.560547 232 ) (1024 3791.369141 232 ) (1024 3791.369141 40 ) (1024 3753.560547 40 ) 
4 1 12 (1053.117188 3747.757813 232 ) (1053.117188 3747.757813 40 ) (1049.370361 3753.369873 40 ) (1049.370361 3753.369873 232 ) 
4 1 2 (1042.440063 3763.750000 40 ) (1024 3791.369629 40 ) (1024 3791.369385 232 ) (1042.440186 3763.749756 232 ) 
4 2 34 (1024 3791.369141 232 ) (1024 3849.429199 232 ) (1024 3849.429199 40 ) (1024 3791.369141 40 ) 
4 2 26 (1024 3856.330566 47.082123 ) (1024 3856.330566 43.084938 ) (1024 3849.429199 42.678299 ) (1024 3849.429199 46.675457 ) 
4 2 25 (1024 3856.330566 43.084938 ) (1024 3856.330566 40 ) (1024 3849.429199 40 ) (1024 3849.429199 42.678299 ) 
4 2 19 (1024 3849.429199 232 ) (1024 3856.330566 232 ) (1024 3856.330566 47.082123 ) (1024 3849.429199 46.675457 ) 
4 2 3 (1040 3776 40 ) (1024 3856.329834 40 ) (1024 3856.329102 232 ) (1040 3776 232 ) 
4 3 26 (1024 3856.330566 43.084946 ) (1024 3856.330566 47.082134 ) (1024 3904 49.891212 ) (1024 3904 45.893700 ) 
4 3 25 (1024 3904 40 ) (1024 3856.330566 40 ) (1024 3856.330566 43.084946 ) (1024 3904 45.893700 ) 
4 3 22 (1024 4032 57.434036 ) (1024 4032 53.435658 ) (1024 3904 45.893700 ) (1024 3904 49.891212 ) 
4 3 20 (1024 4032 53.435658 ) (1024 4032 40 ) (1024 3904 40 ) (1024 3904 45.893700 ) 
4 3 19 (1024 3856.330566 232 ) (1024 4032 232 ) (1024 4032 57.434036 ) (1024 3856.330566 47.082134 ) 
4 3 16 (1024 3904 40 ) (1024 4032 40 ) (1090.989746 4032 40 ) (1065.494873 3904 40 ) 
4 3 4 (1042.437988 3788.237305 40 ) (1090.990356 4032 40 ) (1090.990234 4032 232 ) (1042.437988 3788.237305 232 ) 
4 4 16 (1090.989746 4032 40 ) (1205.262451 4032 40 ) (1119.763306 3904 40 ) (1065.494873 3904 40 ) 
4 4 5 (1049.372559 3798.621582 40 ) (1205.260620 4032 40 ) (1205.265625 4032 232 ) (1049.372925 3798.621826 232 ) 
4 5 16 (1205.262451 4032 40 ) (1398.770752 4032 40 ) (1207.137817 3904 40 ) (1119.763428 3904 40 ) 
4 5 6 (1059.761719 3805.562744 40 ) (1398.768433 4032 40 ) (1398.769531 4032 232 ) (1059.761841 3805.562744 232 ) 
4 6 16 (1398.770752 4032 40 ) (1408 4032 40 ) (1408 3904 40 ) (1207.137817 3904 40 ) 
4 6 14 (1071.998413 3808 40 ) (1078.625488 3809.320313 40 ) (1078.625488 3809.320313 232 ) (1072.005859 3808.001953 232 ) 
4 6 7 (1078.625488 3809.320313 40 ) (1408 3874.924805 40 ) (1408 3874.925049 232 ) (1078.625488 3809.320313 232 ) 
4 7 15 (1094.627930 3798.633301 40 ) (1100.238281 3794.885742 40 ) (1100.238281 3794.885742 232 ) (1094.627686 3798.633545 232 ) 
4 7 14 (1078.628906 3809.320313 232 ) (1078.628906 3809.320313 40 ) (1084.265625 3805.555176 40 ) (1084.259277 3805.559326 232 ) 
4 7 8 (1100.238281 3794.885742 40 ) (1220.784546 3714.364258 40 ) (1220.784546 3714.364258 232 ) (1100.238281 3794.885742 232 ) 
4 8 15 (1100.238281 3794.886719 232 ) (1100.238281 3794.886719 40 ) (1101.562988 3788.235840 40 ) (1101.562988 3788.235840 232 ) 
4 8 13 (1104 3776 40 ) (1105.322266 3769.362061 40 ) (1105.322266 3769.362061 232 ) (1104 3776 232 ) 
4 8 9 (1105.322266 3769.362061 40 ) (1111.958984 3736.041016 40 ) (1111.958984 3736.041016 232 ) (1105.322266 3769.362061 232 ) 
4 9 13 (1105.326172 3769.369141 232 ) (1105.326172 3769.369141 40 ) (1101.556152 3763.730469 40 ) (1101.556152 3763.730225 232 ) 
4 9 10 (1094.628540 3753.369141 40 ) (1086.441162 3741.123535 40 ) (1086.441162 3741.123535 232 ) (1094.616577 3753.351074 232 ) 
4 10 11 (1084.226318 3746.427246 40 ) (1078.612549 3742.682861 40 ) (1078.624146 3742.680664 232 ) (1084.247925 3746.431641 232 ) 
4 16 20 (1024 3904 0 ) (1024 3904 40 ) (1024 4032 40 ) (1024 4032 0 ) 
4 17 43 (1024 3520 0 ) (1024 3520 40 ) (1024 3648 40 ) (1024 3648 0 ) 
4 18 143 (1728 2048 704 ) (1024 2048 704 ) (1024 2048 64 ) (1728 2048 64 ) 
4 18 68 (1024 2048 64 ) (1024 2048 704 ) (1024 2304 704 ) (1024 2304 64 ) 
5 19 44 (464 3737.889160 40 ) (464 3737.889160 168 ) (464 3904 168 ) (464 3904 41.643677 ) (464 3876.107178 40 ) 
4 19 35 (822.626953 3809.319580 232 ) (816.008606 3808.001221 232 ) (816.001099 3808 41.170731 ) (822.626953 3809.319580 41.346085 ) 
4 19 34 (1024 3849.428955 46.675434 ) (1024 3849.428955 232 ) (822.626953 3809.319580 232 ) (822.626953 3809.319580 41.346085 ) 
4 19 33 (803.764465 3805.562500 232 ) (797.128052 3804.240723 232 ) (797.128052 3804.240723 40.671257 ) (803.764465 3805.562500 40.846889 ) 
4 19 32 (797.128052 3804.240723 232 ) (789.315063 3802.684570 232 ) (789.315063 3802.684570 40.464485 ) (797.128052 3804.240723 40.671257 ) 
4 19 31 (789.315063 3802.684570 232 ) (779.090515 3800.647949 232 ) (779.090393 3800.647949 40.193890 ) (789.315063 3802.684570 40.464485 ) 
5 19 30 (779.090515 3800.647949 232 ) (763.838135 3797.610107 232 ) (763.838318 3797.610107 40 ) (771.764099 3799.188721 40 ) (779.090393 3800.647949 40.193890 ) 
4 19 29 (763.838135 3797.610107 232 ) (655.340576 3776 232 ) (655.340820 3776 40 ) (763.838318 3797.610107 40 ) 
4 19 28 (655.340576 3776 232 ) (464 3737.888672 232 ) (464 3737.888672 40 ) (655.340820 3776 40 ) 
5 19 27 (593.286011 3843.795654 40 ) (464 3876.107666 40 ) (464 3904 41.643646 ) (605.492981 3904 43.727516 ) (629.490051 3880 42.666649 ) 
5 19 26 (1024 3849.426514 46.675255 ) (771.770203 3799.187744 40 ) (593.286011 3843.795654 40 ) (653.490173 3904 44.434406 ) (1024 3904 49.891174 ) 
3 19 24 (605.493103 3904 43.727520 ) (562.973633 3904 43.101303 ) (584.235840 3925.260010 44.667271 ) 
4 19 23 (690.986267 4032 52.529446 ) (781.490051 4032 53.862362 ) (720 3970.509766 49.333248 ) (674.744751 4015.760010 51.333260 ) 
4 19 22 (781.490051 4032 53.862362 ) (1024 4032 57.433983 ) (1024 3904 49.891174 ) (653.490234 3904 44.434406 ) 
4 19 21 (464 3904 41.643646 ) (464 4032 49.186455 ) (690.986267 4032 52.529446 ) (562.973633 3904 43.101303 ) 
3 20 25 (1024 3904 40 ) (1024 3904 45.893700 ) (624.005005 3904 40 ) 
3 20 24 (562.973633 3904 39.100872 ) (605.493103 3904 39.727371 ) (584.235840 3925.260010 40.666840 ) 
4 20 23 (720 3970.509766 45.333435 ) (781.490112 4032 49.862556 ) (690.986328 4032 48.529037 ) (674.744812 4015.760010 47.332848 ) 
4 20 22 (653.490234 3904 40.434582 ) (1024 3904 45.893826 ) (1024 4032 53.435795 ) (781.490112 4032 49.862556 ) 
4 20 21 (464 3904 37.642555 ) (562.973633 3904 39.100872 ) (690.986328 4032 48.529037 ) (464 4032 45.184532 ) 
4 21 27 (562.973633 3904 43.103806 ) (464 3904 41.646152 ) (464 3904 40 ) (562.973633 3904 40 ) 
4 21 24 (562.968750 3904 43.097656 ) (562.968750 3904 39.100098 ) (584.233398 3925.262451 40.666245 ) (584.233398 3925.262451 44.663807 ) 
4 21 23 (674.742371 4015.762451 47.332245 ) (690.981445 4032 48.528252 ) (690.981445 4032 52.525833 ) (674.742371 4015.762451 51.329823 ) 
4 22 26 (1024 3904 49.893669 ) (653.490234 3904 44.436909 ) (653.490234 3904 40.434448 ) (1024 3904 45.893700 ) 
4 22 23 (781.492188 4032 49.859116 ) (720 3970.508789 45.329922 ) (720 3970.508789 49.333244 ) (781.492188 4032 53.862442 ) 
4 24 27 (605.493103 3904 43.730022 ) (562.973633 3904 43.103806 ) (562.973633 3904 40 ) (605.493103 3904 40 ) 
3 25 34 (1024 3849.428955 40 ) (1024 3849.428955 42.678276 ) (922.819824 3829.275879 40 ) 
5 25 26 (1024 3904 45.893906 ) (653.490234 3904 40.434658 ) (647.588989 3898.098877 40 ) (922.811646 3829.274414 40 ) (1024 3849.428955 42.678490 ) 
4 26 35 (822.626953 3809.319580 41.346088 ) (816.001099 3808 41.170734 ) (816.001099 3808 40 ) (822.626953 3809.319580 40 ) 
5 26 34 (1024 3849.428955 42.678276 ) (1024 3849.428955 46.675434 ) (822.626953 3809.319580 41.346088 ) (822.626953 3809.319580 40 ) (922.819824 3829.275879 40 ) 
4 26 33 (803.764465 3805.562500 40.846893 ) (797.128052 3804.240723 40.671261 ) (797.128052 3804.240723 40 ) (803.764465 3805.562500 40 ) 
4 26 32 (797.128052 3804.240723 40.671261 ) (789.315063 3802.684570 40.464489 ) (789.315063 3802.684570 40 ) (797.128052 3804.240723 40 ) 
3 26 31 (789.315063 3802.684570 40.464489 ) (771.764038 3799.188721 40 ) (789.315063 3802.684570 40 ) 
3 26 27 (629.491028 3879.998779 40 ) (593.286926 3843.794678 40 ) (629.491028 3879.998779 42.666115 ) 
3 27 44 (464 3876.107178 40 ) (464 3904 41.643677 ) (464 3904 40 ) 
4 28 44 (464 3648 40 ) (464 3648 168 ) (464 3737.889160 168 ) (464 3737.889160 40 ) 
4 28 43 (1024 3648 232 ) (464 3648 232 ) (464 3648 40 ) (1024 3648 40 ) 
4 28 39 (822.618713 3742.680420 40 ) (815.996582 3744 40 ) (815.996582 3744 232 ) (822.618713 3742.680420 232 ) 
4 28 38 (830.441223 3741.122314 40 ) (822.618713 3742.680420 40 ) (822.618713 3742.680420 232 ) (830.441223 3741.122314 232 ) 
4 28 37 (803.752869 3746.438232 40 ) (797.120117 3747.759277 40 ) (797.120117 3747.759277 232 ) (803.752869 3746.438232 232 ) 
4 28 36 (964.781921 3714.364502 40 ) (830.441223 3741.122314 40 ) (830.441223 3741.122314 232 ) (964.781921 3714.364502 232 ) 
4 28 34 (1024 3702.569580 40 ) (964.781921 3714.364502 40 ) (964.781921 3714.364502 232 ) (1024 3702.569580 232 ) 
4 28 29 (797.120117 3747.759277 40 ) (655.343750 3775.998047 40 ) (655.343750 3775.998047 232 ) (797.120117 3747.759277 232 ) 
4 29 37 (797.115234 3747.763672 232 ) (797.115234 3747.763672 40 ) (793.373901 3753.367432 40 ) (793.373901 3753.367432 232 ) 
4 29 30 (786.439026 3763.754883 40 ) (763.836243 3797.610107 40 ) (763.836243 3797.610107 232 ) (786.439026 3763.754883 232 ) 
4 30 31 (784 3776 40 ) (779.090454 3800.648438 40 ) (779.090454 3800.648438 232 ) (784 3776 232 ) 
4 31 32 (786.437683 3788.236572 40 ) (789.315613 3802.685059 40 ) (789.315613 3802.685059 232 ) (786.437683 3788.236572 232 ) 
4 32 33 (793.378296 3798.625488 40 ) (797.129517 3804.241455 40 ) (797.129517 3804.241455 232 ) (793.378296 3798.625488 232 ) 
4 34 42 (838.629639 3798.630371 40 ) (844.235046 3794.886230 40 ) (844.234985 3794.886475 232 ) (838.629578 3798.630615 232 ) 
4 34 40 (844.235046 3794.886230 40 ) (859.548645 3784.657471 40 ) (859.548645 3784.657471 232 ) (844.234985 3794.886475 232 ) 
4 34 36 (859.548645 3784.657471 40 ) (964.780640 3714.366699 40 ) (964.780640 3714.366699 232 ) (859.548645 3784.657471 232 ) 
4 34 35 (822.626587 3809.319824 232 ) (822.626587 3809.319824 40 ) (828.261902 3805.555664 40 ) (828.255493 3805.560059 232 ) 
4 36 41 (849.323364 3769.361328 40 ) (845.552307 3763.721191 40 ) (845.556580 3763.727539 232 ) (849.323364 3769.361328 232 ) 
4 36 40 (859.548218 3784.654297 232 ) (859.548218 3784.654297 40 ) (849.323364 3769.361328 40 ) (849.323364 3769.361328 232 ) 
4 36 38 (838.632874 3753.372070 40 ) (830.443176 3741.123047 40 ) (830.443176 3741.123047 232 ) (838.632874 3753.372070 232 ) 
4 38 39 (828.245422 3746.438965 40 ) (822.617859 3742.681641 40 ) (822.617859 3742.681641 232 ) (828.245422 3746.438965 232 ) 
4 40 42 (844.236633 3794.884766 232 ) (844.236633 3794.884766 40 ) (845.561768 3788.237305 40 ) (845.561768 3788.237305 232 ) 
4 40 41 (848 3776.002930 40 ) (849.323669 3769.365723 40 ) (849.323669 3769.365723 232 ) (848.002136 3775.995361 232 ) 
4 44 45 (448 3648 40 ) (448 3648 168 ) (448 3904 168 ) (448 3904 40 ) 
4 45 46 (216 3888 40 ) (216 3664 40 ) (216 3664 200 ) (216 3888 200 ) 
4 46 47 (168 3888 40 ) (168 3664 40 ) (168 3664 200 ) (168 3888 200 ) 
4 47 51 (0 3648 40 ) (0 3648 200 ) (0 3904 200 ) (0 3904 40 ) 
4 48 60 (-288 3648 200 ) (-320 3648 200 ) (-320 3904 200 ) (-288 3904 200 ) 
4 48 59 (-256 3648 200 ) (-288 3648 200 ) (-288 3904 200 ) (-256 3904 200 ) 
4 48 57 (-224 3648 200 ) (-256 3648 200 ) (-256 3904 200 ) (-224 3904 200 ) 
4 48 56 (-160 3648 200 ) (-224 3648 200 ) (-224 3904 200 ) (-160 3904 200 ) 
4 48 55 (-128 3648 200 ) (-160 3648 200 ) (-160 3904 200 ) (-128 3904 200 ) 
4 48 54 (-96 3648 200 ) (-128 3648 200 ) (-128 3904 200 ) (-96 3904 200 ) 
4 48 53 (-64 3648 200 ) (-96 3648 200 ) (-96 3904 200 ) (-64 3904 200 ) 
4 48 52 (-32 3648 200 ) (-64 3648 200 ) (-64 3904 200 ) (-32 3904 200 ) 
4 48 51 (0 3648 200 ) (-32 3648 200 ) (-32 3904 200 ) (0 3904 200 ) 
4 48 49 (-424 3888 200 ) (-424 3664 200 ) (-424 3664 352 ) (-424 3888 352 ) 
4 49 50 (-472 3888 200 ) (-472 3664 200 ) (-472 3664 352 ) (-472 3888 352 ) 
4 50 65 (-832 3648 200 ) (-816 3648 200 ) (-816 3648 352 ) (-832 3648 352 ) 
4 50 64 (-816 3648 200 ) (-592 3648 200 ) (-592 3648 352 ) (-816 3648 352 ) 
4 50 61 (-592 3648 200 ) (-576 3648 200 ) (-576 3648 352 ) (-592 3648 352 ) 
4 51 52 (-32 3648 56 ) (-32 3648 200 ) (-32 3904 200 ) (-32 3904 56 ) 
4 52 53 (-64 3648 72 ) (-64 3648 200 ) (-64 3904 200 ) (-64 3904 72 ) 
4 53 54 (-96 3648 88 ) (-96 3648 200 ) (-96 3904 200 ) (-96 3904 88 ) 
4 54 55 (-128 3648 104 ) (-128 3648 200 ) (-128 3904 200 ) (-128 3904 104 ) 
4 55 58 (-160 3648 120 ) (-160 3648 136 ) (-160 3904 136 ) (-160 3904 120 ) 
4 55 56 (-160 3648 136 ) (-160 3648 200 ) (-160 3904 200 ) (-160 3904 136 ) 
4 56 58 (-192 3904 136 ) (-160 3904 136 ) (-160 3648 136 ) (-192 3648 136 ) 
4 56 57 (-224 3648 152 ) (-224 3648 200 ) (-224 3904 200 ) (-224 3904 152 ) 
4 57 59 (-256 3648 168 ) (-256 3648 200 ) (-256 3904 200 ) (-256 3904 168 ) 
4 59 60 (-288 3648 184 ) (-288 3648 200 ) (-288 3904 200 ) (-288 3904 184 ) 
4 61 64 (-592 3648 200 ) (-592 3520 200 ) (-592 3520 352 ) (-592 3648 352 ) 
4 62 64 (-592 3472 200 ) (-592 3160 200 ) (-592 3160 352 ) (-592 3472 352 ) 
4 63 69 (-576 3072 200 ) (-576 3072 352 ) (-592 3072 352 ) (-592 3072 200 ) 
4 63 64 (-592 3112 200 ) (-592 3072 200 ) (-592 3072 352 ) (-592 3112 352 ) 
4 64 69 (-592 3072 352 ) (-816 3072 352 ) (-816 3072 200 ) (-592 3072 200 ) 
4 64 65 (-816 3648 200 ) (-816 3520 200 ) (-816 3520 352 ) (-816 3648 352 ) 
4 64 66 (-816 3472 200 ) (-816 3072 200 ) (-816 3072 352 ) (-816 3472 352 ) 
4 66 69 (-816 3072 352 ) (-832 3072 352 ) (-832 3072 200 ) (-816 3072 200 ) 
4 66 67 (-832 3344 200 ) (-832 3072 200 ) (-832 3072 352 ) (-832 3344 352 ) 
4 67 99 (-1024 3072 200 ) (-1024 3072 416 ) (-1024 3190.242188 416 ) (-1024 3190.242188 200 ) 
5 67 84 (-1024 3190.242188 416 ) (-1024 3216 416 ) (-1024 3266.726807 390.636658 ) (-1024 3266.726807 200 ) (-1024 3190.242188 200 ) 
4 67 83 (-1024 3266.726807 390.636658 ) (-1024 3328 360 ) (-1024 3328 200 ) (-1024 3266.726807 200 ) 
4 67 73 (-1024 3328 360 ) (-1024 3344 352 ) (-1024 3344 200 ) (-1024 3328 200 ) 
4 67 71 (-1024 3072 416 ) (-1024 3072 200 ) (-832 3072 200 ) (-832 3072 416 ) 
4 68 153 (1024 2048 64 ) (1024 2048 704 ) (0 2048 704 ) (0 2048 64 ) 
4 68 70 (0 2048 64 ) (0 2048 704 ) (0 2304 704 ) (0 2304 64 ) 
4 69 71 (-832 2896 200 ) (-832 2896 352 ) (-832 3072 352 ) (-832 3072 200 ) 
4 70 154 (0 2048 64 ) (0 2048 704 ) (-768 2048 704 ) (-768 2048 64 ) 
4 71 109 (-1024 2896 200 ) (-1024 2896 352 ) (-1024 2912 360 ) (-1024 2912 200 ) 
5 71 108 (-1024 2912 360 ) (-1024 3024 416 ) (-1024 3072 416 ) (-1024 3072 200 ) (-1024 2912 200 ) 
4 72 157 (-832 2048 64 ) (-832 2048 192 ) (-1024 2048 192 ) (-1024 2048 64 ) 
4 72 115 (-1024 2112 192 ) (-1024 2304 192 ) (-1024 2304 64 ) (-1024 2112 64 ) 
4 73 83 (-1072 3328 200 ) (-1024 3328 200 ) (-1024 3328 360 ) (-1072 3328 360 ) 
4 74 83 (-1345.091553 3328 200 ) (-1120 3328 200 ) (-1120 3328 360 ) (-1345.091553 3328 360 ) 
4 74 82 (-1384 3328 200 ) (-1345.091553 3328 200 ) (-1345.091553 3328 360 ) (-1384 3328 360 ) 
4 75 82 (-1498.799561 3328 200 ) (-1432 3328 200 ) (-1432 3328 360 ) (-1498.799561 3328 360 ) 
4 75 81 (-1590.570679 3328 200 ) (-1498.799561 3328 200 ) (-1498.799561 3328 360 ) (-1590.570801 3328 360 ) 
4 75 80 (-1673.429199 3328 200 ) (-1590.570679 3328 200 ) (-1590.570801 3328 360 ) (-1673.429199 3328 360 ) 
4 75 79 (-1696 3328 200 ) (-1673.429199 3328 200 ) (-1673.429199 3328 360 ) (-1696 3328 360 ) 
4 76 79 (-1776.608398 3328 200 ) (-1744 3328 200 ) (-1744 3328 360 ) (-1776.608398 3328 360 ) 
4 76 78 (-1984 3328 360 ) (-1984 3328 200 ) (-1776.608398 3328 200 ) (-1776.608398 3328 360 ) 
4 77 108 (-1617.648560 3072 416 ) (-1984 3072 416 ) (-1984 3072 200 ) (-1617.648682 3072 200 ) 
4 77 93 (-1568.662598 3081.758301 416 ) (-1617.655884 3072 416 ) (-1617.655762 3072 200 ) (-1568.663086 3081.758301 200 ) 
4 77 89 (-1612.238525 3090.438721 200 ) (-1618.886353 3091.762939 200 ) (-1618.886353 3091.762939 416 ) (-1612.238647 3090.438965 416 ) 
4 77 88 (-1593.389893 3086.684570 200 ) (-1599.997192 3088 200 ) (-1599.996826 3088 416 ) (-1593.376953 3086.682129 416 ) 
4 77 85 (-1568.654297 3081.757813 416 ) (-1568.654297 3081.757813 200 ) (-1593.389893 3086.684570 200 ) (-1593.376953 3086.682129 416 ) 
4 77 78 (-1618.886353 3091.762939 200 ) (-1984 3164.485596 200 ) (-1984 3164.485596 416 ) (-1618.886353 3091.762939 416 ) 
4 78 89 (-1622.631958 3097.371094 416 ) (-1618.886719 3091.761719 416 ) (-1618.886719 3091.761719 200 ) (-1622.631714 3097.371094 200 ) 
5 78 79 (-1776.609375 3328 200 ) (-1776.609375 3328 359.998047 ) (-1701.832031 3215.996094 416 ) (-1629.559570 3107.747314 416 ) (-1629.559692 3107.747803 200 ) 
5 79 80 (-1632 3120 200 ) (-1673.428711 3328 200 ) (-1673.428711 3328 360.001953 ) (-1651.121094 3216.003906 416 ) (-1632 3120 416 ) 
5 80 81 (-1629.562378 3132.236328 200 ) (-1590.570313 3328 200 ) (-1590.570313 3328 359.998047 ) (-1612.878906 3215.996094 416 ) (-1629.562256 3132.236572 416 ) 
5 81 82 (-1622.627319 3142.621826 200 ) (-1498.800781 3328 200 ) (-1498.800781 3328 360 ) (-1573.613281 3216 416 ) (-1622.627441 3142.621826 416 ) 
5 82 83 (-1612.241699 3149.561768 200 ) (-1345.093750 3328 200 ) (-1345.093750 3328 360.001953 ) (-1512.769531 3216.003906 416 ) (-1612.241821 3149.561768 416 ) 
4 83 87 (-1600 3152 200 ) (-1593.374268 3153.320068 200 ) (-1593.374390 3153.320068 416 ) (-1599.992676 3152.001953 416 ) 
5 83 84 (-1593.374268 3153.320068 200 ) (-1024 3266.728027 200 ) (-1024 3266.728516 390.636688 ) (-1278.679688 3216.001953 416 ) (-1593.374390 3153.320068 416 ) 
4 84 106 (-1209.375122 3153.321045 416 ) (-1215.995361 3152.002441 416 ) (-1216.003418 3152 200 ) (-1209.375122 3153.321045 200 ) 
4 84 99 (-1024 3190.243652 416 ) (-1209.375122 3153.321045 416 ) (-1209.375122 3153.321045 200 ) (-1024 3190.243652 200 ) 
4 84 98 (-1228.232544 3149.564941 416 ) (-1234.870850 3148.242676 416 ) (-1234.870850 3148.242676 200 ) (-1228.232544 3149.564941 200 ) 
4 84 97 (-1234.870850 3148.242676 416 ) (-1242.684570 3146.686279 416 ) (-1242.684570 3146.686279 200 ) (-1234.870850 3148.242676 200 ) 
4 84 96 (-1242.684570 3146.686279 416 ) (-1252.909790 3144.649658 416 ) (-1252.909790 3144.649658 200 ) (-1242.684570 3146.686279 200 ) 
4 84 95 (-1252.909790 3144.649658 416 ) (-1268.166992 3141.610840 416 ) (-1268.166992 3141.610840 200 ) (-1252.909790 3144.649658 200 ) 
4 84 94 (-1268.166992 3141.610840 416 ) (-1376.662842 3120 416 ) (-1376.662964 3120 200 ) (-1268.166992 3141.610840 200 ) 
4 84 93 (-1376.662842 3120 416 ) (-1505.172363 3094.404297 416 ) (-1505.172485 3094.404297 200 ) (-1376.662964 3120 200 ) 
4 84 92 (-1577.372681 3142.633789 200 ) (-1571.765259 3138.888184 200 ) (-1571.765259 3138.888184 416 ) (-1577.372803 3142.633789 416 ) 
4 84 90 (-1571.765259 3138.888184 200 ) (-1556.450928 3128.658447 200 ) (-1556.450806 3128.658447 416 ) (-1571.765259 3138.888184 416 ) 
4 84 87 (-1593.371094 3153.320313 416 ) (-1593.371094 3153.320313 200 ) (-1587.734375 3149.555176 200 ) (-1587.741211 3149.559814 416 ) 
4 84 86 (-1556.450928 3128.658447 200 ) (-1543.465332 3119.984375 200 ) (-1543.457031 3119.979004 416 ) (-1556.450806 3128.658447 416 ) 
4 84 85 (-1543.465332 3119.984375 200 ) (-1505.169189 3094.403564 200 ) (-1505.169189 3094.403564 416 ) (-1543.457031 3119.979004 416 ) 
4 85 93 (-1505.172363 3094.404297 416 ) (-1568.662598 3081.758301 416 ) (-1568.663086 3081.758301 200 ) (-1505.172485 3094.404297 200 ) 
4 85 88 (-1587.782227 3090.425293 200 ) (-1593.391724 3086.683838 200 ) (-1593.378662 3086.681152 416 ) (-1587.757690 3090.430420 416 ) 
4 85 86 (-1543.460327 3119.977295 416 ) (-1543.468750 3119.982910 200 ) (-1577.369873 3097.370605 200 ) (-1577.383301 3097.350342 416 ) 
4 86 91 (-1566.677246 3113.364258 200 ) (-1570.446289 3107.727051 200 ) (-1570.441650 3107.734131 416 ) (-1566.677246 3113.364258 416 ) 
4 86 90 (-1556.451050 3128.658936 416 ) (-1556.451050 3128.658936 200 ) (-1566.677246 3113.364258 200 ) (-1566.677246 3113.364258 416 ) 
4 90 92 (-1571.764648 3138.885742 416 ) (-1571.764648 3138.885742 200 ) (-1570.439941 3132.239746 200 ) (-1570.439819 3132.239746 416 ) 
4 90 91 (-1568 3120 200 ) (-1566.677124 3113.363525 200 ) (-1566.677124 3113.363525 416 ) (-1567.998413 3119.991699 416 ) 
4 93 108 (-1135.669556 3072 416 ) (-1617.648560 3072 416 ) (-1617.648682 3072 200 ) (-1135.669556 3072 200 ) 
4 93 103 (-1228.251465 3090.440918 200 ) (-1234.886108 3091.762451 200 ) (-1234.886475 3091.762939 416 ) (-1228.252686 3090.441650 416 ) 
4 93 102 (-1209.390625 3086.684326 200 ) (-1215.997803 3088 200 ) (-1215.997070 3088 416 ) (-1209.376953 3086.681885 416 ) 
4 93 100 (-1135.667969 3072 200 ) (-1209.390625 3086.684326 200 ) (-1209.376953 3086.681885 416 ) (-1135.664673 3072 416 ) 
4 93 94 (-1234.886108 3091.762451 200 ) (-1376.654297 3120 200 ) (-1376.654297 3120 416 ) (-1234.886475 3091.762939 416 ) 
4 94 103 (-1234.890625 3091.765625 416 ) (-1234.890625 3091.765625 200 ) (-1238.634155 3097.372803 200 ) (-1238.634155 3097.372803 416 ) 
4 94 95 (-1245.559204 3107.745361 200 ) (-1268.168091 3141.609375 200 ) (-1268.168091 3141.609375 416 ) (-1245.559204 3107.745361 416 ) 
4 95 96 (-1248 3120 200 ) (-1252.909180 3144.648438 200 ) (-1252.909180 3144.648438 416 ) (-1248 3120 416 ) 
4 96 97 (-1245.563110 3132.235596 200 ) (-1242.685303 3146.684082 200 ) (-1242.685303 3146.684082 416 ) (-1245.563110 3132.235596 416 ) 
4 97 98 (-1238.628174 3142.621338 200 ) (-1234.875732 3148.239014 200 ) (-1234.875732 3148.239014 416 ) (-1238.628174 3142.621338 416 ) 
4 99 108 (-1024 3072 200 ) (-1024 3072 416 ) (-1087.631104 3072 416 ) (-1087.631104 3072 200 ) 
4 99 107 (-1193.370239 3142.630127 200 ) (-1187.764771 3138.885742 200 ) (-1187.764771 3138.885986 416 ) (-1193.370361 3142.630371 416 ) 
4 99 106 (-1209.373535 3153.319824 416 ) (-1209.373535 3153.319824 200 ) (-1203.738892 3149.556152 200 ) (-1203.745728 3149.560547 416 ) 
4 99 105 (-1187.764771 3138.885742 200 ) (-1181.119995 3134.447266 200 ) (-1181.116943 3134.445313 416 ) (-1187.764771 3138.885986 416 ) 
4 99 104 (-1181.119995 3134.447266 200 ) (-1172.451782 3128.657227 200 ) (-1172.451660 3128.657227 416 ) (-1181.116943 3134.445313 416 ) 
4 99 101 (-1172.451782 3128.657227 200 ) (-1159.466675 3119.983643 200 ) (-1159.458374 3119.978027 416 ) (-1172.451660 3128.657227 416 ) 
4 99 100 (-1159.466675 3119.983643 200 ) (-1087.631470 3072 200 ) (-1087.631592 3072 416 ) (-1159.458374 3119.978027 416 ) 
4 100 108 (-1087.631104 3072 416 ) (-1135.669556 3072 416 ) (-1135.669556 3072 200 ) (-1087.631104 3072 200 ) 
4 100 102 (-1203.764893 3090.436768 200 ) (-1209.391602 3086.683838 200 ) (-1209.378540 3086.681152 416 ) (-1203.740723 3090.441650 416 ) 
4 100 101 (-1159.456421 3119.979492 416 ) (-1159.464844 3119.985107 200 ) (-1193.369751 3097.370361 200 ) (-1193.383667 3097.349854 416 ) 
4 101 104 (-1172.451538 3128.656006 416 ) (-1172.451538 3128.656006 200 ) (-1186.447510 3107.721924 200 ) (-1186.442749 3107.729248 416 ) 
4 104 105 (-1181.116943 3134.444824 416 ) (-1181.119873 3134.446777 200 ) (-1184 3120 200 ) (-1183.998169 3119.990723 416 ) 
4 105 107 (-1187.765381 3138.886475 416 ) (-1187.765381 3138.886475 200 ) (-1186.440552 3132.240723 200 ) (-1186.440552 3132.240723 416 ) 
4 108 112 (-1984 2912 360 ) (-1984 2912 200 ) (-1744 2912 200 ) (-1744 2912 360 ) 
4 108 111 (-1696 2912 200 ) (-1432 2912 200 ) (-1432 2912 360 ) (-1696 2912 360 ) 
4 108 110 (-1384 2912 200 ) (-1120 2912 200 ) (-1120 2912 360 ) (-1384 2912 360 ) 
4 108 109 (-1072 2912 200 ) (-1024 2912 200 ) (-1024 2912 360 ) (-1072 2912 360 ) 
4 110 113 (-1240 2896 200 ) (-1192 2896 200 ) (-1192 2896 306 ) (-1240 2896 306 ) 
4 113 114 (-1240 2880 200 ) (-1192 2880 200 ) (-1192 2880 306 ) (-1240 2880 306 ) 
4 114 132 (-1120 2496 200 ) (-1120 2480 200 ) (-1312 2480 200 ) (-1312 2496 200 ) 
4 114 131 (-1120 2512 200 ) (-1120 2496 200 ) (-1312 2496 200 ) (-1312 2512 200 ) 
4 114 130 (-1120 2528 200 ) (-1120 2512 200 ) (-1312 2512 200 ) (-1312 2528 200 ) 
4 114 129 (-1120 2544 200 ) (-1120 2528 200 ) (-1312 2528 200 ) (-1312 2544 200 ) 
4 114 128 (-1120 2560 200 ) (-1120 2544 200 ) (-1312 2544 200 ) (-1312 2560 200 ) 
4 114 127 (-1120 2576 200 ) (-1120 2560 200 ) (-1312 2560 200 ) (-1312 2576 200 ) 
4 114 126 (-1120 2592 200 ) (-1120 2576 200 ) (-1312 2576 200 ) (-1312 2592 200 ) 
4 114 125 (-1120 2608 200 ) (-1120 2592 200 ) (-1312 2592 200 ) (-1312 2608 200 ) 
4 114 124 (-1120 2624 200 ) (-1120 2608 200 ) (-1312 2608 200 ) (-1312 2624 200 ) 
4 114 123 (-1120 2640 200 ) (-1120 2624 200 ) (-1312 2624 200 ) (-1312 2640 200 ) 
4 114 122 (-1120 2656 200 ) (-1120 2640 200 ) (-1312 2640 200 ) (-1312 2656 200 ) 
4 114 121 (-1120 2672 200 ) (-1120 2656 200 ) (-1312 2656 200 ) (-1312 2672 200 ) 
4 114 120 (-1120 2688 200 ) (-1120 2672 200 ) (-1312 2672 200 ) (-1312 2688 200 ) 
4 114 119 (-1120 2704 200 ) (-1120 2688 200 ) (-1312 2688 200 ) (-1312 2704 200 ) 
4 114 118 (-1120 2720 200 ) (-1120 2704 200 ) (-1312 2704 200 ) (-1312 2720 200 ) 
4 114 117 (-1120 2736 200 ) (-1120 2720 200 ) (-1312 2720 200 ) (-1312 2736 200 ) 
4 115 116 (-1072 2128 192 ) (-1072 2288 192 ) (-1072 2288 64 ) (-1072 2128 64 ) 
4 116 135 (-1120 2288 64 ) (-1120 2128 64 ) (-1120 2128 192 ) (-1120 2288 192 ) 
4 117 118 (-1312 2720 200 ) (-1312 2720 192 ) (-1120 2720 192 ) (-1120 2720 200 ) 
4 118 119 (-1312 2704 200 ) (-1312 2704 184 ) (-1120 2704 184 ) (-1120 2704 200 ) 
4 119 120 (-1312 2688 200 ) (-1312 2688 176 ) (-1120 2688 176 ) (-1120 2688 200 ) 
4 120 121 (-1312 2672 200 ) (-1312 2672 168 ) (-1120 2672 168 ) (-1120 2672 200 ) 
4 121 122 (-1312 2656 200 ) (-1312 2656 160 ) (-1120 2656 160 ) (-1120 2656 200 ) 
4 122 123 (-1312 2640 200 ) (-1312 2640 152 ) (-1120 2640 152 ) (-1120 2640 200 ) 
4 123 124 (-1312 2624 200 ) (-1312 2624 144 ) (-1120 2624 144 ) (-1120 2624 200 ) 
4 124 125 (-1312 2608 200 ) (-1312 2608 136 ) (-1120 2608 136 ) (-1120 2608 200 ) 
4 125 126 (-1312 2592 200 ) (-1312 2592 128 ) (-1120 2592 128 ) (-1120 2592 200 ) 
4 126 127 (-1312 2576 200 ) (-1312 2576 120 ) (-1120 2576 120 ) (-1120 2576 200 ) 
4 127 128 (-1312 2560 200 ) (-1312 2560 112 ) (-1120 2560 112 ) (-1120 2560 200 ) 
4 128 129 (-1312 2544 200 ) (-1312 2544 104 ) (-1120 2544 104 ) (-1120 2544 200 ) 
4 129 130 (-1312 2528 200 ) (-1312 2528 96 ) (-1120 2528 96 ) (-1120 2528 200 ) 
4 130 131 (-1312 2512 200 ) (-1312 2512 88 ) (-1120 2512 88 ) (-1120 2512 200 ) 
4 131 132 (-1312 2496 200 ) (-1312 2496 80 ) (-1120 2496 80 ) (-1120 2496 200 ) 
4 132 133 (-1312 2480 200 ) (-1312 2480 72 ) (-1120 2480 72 ) (-1120 2480 200 ) 
4 133 134 (-1240 2320 64 ) (-1192 2320 64 ) (-1192 2320 170 ) (-1240 2320 170 ) 
4 134 136 (-1240 2304 64 ) (-1192 2304 64 ) (-1192 2304 170 ) (-1240 2304 170 ) 
4 135 136 (-1136 2128 192 ) (-1136 2288 192 ) (-1136 2288 64 ) (-1136 2128 64 ) 
4 136 137 (-1296 2128 192 ) (-1296 2288 192 ) (-1296 2288 64 ) (-1296 2128 64 ) 
4 137 138 (-1312 2288 64 ) (-1312 2128 64 ) (-1312 2128 192 ) (-1312 2288 192 ) 
4 138 139 (-1360 2128 192 ) (-1360 2288 192 ) (-1360 2288 64 ) (-1360 2128 64 ) 
4 139 140 (-1408 2232 64 ) (-1408 2184 64 ) (-1408 2184 170 ) (-1408 2232 170 ) 
4 141 142 (1856.007813 1408 64 ) (2048 1216.007813 64 ) (2048 1216.007813 704 ) (1856.007813 1408 704 ) 
4 142 152 (2048 1024 64 ) (2048 1024 704 ) (1728 1024 704 ) (1728 1024 64 ) 
4 142 143 (1728 1536.005005 64 ) (1728 1024 64 ) (1728 1024 704 ) (1728 1536.005005 704 ) 
4 143 153 (1024 2048 704 ) (1024 2048 64 ) (1024 1024 64 ) (1024 1024 704 ) 
4 143 152 (1728 1024 704 ) (1024 1024 704 ) (1024 1024 64 ) (1728 1024 64 ) 
4 144 145 (2524 168 376 ) (2524 168 336 ) (2524 128 336 ) (2524 128 376 ) 
4 145 148 (2404 168 336 ) (2444 168 336 ) (2444 128 336 ) (2404 128 336 ) 
4 146 151 (2064 260 64 ) (2064 168 64 ) (2064 168 192 ) (2064 260 192 ) 
4 146 149 (2064 168 256 ) (2064 168 64 ) (2404 168 64 ) (2404 168 256 ) 
4 146 147 (2444 168 64 ) (2512 168 64 ) (2512 168 256 ) (2444 168 256 ) 
4 146 148 (2404 168 64 ) (2444 168 64 ) (2444 168 256 ) (2404 168 256 ) 
4 147 150 (2512 128 64 ) (2512 128 256 ) (2444 128 256 ) (2444 128 64 ) 
4 147 148 (2444 168 256 ) (2444 168 64 ) (2444 128 64 ) (2444 128 256 ) 
4 148 150 (2404 128 256 ) (2404 128 64 ) (2444 128 64 ) (2444 128 256 ) 
4 148 149 (2404 168 256 ) (2404 168 64 ) (2404 128 64 ) (2404 128 256 ) 
4 149 151 (2064 128 64 ) (2064 128 192 ) (2064 168 192 ) (2064 168 64 ) 
4 149 150 (2064 128 256 ) (2064 128 64 ) (2404 128 64 ) (2404 128 256 ) 
4 150 151 (2064 36 192 ) (2064 128 192 ) (2064 128 64 ) (2064 36 64 ) 
4 151 152 (2048 36 192 ) (2048 260 192 ) (2048 260 64 ) (2048 36 64 ) 
4 152 162 (1024 0 64 ) (1024 0 704 ) (1024 1024 704 ) (1024 1024 64 ) 
4 153 162 (1024 1024 64 ) (1024 1024 704 ) (0 1024 704 ) (0 1024 64 ) 
4 153 154 (0 2048 704 ) (0 2048 64 ) (0 1024 64 ) (0 1024 704 ) 
4 154 164 (-512 1024 704 ) (-768 1024 704 ) (-768 1024 64 ) (-512 1024 64 ) 
4 154 163 (0 1024 64 ) (0 1024 704 ) (-512 1024 704 ) (-512 1024 64 ) 
4 154 155 (-768 1856 64 ) (-768 1024 64 ) (-768 1024 704 ) (-768 1856 704 ) 
4 155 164 (-768 1024 704 ) (-832 1024 704 ) (-832 1024 64 ) (-768 1024 64 ) 
4 155 161 (-832 1024 64 ) (-832 1024 192 ) (-832 1792 192 ) (-832 1792 64 ) 
4 155 156 (-832 1024 192 ) (-832 1024 704 ) (-832 1792 704 ) (-832 1792 192 ) 
4 156 164 (-832 1024 192 ) (-832 1024 704 ) (-1024 1024 704 ) (-1024 1024 192 ) 
4 156 161 (-832 1792 192 ) (-832 1024 192 ) (-1024 1024 192 ) (-1024 1792 192 ) 
4 157 158 (-1008 2000 64 ) (-848 2000 64 ) (-848 2000 192 ) (-1008 2000 192 ) 
4 158 159 (-1008 1936 64 ) (-848 1936 64 ) (-848 1936 192 ) (-1008 1936 192 ) 
4 159 160 (-952 1808 64 ) (-904 1808 64 ) (-904 1808 172 ) (-952 1808 172 ) 
4 160 161 (-952 1792 64 ) (-904 1792 64 ) (-904 1792 172 ) (-952 1792 172 ) 
4 161 164 (-832 1024 64 ) (-832 1024 192 ) (-1024 1024 192 ) (-1024 1024 64 ) 
4 162 163 (0 1024 704 ) (0 1024 64 ) (0 0 64 ) (0 0 704 ) 
4 163 164 (-512 1024 64 ) (-512 256 64 ) (-512 256 704 ) (-512 1024 704 ) 
