PRT1
239
488
4 0 4 (4096 1024 0 ) (4096 1024 640 ) (4096 1344 640 ) (4096 1344 0 ) 
4 0 2 (4512 1024 640 ) (4096 1024 640 ) (4096 1024 0 ) (4512 1024 0 ) 
4 0 1 (4640 1024 0 ) (4640 1024 640 ) (4512 1024 640 ) (4512 1024 0 ) 
4 1 27 (4640 0 0 ) (4640 0 640 ) (4512 0 640 ) (4512 0 0 ) 
4 1 2 (4512 0 0 ) (4512 0 640 ) (4512 1024 640 ) (4512 1024 0 ) 
4 2 28 (4512 0 0 ) (4512 0 640 ) (4096 0 640 ) (4096 0 0 ) 
4 2 6 (4096 0 0 ) (4096 0 640 ) (4096 1024 640 ) (4096 1024 0 ) 
4 2 3 (4512 320 0 ) (4512 0 0 ) (4096 0 0 ) (4096 320 0 ) 
4 3 28 (4512 0 -160 ) (4512 0 0 ) (4096 0 0 ) (4096 0 -160 ) 
3 3 9 (4096 0 -160 ) (4096 0 -4 ) (4096 312 -4 ) 
4 3 7 (4096 0 -4 ) (4096 0 0 ) (4096 320 0 ) (4096 312 -4 ) 
4 4 6 (4096 1024 0 ) (4096 1024 640 ) (3072 1024 640 ) (3072 1024 0 ) 
4 4 5 (3072 1024 0 ) (3072 1024 640 ) (3072 1344 640 ) (3072 1344 0 ) 
4 5 125 (2048 1216 640 ) (2048 1344 640 ) (2048 1344 0 ) (2048 1216 0 ) 
4 5 10 (3072 1024 0 ) (3072 1024 640 ) (2048 1024 640 ) (2048 1024 0 ) 
4 6 48 (3744 0 640 ) (3072 0 640 ) (3072 0 0 ) (3744 0 0 ) 
4 6 38 (4096 0 0 ) (4096 0 640 ) (3744 0 640 ) (3744 0 0 ) 
4 6 10 (3072 1024 640 ) (3072 1024 0 ) (3072 0 0 ) (3072 0 640 ) 
4 6 8 (3488 192 0 ) (3488 0 0 ) (3072 0 0 ) (3072 192 0 ) 
4 6 7 (4096 320 0 ) (4096 0 0 ) (3744 0 0 ) (3744 320 0 ) 
4 7 38 (4096 0 -4 ) (4096 0 0 ) (3744 0 0 ) (3744 0 -4 ) 
4 7 9 (4096 0 -4 ) (3744 0 -4 ) (3744 312 -4 ) (4096 312 -4 ) 
4 8 50 (3120 0 0 ) (3072 0 0 ) (3072 0 -4 ) (3120 0 -4 ) 
4 8 49 (3488 0 0 ) (3120 0 0 ) (3120 0 -4 ) (3488 0 -4 ) 
4 8 11 (3072 192 -4 ) (3072 0 -4 ) (3072 0 0 ) (3072 192 0 ) 
4 9 38 (4096 0 -160 ) (4096 0 -4 ) (3744 0 -4 ) (3744 0 -160 ) 
4 10 126 (2048 0 0 ) (2048 0 640 ) (2048 384 640 ) (2048 384 0 ) 
4 10 53 (3072 0 0 ) (3072 0 640 ) (2048 0 640 ) (2048 0 0 ) 
4 10 11 (3072 0 0 ) (2048 0 0 ) (2048 192 0 ) (3072 192 0 ) 
4 11 127 (2048 0 -4 ) (2048 0 0 ) (2048 192 0 ) (2048 192 -4 ) 
4 11 57 (2224 0 0 ) (2048 0 0 ) (2048 0 -4 ) (2224 0 -4 ) 
4 11 54 (3072 0 -4 ) (3072 0 0 ) (2224 0 0 ) (2224 0 -4 ) 
5 12 17 (5536 -1024 -576 ) (5536 -1024 -448 ) (5408 -1024 -320 ) (5344 -1024 -320 ) (5344 -1024 -576 ) 
4 12 13 (5344 0 -576 ) (5344 -384 -576 ) (5344 -384 -320 ) (5344 0 -320 ) 
4 12 14 (5344 -448 -576 ) (5344 -1024 -576 ) (5344 -1024 -320 ) (5344 -448 -320 ) 
4 13 15 (5280 0 -576 ) (5280 -384 -576 ) (5280 -384 -320 ) (5280 0 -320 ) 
4 14 18 (5344 -1024 -320 ) (5280 -1024 -320 ) (5280 -1024 -576 ) (5344 -1024 -576 ) 
4 14 15 (5280 -448 -576 ) (5280 -1024 -576 ) (5280 -1024 -320 ) (5280 -448 -320 ) 
4 15 22 (5120 0 -320 ) (5120 0 -576 ) (5120 -1024 -576 ) (5120 -1024 -320 ) 
4 15 20 (5280 -1024 -320 ) (5120 -1024 -320 ) (5120 -1024 -576 ) (5280 -1024 -576 ) 
4 15 16 (5120 0 -576 ) (5184 0 -576 ) (5184 -1024 -576 ) (5120 -1024 -576 ) 
4 16 26 (5120 0 -576 ) (5120 0 -608 ) (5120 -1024 -608 ) (5120 -1024 -576 ) 
4 16 21 (5184 -1024 -576 ) (5120 -1024 -576 ) (5120 -1024 -608 ) (5184 -1024 -608 ) 
4 17 18 (5344 -1024 -576 ) (5344 -1472 -576 ) (5344 -1472 -320 ) (5344 -1024 -320 ) 
4 17 19 (5344 -1536 -576 ) (5344 -1984 -576 ) (5344 -1984 -320 ) (5344 -1536 -320 ) 
4 18 20 (5280 -1024 -576 ) (5280 -1472 -576 ) (5280 -1472 -320 ) (5280 -1024 -320 ) 
4 19 20 (5280 -1536 -576 ) (5280 -1984 -576 ) (5280 -1984 -320 ) (5280 -1536 -320 ) 
4 20 106 (5120 -1984 -320 ) (5120 -1804 -320 ) (5120 -1804 -576 ) (5120 -1984 -576 ) 
4 20 77 (5120 -1804 -320 ) (5120 -1676 -320 ) (5120 -1676 -576 ) (5120 -1804 -576 ) 
4 20 63 (5120 -1676 -320 ) (5120 -1024 -320 ) (5120 -1024 -576 ) (5120 -1676 -576 ) 
4 20 21 (5184 -1984 -576 ) (5120 -1984 -576 ) (5120 -1024 -576 ) (5184 -1024 -576 ) 
4 21 107 (5120 -1804 -608 ) (5120 -1984 -608 ) (5120 -1984 -576 ) (5120 -1804 -576 ) 
4 21 78 (5120 -1676 -608 ) (5120 -1804 -608 ) (5120 -1804 -576 ) (5120 -1676 -576 ) 
4 21 67 (5120 -1024 -576 ) (5120 -1024 -608 ) (5120 -1676 -608 ) (5120 -1676 -576 ) 
4 22 63 (5120 -1024 -576 ) (5120 -1024 -320 ) (4928 -1024 -320 ) (4928 -1024 -576 ) 
4 22 26 (5040 0 -576 ) (5120 0 -576 ) (5120 -1024 -576 ) (5040 -1024 -576 ) 
4 22 23 (4928 0 -576 ) (4928 -384 -576 ) (4928 -384 -320 ) (4928 0 -320 ) 
4 22 24 (4928 -448 -576 ) (4928 -1024 -576 ) (4928 -1024 -320 ) (4928 -448 -320 ) 
4 23 25 (4864 0 -576 ) (4864 -384 -576 ) (4864 -384 -320 ) (4864 0 -320 ) 
4 24 64 (4928 -1024 -320 ) (4864 -1024 -320 ) (4864 -1024 -576 ) (4928 -1024 -576 ) 
4 24 25 (4864 -448 -576 ) (4864 -1024 -576 ) (4864 -1024 -320 ) (4864 -448 -320 ) 
5 25 66 (4864 -1024 -320 ) (4816 -1024 -320 ) (4688 -1024 -448 ) (4688 -1024 -576 ) (4864 -1024 -576 ) 
4 26 67 (5120 -1024 -608 ) (5120 -1024 -576 ) (5040 -1024 -576 ) (5040 -1024 -608 ) 
4 27 68 (4640 -1024 0 ) (4640 -1024 640 ) (4512 -1024 640 ) (4512 -1024 0 ) 
4 27 29 (4512 -1024 0 ) (4512 -1024 640 ) (4512 -448 640 ) (4512 -448 0 ) 
4 27 28 (4512 -448 640 ) (4512 0 640 ) (4512 0 0 ) (4512 -448 0 ) 
4 28 38 (4096 0 640 ) (4096 0 -160 ) (4096 -448 -384 ) (4096 -448 640 ) 
4 28 31 (4288 -448 -384 ) (4352 -448 -384 ) (4352 -448 -128 ) (4288 -448 -128 ) 
4 28 30 (4352 -448 -384 ) (4512 -448 -384 ) (4512 -448 -128 ) (4352 -448 -128 ) 
4 28 37 (4096 -448 -128 ) (4096 -448 -384 ) (4288 -448 -384 ) (4288 -448 -128 ) 
4 28 29 (4096 -448 640 ) (4096 -448 0 ) (4512 -448 0 ) (4512 -448 640 ) 
4 29 70 (4512 -1024 0 ) (4512 -1024 640 ) (4096 -1024 640 ) (4096 -1024 0 ) 
4 29 39 (4096 -1024 0 ) (4096 -1024 640 ) (4096 -448 640 ) (4096 -448 0 ) 
4 30 71 (4512 -1024 -384 ) (4512 -1024 -128 ) (4352 -1024 -128 ) (4352 -1024 -384 ) 
4 30 34 (4352 -920 -384 ) (4352 -928 -384 ) (4352 -928 -128 ) (4352 -920 -128 ) 
4 30 32 (4352 -864 -384 ) (4352 -872 -384 ) (4352 -872 -128 ) (4352 -864 -128 ) 
4 30 31 (4352 -448 -384 ) (4352 -864 -384 ) (4352 -864 -128 ) (4352 -448 -128 ) 
4 30 36 (4352 -928 -384 ) (4352 -1024 -384 ) (4352 -1024 -128 ) (4352 -928 -128 ) 
4 31 35 (4288 -864 -128 ) (4288 -864 -384 ) (4296 -864 -384 ) (4296 -864 -128 ) 
4 31 32 (4344 -864 -384 ) (4352 -864 -384 ) (4352 -864 -128 ) (4344 -864 -128 ) 
4 31 37 (4288 -448 -384 ) (4288 -864 -384 ) (4288 -864 -128 ) (4288 -448 -128 ) 
4 33 36 (4288 -928 -128 ) (4288 -928 -384 ) (4296 -928 -384 ) (4296 -928 -128 ) 
4 33 37 (4288 -920 -384 ) (4288 -928 -384 ) (4288 -928 -128 ) (4288 -920 -128 ) 
4 34 36 (4344 -928 -384 ) (4352 -928 -384 ) (4352 -928 -128 ) (4344 -928 -128 ) 
4 35 37 (4288 -864 -384 ) (4288 -872 -384 ) (4288 -872 -128 ) (4288 -864 -128 ) 
4 36 71 (4352 -1024 -128 ) (4288 -1024 -128 ) (4288 -1024 -384 ) (4352 -1024 -384 ) 
4 36 37 (4288 -928 -384 ) (4288 -1024 -384 ) (4288 -1024 -128 ) (4288 -928 -128 ) 
4 37 71 (4288 -1024 -128 ) (4096 -1024 -128 ) (4096 -1024 -384 ) (4288 -1024 -384 ) 
4 37 40 (4096 -1024 -384 ) (4096 -1024 -128 ) (4096 -448 -128 ) (4096 -448 -384 ) 
4 38 48 (3744 0 640 ) (3744 0 0 ) (3744 -448 0 ) (3744 -448 640 ) 
4 38 41 (3904 -448 -384 ) (3968 -448 -384 ) (3968 -448 -128 ) (3904 -448 -128 ) 
4 38 40 (3968 -448 -384 ) (4096 -448 -384 ) (4096 -448 -128 ) (3968 -448 -128 ) 
4 38 47 (3744 -448 -128 ) (3744 -448 -384 ) (3904 -448 -384 ) (3904 -448 -128 ) 
4 38 39 (3744 -448 640 ) (3744 -448 0 ) (4096 -448 0 ) (4096 -448 640 ) 
4 39 110 (4096 -1024 0 ) (4096 -1024 640 ) (3744 -1024 640 ) (3744 -1024 0 ) 
4 39 48 (3744 -1024 0 ) (3744 -1024 640 ) (3744 -448 640 ) (3744 -448 0 ) 
4 40 111 (4096 -1024 -384 ) (4096 -1024 -128 ) (3968 -1024 -128 ) (3968 -1024 -384 ) 
4 40 44 (3968 -920 -384 ) (3968 -928 -384 ) (3968 -928 -128 ) (3968 -920 -128 ) 
4 40 42 (3968 -864 -384 ) (3968 -872 -384 ) (3968 -872 -128 ) (3968 -864 -128 ) 
4 40 41 (3968 -448 -384 ) (3968 -864 -384 ) (3968 -864 -128 ) (3968 -448 -128 ) 
4 40 46 (3968 -928 -384 ) (3968 -1024 -384 ) (3968 -1024 -128 ) (3968 -928 -128 ) 
4 41 45 (3904 -864 -128 ) (3904 -864 -384 ) (3912 -864 -384 ) (3912 -864 -128 ) 
4 41 42 (3960 -864 -384 ) (3968 -864 -384 ) (3968 -864 -128 ) (3960 -864 -128 ) 
4 41 47 (3904 -448 -384 ) (3904 -864 -384 ) (3904 -864 -128 ) (3904 -448 -128 ) 
4 43 46 (3904 -928 -128 ) (3904 -928 -384 ) (3911.990967 -928 -384 ) (3911.990967 -928 -128 ) 
4 43 47 (3904 -920.009155 -384 ) (3904 -928 -384 ) (3904 -928 -128 ) (3904 -920.009155 -128 ) 
4 44 46 (3960 -928 -384 ) (3968 -928 -384 ) (3968 -928 -128 ) (3960 -928 -128 ) 
4 45 47 (3904 -864 -384 ) (3904 -872 -384 ) (3904 -872 -128 ) (3904 -864 -128 ) 
4 46 111 (3968 -1024 -128 ) (3904 -1024 -128 ) (3904 -1024 -384 ) (3968 -1024 -384 ) 
4 46 47 (3904 -928 -384 ) (3904 -1024 -384 ) (3904 -1024 -128 ) (3904 -928 -128 ) 
4 47 111 (3904 -1024 -128 ) (3744 -1024 -128 ) (3744 -1024 -384 ) (3904 -1024 -384 ) 
4 48 114 (3744 -1024 0 ) (3744 -1024 640 ) (3072 -1024 640 ) (3072 -1024 0 ) 
4 48 53 (3072 -1024 0 ) (3072 -1024 640 ) (3072 0 640 ) (3072 0 0 ) 
3 48 52 (3072 -222.467224 0 ) (3072 -213.760742 0 ) (3082.510254 -229.490005 0 ) 
3 48 51 (3120 -285.596588 0 ) (3120 -320 0 ) (3110.260010 -271.019806 0 ) 
4 48 50 (3072 0 0 ) (3120 0 0 ) (3120 -285.596588 0 ) (3072 -213.760742 0 ) 
4 48 49 (3120 0 0 ) (3488 0 0 ) (3488 -1024 0 ) (3120 -1024 0 ) 
4 49 115 (3488 -1024 0 ) (3120 -1024 0 ) (3120 -1024 -4 ) (3488 -1024 -4 ) 
4 49 51 (3120 -285.596588 -4 ) (3120 -320 -4 ) (3120 -320 0 ) (3120 -285.596558 0 ) 
4 49 50 (3120 0 -4 ) (3120 -285.596588 -4 ) (3120 -285.596558 0 ) (3120 0 0 ) 
4 50 56 (3072 -213.760742 0 ) (3072 -207.908539 0 ) (3072 -207.908539 -4 ) (3072 -213.760742 -4 ) 
4 50 55 (3072 -207.908539 0 ) (3072 -192 0 ) (3072 -192 -4 ) (3072 -207.908539 -4 ) 
4 50 54 (3072 -192 0 ) (3072 0 0 ) (3072 0 -4 ) (3072 -192 -4 ) 
4 50 52 (3072 -213.757813 -4 ) (3082.513184 -229.492081 -4 ) (3082.510986 -229.490677 0 ) (3072 -213.760056 0 ) 
4 50 51 (3110.259521 -271.017883 -4 ) (3120 -285.595703 -4 ) (3120 -285.595703 0 ) (3110.259521 -271.018433 0 ) 
4 52 56 (3072 -222.467224 0 ) (3072 -213.760742 0 ) (3072 -213.760742 -4 ) (3072 -222.467224 -4 ) 
4 53 193 (2048 -1024 0 ) (2048 -1024 640 ) (2048 0 640 ) (2048 0 0 ) 
4 53 123 (3072 -1024 0 ) (3072 -1024 640 ) (2048 -1024 640 ) (2048 -1024 0 ) 
4 53 62 (2096 -1024 0 ) (2048 -1024 0 ) (2048 -320 0 ) (2096 -320 0 ) 
3 53 60 (2105.739990 -270.329987 0 ) (2111.011719 -243.819824 0 ) (2133.489990 -228.799988 0 ) 
3 53 59 (2117.231445 -212.541611 0 ) (2175.020020 -201.049942 0 ) (2111.011719 -243.819824 0 ) 
4 53 58 (2048 -319.309998 0 ) (2048 -226.308777 0 ) (2117.231445 -212.541611 0 ) (2096 -319.309998 0 ) 
4 53 57 (2048 -226.308777 0 ) (2048 0 0 ) (2224 0 0 ) (2224 -191.309967 0 ) 
4 53 61 (2048 -320 0 ) (2048 -319.309998 0 ) (2224 -319.309998 0 ) (2224 -320 0 ) 
3 53 56 (3072 -207.908539 0 ) (3072 -222.467316 0 ) (3040.979980 -201.739990 0 ) 
3 53 55 (3072 -192 0 ) (3072 -207.908539 0 ) (2992 -192 0 ) 
4 53 54 (2224 0 0 ) (3072 0 0 ) (3072 -192 0 ) (2224 -192 0 ) 
4 54 57 (2224 0 -4 ) (2224 -191.309998 -4 ) (2224 -191.309998 0 ) (2224 0 0 ) 
4 54 55 (2992 -192 -4 ) (3072 -192 -4 ) (3072 -192 0 ) (2992 -192 0 ) 
4 55 56 (3040.980713 -201.740555 -4 ) (3072 -207.908936 -4 ) (3072 -207.908936 0 ) (3040.980713 -201.740555 0 ) 
4 57 196 (2048 -226.308777 0 ) (2048 -192 0 ) (2048 -192 -4 ) (2048 -226.308777 -4 ) 
4 57 195 (2048 -192 0 ) (2048 0 0 ) (2048 0 -4 ) (2048 -192 -4 ) 
4 57 59 (2117.231689 -212.540955 -4 ) (2175.021240 -201.049072 -4 ) (2175.021240 -201.049072 0 ) (2117.231689 -212.540955 0 ) 
4 57 58 (2048 -226.308167 -4 ) (2117.231689 -212.540955 -4 ) (2117.231689 -212.540955 0 ) (2048 -226.308182 0 ) 
4 58 196 (2048 -319.309998 0 ) (2048 -226.308777 0 ) (2048 -226.308777 -4 ) (2048 -319.309998 -4 ) 
4 58 60 (2105.737793 -270.333221 -4 ) (2111.010010 -243.820923 -4 ) (2111.010010 -243.820923 0 ) (2105.737793 -270.333221 0 ) 
4 58 59 (2111.010010 -243.820923 -4 ) (2117.231445 -212.535156 -4 ) (2117.231445 -212.535156 0 ) (2111.010010 -243.820923 0 ) 
4 58 61 (2048 -319.309998 -4 ) (2096 -319.309998 -4 ) (2096 -319.309998 0 ) (2048 -319.309998 0 ) 
4 59 60 (2111.007813 -243.820313 0 ) (2111.007813 -243.820313 -4 ) (2133.492432 -228.796310 -4 ) (2133.492432 -228.796310 0 ) 
4 61 196 (2048 -320 0 ) (2048 -319.309998 0 ) (2048 -319.309998 -4 ) (2048 -320 -4 ) 
4 61 62 (2048 -320 -4 ) (2096 -320 -4 ) (2096 -320 0 ) (2048 -320 0 ) 
4 62 196 (2048 -1024 -4 ) (2048 -1024 0 ) (2048 -320 0 ) (2048 -320 -4 ) 
4 62 124 (2096 -1024 0 ) (2048 -1024 0 ) (2048 -1024 -4 ) (2096 -1024 -4 ) 
4 63 77 (5120 -1676 -576 ) (5120 -1676 -320 ) (4928 -1676 -320 ) (4928 -1676 -576 ) 
4 63 67 (5120 -1676 -576 ) (5040 -1676 -576 ) (5040 -1024 -576 ) (5120 -1024 -576 ) 
4 63 64 (4928 -1024 -576 ) (4928 -1472 -576 ) (4928 -1472 -320 ) (4928 -1024 -320 ) 
4 63 65 (4928 -1536 -576 ) (4928 -1676 -576 ) (4928 -1676 -320 ) (4928 -1536 -320 ) 
4 64 66 (4864 -1024 -576 ) (4864 -1472 -576 ) (4864 -1472 -320 ) (4864 -1024 -320 ) 
4 65 77 (4928 -1676 -320 ) (4864 -1676 -320 ) (4864 -1676 -576 ) (4928 -1676 -576 ) 
4 65 66 (4864 -1536 -576 ) (4864 -1676 -576 ) (4864 -1676 -320 ) (4864 -1536 -320 ) 
5 66 77 (4864 -1676 -320 ) (4816 -1676 -320 ) (4688 -1676 -448 ) (4688 -1676 -576 ) (4864 -1676 -576 ) 
4 67 78 (5120 -1676 -608 ) (5120 -1676 -576 ) (5040 -1676 -576 ) (5040 -1676 -608 ) 
4 68 80 (4640 -1676 0 ) (4640 -1676 640 ) (4512 -1676 640 ) (4512 -1676 0 ) 
4 68 75 (4512 -1536 0 ) (4512 -1676 0 ) (4512 -1676 640 ) (4512 -1536 640 ) 
4 68 74 (4512 -1408 0 ) (4512 -1536 0 ) (4512 -1536 640 ) (4512 -1408 640 ) 
4 68 72 (4512 -1376 0 ) (4512 -1408 0 ) (4512 -1408 640 ) (4512 -1376 640 ) 
4 68 70 (4512 -1024 640 ) (4512 -1024 0 ) (4512 -1376 0 ) (4512 -1376 640 ) 
4 68 69 (4512 -1676 0 ) (4512 -1536 0 ) (4640 -1536 0 ) (4640 -1676 0 ) 
4 69 80 (4640 -1676 -4 ) (4640 -1676 0 ) (4512 -1676 0 ) (4512 -1676 -4 ) 
4 69 75 (4512 -1676 -4 ) (4512 -1676 0 ) (4512 -1536 0 ) (4512 -1536 -4 ) 
4 70 110 (4096 -1024 640 ) (4096 -1024 0 ) (4096 -1376 0 ) (4096 -1376 640 ) 
4 70 72 (4096 -1376 640 ) (4096 -1376 0 ) (4512 -1376 0 ) (4512 -1376 640 ) 
5 71 111 (4096 -1024 -128 ) (4096 -1024 -384 ) (4096 -1376 -384 ) (4096 -1376 -192 ) (4096 -1312 -128 ) 
4 71 73 (4096 -1376 -276 ) (4096 -1376 -384 ) (4176 -1376 -384 ) (4176 -1376 -276 ) 
4 72 112 (4096 -1408 0 ) (4096 -1408 640 ) (4096 -1376 640 ) (4096 -1376 0 ) 
4 72 74 (4512 -1408 0 ) (4512 -1408 640 ) (4096 -1408 640 ) (4096 -1408 0 ) 
4 73 113 (4096 -1408 -384 ) (4096 -1408 -276 ) (4096 -1376 -276 ) (4096 -1376 -384 ) 
4 73 76 (4176 -1408 -276 ) (4096 -1408 -276 ) (4096 -1408 -384 ) (4176 -1408 -384 ) 
4 74 116 (4096 -1408 640 ) (4096 -1408 0 ) (4096 -1536 0 ) (4096 -1536 640 ) 
4 74 75 (4512 -1536 0 ) (4512 -1536 640 ) (4096 -1536 640 ) (4096 -1536 0 ) 
4 75 121 (4096 -1676 -4 ) (4096 -1676 0 ) (4096 -1536 0 ) (4096 -1536 -4 ) 
4 75 116 (4096 -1676 0 ) (4096 -1676 640 ) (4096 -1536 640 ) (4096 -1536 0 ) 
4 75 80 (4512 -1676 -4 ) (4512 -1676 640 ) (4096 -1676 640 ) (4096 -1676 -4 ) 
4 76 122 (4096 -1676 -384 ) (4096 -1676 -256 ) (4096 -1408 -256 ) (4096 -1408 -384 ) 
4 76 81 (4192 -1676 -384 ) (4192 -1676 -256 ) (4096 -1676 -256 ) (4096 -1676 -384 ) 
5 77 106 (5120 -1804 -576 ) (5120 -1804 -320 ) (4816 -1804 -320 ) (4688 -1804 -448 ) (4688 -1804 -576 ) 
4 77 79 (4688 -1692 -576 ) (4688 -1788 -576 ) (4688 -1788 -468 ) (4688 -1692 -468 ) 
4 77 78 (5120 -1804 -576 ) (5040 -1804 -576 ) (5040 -1676 -576 ) (5120 -1676 -576 ) 
4 78 107 (5120 -1804 -608 ) (5120 -1804 -576 ) (5040 -1804 -576 ) (5040 -1804 -608 ) 
4 79 95 (4656 -1692 -576 ) (4656 -1788 -576 ) (4656 -1788 -552 ) (4656 -1692 -552 ) 
4 79 92 (4656 -1788 -552 ) (4656 -1788 -544 ) (4656 -1692 -544 ) (4656 -1692 -552 ) 
4 79 89 (4656 -1788 -544 ) (4656 -1788 -468 ) (4656 -1692 -468 ) (4656 -1692 -544 ) 
4 80 121 (4096 -1804 -4 ) (4096 -1804 0 ) (4096 -1676 0 ) (4096 -1676 -4 ) 
4 80 116 (4096 -1804 0 ) (4096 -1804 640 ) (4096 -1676 640 ) (4096 -1676 0 ) 
4 80 108 (4096 -1804 640 ) (4096 -1804 -4 ) (4640 -1804 -4 ) (4640 -1804 640 ) 
4 81 122 (4096 -1804 -384 ) (4096 -1804 -256 ) (4096 -1676 -256 ) (4096 -1676 -384 ) 
4 81 82 (4200 -1676 -384 ) (4384 -1676 -384 ) (4384 -1804 -384 ) (4200 -1804 -384 ) 
4 82 88 (4208 -1676 -392 ) (4216 -1676 -392 ) (4216 -1804 -392 ) (4208 -1804 -392 ) 
4 82 87 (4216 -1676 -392 ) (4224 -1676 -392 ) (4224 -1804 -392 ) (4216 -1804 -392 ) 
4 82 86 (4224 -1676 -392 ) (4232 -1676 -392 ) (4232 -1804 -392 ) (4224 -1804 -392 ) 
4 82 85 (4232 -1676 -392 ) (4240 -1676 -392 ) (4240 -1804 -392 ) (4232 -1804 -392 ) 
4 82 84 (4240 -1676 -392 ) (4248 -1676 -392 ) (4248 -1804 -392 ) (4240 -1804 -392 ) 
4 82 83 (4248 -1676 -392 ) (4384 -1676 -392 ) (4384 -1804 -392 ) (4248 -1804 -392 ) 
4 83 99 (4256 -1676 -440 ) (4264 -1676 -440 ) (4264 -1804 -440 ) (4256 -1804 -440 ) 
4 83 98 (4264 -1676 -440 ) (4320 -1676 -440 ) (4320 -1804 -440 ) (4264 -1804 -440 ) 
4 83 94 (4320 -1676 -440 ) (4328 -1676 -440 ) (4328 -1804 -440 ) (4320 -1804 -440 ) 
4 83 93 (4328 -1676 -440 ) (4336 -1676 -440 ) (4336 -1804 -440 ) (4328 -1804 -440 ) 
4 83 91 (4336 -1676 -440 ) (4344 -1676 -440 ) (4344 -1804 -440 ) (4336 -1804 -440 ) 
4 83 90 (4344 -1676 -440 ) (4352 -1676 -440 ) (4352 -1804 -440 ) (4344 -1804 -440 ) 
4 83 89 (4352 -1676 -440 ) (4384 -1676 -440 ) (4384 -1804 -440 ) (4352 -1804 -440 ) 
4 83 84 (4248 -1804 -432 ) (4248 -1804 -392 ) (4248 -1676 -392 ) (4248 -1676 -432 ) 
4 84 85 (4240 -1804 -424 ) (4240 -1804 -392 ) (4240 -1676 -392 ) (4240 -1676 -424 ) 
4 85 86 (4232 -1804 -416 ) (4232 -1804 -392 ) (4232 -1676 -392 ) (4232 -1676 -416 ) 
4 86 87 (4224 -1804 -408 ) (4224 -1804 -392 ) (4224 -1676 -392 ) (4224 -1676 -408 ) 
4 87 88 (4216 -1804 -400 ) (4216 -1804 -392 ) (4216 -1676 -392 ) (4216 -1676 -400 ) 
4 89 92 (4360 -1676 -544 ) (4656 -1676 -544 ) (4656 -1804 -544 ) (4360 -1804 -544 ) 
4 89 90 (4352 -1804 -536 ) (4352 -1804 -440 ) (4352 -1676 -440 ) (4352 -1676 -536 ) 
4 90 91 (4344 -1804 -528 ) (4344 -1804 -440 ) (4344 -1676 -440 ) (4344 -1676 -528 ) 
4 91 93 (4336 -1804 -520 ) (4336 -1804 -440 ) (4336 -1676 -440 ) (4336 -1676 -520 ) 
4 92 97 (4368 -1676 -552 ) (4376 -1676 -552 ) (4376 -1804 -552 ) (4368 -1804 -552 ) 
4 92 96 (4376 -1676 -552 ) (4384 -1676 -552 ) (4384 -1804 -552 ) (4376 -1804 -552 ) 
4 92 95 (4384 -1676 -552 ) (4656 -1676 -552 ) (4656 -1804 -552 ) (4384 -1804 -552 ) 
4 93 94 (4328 -1804 -512 ) (4328 -1804 -440 ) (4328 -1676 -440 ) (4328 -1676 -512 ) 
4 94 103 (4320 -1804 -504 ) (4320 -1804 -480 ) (4320 -1676 -480 ) (4320 -1676 -504 ) 
4 94 101 (4320 -1804 -480 ) (4320 -1804 -464 ) (4320 -1676 -464 ) (4320 -1676 -480 ) 
4 94 100 (4320 -1804 -464 ) (4320 -1804 -456 ) (4320 -1676 -456 ) (4320 -1676 -464 ) 
4 94 98 (4320 -1804 -456 ) (4320 -1804 -440 ) (4320 -1676 -440 ) (4320 -1676 -456 ) 
4 95 96 (4384 -1804 -568 ) (4384 -1804 -552 ) (4384 -1676 -552 ) (4384 -1676 -568 ) 
4 96 97 (4376 -1804 -560 ) (4376 -1804 -552 ) (4376 -1676 -552 ) (4376 -1676 -560 ) 
4 98 100 (4272 -1676 -456 ) (4320 -1676 -456 ) (4320 -1804 -456 ) (4272 -1804 -456 ) 
4 98 99 (4264 -1804 -448 ) (4264 -1804 -440 ) (4264 -1676 -440 ) (4264 -1676 -448 ) 
4 100 102 (4280 -1676 -464 ) (4288 -1676 -464 ) (4288 -1804 -464 ) (4280 -1804 -464 ) 
4 100 101 (4288 -1676 -464 ) (4320 -1676 -464 ) (4320 -1804 -464 ) (4288 -1804 -464 ) 
4 101 105 (4296 -1676 -480 ) (4304 -1676 -480 ) (4304 -1804 -480 ) (4296 -1804 -480 ) 
4 101 104 (4304 -1676 -480 ) (4312 -1676 -480 ) (4312 -1804 -480 ) (4304 -1804 -480 ) 
4 101 103 (4312 -1676 -480 ) (4320 -1676 -480 ) (4320 -1804 -480 ) (4312 -1804 -480 ) 
4 101 102 (4288 -1804 -472 ) (4288 -1804 -464 ) (4288 -1676 -464 ) (4288 -1676 -472 ) 
4 103 104 (4312 -1804 -496 ) (4312 -1804 -480 ) (4312 -1676 -480 ) (4312 -1676 -496 ) 
4 104 105 (4304 -1804 -488 ) (4304 -1804 -480 ) (4304 -1676 -480 ) (4304 -1676 -488 ) 
4 106 107 (5120 -1984 -576 ) (5040 -1984 -576 ) (5040 -1804 -576 ) (5120 -1804 -576 ) 
4 108 121 (4096 -1804 0 ) (4096 -1804 -4 ) (4096 -1856 -4 ) (4096 -1856 0 ) 
4 108 116 (4096 -1856 640 ) (4096 -1804 640 ) (4096 -1804 0 ) (4096 -1856 0 ) 
4 108 109 (4640 -1856 0 ) (4640 -1856 640 ) (4096 -1856 640 ) (4096 -1856 0 ) 
4 109 116 (4096 -1984 0 ) (4096 -1984 640 ) (4096 -1856 640 ) (4096 -1856 0 ) 
4 110 114 (3744 -1024 640 ) (3744 -1024 0 ) (3744 -1376 0 ) (3744 -1376 640 ) 
4 110 112 (3744 -1376 640 ) (3744 -1376 0 ) (4096 -1376 0 ) (4096 -1376 640 ) 
4 111 113 (4080 -1376 -384 ) (4096 -1376 -384 ) (4096 -1376 -276 ) (4080 -1376 -276 ) 
4 112 116 (4096 -1408 0 ) (4096 -1408 640 ) (3744 -1408 640 ) (3744 -1408 0 ) 
4 112 114 (3744 -1408 0 ) (3744 -1408 640 ) (3744 -1376 640 ) (3744 -1376 0 ) 
4 113 122 (4096 -1408 -384 ) (4096 -1408 -276 ) (4080 -1408 -276 ) (4080 -1408 -384 ) 
4 114 123 (3072 -1024 640 ) (3072 -1024 0 ) (3072 -1408 0 ) (3072 -1408 640 ) 
4 114 116 (3744 -1408 0 ) (3744 -1408 640 ) (3072 -1408 640 ) (3072 -1408 0 ) 
4 114 115 (3488 -1408 0 ) (3120 -1408 0 ) (3120 -1024 0 ) (3488 -1024 0 ) 
4 115 118 (3488 -1408 0 ) (3390.034668 -1408 0 ) (3390.034668 -1408 -4 ) (3488 -1408 -4 ) 
4 115 117 (3390.034668 -1408 0 ) (3120 -1408 0 ) (3120 -1408 -4 ) (3390.034668 -1408 -4 ) 
4 116 123 (3072 -1984 640 ) (3072 -1408 640 ) (3072 -1408 0 ) (3072 -1984 0 ) 
3 116 120 (3616 -1536 0 ) (3581.596680 -1536 0 ) (3567.020020 -1526.260010 0 ) 
3 116 119 (3525.489990 -1498.510010 0 ) (3503.011963 -1483.490356 0 ) (3497.740234 -1456.979980 0 ) 
3 116 118 (3390.034668 -1408 0 ) (3488 -1408 0 ) (3503.011963 -1483.490356 0 ) 
4 116 117 (3120 -1408 0 ) (3390.034668 -1408 0 ) (3581.596680 -1536 0 ) (3120 -1536 0 ) 
4 116 121 (4096 -1536 0 ) (4096 -1856 0 ) (3120 -1856 0 ) (3120 -1536 0 ) 
4 117 120 (3581.595703 -1536 0 ) (3581.595703 -1536 -4 ) (3567.018799 -1526.259766 -4 ) (3567.018799 -1526.259766 0 ) 
4 117 119 (3525.491211 -1498.511353 -4 ) (3503.011963 -1483.490967 -4 ) (3503.011963 -1483.490967 0 ) (3525.491211 -1498.511353 0 ) 
4 117 118 (3503.011963 -1483.490967 -4 ) (3390.033936 -1408 -4 ) (3390.033936 -1408 0 ) (3503.011963 -1483.490967 0 ) 
4 117 121 (3120 -1536 0 ) (3120 -1536 -4 ) (3581.596680 -1536 -4 ) (3581.596680 -1536 0 ) 
4 118 119 (3503.012207 -1483.488281 0 ) (3503.012207 -1483.488281 -4 ) (3497.741211 -1456.981934 -4 ) (3497.741211 -1456.981934 0 ) 
4 120 121 (3581.596680 -1536 -4 ) (3616 -1536 -4 ) (3616 -1536 0 ) (3581.596680 -1536 0 ) 
4 123 220 (2048 -1024 640 ) (2048 -1024 0 ) (2048 -1984 0 ) (2048 -1984 640 ) 
4 123 124 (2048 -1984 0 ) (2048 -1024 0 ) (2096 -1024 0 ) (2096 -1984 0 ) 
4 124 222 (2048 -1984 0 ) (2048 -1024 0 ) (2048 -1024 -4 ) (2048 -1984 -4 ) 
4 125 128 (1024 1216 640 ) (1024 1344 640 ) (1024 1344 0 ) (1024 1216 0 ) 
4 126 194 (1536 0 640 ) (1024 0 640 ) (1024 0 0 ) (1536 0 0 ) 
4 126 193 (2048 0 0 ) (2048 0 640 ) (1536 0 640 ) (1536 0 0 ) 
4 126 140 (1024 0 0 ) (1024 0 640 ) (1024 384 640 ) (1024 384 0 ) 
4 126 127 (1024 0 0 ) (1024 192 0 ) (2048 192 0 ) (2048 0 0 ) 
4 127 195 (2048 0 -4 ) (2048 0 0 ) (1024 0 0 ) (1024 0 -4 ) 
4 127 149 (1024 0 -4 ) (1024 0 0 ) (1024 192 0 ) (1024 192 -4 ) 
4 128 137 (0 1216 640 ) (0 1344 640 ) (0 1344 0 ) (0 1216 0 ) 
4 128 131 (0 1216 0 ) (0 1344 0 ) (464 1344 0 ) (464 1216 0 ) 
4 128 130 (0 1216 0 ) (32 1216 0 ) (32 1216 640 ) (0 1216 640 ) 
4 128 129 (32 1216 0 ) (640 1216 0 ) (640 1216 640 ) (32 1216 640 ) 
4 129 141 (640 1024 640 ) (32 1024 640 ) (32 1024 0 ) (640 1024 0 ) 
3 129 136 (64.971375 1158.262573 0 ) (91.493591 1152.988037 0 ) (106.514221 1130.505249 0 ) 
3 129 135 (147.182693 1024 0 ) (144 1024 0 ) (144 1040 0 ) 
3 129 134 (177.669800 1024 0 ) (147.182693 1024 0 ) (134.257019 1088.979980 0 ) 
4 129 133 (464 1024 0 ) (177.669800 1024 0 ) (91.493591 1152.988037 0 ) (464 1078.906982 0 ) 
4 129 131 (32 1164.819580 0 ) (32 1216 0 ) (464 1216 0 ) (464 1078.906982 0 ) 
4 129 130 (32 1216 640 ) (32 1216 0 ) (32 1056 0 ) (32 1056 640 ) 
4 130 138 (0 1056 640 ) (0 1168 640 ) (0 1168 0 ) (0 1056 0 ) 
4 130 137 (0 1168 640 ) (0 1216 640 ) (0 1216 0 ) (0 1168 0 ) 
3 130 132 (0 1168 0 ) (0 1171.183472 0 ) (16.007673 1168 0 ) 
4 130 131 (0 1171.183472 0 ) (0 1216 0 ) (32 1216 0 ) (32 1164.819580 0 ) 
4 131 137 (0 1171.183472 0 ) (0 1344 0 ) (0 1344 -4 ) (0 1171.183105 -4 ) 
4 131 136 (64.974411 1158.261353 -4 ) (91.494019 1152.987305 -4 ) (91.493744 1152.987671 0 ) (64.972076 1158.262085 0 ) 
4 131 133 (91.494019 1152.987305 -4 ) (464 1078.906372 -4 ) (464 1078.906738 0 ) (91.493744 1152.987671 0 ) 
4 131 132 (0 1171.182861 -4 ) (16.004593 1168 -4 ) (16.006439 1168 0 ) (0 1171.183228 0 ) 
4 132 137 (0 1168 0 ) (0 1171.183472 0 ) (0 1171.183105 -4 ) (0 1168 -4 ) 
4 133 150 (464 1024 0 ) (177.669800 1024 0 ) (177.669785 1024 -4 ) (464 1024 -4 ) 
4 133 136 (91.491325 1152.988159 0 ) (91.491623 1152.987671 -4 ) (106.509293 1130.509277 -4 ) (106.510300 1130.507813 0 ) 
4 133 134 (134.257935 1088.975342 -4 ) (177.667542 1024 -4 ) (177.667572 1024 0 ) (134.257935 1088.975342 0 ) 
4 134 150 (177.669800 1024 0 ) (147.182693 1024 0 ) (147.182678 1024 -4 ) (177.669785 1024 -4 ) 
4 134 135 (144 1040.002563 -4 ) (147.183197 1024 -4 ) (147.183197 1024 0 ) (144 1040.002563 0 ) 
4 135 150 (147.182693 1024 0 ) (144 1024 0 ) (144 1024 -4 ) (147.182678 1024 -4 ) 
4 137 191 (-1024 1168 640 ) (-1024 1344 640 ) (-1024 1344 -4 ) (-1024 1168 -4 ) 
4 137 138 (0 1168 0 ) (0 1168 640 ) (-1024 1168 640 ) (-1024 1168 0 ) 
4 138 192 (-1024 1040 0 ) (-1024 1040 640 ) (-1024 1168 640 ) (-1024 1168 0 ) 
4 139 140 (640 384 640 ) (640 384 0 ) (832 384 0 ) (832 384 640 ) 
4 139 141 (640 576 0 ) (640 384 0 ) (640 384 640 ) (640 576 640 ) 
4 140 201 (1024 0 0 ) (1024 0 640 ) (656 0 640 ) (656 0 0 ) 
4 140 202 (656 0 640 ) (640 0 640 ) (640 0 0 ) (656 0 0 ) 
4 140 149 (1024 192 0 ) (1024 0 0 ) (640 0 0 ) (640 192 0 ) 
4 140 141 (640 384 0 ) (640 0 0 ) (640 0 640 ) (640 384 640 ) 
4 141 202 (640 0 640 ) (32 0 640 ) (32 0 0 ) (640 0 0 ) 
4 141 150 (144 1024 0 ) (464 1024 0 ) (464 0 0 ) (144 0 0 ) 
3 141 148 (592.005005 192 0 ) (557.591675 192 0 ) (543.009399 201.744095 0 ) 
3 141 147 (501.499664 229.481522 0 ) (479.011017 244.508774 0 ) (473.739166 271.021240 0 ) 
3 141 146 (479.011017 244.508774 0 ) (464 254.539352 0 ) (464 320 0 ) 
3 141 145 (557.591675 192 0 ) (464 192 0 ) (464 254.539352 0 ) 
4 141 149 (640 192 0 ) (640 0 0 ) (464 0 0 ) (464 192 0 ) 
4 141 143 (32 1024 0 ) (32 240 0 ) (32 240 640 ) (32 1024 640 ) 
4 141 142 (32 208 0 ) (32 0 0 ) (32 0 640 ) (32 208 640 ) 
4 142 204 (32 0 640 ) (16 0 640 ) (16 0 0 ) (32 0 0 ) 
4 142 144 (16 48 0 ) (16 0 0 ) (16 0 108 ) (16 48 108 ) 
4 144 211 (0 0 108 ) (0 0 0 ) (16 0 0 ) (16 0 108 ) 
4 144 186 (0 48 0 ) (0 0 0 ) (0 0 108 ) (0 48 108 ) 
4 145 150 (464 254.540588 -4 ) (464 192 -4 ) (464 192 0 ) (464 254.539352 0 ) 
4 145 148 (557.591858 192 0 ) (557.593750 192 -4 ) (543.013062 201.743118 -4 ) (543.009888 201.744003 0 ) 
4 145 147 (501.496307 229.485550 -4 ) (479.010559 244.511032 -4 ) (479.010864 244.509583 0 ) (501.499023 229.482498 0 ) 
4 145 146 (479.010559 244.511032 -4 ) (464 254.541428 -4 ) (464 254.540176 0 ) (479.010864 244.509583 0 ) 
4 145 149 (464 192 0 ) (464 192 -4 ) (557.593506 192 -4 ) (557.591675 192 0 ) 
4 146 150 (464 320 -4 ) (464 254.540588 -4 ) (464 254.539352 0 ) (464 320 0 ) 
4 146 147 (479.009766 244.511719 0 ) (479.009491 244.513153 -4 ) (473.738556 271.021149 -4 ) (473.738281 271.022552 0 ) 
4 148 149 (557.593506 192 -4 ) (592.003662 192 -4 ) (592.005005 192 0 ) (557.591675 192 0 ) 
4 149 205 (1024 0 -4 ) (1024 0 0 ) (464 0 0 ) (464 0 -4 ) 
4 149 150 (464 192 -4 ) (464 0 -4 ) (464 0 0 ) (464 192 0 ) 
4 150 210 (464 0 0 ) (144 0 0 ) (144 0 -4 ) (464 0 -4 ) 
4 151 164 (-764 912 384 ) (-764 1008 384 ) (-764 1008 128 ) (-764 912 128 ) 
4 151 154 (-688 724 384 ) (-720 724 384 ) (-720 724 136 ) (-688 724 136 ) 
4 151 153 (-640 724 128 ) (-640 724 384 ) (-688 724 384 ) (-688 724 128 ) 
4 151 156 (-720 724 384 ) (-764 724 384 ) (-764 724 128 ) (-720 724 128 ) 
4 151 152 (-640 724 128 ) (-764 724 128 ) (-764 896 128 ) (-640 896 128 ) 
4 152 159 (-764 832 112 ) (-764 848 112 ) (-640 848 112 ) (-640 832 112 ) 
4 152 160 (-764 724 112 ) (-764 832 112 ) (-640 832 112 ) (-640 724 112 ) 
4 152 157 (-764 864 112 ) (-764 880 112 ) (-640 880 112 ) (-640 864 112 ) 
4 152 158 (-764 848 112 ) (-764 864 112 ) (-640 864 112 ) (-640 848 112 ) 
4 152 155 (-720 724 112 ) (-688 724 112 ) (-688 724 116 ) (-720 724 116 ) 
4 152 153 (-688 724 112 ) (-640 724 112 ) (-640 724 128 ) (-688 724 128 ) 
4 152 156 (-764 724 112 ) (-720 724 112 ) (-720 724 128 ) (-764 724 128 ) 
4 153 160 (-688 724 112 ) (-640 724 112 ) (-640 720 112 ) (-688 720 112 ) 
4 153 154 (-688 724 384 ) (-688 724 136 ) (-688 720 136 ) (-688 720 384 ) 
4 153 155 (-688 724 116 ) (-688 724 112 ) (-688 720 112 ) (-688 720 116 ) 
4 154 156 (-720 724 384 ) (-720 724 136 ) (-720 720 136 ) (-720 720 384 ) 
4 155 160 (-720 724 112 ) (-688 724 112 ) (-688 720 112 ) (-720 720 112 ) 
4 155 156 (-720 724 116 ) (-720 724 112 ) (-720 720 112 ) (-720 720 116 ) 
4 156 160 (-764 720 112 ) (-764 724 112 ) (-720 724 112 ) (-720 720 112 ) 
4 157 158 (-640 864 96 ) (-640 864 112 ) (-764 864 112 ) (-764 864 96 ) 
4 158 159 (-640 848 112 ) (-764 848 112 ) (-764 848 80 ) (-640 848 80 ) 
4 159 160 (-640 832 64 ) (-640 832 112 ) (-764 832 112 ) (-764 832 64 ) 
4 160 175 (-680 720 108 ) (-728 720 108 ) (-728 720 48 ) (-680 720 48 ) 
4 160 161 (-764 720 48 ) (-764 816 48 ) (-640 816 48 ) (-640 720 48 ) 
4 161 175 (-680 720 48 ) (-728 720 48 ) (-728 720 32 ) (-680 720 32 ) 
4 161 162 (-764 784 32 ) (-764 800 32 ) (-640 800 32 ) (-640 784 32 ) 
4 161 163 (-764 720 32 ) (-764 784 32 ) (-640 784 32 ) (-640 720 32 ) 
4 162 163 (-640 784 32 ) (-764 784 32 ) (-764 784 16 ) (-640 784 16 ) 
4 163 175 (-680 720 32 ) (-728 720 32 ) (-728 720 0 ) (-680 720 0 ) 
4 164 165 (-772 912 384 ) (-772 1008 384 ) (-772 1008 128 ) (-772 912 128 ) 
4 165 166 (-772 912 144 ) (-772 912 384 ) (-896 912 384 ) (-896 912 144 ) 
4 166 167 (-772 896 160 ) (-772 896 384 ) (-896 896 384 ) (-896 896 160 ) 
4 167 168 (-772 880 176 ) (-772 880 384 ) (-896 880 384 ) (-896 880 176 ) 
4 168 173 (-772 864 192 ) (-772 864 208 ) (-896 864 208 ) (-896 864 192 ) 
4 168 171 (-772 864 208 ) (-772 864 240 ) (-896 864 240 ) (-896 864 208 ) 
4 168 170 (-772 864 240 ) (-772 864 256 ) (-896 864 256 ) (-896 864 240 ) 
4 168 169 (-772 864 256 ) (-772 864 384 ) (-896 864 384 ) (-896 864 256 ) 
4 169 174 (-808 720 364 ) (-856 720 364 ) (-856 720 256 ) (-808 720 256 ) 
4 169 170 (-896 800 256 ) (-896 864 256 ) (-772 864 256 ) (-772 800 256 ) 
4 170 172 (-896 816 240 ) (-896 832 240 ) (-772 832 240 ) (-772 816 240 ) 
4 170 171 (-896 832 240 ) (-896 864 240 ) (-772 864 240 ) (-772 832 240 ) 
4 171 173 (-896 848 208 ) (-896 864 208 ) (-772 864 208 ) (-772 848 208 ) 
4 171 172 (-772 832 224 ) (-772 832 240 ) (-896 832 240 ) (-896 832 224 ) 
4 174 176 (-808 704 364 ) (-856 704 364 ) (-856 704 256 ) (-808 704 256 ) 
4 175 181 (-680 704 108 ) (-728 704 108 ) (-728 704 0 ) (-680 704 0 ) 
4 176 177 (-640 576 256 ) (-512 576 256 ) (-512 576 384 ) (-640 576 384 ) 
4 177 179 (-600 320 256 ) (-552 320 256 ) (-552 320 364 ) (-600 320 364 ) 
4 177 178 (-548 320 368 ) (-548 320 369 ) (-604 320 369 ) (-604 320 368 ) 
4 178 180 (-548 304 368 ) (-548 304 369 ) (-604 304 369 ) (-604 304 368 ) 
4 179 180 (-600 304 256 ) (-552 304 256 ) (-552 304 364 ) (-600 304 364 ) 
4 181 182 (-640 576 0 ) (-512 576 0 ) (-512 576 128 ) (-640 576 128 ) 
4 182 183 (-600 208 0 ) (-552 208 0 ) (-552 208 108 ) (-600 208 108 ) 
4 183 190 (-600 192 0 ) (-552 192 0 ) (-552 192 108 ) (-600 192 108 ) 
4 184 186 (-176 80 0 ) (0 80 0 ) (0 80 128 ) (-176 80 128 ) 
4 185 186 (-368 80 128 ) (-368 80 0 ) (-208 80 0 ) (-208 80 128 ) 
4 186 212 (0 0 0 ) (0 0 128 ) (-368 0 128 ) (-368 0 0 ) 
4 186 187 (-368 24 0 ) (-368 0 0 ) (-368 0 108 ) (-368 24 108 ) 
4 187 215 (-384 0 108 ) (-384 0 0 ) (-368 0 0 ) (-368 0 108 ) 
4 187 189 (-384 24 0 ) (-384 0 0 ) (-384 0 108 ) (-384 24 108 ) 
4 188 190 (-388 192 128 ) (-388 192 0 ) (-388 92 0 ) (-388 92 128 ) 
4 189 216 (-384 0 128 ) (-388 0 128 ) (-388 0 0 ) (-384 0 0 ) 
4 189 190 (-388 84 0 ) (-388 0 0 ) (-388 0 128 ) (-388 84 128 ) 
4 190 218 (-388 0 128 ) (-768 0 128 ) (-768 0 0 ) (-388 0 0 ) 
4 191 192 (-1024 1168 0 ) (-1024 1168 640 ) (-2048 1168 640 ) (-2048 1168 0 ) 
4 193 220 (2048 -1024 0 ) (2048 -1024 640 ) (1536 -1024 640 ) (1536 -1024 0 ) 
3 193 200 (1664.990601 -201.744125 0 ) (1691.485229 -207.013290 0 ) (1706.500610 -229.481705 0 ) 
3 193 199 (1734.260864 -271.021149 0 ) (1744 -285.594421 0 ) (1744 -320 0 ) 
3 193 198 (1691.485229 -207.013290 0 ) (1744 -217.457291 0 ) (1744 -285.594421 0 ) 
3 193 197 (1615.994873 -192 0 ) (1744 -192 0 ) (1744 -217.457291 0 ) 
4 193 196 (2048 -1024 0 ) (1744 -1024 0 ) (1744 -192 0 ) (2048 -192 0 ) 
4 193 195 (1536 -192 0 ) (1536 0 0 ) (2048 0 0 ) (2048 -192 0 ) 
4 193 194 (1536 0 0 ) (1536 -400 0 ) (1536 -400 640 ) (1536 0 640 ) 
4 194 201 (1024 0 640 ) (1024 0 0 ) (1024 -400 0 ) (1024 -400 640 ) 
4 194 195 (1024 -192 0 ) (1024 0 0 ) (1536 0 0 ) (1536 -192 0 ) 
4 195 205 (1024 0 0 ) (1024 0 -4 ) (1024 -192 -4 ) (1024 -192 0 ) 
4 195 197 (1615.996094 -192 -4 ) (1744 -192 -4 ) (1744 -192 0 ) (1615.994873 -192 0 ) 
4 195 196 (1744 -192 -4 ) (2048 -192 -4 ) (2048 -192 0 ) (1744 -192 0 ) 
4 196 222 (2048 -1024 -4 ) (2048 -1024 0 ) (1744 -1024 0 ) (1744 -1024 -4 ) 
4 196 199 (1744 -285.593292 -4 ) (1744 -320 -4 ) (1744 -320 0 ) (1744 -285.594421 0 ) 
4 196 198 (1744 -217.457031 -4 ) (1744 -285.593292 -4 ) (1744 -285.594421 0 ) (1744 -217.457336 0 ) 
4 196 197 (1744 -192 0 ) (1744 -192 -4 ) (1744 -217.457031 -4 ) (1744 -217.457336 0 ) 
4 197 200 (1664.987427 -201.743179 -4 ) (1691.485596 -207.013000 -4 ) (1691.485107 -207.013153 0 ) (1664.990601 -201.744064 0 ) 
4 197 198 (1691.485596 -207.013000 -4 ) (1744 -217.456772 -4 ) (1744 -217.457031 0 ) (1691.485107 -207.013153 0 ) 
4 198 200 (1691.486328 -207.013672 0 ) (1691.486938 -207.013535 -4 ) (1706.504639 -229.485641 -4 ) (1706.501953 -229.482620 0 ) 
4 198 199 (1734.260254 -271.018250 -4 ) (1744 -285.592438 -4 ) (1744 -285.593445 0 ) (1734.260498 -271.019531 0 ) 
4 201 205 (656 0 0 ) (1024 0 0 ) (1024 -192 0 ) (656 -192 0 ) 
4 201 202 (656 0 0 ) (656 -400 0 ) (656 -400 640 ) (656 0 640 ) 
4 202 223 (656 -1024 640 ) (32 -1024 640 ) (32 -1024 0 ) (656 -1024 0 ) 
4 202 210 (144 0 0 ) (464 0 0 ) (464 -1024 0 ) (144 -1024 0 ) 
3 202 209 (473.744141 -271.009277 0 ) (479.013245 -244.514999 0 ) (501.481506 -229.499741 0 ) 
3 202 208 (479.013245 -244.514999 0 ) (485.235199 -213.229614 0 ) (543.021362 -201.739136 0 ) 
3 202 207 (485.235199 -213.229614 0 ) (489.457275 -192 0 ) (592 -192 0 ) 
3 202 206 (464 -320.005127 0 ) (464 -192 0 ) (489.457275 -192 0 ) 
4 202 205 (464 0 0 ) (656 0 0 ) (656 -192 0 ) (464 -192 0 ) 
4 202 204 (32 0 0 ) (32 -208 0 ) (32 -208 640 ) (32 0 640 ) 
4 202 203 (32 -240 0 ) (32 -1024 0 ) (32 -1024 640 ) (32 -240 640 ) 
4 204 211 (16 0 108 ) (16 0 0 ) (16 -48 0 ) (16 -48 108 ) 
4 205 210 (464 0 -4 ) (464 -192 -4 ) (464 -192 0 ) (464 0 0 ) 
4 205 207 (489.457031 -192 -4 ) (592 -192 -4 ) (592 -192 0 ) (489.457275 -192 0 ) 
4 205 206 (464 -192 0 ) (464 -192 -4 ) (489.457031 -192 -4 ) (489.457275 -192 0 ) 
4 206 210 (464 -192 -4 ) (464 -320.003906 -4 ) (464 -320.005127 0 ) (464 -192 0 ) 
4 206 209 (473.742798 -271.013153 -4 ) (479.012756 -244.514709 -4 ) (479.012909 -244.515228 0 ) (473.743683 -271.009949 0 ) 
4 206 208 (479.012756 -244.514709 -4 ) (485.234650 -213.229706 -4 ) (485.234924 -213.229645 0 ) (479.012909 -244.515228 0 ) 
4 206 207 (485.234650 -213.229706 -4 ) (489.456787 -192 -4 ) (489.457031 -192 0 ) (485.234924 -213.229645 0 ) 
4 207 208 (485.234375 -213.229004 0 ) (485.234100 -213.229050 -4 ) (543.021851 -201.738159 -4 ) (543.023254 -201.737885 0 ) 
4 208 209 (479.013458 -244.513947 0 ) (479.013336 -244.513367 -4 ) (501.485107 -229.496262 -4 ) (501.482025 -229.498962 0 ) 
4 210 226 (464 -1024 0 ) (144 -1024 0 ) (144 -1024 -4 ) (464 -1024 -4 ) 
4 211 212 (0 -48 108 ) (0 0 108 ) (0 0 0 ) (0 -48 0 ) 
4 212 215 (-368 0 0 ) (-368 -24 0 ) (-368 -24 108 ) (-368 0 108 ) 
4 212 214 (-176 -80 0 ) (0 -80 0 ) (0 -80 128 ) (-176 -80 128 ) 
4 212 213 (-368 -80 128 ) (-368 -80 0 ) (-208 -80 0 ) (-208 -80 128 ) 
4 215 216 (-384 0 0 ) (-384 -24 0 ) (-384 -24 108 ) (-384 0 108 ) 
4 216 218 (-388 0 0 ) (-388 -84 0 ) (-388 -84 128 ) (-388 0 128 ) 
4 217 218 (-388 -92 0 ) (-388 -192 0 ) (-388 -192 128 ) (-388 -92 128 ) 
4 219 235 (-1024 -832 0 ) (-1024 -1024 0 ) (-1024 -1024 128 ) (-1024 -832 128 ) 
4 219 232 (-1024 -1024 108 ) (-1024 -1024 0 ) (-976 -1024 0 ) (-976 -1024 108 ) 
4 220 222 (2048 -1984 0 ) (1744 -1984 0 ) (1744 -1024 0 ) (2048 -1024 0 ) 
4 220 221 (1536 -1408 0 ) (1536 -1984 0 ) (1536 -1984 640 ) (1536 -1408 640 ) 
4 221 225 (1024 -1408 0 ) (1024 -1984 0 ) (1024 -1984 640 ) (1024 -1408 640 ) 
3 223 230 (144 -1039.994995 0 ) (144 -1074.408325 0 ) (134.255905 -1088.990601 0 ) 
4 223 229 (64.979385 -1158.260742 0 ) (50.405907 -1168 0 ) (32 -1168 0 ) (32 -1164.818481 0 ) 
3 223 228 (144 -1074.408325 0 ) (144 -1105.452148 0 ) (106.518112 -1130.500854 0 ) 
3 223 227 (144 -1105.452148 0 ) (144 -1168 0 ) (50.405907 -1168 0 ) 
4 223 231 (144 -1168 0 ) (144 -1408 0 ) (32 -1408 0 ) (32 -1168 0 ) 
4 223 226 (144 -1024 0 ) (464 -1024 0 ) (464 -1408 0 ) (144 -1408 0 ) 
4 223 225 (32 -1408 0 ) (656 -1408 0 ) (656 -1408 640 ) (32 -1408 640 ) 
4 223 224 (32 -1056 0 ) (32 -1408 0 ) (32 -1408 640 ) (32 -1056 640 ) 
4 224 233 (0 -1056 0 ) (0 -1408 0 ) (0 -1408 640 ) (0 -1056 640 ) 
3 224 229 (32 -1164.818481 0 ) (32 -1168 0 ) (16 -1168 0 ) 
4 224 231 (0 -1408 0 ) (0 -1168 0 ) (32 -1168 0 ) (32 -1408 0 ) 
4 224 225 (0 -1408 0 ) (32 -1408 0 ) (32 -1408 640 ) (0 -1408 640 ) 
4 225 233 (0 -1408 0 ) (0 -1984 0 ) (0 -1984 640 ) (0 -1408 640 ) 
4 225 231 (0 -1984 0 ) (0 -1408 0 ) (144 -1408 0 ) (144 -1984 0 ) 
4 225 226 (144 -1408 0 ) (464 -1408 0 ) (464 -1984 0 ) (144 -1984 0 ) 
4 226 230 (144 -1039.996216 -4 ) (144 -1074.406372 -4 ) (144 -1074.408325 0 ) (144 -1039.994995 0 ) 
4 226 228 (144 -1074.406372 -4 ) (144 -1105.452759 -4 ) (144 -1105.452148 0 ) (144 -1074.408325 0 ) 
4 226 227 (144 -1105.452759 -4 ) (144 -1168 -4 ) (144 -1168 0 ) (144 -1105.452148 0 ) 
4 226 231 (144 -1168 -4 ) (144 -1984 -4 ) (144 -1984 0 ) (144 -1168 0 ) 
4 227 229 (64.978394 -1158.260864 -4 ) (50.405197 -1168 -4 ) (50.404324 -1168 0 ) (64.977020 -1158.261230 0 ) 
4 227 228 (144 -1105.450928 0 ) (144 -1105.451538 -4 ) (106.516586 -1130.501343 -4 ) (106.519516 -1130.498779 0 ) 
4 227 231 (50.406807 -1168 -4 ) (144 -1168 -4 ) (144 -1168 0 ) (50.405930 -1168 0 ) 
4 228 230 (134.255997 -1088.990112 0 ) (144 -1074.407715 0 ) (144 -1074.405884 -4 ) (134.256897 -1088.986938 -4 ) 
4 229 231 (16 -1168 -4 ) (50.406807 -1168 -4 ) (50.405930 -1168 0 ) (16 -1168 0 ) 
4 231 234 (0 -1168 -4 ) (0 -1984 -4 ) (0 -1984 0 ) (0 -1168 0 ) 
4 232 236 (-1024 -1040 0 ) (-1024 -1040 108 ) (-1024 -1024 108 ) (-1024 -1024 0 ) 
4 232 233 (-976 -1040 108 ) (-1024 -1040 108 ) (-1024 -1040 0 ) (-976 -1040 0 ) 
4 233 237 (-1024 -1984 0 ) (-1024 -1984 640 ) (-1024 -1040 640 ) (-1024 -1040 0 ) 
4 233 234 (0 -1984 0 ) (-1024 -1984 0 ) (-1024 -1168 0 ) (0 -1168 0 ) 
4 234 238 (-1024 -1984 -4 ) (-1024 -1984 0 ) (-1024 -1168 0 ) (-1024 -1168 -4 ) 
4 235 236 (-1024 -1024 0 ) (-1024 -1024 108 ) (-1072 -1024 108 ) (-1072 -1024 0 ) 
4 236 237 (-1072 -1040 0 ) (-1024 -1040 0 ) (-1024 -1040 108 ) (-1072 -1040 108 ) 
4 237 238 (-1024 -1984 0 ) (-2048 -1984 0 ) (-2048 -1168 0 ) (-1024 -1168 0 ) 
