PRT1
232
585
4 0 3 (2112 1024 -128 ) (2112 1024 640 ) (2048 1024 640 ) (2048 1024 -128 ) 
4 0 1 (2048 1088 640 ) (2048 1120 640 ) (2048 1120 -128 ) (2048 1088 -128 ) 
4 1 2 (1024 1088 -128 ) (1024 1088 640 ) (1024 1120 640 ) (1024 1120 -128 ) 
4 2 37 (0 1088 -128 ) (0 1088 0 ) (0 1094.304810 0 ) (0 1094.304810 -128 ) 
4 2 36 (0 1094.304810 0 ) (0 1117.642700 0 ) (0 1117.642456 -128 ) (0 1094.304810 -128 ) 
4 2 35 (0 1117.642700 0 ) (0 1120 0 ) (0 1120 -128 ) (0 1117.642456 -128 ) 
4 2 29 (0 1088 0 ) (0 1088 640 ) (0 1120 640 ) (0 1120 0 ) 
4 3 4 (2112 0 -128 ) (2112 0 640 ) (2048 0 640 ) (2048 0 -128 ) 
4 4 156 (2112 -1024 -128 ) (2112 -1024 640 ) (2048 -1024 640 ) (2048 -1024 -128 ) 
4 4 16 (2048 -1024 -128 ) (2048 -1024 0 ) (2048 -1004 0 ) (2048 -1004 -128 ) 
4 4 15 (2048 -1024 0 ) (2048 -1024 640 ) (2048 -1004 640 ) (2048 -1004 0 ) 
4 5 14 (1696 0 640 ) (1024 0 640 ) (1024 0 0 ) (1696 0 0 ) 
4 5 11 (1024 56 0 ) (1024 0 0 ) (1024 0 112 ) (1024 56 112 ) 
4 5 10 (1024 160 0 ) (1024 56 0 ) (1024 56 112 ) (1024 160 112 ) 
4 5 9 (1024 0 112 ) (1024 0 176 ) (1024 160 176 ) (1024 160 112 ) 
4 5 6 (1024 0 176 ) (1024 0 640 ) (1024 160 640 ) (1024 160 176 ) 
4 6 18 (1024 0 176 ) (1024 0 192 ) (256 0 192 ) (256 0 176 ) 
4 6 17 (1024 0 192 ) (1024 0 640 ) (256 0 640 ) (256 0 192 ) 
4 6 9 (256 160 176 ) (1024 160 176 ) (1024 0 176 ) (256 0 176 ) 
4 6 8 (256 0 192 ) (256 0 640 ) (256 144 640 ) (256 144 192 ) 
4 6 7 (256 160 176 ) (256 144 176 ) (256 144 640 ) (256 160 640 ) 
4 7 47 (0 144 640 ) (0 160 640 ) (0 160 176 ) (0 144 176 ) 
4 7 8 (256 144 192 ) (256 144 640 ) (0 144 640 ) (0 144 192 ) 
4 8 48 (0 0 192 ) (0 0 640 ) (0 144 640 ) (0 144 192 ) 
4 8 17 (256 0 640 ) (0 0 640 ) (0 0 192 ) (256 0 192 ) 
4 9 19 (1024 0 112 ) (1024 0 176 ) (256 0 176 ) (256 0 112 ) 
4 9 11 (1024 56 112 ) (1024 0 112 ) (256 0 112 ) (256 56 112 ) 
4 9 10 (256 160 112 ) (1024 160 112 ) (1024 56 112 ) (256 56 112 ) 
4 10 11 (1024 56 112 ) (256 56 112 ) (256 56 0 ) (1024 56 0 ) 
4 11 21 (1024 0 0 ) (1024 0 112 ) (250 0 112 ) (250 0 0 ) 
4 12 22 (246 0 112 ) (240 0 112 ) (240 0 0 ) (246 0 0 ) 
4 12 13 (240 56 0 ) (240 0 0 ) (240 0 112 ) (240 56 112 ) 
4 13 50 (0 0 0 ) (0 0 140 ) (0 144 140 ) (0 144 0 ) 
4 13 49 (0 0 140 ) (0 0 176 ) (0 144 176 ) (0 144 140 ) 
4 13 22 (0 0 112 ) (0 0 0 ) (240 0 0 ) (240 0 112 ) 
4 13 20 (240 0 176 ) (0 0 176 ) (0 0 112 ) (240 0 112 ) 
4 14 25 (1024 -144 0 ) (1024 -160 0 ) (1024 -160 640 ) (1024 -144 640 ) 
4 14 23 (1024 -56 0 ) (1024 -144 0 ) (1024 -144 112 ) (1024 -56 112 ) 
4 14 21 (1024 0 112 ) (1024 0 0 ) (1024 -56 0 ) (1024 -56 112 ) 
4 14 19 (1024 0 176 ) (1024 0 112 ) (1024 -144 112 ) (1024 -144 176 ) 
4 14 18 (1024 0 192 ) (1024 0 176 ) (1024 -144 176 ) (1024 -144 192 ) 
4 14 17 (1024 0 640 ) (1024 0 192 ) (1024 -144 192 ) (1024 -144 640 ) 
4 15 160 (2048 -1024 0 ) (2048 -1024 640 ) (1024 -1024 640 ) (1024 -1024 0 ) 
4 15 27 (1024 -1004 0 ) (1024 -1024 0 ) (1024 -1024 640 ) (1024 -1004 640 ) 
4 15 16 (2048 -1024 0 ) (1024 -1024 0 ) (1024 -1004 0 ) (2048 -1004 0 ) 
4 16 160 (2048 -1024 -128 ) (2048 -1024 0 ) (1024 -1024 0 ) (1024 -1024 -128 ) 
4 16 28 (1024 -1004 -128 ) (1024 -1024 -128 ) (1024 -1024 0 ) (1024 -1004 0 ) 
4 17 88 (0 0 640 ) (0 0 192 ) (0 -144 192 ) (0 -144 640 ) 
4 17 26 (0 -144 640 ) (0 -144 192 ) (240 -144 192 ) (240 -144 640 ) 
4 17 25 (240 -144 192 ) (1024 -144 192 ) (1024 -144 640 ) (240 -144 640 ) 
4 17 18 (1024 -144 192 ) (256 -144 192 ) (256 0 192 ) (1024 0 192 ) 
4 18 25 (256 -144 176 ) (1024 -144 176 ) (1024 -144 192 ) (256 -144 192 ) 
4 18 19 (1024 -144 176 ) (256 -144 176 ) (256 0 176 ) (1024 0 176 ) 
4 19 25 (256 -144 112 ) (1024 -144 112 ) (1024 -144 176 ) (256 -144 176 ) 
4 19 23 (1024 -144 112 ) (256 -144 112 ) (256 -56 112 ) (1024 -56 112 ) 
4 19 21 (256 -56 112 ) (256 0 112 ) (1024 0 112 ) (1024 -56 112 ) 
4 20 90 (0 0 176 ) (0 0 112 ) (0 -144 112 ) (0 -144 176 ) 
4 20 24 (240 -144 112 ) (0 -144 112 ) (0 -56 112 ) (240 -56 112 ) 
4 20 22 (0 -56 112 ) (0 0 112 ) (240 0 112 ) (240 -56 112 ) 
4 21 23 (256 -56 0 ) (1024 -56 0 ) (1024 -56 112 ) (256 -56 112 ) 
4 22 96 (0 0 112 ) (0 0 0 ) (0 -56 0 ) (0 -56 112 ) 
4 22 24 (0 -56 0 ) (240 -56 0 ) (240 -56 112 ) (0 -56 112 ) 
4 23 25 (256 -144 0 ) (1024 -144 0 ) (1024 -144 112 ) (256 -144 112 ) 
4 24 96 (0 -56 0 ) (0 -144 0 ) (0 -144 112 ) (0 -56 112 ) 
4 25 26 (240 -160 176 ) (240 -160 640 ) (240 -144 640 ) (240 -144 176 ) 
4 26 98 (0 -160 640 ) (0 -144 640 ) (0 -144 176 ) (0 -160 176 ) 
4 27 163 (1024 -1024 0 ) (1024 -1024 640 ) (0 -1024 640 ) (0 -1024 0 ) 
4 27 108 (0 -1024 0 ) (0 -1024 640 ) (0 -1004 640 ) (0 -1004 0 ) 
4 27 28 (1024 -1004 0 ) (1024 -1024 0 ) (0 -1024 0 ) (0 -1004 0 ) 
4 28 163 (1024 -1024 -128 ) (1024 -1024 0 ) (0 -1024 0 ) (0 -1024 -128 ) 
4 28 144 (0 -1024 -128 ) (0 -1024 0 ) (0 -1004 0 ) (0 -1004 -128 ) 
4 29 39 (-1024 1088 640 ) (-1024 1120 640 ) (-1024 1120 0 ) (-1024 1088 0 ) 
3 29 37 (0 1094.304810 0 ) (0 1088 0 ) (-64 1088 0 ) 
4 29 36 (0 1117.642700 0 ) (0 1094.304810 0 ) (-64 1088 0 ) (-97.719627 1088 0 ) 
5 29 35 (-65.636414 1120 0 ) (0 1120 0 ) (0 1117.642700 0 ) (-97.719627 1088 0 ) (-125.509399 1088 0 ) 
4 29 34 (-1024 1088 0 ) (-1024 1120 0 ) (-65.636414 1120 0 ) (-125.509399 1088 0 ) 
4 29 32 (-97.719452 1088 0 ) (-64 1088 0 ) (-64 1088 640 ) (-97.724678 1088 640 ) 
4 29 31 (-125.510010 1088 0 ) (-97.719452 1088 0 ) (-97.724678 1088 640 ) (-125.508980 1088 640 ) 
4 29 30 (-1024 1088 0 ) (-125.510010 1088 0 ) (-125.508980 1088 640 ) (-1024 1088 640 ) 
4 30 42 (-245.247070 1024 640 ) (-320 1024 640 ) (-320 1024 0 ) (-245.248108 1024 0 ) 
4 30 61 (-320 1024 640 ) (-1024 1024 640 ) (-1024 1024 0 ) (-320 1024 0 ) 
4 30 39 (-1024 1024 0 ) (-1024 1024 640 ) (-1024 1088 640 ) (-1024 1088 0 ) 
4 30 34 (-1024 1024 0 ) (-1024 1088 0 ) (-125.510010 1088 0 ) (-245.248108 1024 0 ) 
4 30 33 (-245.246094 1024 0 ) (-206.216370 1044.861328 0 ) (-206.244263 1044.845825 640 ) (-245.244873 1024 640 ) 
4 30 31 (-161.974258 1068.508667 0 ) (-125.507813 1088 0 ) (-125.506821 1088 640 ) (-161.965302 1068.512939 640 ) 
3 31 35 (-125.510010 1088 0 ) (-97.719452 1088 0 ) (-161.979370 1068.507080 0 ) 
4 31 32 (-113.932419 1083.081177 0 ) (-97.717079 1088 0 ) (-97.722092 1088 640 ) (-113.939804 1083.080444 640 ) 
3 32 36 (-97.719452 1088 0 ) (-64 1088 0 ) (-113.935944 1083.080811 0 ) 
4 33 42 (-231.643509 1024 640 ) (-245.247070 1024 640 ) (-245.248108 1024 0 ) (-231.634460 1024 0 ) 
3 33 38 (-231.634445 1024 0 ) (-245.248108 1024 0 ) (-206.212494 1044.864502 0 ) 
4 34 62 (-245.255630 1024 0 ) (-320 1024 0 ) (-320 1024 -128 ) (-245.256653 1024 -128 ) 
4 34 67 (-320 1024 0 ) (-1024 1024 0 ) (-1024 1024 -128 ) (-320 1024 -128 ) 
4 34 39 (-1024 1024 -128 ) (-1024 1024 0 ) (-1024 1120 0 ) (-1024 1120 -128 ) 
4 34 38 (-245.257813 1024 -128 ) (-206.202164 1044.873657 -128 ) (-206.202347 1044.872803 0 ) (-245.255997 1024 0 ) 
4 34 35 (-161.988556 1068.504150 -128 ) (-65.637726 1120 -128 ) (-65.636719 1120 0 ) (-161.984314 1068.505737 0 ) 
4 35 36 (-113.930885 1083.081177 -128 ) (0 1117.641846 -128 ) (0 1117.642090 0 ) (-113.932472 1083.081055 0 ) 
4 36 37 (-64 1088 -128 ) (0 1094.304688 -128 ) (0 1094.304810 0 ) (-64 1088 0 ) 
4 38 63 (-231.641083 1024 0 ) (-236.004654 1024 0 ) (-236.004639 1024 -128 ) (-231.642014 1024 -128 ) 
4 38 62 (-236.004654 1024 0 ) (-245.255630 1024 0 ) (-245.256653 1024 -128 ) (-236.004639 1024 -128 ) 
4 39 86 (-1856 1024 512 ) (-2048 1024 512 ) (-2048 1024 -128 ) (-1856 1024 -128 ) 
4 39 85 (-1024 1024 -128 ) (-1024 1024 512 ) (-1856 1024 512 ) (-1856 1024 -128 ) 
4 39 84 (-1024 1024 512 ) (-1024 1024 640 ) (-2048 1024 640 ) (-2048 1024 512 ) 
4 39 41 (-2048 1024 -128 ) (-2048 1024 640 ) (-2048 1120 640 ) (-2048 1120 -128 ) 
4 39 40 (-1024 1024 -128 ) (-1280 1024 -128 ) (-1280 1120 -128 ) (-1024 1120 -128 ) 
4 40 87 (-1024 1024 -136 ) (-1024 1024 -128 ) (-1280 1024 -128 ) (-1280 1024 -136 ) 
4 41 150 (-2048 1024 -128 ) (-2048 1024 640 ) (-2368 1024 640 ) (-2368 1024 -128 ) 
4 41 152 (-2368 1024 640 ) (-2688 1024 640 ) (-2688 1024 -128 ) (-2368 1024 -128 ) 
3 42 63 (-236.004608 1024 0 ) (-231.634476 1024 0 ) (-245.027252 1013.008179 0 ) 
4 42 62 (-320 1024 0 ) (-236.004608 1024 0 ) (-245.027252 1013.008179 0 ) (-320 951.475952 0 ) 
4 42 44 (-264.803009 996.778870 0 ) (-245.034973 1013.003052 0 ) (-245.023163 1013.019836 640 ) (-264.796204 996.791626 640 ) 
4 42 43 (-320 951.484558 640 ) (-320 951.477173 0 ) (-264.803009 996.778870 0 ) (-264.796204 996.791626 640 ) 
4 42 61 (-320 1024 0 ) (-320 951.475952 0 ) (-320 951.483398 640 ) (-320 1024 640 ) 
3 43 66 (-293.082367 954.465149 0 ) (-276.850677 974.239380 0 ) (-300.512115 929.972046 0 ) 
4 43 65 (-309.963043 933.900330 0 ) (-293.082367 954.465149 0 ) (-300.512115 929.972046 0 ) (-312.572357 907.408936 0 ) 
4 43 64 (-320 893.512817 0 ) (-320 921.672791 0 ) (-309.963043 933.900330 0 ) (-312.572357 907.408936 0 ) 
4 43 62 (-320 921.672791 0 ) (-320 951.475952 0 ) (-264.804260 996.776611 0 ) (-276.850677 974.239380 0 ) 
4 43 46 (-312.562714 907.424561 0 ) (-300.508057 929.977173 0 ) (-300.512115 929.969604 640 ) (-312.562500 907.424988 640 ) 
4 43 45 (-320 893.510376 640 ) (-320 893.510376 0 ) (-312.562714 907.424561 0 ) (-312.562500 907.424988 640 ) 
4 43 44 (-276.856262 974.226501 0 ) (-264.804688 996.773438 0 ) (-264.797638 996.786621 640 ) (-276.852509 974.233582 640 ) 
4 43 61 (-320 951.475952 0 ) (-320 893.512817 0 ) (-320 893.512695 640 ) (-320 951.483398 640 ) 
3 44 62 (-276.859894 974.222168 0 ) (-264.804260 996.776611 0 ) (-245.038116 1013 0 ) 
3 45 64 (-320 831.911804 0 ) (-320 893.512817 0 ) (-312.562408 907.427551 0 ) 
4 45 46 (-315.068298 881.980103 0 ) (-312.561737 907.429871 0 ) (-312.561493 907.430298 640 ) (-315.067139 881.989807 640 ) 
4 45 61 (-320 893.512817 0 ) (-320 831.911804 0 ) (-320 831.909790 640 ) (-320 893.512695 640 ) 
3 46 65 (-315.068939 881.978027 0 ) (-312.562408 907.427551 0 ) (-300.506256 929.982971 0 ) 
4 47 53 (-272 160 640 ) (-272 160 176 ) (-272 144 176 ) (-272 144 640 ) 
4 47 48 (-272 144 640 ) (-272 144 192 ) (0 144 192 ) (0 144 640 ) 
4 48 88 (0 0 192 ) (0 0 640 ) (-272 0 640 ) (-272 0 192 ) 
4 48 54 (-272 0 192 ) (-272 0 640 ) (-272 144 640 ) (-272 144 192 ) 
4 49 91 (-268 0 176 ) (-272 0 176 ) (-272 0 140 ) (-268 0 140 ) 
4 49 90 (0 0 140 ) (0 0 176 ) (-268 0 176 ) (-268 0 140 ) 
4 49 51 (-272 16 140 ) (-272 144 140 ) (-268 144 140 ) (-268 16 140 ) 
4 49 50 (-268 144 140 ) (0 144 140 ) (0 0 140 ) (-268 0 140 ) 
4 50 96 (0 0 0 ) (0 0 112 ) (-268 0 112 ) (-268 0 0 ) 
4 50 90 (0 0 112 ) (0 0 140 ) (-268 0 140 ) (-268 0 112 ) 
4 50 52 (-268 16 120 ) (-268 16 0 ) (-268 0 0 ) (-268 0 120 ) 
4 50 51 (-268 16 140 ) (-268 144 140 ) (-268 144 0 ) (-268 16 0 ) 
4 51 59 (-272 56 0 ) (-272 16 0 ) (-272 16 112 ) (-272 56 112 ) 
4 51 52 (-268 16 0 ) (-268 16 120 ) (-272 16 120 ) (-272 16 0 ) 
4 52 96 (-272 0 112 ) (-272 0 0 ) (-268 0 0 ) (-268 0 112 ) 
4 52 93 (-272 0 120 ) (-272 0 112 ) (-268 0 112 ) (-268 0 120 ) 
4 52 59 (-272 16 0 ) (-272 0 0 ) (-272 0 112 ) (-272 16 112 ) 
4 53 58 (-272 159.584015 112 ) (-272 144 112 ) (-288 144 112 ) (-288 159.584015 112 ) 
4 53 57 (-288 160 112 ) (-272 160 112 ) (-272 159.584015 112 ) (-288 159.584015 112 ) 
4 53 55 (-288 160 136 ) (-288 160 112 ) (-288 159.584015 112 ) (-288 159.584015 136 ) 
4 53 54 (-288 144 640 ) (-288 144 176 ) (-272 144 176 ) (-272 144 640 ) 
4 54 89 (-272 0 640 ) (-288 0 640 ) (-288 0 176 ) (-272 0 176 ) 
4 55 57 (-320 159.584015 112 ) (-320 160 112 ) (-288 160 112 ) (-288 159.584015 112 ) 
4 55 61 (-320 159.584015 136 ) (-320 160 136 ) (-320 160 112 ) (-320 159.584015 112 ) 
4 56 95 (-320 0 136 ) (-320 0 128 ) (-288 0 128 ) (-288 0 136 ) 
4 56 61 (-320 0 128 ) (-320 0 136 ) (-320 143.584015 136 ) (-320 143.584015 128 ) 
4 57 58 (-272 159.584015 0 ) (-272 159.584015 112 ) (-288 159.584015 112 ) (-288 159.584015 0 ) 
4 57 61 (-320 160 0 ) (-320 159.584015 0 ) (-320 159.584015 112 ) (-320 160 112 ) 
4 59 97 (-276 0 0 ) (-272 0 0 ) (-272 0 112 ) (-276 0 112 ) 
4 60 97 (-320 0 112 ) (-320 0 0 ) (-284 0 0 ) (-284 0 112 ) 
4 60 61 (-320 56 0 ) (-320 0 0 ) (-320 0 112 ) (-320 56 112 ) 
4 61 109 (-320 0 640 ) (-1024 0 640 ) (-1024 0 0 ) (-320 0 0 ) 
4 61 85 (-1024 1024 512 ) (-1024 1024 0 ) (-1024 0 0 ) (-1024 0 512 ) 
4 61 84 (-1024 1024 640 ) (-1024 1024 512 ) (-1024 0 512 ) (-1024 0 640 ) 
4 61 82 (-596 144 0 ) (-584 144 0 ) (-584 0 0 ) (-596 0 0 ) 
4 61 83 (-1024 0 0 ) (-1024 144 0 ) (-596 144 0 ) (-596 0 0 ) 
4 61 81 (-584 144 0 ) (-572 144 0 ) (-572 0 0 ) (-584 0 0 ) 
4 61 80 (-572 144 0 ) (-560 144 0 ) (-560 0 0 ) (-572 0 0 ) 
4 61 79 (-560 144 0 ) (-548 144 0 ) (-548 0 0 ) (-560 0 0 ) 
4 61 78 (-548 144 0 ) (-536 144 0 ) (-536 0 0 ) (-548 0 0 ) 
4 61 77 (-536 144 0 ) (-524 144 0 ) (-524 0 0 ) (-536 0 0 ) 
4 61 76 (-524 144 0 ) (-512 144 0 ) (-512 0 0 ) (-524 0 0 ) 
4 61 75 (-512 144 0 ) (-500 144 0 ) (-500 0 0 ) (-512 0 0 ) 
4 61 74 (-500 144 0 ) (-488 144 0 ) (-488 0 0 ) (-500 0 0 ) 
4 61 73 (-488 144 0 ) (-476 144 0 ) (-476 0 0 ) (-488 0 0 ) 
4 61 72 (-476 144 0 ) (-464 144 0 ) (-464 0 0 ) (-476 0 0 ) 
4 61 71 (-464 144 0 ) (-452 144 0 ) (-452 0 0 ) (-464 0 0 ) 
4 61 70 (-452 144 0 ) (-440 144 0 ) (-440 0 0 ) (-452 0 0 ) 
4 61 69 (-440 144 0 ) (-428 144 0 ) (-428 0 0 ) (-440 0 0 ) 
4 61 68 (-428 144 0 ) (-416 144 0 ) (-416 0 0 ) (-428 0 0 ) 
4 61 67 (-1024 144 0 ) (-1024 1024 0 ) (-320 1024 0 ) (-320 144 0 ) 
4 62 66 (-293.081421 954.469238 -128 ) (-276.846100 974.247925 -128 ) (-276.846832 974.246582 0 ) (-293.081177 954.469299 0 ) 
4 62 65 (-309.962677 933.903687 -128 ) (-293.081421 954.469238 -128 ) (-293.081177 954.469299 0 ) (-309.962708 933.903564 0 ) 
4 62 64 (-320 921.675781 0 ) (-320 921.675781 -128 ) (-309.962677 933.903687 -128 ) (-309.962708 933.903564 0 ) 
4 62 63 (-245.011871 1013.029846 -128 ) (-236.007019 1024 -128 ) (-236.006332 1024 0 ) (-245.011826 1013.029175 0 ) 
4 62 67 (-320 1024 -128 ) (-320 921.672852 -128 ) (-320 921.672913 0 ) (-320 1024 0 ) 
4 64 65 (-315.079865 881.948242 -128 ) (-309.963013 933.897705 -128 ) (-309.963013 933.897705 0 ) (-315.080017 881.946655 0 ) 
4 64 67 (-320 921.672852 -128 ) (-320 832 -128 ) (-320 832 0 ) (-320 921.672913 0 ) 
4 65 66 (-300.513611 929.969177 -128 ) (-293.083344 954.463989 -128 ) (-293.082886 954.464539 0 ) (-300.512878 929.970520 0 ) 
4 67 85 (-1024 1024 0 ) (-1024 1024 -128 ) (-1024 144 -128 ) (-1024 144 0 ) 
4 67 82 (-584 144 -120 ) (-584 144 0 ) (-596 144 0 ) (-596 144 -120 ) 
4 67 83 (-1024 144 -128 ) (-596 144 -128 ) (-596 144 0 ) (-1024 144 0 ) 
4 67 81 (-572 144 -112 ) (-572 144 0 ) (-584 144 0 ) (-584 144 -112 ) 
4 67 80 (-560 144 -104 ) (-560 144 0 ) (-572 144 0 ) (-572 144 -104 ) 
4 67 79 (-548 144 -96 ) (-548 144 0 ) (-560 144 0 ) (-560 144 -96 ) 
4 67 78 (-536 144 -88 ) (-536 144 0 ) (-548 144 0 ) (-548 144 -88 ) 
4 67 77 (-524 144 -80 ) (-524 144 0 ) (-536 144 0 ) (-536 144 -80 ) 
4 67 76 (-512 144 -72 ) (-512 144 0 ) (-524 144 0 ) (-524 144 -72 ) 
4 67 75 (-500 144 -64 ) (-500 144 0 ) (-512 144 0 ) (-512 144 -64 ) 
4 67 74 (-488 144 -56 ) (-488 144 0 ) (-500 144 0 ) (-500 144 -56 ) 
4 67 73 (-476 144 -48 ) (-476 144 0 ) (-488 144 0 ) (-488 144 -48 ) 
4 67 72 (-464 144 -40 ) (-464 144 0 ) (-476 144 0 ) (-476 144 -40 ) 
4 67 71 (-452 144 -32 ) (-452 144 0 ) (-464 144 0 ) (-464 144 -32 ) 
4 67 70 (-440 144 -24 ) (-440 144 0 ) (-452 144 0 ) (-452 144 -24 ) 
4 67 69 (-428 144 -16 ) (-428 144 0 ) (-440 144 0 ) (-440 144 -16 ) 
4 67 68 (-416 144 -8 ) (-416 144 0 ) (-428 144 0 ) (-428 144 -8 ) 
4 68 110 (-416 0 0 ) (-428 0 0 ) (-428 0 -8 ) (-416 0 -8 ) 
4 68 69 (-428 144 0 ) (-428 144 -8 ) (-428 0 -8 ) (-428 0 0 ) 
4 69 111 (-428 0 0 ) (-440 0 0 ) (-440 0 -16 ) (-428 0 -16 ) 
4 69 70 (-440 144 0 ) (-440 144 -16 ) (-440 0 -16 ) (-440 0 0 ) 
4 70 112 (-440 0 0 ) (-452 0 0 ) (-452 0 -24 ) (-440 0 -24 ) 
4 70 71 (-452 144 0 ) (-452 144 -24 ) (-452 0 -24 ) (-452 0 0 ) 
4 71 113 (-452 0 0 ) (-464 0 0 ) (-464 0 -32 ) (-452 0 -32 ) 
4 71 72 (-464 144 0 ) (-464 144 -32 ) (-464 0 -32 ) (-464 0 0 ) 
4 72 114 (-464 0 0 ) (-476 0 0 ) (-476 0 -40 ) (-464 0 -40 ) 
4 72 73 (-476 144 0 ) (-476 144 -40 ) (-476 0 -40 ) (-476 0 0 ) 
4 73 115 (-476 0 0 ) (-488 0 0 ) (-488 0 -48 ) (-476 0 -48 ) 
4 73 74 (-488 144 0 ) (-488 144 -48 ) (-488 0 -48 ) (-488 0 0 ) 
4 74 116 (-488 0 0 ) (-500 0 0 ) (-500 0 -56 ) (-488 0 -56 ) 
4 74 75 (-500 144 0 ) (-500 144 -56 ) (-500 0 -56 ) (-500 0 0 ) 
4 75 117 (-500 0 0 ) (-512 0 0 ) (-512 0 -64 ) (-500 0 -64 ) 
4 75 76 (-512 144 0 ) (-512 144 -64 ) (-512 0 -64 ) (-512 0 0 ) 
4 76 118 (-512 0 0 ) (-524 0 0 ) (-524 0 -72 ) (-512 0 -72 ) 
4 76 77 (-524 144 0 ) (-524 144 -72 ) (-524 0 -72 ) (-524 0 0 ) 
4 77 119 (-524 0 0 ) (-536 0 0 ) (-536 0 -80 ) (-524 0 -80 ) 
4 77 78 (-536 144 0 ) (-536 144 -80 ) (-536 0 -80 ) (-536 0 0 ) 
4 78 120 (-536 0 0 ) (-548 0 0 ) (-548 0 -88 ) (-536 0 -88 ) 
4 78 79 (-548 144 0 ) (-548 144 -88 ) (-548 0 -88 ) (-548 0 0 ) 
4 79 121 (-548 0 0 ) (-560 0 0 ) (-560 0 -96 ) (-548 0 -96 ) 
4 79 80 (-560 144 0 ) (-560 144 -96 ) (-560 0 -96 ) (-560 0 0 ) 
4 80 122 (-560 0 0 ) (-572 0 0 ) (-572 0 -104 ) (-560 0 -104 ) 
4 80 81 (-572 144 0 ) (-572 144 -104 ) (-572 0 -104 ) (-572 0 0 ) 
4 81 123 (-572 0 0 ) (-584 0 0 ) (-584 0 -112 ) (-572 0 -112 ) 
4 81 82 (-584 144 0 ) (-584 144 -112 ) (-584 0 -112 ) (-584 0 0 ) 
4 82 124 (-584 0 0 ) (-596 0 0 ) (-596 0 -120 ) (-584 0 -120 ) 
4 82 83 (-596 144 0 ) (-596 144 -120 ) (-596 0 -120 ) (-596 0 0 ) 
4 83 125 (-596 0 0 ) (-1024 0 0 ) (-1024 0 -128 ) (-596 0 -128 ) 
4 83 85 (-1024 144 -128 ) (-1024 0 -128 ) (-1024 0 0 ) (-1024 144 0 ) 
4 84 151 (-2048 368 512 ) (-2048 0 512 ) (-2048 0 640 ) (-2048 368 640 ) 
4 84 150 (-2048 1024 640 ) (-2048 1024 512 ) (-2048 368 512 ) (-2048 368 640 ) 
4 84 146 (-1024 0 512 ) (-1024 0 640 ) (-2048 0 640 ) (-2048 0 512 ) 
4 84 86 (-2048 368 512 ) (-2048 1024 512 ) (-1856 1024 512 ) (-1856 368 512 ) 
4 84 85 (-1024 0 512 ) (-1856 0 512 ) (-1856 1024 512 ) (-1024 1024 512 ) 
4 85 147 (-1024 0 -128 ) (-1024 0 512 ) (-1856 0 512 ) (-1856 0 -128 ) 
4 85 87 (-1280 1024 -128 ) (-1024 1024 -128 ) (-1024 0 -128 ) (-1280 0 -128 ) 
4 85 86 (-1856 1024 -128 ) (-1856 368 -128 ) (-1856 368 512 ) (-1856 1024 512 ) 
4 86 150 (-2048 1024 512 ) (-2048 1024 -128 ) (-2048 368 -128 ) (-2048 368 512 ) 
4 87 149 (-1024 0 -136 ) (-1024 0 -128 ) (-1280 0 -128 ) (-1280 0 -136 ) 
4 88 98 (0 -144 192 ) (0 -144 640 ) (-272 -144 640 ) (-272 -144 192 ) 
4 88 89 (-272 -144 192 ) (-272 -144 640 ) (-272 0 640 ) (-272 0 192 ) 
4 89 99 (-288 -144 176 ) (-272 -144 176 ) (-272 -144 640 ) (-288 -144 640 ) 
4 90 96 (0 -144 112 ) (-268 -144 112 ) (-268 0 112 ) (0 0 112 ) 
4 90 94 (-268 -16 112 ) (-268 -144 112 ) (-268 -144 128 ) (-268 -16 128 ) 
4 90 93 (-268 0 112 ) (-268 -16 112 ) (-268 -16 120 ) (-268 0 120 ) 
4 90 92 (-268 -144 128 ) (-268 -144 176 ) (-268 -16 176 ) (-268 -16 128 ) 
4 90 91 (-268 -16 176 ) (-268 0 176 ) (-268 0 140 ) (-268 -16 140 ) 
4 91 92 (-268 -16 140 ) (-268 -16 176 ) (-272 -16 176 ) (-272 -16 140 ) 
4 92 94 (-272 -16 128 ) (-268 -16 128 ) (-268 -144 128 ) (-272 -144 128 ) 
4 93 96 (-272 0 112 ) (-268 0 112 ) (-268 -16 112 ) (-272 -16 112 ) 
4 93 94 (-268 -16 112 ) (-268 -16 120 ) (-272 -16 120 ) (-272 -16 112 ) 
4 94 96 (-268 -144 112 ) (-272 -144 112 ) (-272 -16 112 ) (-268 -16 112 ) 
4 95 109 (-320 -144 128 ) (-320 -144 136 ) (-320 0 136 ) (-320 0 128 ) 
4 96 97 (-272 0 0 ) (-272 -56 0 ) (-272 -56 112 ) (-272 0 112 ) 
4 97 109 (-320 0 0 ) (-320 -56 0 ) (-320 -56 112 ) (-320 0 112 ) 
4 98 99 (-272 -160 176 ) (-272 -160 640 ) (-272 -144 640 ) (-272 -144 176 ) 
3 100 138 (-309.965454 -849.881287 0 ) (-304 -857.150024 0 ) (-304 -910.449097 0 ) 
5 100 137 (-320 -1004 0 ) (-320 -837.654541 0 ) (-309.965454 -849.881287 0 ) (-304 -910.449097 0 ) (-304 -1004 0 ) 
3 100 130 (-276.865601 -890.212463 0 ) (-245.014282 -929.022278 0 ) (-264.804718 -912.777283 0 ) 
4 100 129 (-245.014282 -929.022278 0 ) (-183.479889 -1004 0 ) (-216.046204 -1004 0 ) (-264.804718 -912.777283 0 ) 
4 100 127 (-304 -857.150024 0 ) (-276.865601 -890.212463 0 ) (-216.046204 -1004 0 ) (-304 -1004 0 ) 
4 100 109 (-320 -837.654480 0 ) (-320 -1004 0 ) (-320 -1004 640 ) (-320 -837.657410 640 ) 
4 100 105 (-228.778763 -948.803040 0 ) (-245.005341 -929.031433 0 ) (-245.011688 -929.026611 640 ) (-228.782928 -948.800842 640 ) 
4 100 104 (-183.480865 -1004 640 ) (-183.478516 -1004 0 ) (-228.778763 -948.803040 0 ) (-228.782928 -948.800842 640 ) 
4 100 101 (-276.868195 -890.207520 0 ) (-320 -837.652771 0 ) (-320 -837.655640 640 ) (-276.862244 -890.217651 640 ) 
4 100 108 (-183.482269 -1004 640 ) (-320 -1004 640 ) (-320 -1004 0 ) (-183.479889 -1004 0 ) 
4 101 138 (-312.572968 -823.407104 0 ) (-304 -839.446350 0 ) (-304 -857.150024 0 ) (-309.965454 -849.881287 0 ) 
4 101 137 (-320 -837.654541 0 ) (-320 -809.511780 0 ) (-312.572968 -823.407104 0 ) (-309.965454 -849.881287 0 ) 
3 101 127 (-304 -839.446350 0 ) (-276.865479 -890.212585 0 ) (-304 -857.150024 0 ) 
4 101 109 (-320 -809.511719 0 ) (-320 -837.654480 0 ) (-320 -837.657410 640 ) (-320 -809.510742 640 ) 
4 101 102 (-300.505676 -845.987366 0 ) (-320 -809.515320 0 ) (-320 -809.514343 640 ) (-300.507538 -845.982971 640 ) 
4 102 138 (-315.081116 -797.941772 0 ) (-304 -834.468811 0 ) (-304 -839.446350 0 ) (-312.572968 -823.407104 0 ) 
4 102 137 (-320 -809.511780 0 ) (-320 -781.727478 0 ) (-315.081116 -797.941772 0 ) (-312.572968 -823.407104 0 ) 
3 102 128 (-304 -834.468811 0 ) (-300.508026 -845.979492 0 ) (-304 -839.446350 0 ) 
4 102 109 (-320 -781.727661 0 ) (-320 -809.511719 0 ) (-320 -809.510742 640 ) (-320 -781.729370 640 ) 
4 102 103 (-315.081085 -797.942078 0 ) (-320 -781.727661 0 ) (-320 -781.729309 640 ) (-315.080841 -797.944458 640 ) 
3 103 137 (-320 -781.727478 0 ) (-320 -748 0 ) (-315.081116 -797.941711 0 ) 
4 103 109 (-320 -748 0 ) (-320 -781.727661 0 ) (-320 -781.729370 640 ) (-320 -748 640 ) 
3 104 133 (-186.466202 -977.081604 0 ) (-206.239716 -960.850464 0 ) (-161.971405 -984.512329 0 ) 
4 104 132 (-165.905960 -993.958496 0 ) (-186.466202 -977.081604 0 ) (-161.971405 -984.512329 0 ) (-139.415344 -996.568787 0 ) 
4 104 131 (-125.512497 -1004 0 ) (-153.672882 -1004 0 ) (-165.905960 -993.958496 0 ) (-139.415344 -996.568787 0 ) 
4 104 129 (-153.672882 -1004 0 ) (-183.479889 -1004 0 ) (-228.781219 -948.801758 0 ) (-206.239716 -960.850464 0 ) 
4 104 107 (-139.410187 -996.571411 0 ) (-161.981964 -984.506592 0 ) (-161.973740 -984.510925 640 ) (-139.410614 -996.571167 640 ) 
4 104 106 (-125.512192 -1004 640 ) (-125.512184 -1004 0 ) (-139.410187 -996.571411 0 ) (-139.410614 -996.571167 640 ) 
4 104 105 (-206.222580 -960.859497 0 ) (-228.779541 -948.802551 0 ) (-228.783752 -948.800293 640 ) (-206.223801 -960.858826 640 ) 
4 104 108 (-125.512436 -1004 640 ) (-183.482269 -1004 640 ) (-183.479889 -1004 0 ) (-125.512489 -1004 0 ) 
3 105 129 (-206.222198 -960.859802 0 ) (-228.781219 -948.801758 0 ) (-245.009720 -929.027832 0 ) 
3 106 131 (-64 -1004 0 ) (-125.512497 -1004 0 ) (-139.410614 -996.571289 0 ) 
4 106 107 (-113.929001 -999.081909 0 ) (-139.410309 -996.571716 0 ) (-139.410767 -996.571472 640 ) (-113.938995 -999.080688 640 ) 
4 106 108 (-63.998272 -1004 640 ) (-125.512436 -1004 640 ) (-125.512489 -1004 0 ) (-64 -1004 0 ) 
3 107 132 (-113.930817 -999.081299 0 ) (-139.410614 -996.571289 0 ) (-161.982407 -984.506409 0 ) 
4 108 180 (0 -1024 0 ) (0 -1024 640 ) (-320 -1024 640 ) (-320 -1024 0 ) 
4 108 144 (0 -1024 0 ) (-320 -1024 0 ) (-320 -1004 0 ) (0 -1004 0 ) 
4 108 109 (-320 -1004 0 ) (-320 -1024 0 ) (-320 -1024 640 ) (-320 -1004 640 ) 
4 109 180 (-1024 -1024 640 ) (-1024 -1024 0 ) (-320 -1024 0 ) (-320 -1024 640 ) 
4 109 147 (-1024 0 512 ) (-1024 0 0 ) (-1024 -1024 0 ) (-1024 -1024 512 ) 
4 109 146 (-1024 0 640 ) (-1024 0 512 ) (-1024 -1024 512 ) (-1024 -1024 640 ) 
4 109 145 (-320 -1024 0 ) (-1024 -1024 0 ) (-1024 -144 0 ) (-320 -144 0 ) 
4 109 126 (-1024 -144 0 ) (-1024 -32 0 ) (-416 -32 0 ) (-416 -144 0 ) 
4 109 124 (-596 0 0 ) (-584 0 0 ) (-584 -32 0 ) (-596 -32 0 ) 
4 109 125 (-1024 -32 0 ) (-1024 0 0 ) (-596 0 0 ) (-596 -32 0 ) 
4 109 123 (-584 0 0 ) (-572 0 0 ) (-572 -32 0 ) (-584 -32 0 ) 
4 109 122 (-572 0 0 ) (-560 0 0 ) (-560 -32 0 ) (-572 -32 0 ) 
4 109 121 (-560 0 0 ) (-548 0 0 ) (-548 -32 0 ) (-560 -32 0 ) 
4 109 120 (-548 0 0 ) (-536 0 0 ) (-536 -32 0 ) (-548 -32 0 ) 
4 109 119 (-536 0 0 ) (-524 0 0 ) (-524 -32 0 ) (-536 -32 0 ) 
4 109 118 (-524 0 0 ) (-512 0 0 ) (-512 -32 0 ) (-524 -32 0 ) 
4 109 117 (-512 0 0 ) (-500 0 0 ) (-500 -32 0 ) (-512 -32 0 ) 
4 109 116 (-500 0 0 ) (-488 0 0 ) (-488 -32 0 ) (-500 -32 0 ) 
4 109 115 (-488 0 0 ) (-476 0 0 ) (-476 -32 0 ) (-488 -32 0 ) 
4 109 114 (-476 0 0 ) (-464 0 0 ) (-464 -32 0 ) (-476 -32 0 ) 
4 109 113 (-464 0 0 ) (-452 0 0 ) (-452 -32 0 ) (-464 -32 0 ) 
4 109 112 (-452 0 0 ) (-440 0 0 ) (-440 -32 0 ) (-452 -32 0 ) 
4 109 111 (-440 0 0 ) (-428 0 0 ) (-428 -32 0 ) (-440 -32 0 ) 
4 109 110 (-428 0 0 ) (-416 0 0 ) (-416 -32 0 ) (-428 -32 0 ) 
3 110 126 (-416 -32 0 ) (-428 -32 0 ) (-428 -32 -8 ) 
4 110 111 (-428 -32 -8 ) (-428 -32 0 ) (-428 0 0 ) (-428 0 -8 ) 
4 111 126 (-428 -32 -8 ) (-428 -32 0 ) (-440 -32 0 ) (-440 -32 -16 ) 
4 111 112 (-440 -32 -16 ) (-440 -32 0 ) (-440 0 0 ) (-440 0 -16 ) 
4 112 126 (-440 -32 -16 ) (-440 -32 0 ) (-452 -32 0 ) (-452 -32 -24 ) 
4 112 113 (-452 -32 -24 ) (-452 -32 0 ) (-452 0 0 ) (-452 0 -24 ) 
4 113 126 (-452 -32 -24 ) (-452 -32 0 ) (-464 -32 0 ) (-464 -32 -32 ) 
4 113 114 (-464 -32 -32 ) (-464 -32 0 ) (-464 0 0 ) (-464 0 -32 ) 
4 114 126 (-464 -32 -32 ) (-464 -32 0 ) (-476 -32 0 ) (-476 -32 -40 ) 
4 114 115 (-476 -32 -40 ) (-476 -32 0 ) (-476 0 0 ) (-476 0 -40 ) 
4 115 126 (-476 -32 -40 ) (-476 -32 0 ) (-488 -32 0 ) (-488 -32 -48 ) 
4 115 116 (-488 -32 -48 ) (-488 -32 0 ) (-488 0 0 ) (-488 0 -48 ) 
4 116 126 (-488 -32 -48 ) (-488 -32 0 ) (-500 -32 0 ) (-500 -32 -56 ) 
4 116 117 (-500 -32 -56 ) (-500 -32 0 ) (-500 0 0 ) (-500 0 -56 ) 
4 117 126 (-500 -32 -56 ) (-500 -32 0 ) (-512 -32 0 ) (-512 -32 -64 ) 
4 117 118 (-512 -32 -64 ) (-512 -32 0 ) (-512 0 0 ) (-512 0 -64 ) 
4 118 126 (-512 -32 -64 ) (-512 -32 0 ) (-524 -32 0 ) (-524 -32 -72 ) 
4 118 119 (-524 -32 -72 ) (-524 -32 0 ) (-524 0 0 ) (-524 0 -72 ) 
4 119 126 (-524 -32 -72 ) (-524 -32 0 ) (-536 -32 0 ) (-536 -32 -80 ) 
4 119 120 (-536 -32 -80 ) (-536 -32 0 ) (-536 0 0 ) (-536 0 -80 ) 
4 120 126 (-536 -32 -80 ) (-536 -32 0 ) (-548 -32 0 ) (-548 -32 -88 ) 
4 120 121 (-548 -32 -88 ) (-548 -32 0 ) (-548 0 0 ) (-548 0 -88 ) 
4 121 126 (-548 -32 -88 ) (-548 -32 0 ) (-560 -32 0 ) (-560 -32 -96 ) 
4 121 122 (-560 -32 -96 ) (-560 -32 0 ) (-560 0 0 ) (-560 0 -96 ) 
4 122 126 (-560 -32 -96 ) (-560 -32 0 ) (-572 -32 0 ) (-572 -32 -104 ) 
4 122 123 (-572 -32 -104 ) (-572 -32 0 ) (-572 0 0 ) (-572 0 -104 ) 
4 123 126 (-572 -32 -104 ) (-572 -32 0 ) (-584 -32 0 ) (-584 -32 -112 ) 
4 123 124 (-584 -32 -112 ) (-584 -32 0 ) (-584 0 0 ) (-584 0 -112 ) 
4 124 126 (-584 -32 -112 ) (-584 -32 0 ) (-596 -32 0 ) (-596 -32 -120 ) 
4 124 125 (-596 -32 -120 ) (-596 -32 0 ) (-596 0 0 ) (-596 0 -120 ) 
4 125 147 (-1024 0 0 ) (-1024 0 -128 ) (-1024 -32 -128 ) (-1024 -32 0 ) 
5 125 126 (-1024 -32 -128 ) (-608 -32 -128 ) (-596 -32 -120 ) (-596 -32 0 ) (-1024 -32 0 ) 
4 126 147 (-1024 -32 -128 ) (-1024 -144 -128 ) (-1024 -144 0 ) (-1024 -32 0 ) 
4 126 145 (-1024 -144 -128 ) (-608 -144 -128 ) (-416 -144 0 ) (-1024 -144 0 ) 
4 127 143 (-304 -839.446533 -128 ) (-304 -910.449097 -128 ) (-304 -910.449158 -16 ) (-304 -839.446289 -16 ) 
4 127 142 (-304 -910.449097 -128 ) (-304 -1004 -128 ) (-304 -1004 -16 ) (-304 -910.449158 -16 ) 
4 127 138 (-304 -910.449158 0 ) (-304 -839.446289 0 ) (-304 -839.446289 -16 ) (-304 -910.449158 -16 ) 
4 127 137 (-304 -1004 -16 ) (-304 -1004 0 ) (-304 -910.449158 0 ) (-304 -910.449158 -16 ) 
4 127 130 (-264.805298 -912.776794 -128 ) (-276.866608 -890.210938 -128 ) (-276.867798 -890.208557 0 ) (-264.805084 -912.776978 0 ) 
4 127 129 (-216.046906 -1004 0 ) (-216.047012 -1004 -128 ) (-264.805298 -912.776794 -128 ) (-264.805084 -912.776978 0 ) 
4 127 128 (-300.507813 -845.979980 -128 ) (-304 -839.446350 -128 ) (-304 -839.446167 0 ) (-300.508240 -845.979004 0 ) 
4 127 144 (-304 -1004 -128 ) (-216.046326 -1004 -128 ) (-216.046204 -1004 0 ) (-304 -1004 0 ) 
4 128 143 (-304 -834.468506 -128 ) (-304 -839.446533 -128 ) (-304 -839.446289 -16 ) (-304 -834.469055 -16 ) 
4 128 138 (-304 -839.446289 -16 ) (-304 -839.446289 0 ) (-304 -834.469116 0 ) (-304 -834.469055 -16 ) 
4 129 136 (-186.460373 -977.082642 -128 ) (-206.226227 -960.857666 -128 ) (-206.226410 -960.857544 -16 ) (-186.459122 -977.083679 -16 ) 
4 129 135 (-165.901047 -993.958984 -128 ) (-186.460373 -977.082642 -128 ) (-186.459122 -977.083679 -16 ) (-165.901031 -993.958984 -16 ) 
4 129 134 (-153.668701 -1004 -16 ) (-153.668701 -1004 -128 ) (-165.901047 -993.958984 -128 ) (-165.901031 -993.958984 -16 ) 
4 129 133 (-186.459137 -977.083679 -16 ) (-206.226410 -960.857544 -16 ) (-206.226471 -960.857483 0 ) (-186.459015 -977.083801 0 ) 
4 129 132 (-165.901047 -993.958984 -16 ) (-186.459137 -977.083679 -16 ) (-186.459015 -977.083801 0 ) (-165.901031 -993.958984 0 ) 
4 129 131 (-153.668701 -1004 0 ) (-153.668701 -1004 -16 ) (-165.901047 -993.958984 -16 ) (-165.901031 -993.958984 0 ) 
4 129 130 (-245.034302 -929.001709 -128 ) (-264.807373 -912.770813 -128 ) (-264.807190 -912.770996 0 ) (-245.031723 -929.003845 0 ) 
4 129 144 (-216.046326 -1004 -128 ) (-153.672852 -1004 -128 ) (-153.672836 -1004 0 ) (-216.046204 -1004 0 ) 
3 131 134 (-64 -1004 -16 ) (-153.675781 -1004 -16 ) (-165.909241 -993.958130 -16 ) 
4 131 132 (-113.957199 -999.077820 -16 ) (-165.906250 -993.958984 -16 ) (-165.906250 -993.958984 0 ) (-113.957520 -999.077759 0 ) 
4 131 144 (-64 -1004 0 ) (-153.672836 -1004 0 ) (-153.672836 -1004 -16 ) (-64 -1004 -16 ) 
3 132 135 (-113.959427 -999.077148 -16 ) (-165.909241 -993.958130 -16 ) (-186.470764 -977.080139 -16 ) 
4 132 133 (-161.973404 -984.511230 -16 ) (-186.466904 -977.080872 -16 ) (-186.466736 -977.080994 0 ) (-161.973221 -984.511353 0 ) 
3 133 136 (-161.971573 -984.512207 -16 ) (-186.470764 -977.080139 -16 ) (-206.247879 -960.846069 -16 ) 
4 134 135 (-165.904999 -993.959229 -128 ) (-165.904999 -993.959229 -16 ) (-113.956154 -999.078125 -16 ) (-113.953033 -999.078430 -128 ) 
4 134 144 (-153.672852 -1004 -128 ) (-64 -1004 -128 ) (-64 -1004 -16 ) (-153.672836 -1004 -16 ) 
4 135 136 (-161.975769 -984.510010 -128 ) (-186.467987 -977.080078 -128 ) (-186.466858 -977.080994 -16 ) (-161.973175 -984.511353 -16 ) 
4 137 142 (-304 -910.449219 -16 ) (-304 -1004 -16 ) (-320 -1004 -16 ) (-320 -748 -16 ) 
4 137 138 (-304 -910.453125 0 ) (-304 -910.453125 -16 ) (-315.081696 -797.940063 -16 ) (-315.081696 -797.940063 0 ) 
4 137 144 (-320 -1004 0 ) (-320 -1004 -16 ) (-304 -1004 -16 ) (-304 -1004 0 ) 
4 137 145 (-320 -1004 -16 ) (-320 -1004 0 ) (-320 -748 0 ) (-320 -748 -16 ) 
3 138 143 (-304 -834.468994 -16 ) (-304 -910.449219 -16 ) (-315.081116 -797.941895 -16 ) 
4 139 141 (-312 -436 -16 ) (-312 -435.541992 -16 ) (-312 -435.541992 -128 ) (-312 -436 -128 ) 
4 140 141 (-312 -548.396973 -128 ) (-312 -548.396973 -16 ) (-312 -548 -16 ) (-312 -548 -128 ) 
4 141 145 (-320 -435.541992 -128 ) (-320 -548.396973 -128 ) (-320 -548.396973 -16 ) (-320 -435.541992 -16 ) 
4 142 143 (-315.081146 -797.941772 -16 ) (-304 -910.449463 -16 ) (-304 -910.449463 -128 ) (-315.081207 -797.941162 -128 ) 
4 142 145 (-320 -748 -128 ) (-320 -1004 -128 ) (-320 -1004 -16 ) (-320 -748 -16 ) 
4 142 144 (-320 -1004 -16 ) (-320 -1004 -128 ) (-304 -1004 -128 ) (-304 -1004 -16 ) 
4 144 180 (0 -1024 -128 ) (0 -1024 0 ) (-320 -1024 0 ) (-320 -1024 -128 ) 
4 144 145 (-320 -1004 -128 ) (-320 -1024 -128 ) (-320 -1024 0 ) (-320 -1004 0 ) 
4 145 180 (-320 -1024 0 ) (-1024 -1024 0 ) (-1024 -1024 -128 ) (-320 -1024 -128 ) 
4 145 147 (-1024 -144 -128 ) (-1024 -1024 -128 ) (-1024 -1024 0 ) (-1024 -144 0 ) 
4 146 199 (-1280 -1024 640 ) (-2048 -1024 640 ) (-2048 -1024 512 ) (-1280 -1024 512 ) 
4 146 198 (-1024 -1024 512 ) (-1024 -1024 640 ) (-1280 -1024 640 ) (-1280 -1024 512 ) 
4 146 153 (-2048 -624 640 ) (-2048 0 640 ) (-2048 0 512 ) (-2048 -624 512 ) 
4 146 154 (-2048 -1024 512 ) (-2048 -1024 640 ) (-2048 -624 640 ) (-2048 -624 512 ) 
4 146 148 (-1856 -1024 512 ) (-2048 -1024 512 ) (-2048 -624 512 ) (-1856 -624 512 ) 
4 146 147 (-1024 -1024 512 ) (-1856 -1024 512 ) (-1856 0 512 ) (-1024 0 512 ) 
4 147 199 (-1280 -1024 512 ) (-1856 -1024 512 ) (-1856 -1024 -128 ) (-1280 -1024 -128 ) 
4 147 198 (-1024 -1024 -128 ) (-1024 -1024 512 ) (-1280 -1024 512 ) (-1280 -1024 -128 ) 
4 147 149 (-1024 0 -128 ) (-1024 -1024 -128 ) (-1280 -1024 -128 ) (-1280 0 -128 ) 
4 147 148 (-1856 -624 -128 ) (-1856 -1024 -128 ) (-1856 -1024 512 ) (-1856 -624 512 ) 
4 148 199 (-1856 -1024 512 ) (-2048 -1024 512 ) (-2048 -1024 -128 ) (-1856 -1024 -128 ) 
4 148 154 (-2048 -1024 -128 ) (-2048 -1024 512 ) (-2048 -624 512 ) (-2048 -624 -128 ) 
4 149 198 (-1024 -1024 -136 ) (-1024 -1024 -128 ) (-1280 -1024 -128 ) (-1280 -1024 -136 ) 
4 150 151 (-2368 368 640 ) (-2368 368 512 ) (-2048 368 512 ) (-2048 368 640 ) 
4 150 152 (-2368 1024 -128 ) (-2368 368 -128 ) (-2368 368 640 ) (-2368 1024 640 ) 
4 151 153 (-2048 0 512 ) (-2048 0 640 ) (-2368 0 640 ) (-2368 0 512 ) 
4 151 152 (-2368 0 512 ) (-2368 0 640 ) (-2368 368 640 ) (-2368 368 512 ) 
4 152 155 (-2368 0 640 ) (-2688 0 640 ) (-2688 0 -128 ) (-2368 0 -128 ) 
4 153 154 (-2368 -624 640 ) (-2368 -624 512 ) (-2048 -624 512 ) (-2048 -624 640 ) 
4 153 155 (-2368 -624 512 ) (-2368 -624 640 ) (-2368 0 640 ) (-2368 0 512 ) 
4 154 205 (-2048 -1024 -128 ) (-2048 -1024 640 ) (-2368 -1024 640 ) (-2368 -1024 -128 ) 
4 154 155 (-2368 -624 -128 ) (-2368 -1024 -128 ) (-2368 -1024 640 ) (-2368 -624 640 ) 
4 155 205 (-2368 -1024 640 ) (-2688 -1024 640 ) (-2688 -1024 -128 ) (-2368 -1024 -128 ) 
4 156 160 (2048 -1024 640 ) (2048 -1024 -128 ) (2048 -2048 -128 ) (2048 -2048 640 ) 
4 156 159 (2112 -2048 -128 ) (2112 -2048 640 ) (2048 -2048 640 ) (2048 -2048 -128 ) 
4 156 158 (2048 -1984 -128 ) (2048 -1728 -128 ) (2112 -1728 -128 ) (2112 -1984 -128 ) 
4 156 157 (2048 -1472 -128 ) (2048 -1216 -128 ) (2112 -1216 -128 ) (2112 -1472 -128 ) 
4 157 161 (2048 -1472 -136 ) (2048 -1472 -128 ) (2048 -1216 -128 ) (2048 -1216 -136 ) 
4 158 162 (2048 -1984 -136 ) (2048 -1984 -128 ) (2048 -1728 -128 ) (2048 -1728 -136 ) 
4 159 168 (2112 -3072 -128 ) (2112 -3072 640 ) (2048 -3072 640 ) (2048 -3072 -128 ) 
4 159 166 (2048 -3072 -128 ) (2048 -3072 640 ) (2048 -2048 640 ) (2048 -2048 -128 ) 
4 160 166 (2048 -2048 -128 ) (2048 -2048 640 ) (1024 -2048 640 ) (1024 -2048 -128 ) 
4 160 163 (1024 -1024 640 ) (1024 -1024 -128 ) (1024 -2048 -128 ) (1024 -2048 640 ) 
4 160 162 (1024 -1984 -128 ) (1024 -1728 -128 ) (2048 -1728 -128 ) (2048 -1984 -128 ) 
4 160 161 (1024 -1472 -128 ) (1024 -1216 -128 ) (2048 -1216 -128 ) (2048 -1472 -128 ) 
4 161 164 (1024 -1472 -136 ) (1024 -1472 -128 ) (1024 -1216 -128 ) (1024 -1216 -136 ) 
4 162 165 (1024 -1984 -136 ) (1024 -1984 -128 ) (1024 -1728 -128 ) (1024 -1728 -136 ) 
4 163 180 (0 -1024 640 ) (0 -1024 -128 ) (0 -2048 -128 ) (0 -2048 640 ) 
4 163 167 (1024 -2048 -128 ) (1024 -2048 640 ) (0 -2048 640 ) (0 -2048 -128 ) 
4 163 165 (1024 -1728 -128 ) (1024 -1984 -128 ) (0 -1984 -128 ) (0 -1728 -128 ) 
4 163 164 (1024 -1216 -128 ) (1024 -1472 -128 ) (0 -1472 -128 ) (0 -1216 -128 ) 
4 164 185 (0 -1472 -136 ) (0 -1472 -128 ) (0 -1216 -128 ) (0 -1216 -136 ) 
4 165 194 (0 -1984 -136 ) (0 -1984 -128 ) (0 -1728 -128 ) (0 -1728 -136 ) 
4 166 172 (2048 -3072 -128 ) (2048 -3072 640 ) (1024 -3072 640 ) (1024 -3072 -128 ) 
4 166 167 (1024 -2048 640 ) (1024 -2048 -128 ) (1024 -3072 -128 ) (1024 -3072 640 ) 
4 167 200 (0 -3072 -128 ) (0 -3072 640 ) (0 -2048 640 ) (0 -2048 -128 ) 
4 167 174 (1024 -3072 -128 ) (1024 -3072 640 ) (0 -3072 640 ) (0 -3072 -128 ) 
4 168 172 (2048 -3072 640 ) (2048 -3072 -128 ) (2048 -4096 -128 ) (2048 -4096 640 ) 
4 168 170 (2112 -4096 -128 ) (2112 -4096 640 ) (2048 -4096 640 ) (2048 -4096 -128 ) 
4 168 169 (2048 -3904 -128 ) (2048 -3648 -128 ) (2112 -3648 -128 ) (2112 -3904 -128 ) 
4 169 173 (2048 -3904 -136 ) (2048 -3904 -128 ) (2048 -3648 -128 ) (2048 -3648 -136 ) 
4 170 176 (2048 -4544 -128 ) (2048 -4544 640 ) (2048 -4096 640 ) (2048 -4096 -128 ) 
4 170 171 (2048 -4416 -128 ) (2048 -4160 -128 ) (2112 -4160 -128 ) (2112 -4416 -128 ) 
4 171 177 (2048 -4416 -136 ) (2048 -4416 -128 ) (2048 -4160 -128 ) (2048 -4160 -136 ) 
4 172 176 (2048 -4096 -128 ) (2048 -4096 640 ) (1024 -4096 640 ) (1024 -4096 -128 ) 
4 172 174 (1024 -3072 640 ) (1024 -3072 -128 ) (1024 -4096 -128 ) (1024 -4096 640 ) 
4 172 173 (1024 -3904 -128 ) (1024 -3648 -128 ) (2048 -3648 -128 ) (2048 -3904 -128 ) 
4 173 175 (1024 -3904 -136 ) (1024 -3904 -128 ) (1024 -3648 -128 ) (1024 -3648 -136 ) 
4 174 207 (0 -4096 -128 ) (0 -4096 640 ) (0 -3072 640 ) (0 -3072 -128 ) 
4 174 178 (1024 -4096 -128 ) (1024 -4096 640 ) (0 -4096 640 ) (0 -4096 -128 ) 
4 174 175 (1024 -3648 -128 ) (1024 -3904 -128 ) (0 -3904 -128 ) (0 -3648 -128 ) 
4 175 212 (0 -3904 -136 ) (0 -3904 -128 ) (0 -3648 -128 ) (0 -3648 -136 ) 
4 176 178 (1024 -4544 -128 ) (1024 -4544 640 ) (1024 -4096 640 ) (1024 -4096 -128 ) 
4 176 177 (1024 -4416 -128 ) (1024 -4160 -128 ) (2048 -4160 -128 ) (2048 -4416 -128 ) 
4 177 179 (1024 -4416 -136 ) (1024 -4416 -128 ) (1024 -4160 -128 ) (1024 -4160 -136 ) 
4 178 220 (0 -4544 -128 ) (0 -4544 640 ) (0 -4096 640 ) (0 -4096 -128 ) 
4 178 179 (0 -4416 -128 ) (0 -4160 -128 ) (1024 -4160 -128 ) (1024 -4416 -128 ) 
4 179 221 (0 -4416 -136 ) (0 -4416 -128 ) (0 -4160 -128 ) (0 -4160 -136 ) 
4 180 200 (0 -2048 -128 ) (0 -2048 640 ) (-1024 -2048 640 ) (-1024 -2048 -128 ) 
4 180 198 (-1024 -1024 640 ) (-1024 -1024 -128 ) (-1024 -2048 -128 ) (-1024 -2048 640 ) 
4 180 197 (-1004.224792 -2048 -128 ) (-1024 -2048 -128 ) (-1024 -2046.553223 -128 ) (-986.512207 -2021.498169 -128 ) 
3 180 196 (-1024 -2046.553223 -128 ) (-1024 -2009.453613 -128 ) (-944.979980 -1993.739990 -128 ) 
3 180 195 (-1024 -2009.453613 -128 ) (-1024 -1984 -128 ) (-896 -1984 -128 ) 
3 180 193 (-1014.247131 -1550.995728 -128 ) (-1008.982605 -1524.516357 -128 ) (-986.512207 -1509.498169 -128 ) 
3 180 192 (-1002.762512 -1493.230469 -128 ) (-944.980103 -1481.740112 -128 ) (-1008.982605 -1524.516357 -128 ) 
3 180 191 (-986.506775 -1690.506104 -128 ) (-1008.989929 -1675.481934 -128 ) (-1014.260071 -1648.979614 -128 ) 
4 180 190 (-1024 -1600 -128 ) (-1024 -1497.453735 -128 ) (-1002.762512 -1493.230469 -128 ) (-1023.994995 -1600.025269 -128 ) 
3 180 189 (-1024 -1665.451660 -128 ) (-1024 -1600 -128 ) (-1008.989929 -1675.481934 -128 ) 
3 180 188 (-1024 -1497.453735 -128 ) (-1024 -1472 -128 ) (-896 -1472 -128 ) 
3 180 187 (-1024 -1702.540161 -128 ) (-1024 -1665.451660 -128 ) (-944.989502 -1718.249634 -128 ) 
3 180 186 (-1024 -1728 -128 ) (-1024 -1702.540161 -128 ) (-895.950317 -1728 -128 ) 
4 180 194 (-1024 -1984 -128 ) (-1024 -1728 -128 ) (0 -1728 -128 ) (0 -1984 -128 ) 
3 180 184 (-986.506775 -1178.506226 -128 ) (-1008.989929 -1163.482056 -128 ) (-1014.260071 -1136.979736 -128 ) 
3 180 183 (-1024 -1153.451782 -128 ) (-1024 -1088 -128 ) (-1008.989929 -1163.482056 -128 ) 
3 180 182 (-1024 -1190.540161 -128 ) (-1024 -1153.451782 -128 ) (-944.989502 -1206.249634 -128 ) 
3 180 181 (-1024 -1216 -128 ) (-1024 -1190.540161 -128 ) (-895.950317 -1216 -128 ) 
4 180 185 (-1024 -1472 -128 ) (-1024 -1216 -128 ) (0 -1216 -128 ) (0 -1472 -128 ) 
4 181 198 (-1024 -1190.542603 -136 ) (-1024 -1216 -136 ) (-1024 -1216 -128 ) (-1024 -1190.540161 -128 ) 
4 181 182 (-944.988525 -1206.252197 -136 ) (-1024 -1190.542480 -136 ) (-1024 -1190.540039 -128 ) (-944.989563 -1206.249512 -128 ) 
4 181 185 (-1024 -1216 -136 ) (-895.962830 -1216 -136 ) (-895.950317 -1216 -128 ) (-1024 -1216 -128 ) 
4 182 198 (-1024 -1153.453613 -136 ) (-1024 -1190.542603 -136 ) (-1024 -1190.540161 -128 ) (-1024 -1153.451782 -128 ) 
4 182 184 (-986.507080 -1178.508301 -136 ) (-1008.989502 -1163.484619 -136 ) (-1008.989685 -1163.483398 -128 ) (-986.505310 -1178.508057 -128 ) 
4 182 183 (-1008.989502 -1163.484619 -136 ) (-1024 -1153.453979 -136 ) (-1024 -1153.453125 -128 ) (-1008.989685 -1163.483398 -128 ) 
4 183 198 (-1024 -1088 -136 ) (-1024 -1153.453613 -136 ) (-1024 -1153.451782 -128 ) (-1024 -1088 -128 ) 
4 183 184 (-1008.989319 -1163.483154 -128 ) (-1008.988892 -1163.485229 -136 ) (-1014.258789 -1136.984253 -136 ) (-1014.259583 -1136.980347 -128 ) 
4 185 198 (-1024 -1216 -136 ) (-1024 -1472 -136 ) (-1024 -1472 -128 ) (-1024 -1216 -128 ) 
4 185 188 (-1024 -1472 -136 ) (-896 -1472 -136 ) (-896 -1472 -128 ) (-1024 -1472 -128 ) 
4 186 198 (-1024 -1702.542603 -136 ) (-1024 -1728 -136 ) (-1024 -1728 -128 ) (-1024 -1702.540161 -128 ) 
4 186 187 (-944.986694 -1718.253418 -136 ) (-1024 -1702.543335 -136 ) (-1024 -1702.540894 -128 ) (-944.987732 -1718.250732 -128 ) 
4 186 194 (-1024 -1728 -136 ) (-895.962830 -1728 -136 ) (-895.950317 -1728 -128 ) (-1024 -1728 -128 ) 
4 187 198 (-1024 -1665.453491 -136 ) (-1024 -1702.542603 -136 ) (-1024 -1702.540161 -128 ) (-1024 -1665.451660 -128 ) 
4 187 191 (-986.505432 -1690.510620 -136 ) (-1008.989075 -1675.486206 -136 ) (-1008.989502 -1675.484131 -128 ) (-986.504395 -1690.509521 -128 ) 
4 187 189 (-1008.989075 -1675.486206 -136 ) (-1024 -1665.455322 -136 ) (-1024 -1665.453491 -128 ) (-1008.989502 -1675.484131 -128 ) 
4 188 198 (-1024 -1472 -136 ) (-1024 -1497.453735 -136 ) (-1024 -1497.453735 -128 ) (-1024 -1472 -128 ) 
4 188 192 (-1002.765442 -1493.232178 -136 ) (-944.985779 -1481.742310 -136 ) (-944.982422 -1481.741699 -128 ) (-1002.762756 -1493.231689 -128 ) 
4 188 190 (-1024 -1497.454834 -136 ) (-1002.765442 -1493.232178 -136 ) (-1002.762756 -1493.231689 -128 ) (-1024 -1497.454834 -128 ) 
4 189 198 (-1024 -1600 -136 ) (-1024 -1665.453491 -136 ) (-1024 -1665.451660 -128 ) (-1024 -1600 -128 ) 
4 189 191 (-1008.988525 -1675.484375 -128 ) (-1008.988098 -1675.486450 -136 ) (-1014.257996 -1648.985474 -136 ) (-1014.258789 -1648.981567 -128 ) 
4 190 198 (-1024 -1497.453735 -136 ) (-1024 -1600 -136 ) (-1024 -1600 -128 ) (-1024 -1497.453735 -128 ) 
4 190 193 (-1014.249451 -1550.998047 -136 ) (-1008.984375 -1524.515869 -136 ) (-1008.981812 -1524.515747 -128 ) (-1014.246216 -1550.994385 -128 ) 
4 190 192 (-1008.984375 -1524.515869 -136 ) (-1002.764648 -1493.232300 -136 ) (-1002.762024 -1493.231812 -128 ) (-1008.981812 -1524.515747 -128 ) 
4 192 193 (-1008.981873 -1524.517212 -128 ) (-1008.984375 -1524.517212 -136 ) (-986.513306 -1509.498657 -136 ) (-986.513855 -1509.500732 -128 ) 
4 194 198 (-1024 -1728 -136 ) (-1024 -1984 -136 ) (-1024 -1984 -128 ) (-1024 -1728 -128 ) 
4 194 195 (-1024 -1984 -136 ) (-896 -1984 -136 ) (-896 -1984 -128 ) (-1024 -1984 -128 ) 
4 195 198 (-1024 -1984 -136 ) (-1024 -2009.453613 -136 ) (-1024 -2009.453613 -128 ) (-1024 -1984 -128 ) 
4 195 196 (-1024 -2009.453857 -136 ) (-944.984375 -1993.741211 -136 ) (-944.980713 -1993.740479 -128 ) (-1024 -2009.453979 -128 ) 
4 196 198 (-1024 -2009.453613 -136 ) (-1024 -2046.551392 -136 ) (-1024 -2046.553223 -128 ) (-1024 -2009.453613 -128 ) 
4 196 197 (-1024 -2046.550781 -136 ) (-986.511169 -2021.495361 -136 ) (-986.512207 -2021.498047 -128 ) (-1024 -2046.553101 -128 ) 
4 197 202 (-1004.224792 -2048 -128 ) (-1011.265747 -2048 -128 ) (-1011.268311 -2048 -136 ) (-1004.225586 -2048 -136 ) 
4 197 201 (-1011.265747 -2048 -128 ) (-1024 -2048 -128 ) (-1024 -2048 -136 ) (-1011.268311 -2048 -136 ) 
4 197 198 (-1024 -2046.551392 -136 ) (-1024 -2048 -136 ) (-1024 -2048 -128 ) (-1024 -2046.553223 -128 ) 
4 198 204 (-1024 -2048 -136 ) (-1024 -2048 -128 ) (-1280 -2048 -128 ) (-1280 -2048 -136 ) 
4 198 203 (-1024 -2048 -128 ) (-1024 -2048 640 ) (-1280 -2048 640 ) (-1280 -2048 -128 ) 
4 198 199 (-1280 -2048 -128 ) (-1280 -2048 640 ) (-1280 -1024 640 ) (-1280 -1024 -128 ) 
4 199 205 (-2048 -1024 640 ) (-2048 -1024 -128 ) (-2048 -2048 -128 ) (-2048 -2048 640 ) 
4 199 203 (-1280 -2048 -128 ) (-1280 -2048 640 ) (-2048 -2048 640 ) (-2048 -2048 -128 ) 
4 200 207 (0 -3072 -128 ) (0 -3072 640 ) (-1024 -3072 640 ) (-1024 -3072 -128 ) 
4 200 203 (-1024 -2048 640 ) (-1024 -2048 -128 ) (-1024 -3072 -128 ) (-1024 -3072 640 ) 
3 200 202 (-1014.247192 -2062.995605 -128 ) (-1011.265808 -2048 -128 ) (-1004.224792 -2048 -128 ) 
3 200 201 (-1024 -2112.050293 -128 ) (-1024 -2048 -128 ) (-1011.265808 -2048 -128 ) 
4 201 204 (-1024 -2048 -128 ) (-1024 -2048 -136 ) (-1024 -2112.037354 -136 ) (-1024 -2112.050293 -128 ) 
4 201 202 (-1014.250000 -2062.998779 -136 ) (-1011.268005 -2048 -136 ) (-1011.267822 -2048 -128 ) (-1014.250061 -2063 -128 ) 
4 203 213 (-1024 -3072 -128 ) (-1024 -3072 640 ) (-2048 -3072 640 ) (-2048 -3072 -128 ) 
4 203 206 (-2048 -3072 -128 ) (-2048 -3072 640 ) (-2048 -2048 640 ) (-2048 -2048 -128 ) 
4 203 204 (-1024 -2048 -128 ) (-1024 -3072 -128 ) (-1280 -3072 -128 ) (-1280 -2048 -128 ) 
4 204 214 (-1024 -3072 -136 ) (-1024 -3072 -128 ) (-1280 -3072 -128 ) (-1280 -3072 -136 ) 
4 205 206 (-2048 -2048 -128 ) (-2048 -2048 640 ) (-2688 -2048 640 ) (-2688 -2048 -128 ) 
4 206 224 (-2048 -3072 -128 ) (-2048 -3072 640 ) (-2688 -3072 640 ) (-2688 -3072 -128 ) 
4 207 220 (0 -4096 -128 ) (0 -4096 640 ) (-1024 -4096 640 ) (-1024 -4096 -128 ) 
4 207 213 (-1024 -3072 640 ) (-1024 -3072 -128 ) (-1024 -4096 -128 ) (-1024 -4096 640 ) 
4 207 212 (-1024 -3904 -128 ) (-1024 -3648 -128 ) (0 -3648 -128 ) (0 -3904 -128 ) 
3 207 211 (-986.502441 -3610.511230 -128 ) (-1008.989990 -3595.481689 -128 ) (-1014.260071 -3568.979736 -128 ) 
3 207 210 (-1024 -3585.449707 -128 ) (-1024 -3520 -128 ) (-1008.989990 -3595.481689 -128 ) 
3 207 209 (-1024 -3622.541748 -128 ) (-1024 -3585.449707 -128 ) (-945.002991 -3638.247559 -128 ) 
3 207 208 (-1024 -3648 -128 ) (-1024 -3622.541748 -128 ) (-895.950867 -3648 -128 ) 
4 208 214 (-1024 -3622.544434 -136 ) (-1024 -3648 -136 ) (-1024 -3648 -128 ) (-1024 -3622.541748 -128 ) 
4 208 212 (-895.950867 -3648 -128 ) (-1024 -3648 -128 ) (-1024 -3648 -136 ) (-895.963379 -3648 -136 ) 
4 208 209 (-945 -3638.250000 -136 ) (-1024 -3622.543701 -136 ) (-1024 -3622.541992 -128 ) (-945.003540 -3638.247314 -128 ) 
4 209 214 (-1024 -3585.450684 -136 ) (-1024 -3622.544434 -136 ) (-1024 -3622.541748 -128 ) (-1024 -3585.449707 -128 ) 
4 209 211 (-986.501770 -3610.514648 -136 ) (-1008.989380 -3595.485107 -136 ) (-1008.989441 -3595.484131 -128 ) (-986.499817 -3610.515137 -128 ) 
4 209 210 (-1008.989380 -3595.485107 -136 ) (-1024 -3585.452637 -136 ) (-1024 -3585.451904 -128 ) (-1008.989441 -3595.484131 -128 ) 
4 210 214 (-1024 -3520 -136 ) (-1024 -3585.450684 -136 ) (-1024 -3585.449707 -128 ) (-1024 -3520 -128 ) 
4 210 211 (-1008.989136 -3595.482178 -128 ) (-1008.988953 -3595.483154 -136 ) (-1014.258240 -3568.985107 -136 ) (-1014.258972 -3568.981445 -128 ) 
4 212 219 (-1024 -3904 -136 ) (-1024 -3904 -128 ) (-1024 -3648 -128 ) (-1024 -3648 -136 ) 
4 213 224 (-2048 -3072 640 ) (-2048 -3072 -128 ) (-2048 -4096 -128 ) (-2048 -4096 640 ) 
4 213 222 (-1024 -4096 -128 ) (-1024 -4096 640 ) (-2048 -4096 640 ) (-2048 -4096 -128 ) 
4 213 219 (-1024 -3648 -128 ) (-1024 -3904 -128 ) (-2048 -3904 -128 ) (-2048 -3648 -128 ) 
3 213 218 (-1359.020264 -3638.260010 -128 ) (-1373.593506 -3648 -128 ) (-1408 -3648 -128 ) 
3 213 217 (-1289.752808 -3569.004395 -128 ) (-1295.017334 -3595.483398 -128 ) (-1317.487549 -3610.501465 -128 ) 
3 213 216 (-1295.017334 -3595.483398 -128 ) (-1305.458496 -3648 -128 ) (-1373.593506 -3648 -128 ) 
3 213 215 (-1280 -3519.949707 -128 ) (-1280 -3648 -128 ) (-1305.458496 -3648 -128 ) 
4 213 214 (-1280 -3072 -128 ) (-1024 -3072 -128 ) (-1024 -3648 -128 ) (-1280 -3648 -128 ) 
4 214 219 (-1024 -3648 -128 ) (-1280 -3648 -128 ) (-1280 -3648 -136 ) (-1024 -3648 -136 ) 
4 214 215 (-1280 -3648 -136 ) (-1280 -3648 -128 ) (-1280 -3519.949707 -128 ) (-1280 -3519.962646 -136 ) 
4 215 219 (-1280 -3648 -128 ) (-1305.458496 -3648 -128 ) (-1305.455811 -3648 -136 ) (-1280 -3648 -136 ) 
4 215 217 (-1289.747681 -3568.997803 -136 ) (-1295.013306 -3595.482666 -136 ) (-1295.015869 -3595.482422 -128 ) (-1289.750977 -3569.001465 -128 ) 
4 215 216 (-1295.013306 -3595.482666 -136 ) (-1305.454590 -3648 -136 ) (-1305.457153 -3648 -128 ) (-1295.015869 -3595.482422 -128 ) 
4 216 219 (-1305.458496 -3648 -128 ) (-1373.593506 -3648 -128 ) (-1373.590820 -3648 -136 ) (-1305.455811 -3648 -136 ) 
4 216 218 (-1359.016602 -3638.259277 -136 ) (-1373.590820 -3648 -136 ) (-1373.593384 -3648 -128 ) (-1359.020020 -3638.260010 -128 ) 
4 216 217 (-1295.018555 -3595.484375 -128 ) (-1295.015991 -3595.484375 -136 ) (-1317.488159 -3610.503662 -136 ) (-1317.487671 -3610.501709 -128 ) 
4 218 219 (-1373.593506 -3648 -128 ) (-1408 -3648 -128 ) (-1408 -3648 -136 ) (-1373.590820 -3648 -136 ) 
4 219 229 (-2048 -3904 -136 ) (-2048 -3904 -128 ) (-2048 -3648 -128 ) (-2048 -3648 -136 ) 
4 220 222 (-1024 -4544 -128 ) (-1024 -4544 640 ) (-1024 -4096 640 ) (-1024 -4096 -128 ) 
4 220 221 (-1024 -4416 -128 ) (-1024 -4160 -128 ) (0 -4160 -128 ) (0 -4416 -128 ) 
4 221 223 (-1024 -4416 -136 ) (-1024 -4416 -128 ) (-1024 -4160 -128 ) (-1024 -4160 -136 ) 
4 222 230 (-2048 -4544 -128 ) (-2048 -4544 640 ) (-2048 -4096 640 ) (-2048 -4096 -128 ) 
4 222 223 (-2048 -4416 -128 ) (-2048 -4160 -128 ) (-1024 -4160 -128 ) (-1024 -4416 -128 ) 
4 223 231 (-2048 -4416 -136 ) (-2048 -4416 -128 ) (-2048 -4160 -128 ) (-2048 -4160 -136 ) 
4 224 230 (-2048 -4096 -128 ) (-2048 -4096 640 ) (-2688 -4096 640 ) (-2688 -4096 -128 ) 
4 224 229 (-2688 -3904 -128 ) (-2688 -3648 -128 ) (-2048 -3648 -128 ) (-2048 -3904 -128 ) 
3 224 228 (-2650.500732 -3610.513672 -128 ) (-2672.989746 -3595.483154 -128 ) (-2678.260010 -3568.979980 -128 ) 
3 224 227 (-2688 -3585.450928 -128 ) (-2688 -3520 -128 ) (-2672.989746 -3595.483154 -128 ) 
3 224 226 (-2688 -3622.541260 -128 ) (-2688 -3585.450928 -128 ) (-2609.006592 -3638.246582 -128 ) 
3 224 225 (-2688 -3648 -128 ) (-2688 -3622.541260 -128 ) (-2559.948730 -3648 -128 ) 
4 225 229 (-2559.948730 -3648 -128 ) (-2688 -3648 -128 ) (-2688 -3648 -136 ) (-2559.961182 -3648 -136 ) 
4 225 226 (-2609 -3638.250977 -136 ) (-2688 -3622.544678 -136 ) (-2688 -3622.542236 -128 ) (-2609.004639 -3638.247559 -128 ) 
4 226 228 (-2650.501709 -3610.513672 -136 ) (-2672.989502 -3595.483887 -136 ) (-2672.989746 -3595.483154 -128 ) (-2650.500977 -3610.513428 -128 ) 
4 226 227 (-2672.989502 -3595.483887 -136 ) (-2688 -3585.451660 -136 ) (-2688 -3585.450928 -128 ) (-2672.989746 -3595.483154 -128 ) 
4 227 228 (-2672.990234 -3595.480225 -128 ) (-2672.989990 -3595.481201 -136 ) (-2678.259521 -3568.982666 -136 ) (-2678.260010 -3568.979492 -128 ) 
4 230 231 (-2688 -4416 -128 ) (-2688 -4160 -128 ) (-2048 -4160 -128 ) (-2048 -4416 -128 ) 
