PRT1
254
512
13 0 2 (4096 3506.602051 524.654053 ) (4096 3476.770020 480 ) (4096 3211.230469 480 ) (4096 3181.399902 524.646545 ) (4096 3168 592.002441 ) (4096 3181.399902 659.356750 ) (4096 3219.545898 716.447205 ) (4096 3276.651855 754.602478 ) (4096 3344.001465 768 ) (4096 3411.349121 754.602844 ) (4096 3468.449219 716.448853 ) (4096 3506.599121 659.357239 ) (4096 3520 592.001526 ) 
13 1 3 (4096 2834.601563 524.653198 ) (4096 2804.770020 480 ) (4096 2539.229980 480 ) (4096 2509.400391 524.645447 ) (4096 2496 592.002197 ) (4096 2509.399902 659.356995 ) (4096 2547.545410 716.446716 ) (4096 2604.652100 754.602478 ) (4096 2672.001709 768 ) (4096 2739.362305 754.600281 ) (4096 2796.438477 716.462769 ) (4096 2834.600586 659.352112 ) (4096 2848 592.002014 ) 
4 2 11 (3072 3472 480 ) (3072 3216 480 ) (3072 3216 704 ) (3072 3472 704 ) 
4 3 31 (3072 2800 480 ) (3072 2544 480 ) (3072 2544 704 ) (3072 2800 704 ) 
4 4 10 (2688 3488 592 ) (2688 3840 592 ) (2724 3840 592 ) (2724 3488 592 ) 
4 4 6 (2724 3840 592 ) (2780 3840 592 ) (2780 3488 592 ) (2724 3488 592 ) 
4 4 5 (2780 3840 592 ) (2816 3840 592 ) (2816 3488 592 ) (2780 3488 592 ) 
4 5 6 (2780 3840 480 ) (2780 3488 480 ) (2780 3488 592 ) (2780 3840 592 ) 
4 6 10 (2724 3840 480 ) (2724 3488 480 ) (2724 3488 592 ) (2724 3840 592 ) 
4 6 8 (2728 3481 480 ) (2776 3481 480 ) (2776 3481 588 ) (2728 3481 588 ) 
4 7 11 (2780 3472 588 ) (2780 3472 592 ) (2724 3472 592 ) (2724 3472 588 ) 
4 7 9 (2724 3472 588 ) (2724 3479 588 ) (2780 3479 588 ) (2780 3472 588 ) 
4 8 9 (2776 3479 588 ) (2728 3479 588 ) (2728 3479 480 ) (2776 3479 480 ) 
4 9 11 (2724 3472 480 ) (2780 3472 480 ) (2780 3472 588 ) (2724 3472 588 ) 
4 11 16 (2432 3472 480 ) (2432 3216 480 ) (2432 3216 704 ) (2432 3472 704 ) 
4 11 15 (2480 3216 480 ) (2496 3216 480 ) (2496 3216 512 ) (2480 3216 512 ) 
4 11 14 (2480 3216 512 ) (2496 3216 512 ) (2496 3216 704 ) (2480 3216 704 ) 
4 11 12 (2976 3216 480 ) (3024 3216 480 ) (3024 3216 704 ) (2976 3216 704 ) 
4 11 13 (2496 3216 480 ) (2976 3216 480 ) (2976 3216 704 ) (2496 3216 704 ) 
4 12 13 (2976 3168 704 ) (2976 3216 704 ) (2976 3216 480 ) (2976 3168 480 ) 
4 13 29 (2688 3072 480 ) (2976 3072 480 ) (2976 3072 512 ) (2560 3072 512 ) 
4 13 28 (2976 3072 704 ) (2496 3072 704 ) (2496 3072 512 ) (2976 3072 512 ) 
4 13 15 (2496 3216 512 ) (2496 3216 480 ) (2496 3200 480 ) (2496 3200 512 ) 
4 13 14 (2496 3216 704 ) (2496 3216 512 ) (2496 3200 512 ) (2496 3200 704 ) 
3 14 15 (2480 3216 512 ) (2496 3216 512 ) (2496 3200 512 ) 
13 16 20 (2048 3506.602051 524.654114 ) (2048 3476.770020 480 ) (2048 3211.230469 480 ) (2048 3181.399902 524.646606 ) (2048 3168 592.002563 ) (2048 3181.398438 659.349426 ) (2048 3219.548828 716.449158 ) (2048 3276.643066 754.600708 ) (2048 3344.001465 768 ) (2048 3411.347412 754.603821 ) (2048 3468.450928 716.448547 ) (2048 3506.598877 659.358398 ) (2048 3520 592.001587 ) 
4 17 42 (2176 3072 512 ) (2176 3072 656 ) (2070 3072 656 ) (2070 3072 512 ) 
4 17 18 (2070 3128 624 ) (2070 3128 656 ) (2070 3136 656 ) (2070 3136 624 ) 
4 17 19 (2070 3128 512 ) (2070 3072 512 ) (2070 3072 656 ) (2070 3128 656 ) 
4 18 21 (2048 3128 656 ) (2048 3136 656 ) (2048 3136 624 ) (2048 3128 624 ) 
4 18 19 (2070 3128 624 ) (2070 3128 656 ) (2048 3128 656 ) (2048 3128 624 ) 
4 19 42 (2070 3072 656 ) (2048 3072 656 ) (2048 3072 512 ) (2070 3072 512 ) 
4 19 22 (2048 3072 512 ) (2048 3072 624 ) (2048 3128 624 ) (2048 3128 512 ) 
4 19 21 (2048 3072 624 ) (2048 3072 656 ) (2048 3128 656 ) (2048 3128 624 ) 
4 20 24 (1808 3424 480 ) (1808 3264 480 ) (1808 3264 664 ) (1808 3424 664 ) 
4 21 45 (1864 3072 656 ) (1856 3072 656 ) (1856 3072 624 ) (1864 3072 624 ) 
4 21 44 (2048 3072 624 ) (2048 3072 656 ) (1864 3072 656 ) (1864 3072 624 ) 
4 21 23 (1864 3136 624 ) (1898 3136 624 ) (1898 3072 624 ) (1864 3072 624 ) 
4 21 22 (2048 3128 624 ) (2048 3072 624 ) (1898 3072 624 ) (1898 3128 624 ) 
4 22 44 (2048 3072 512 ) (2048 3072 624 ) (1898 3072 624 ) (1898 3072 512 ) 
4 22 23 (1898 3128 512 ) (1898 3072 512 ) (1898 3072 624 ) (1898 3128 624 ) 
4 23 44 (1898 3072 624 ) (1864 3072 624 ) (1864 3072 512 ) (1898 3072 512 ) 
4 24 73 (1024 3264 480 ) (1024 3264 664 ) (1024 3424 664 ) (1024 3424 480 ) 
4 24 26 (1024 3264 656 ) (1024 3264 512 ) (1792 3264 512 ) (1792 3264 656 ) 
6 25 74 (1024 3072 656 ) (1024 3072 768 ) (1024 3136 768 ) (1024 3200.001221 750.848572 ) (1024 3246.860596 703.989197 ) (1024 3259.709717 656 ) 
4 25 48 (1368 3072 768 ) (1320 3072 768 ) (1320 3072 656 ) (1368 3072 656 ) 
4 25 47 (1792 3072 656 ) (1792 3072 768 ) (1368 3072 768 ) (1368 3072 656 ) 
4 25 53 (1320 3072 768 ) (1024 3072 768 ) (1024 3072 656 ) (1320 3072 656 ) 
4 25 26 (1024 3072 656 ) (1024 3259.709717 656 ) (1792 3259.709717 656 ) (1792 3072 656 ) 
4 26 75 (1024 3072 512 ) (1024 3072 656 ) (1024 3264 656 ) (1024 3264 512 ) 
4 26 48 (1368 3072 656 ) (1320 3072 656 ) (1320 3072 512 ) (1368 3072 512 ) 
4 26 47 (1792 3072 512 ) (1792 3072 656 ) (1368 3072 656 ) (1368 3072 512 ) 
4 26 53 (1320 3072 656 ) (1024 3072 656 ) (1024 3072 512 ) (1320 3072 512 ) 
4 27 31 (2976 2800 480 ) (3024 2800 480 ) (3024 2800 704 ) (2976 2800 704 ) 
4 27 30 (2976 2848 480 ) (2976 2800 480 ) (2976 2800 704 ) (2976 2848 704 ) 
4 28 35 (2496 3032 512 ) (2496 2984 512 ) (2496 2984 620 ) (2496 3032 620 ) 
4 28 29 (2976 2944 512 ) (2560 2944 512 ) (2560 3072 512 ) (2976 3072 512 ) 
4 28 30 (2976 2944 512 ) (2976 2944 704 ) (2496 2944 704 ) (2496 2944 512 ) 
4 29 30 (2688 2944 480 ) (2976 2944 480 ) (2976 2944 512 ) (2560 2944 512 ) 
4 30 39 (2496 2816 480 ) (2496 2800 480 ) (2496 2800 512 ) (2496 2816 512 ) 
4 30 37 (2496 2800 512 ) (2496 2800 624 ) (2496 2816 624 ) (2496 2816 512 ) 
4 30 32 (2496 2800 624 ) (2496 2800 704 ) (2496 2816 704 ) (2496 2816 624 ) 
4 30 31 (2496 2800 480 ) (2976 2800 480 ) (2976 2800 704 ) (2496 2800 704 ) 
4 31 40 (2496 2800 480 ) (2496 2544 480 ) (2496 2544 512 ) (2496 2800 512 ) 
4 31 38 (2496 2544 512 ) (2496 2544 624 ) (2496 2800 624 ) (2496 2800 512 ) 
4 31 33 (2496 2544 624 ) (2496 2544 704 ) (2496 2800 704 ) (2496 2800 624 ) 
3 32 37 (2496 2816 624 ) (2496 2800 624 ) (2480 2800 624 ) 
4 32 33 (2480 2800 624 ) (2496 2800 624 ) (2496 2800 704 ) (2480 2800 704 ) 
4 33 43 (2432 2544 704 ) (2432 2800 704 ) (2432 2800 624 ) (2432 2544 624 ) 
4 33 38 (2432 2544 624 ) (2432 2800 624 ) (2496 2800 624 ) (2496 2544 624 ) 
4 34 41 (2432 2980 624 ) (2432 3036 624 ) (2432 3036 620 ) (2432 2980 620 ) 
4 34 36 (2494 2980 620 ) (2432 2980 620 ) (2432 3036 620 ) (2494 3036 620 ) 
4 35 36 (2494 2984 620 ) (2494 3032 620 ) (2494 3032 512 ) (2494 2984 512 ) 
4 36 41 (2432 3036 620 ) (2432 3036 512 ) (2432 2980 512 ) (2432 2980 620 ) 
3 37 39 (2496 2816 512 ) (2496 2800 512 ) (2480 2800 512 ) 
4 37 38 (2480 2800 512 ) (2496 2800 512 ) (2496 2800 624 ) (2480 2800 624 ) 
4 38 43 (2432 2544 624 ) (2432 2800 624 ) (2432 2800 512 ) (2432 2544 512 ) 
4 38 40 (2432 2544 512 ) (2432 2800 512 ) (2496 2800 512 ) (2496 2544 512 ) 
4 39 40 (2480 2800 480 ) (2496 2800 480 ) (2496 2800 512 ) (2480 2800 512 ) 
4 40 43 (2432 2544 512 ) (2432 2800 512 ) (2432 2800 480 ) (2432 2544 480 ) 
4 41 42 (2176 2944 512 ) (2176 2944 656 ) (2176 3072 656 ) (2176 3072 512 ) 
4 42 44 (2048 3072 656 ) (2048 3072 512 ) (2048 2880 512 ) (2048 2880 656 ) 
13 43 46 (2048 2834.601807 524.654602 ) (2048 2804.770020 480 ) (2048 2539.236328 480 ) (2048 2509.397461 524.659790 ) (2048 2496 592.002441 ) (2048 2509.399658 659.356689 ) (2048 2547.545654 716.447083 ) (2048 2604.654053 754.603882 ) (2048 2672 768 ) (2048 2739.362305 754.600342 ) (2048 2796.442871 716.459778 ) (2048 2834.599365 659.357605 ) (2048 2848 592.001953 ) 
4 44 45 (1864 2880 624 ) (1864 2880 656 ) (1864 3072 656 ) (1864 3072 624 ) 
4 46 56 (1808 2752 480 ) (1808 2592 480 ) (1808 2592 664 ) (1808 2752 664 ) 
4 47 54 (1792 2984 656 ) (1792 2984 768 ) (1368 2984 768 ) (1368 2984 656 ) 
4 47 55 (1368 2984 512 ) (1792 2984 512 ) (1792 2984 656 ) (1368 2984 656 ) 
4 47 51 (1368 3032 512 ) (1368 3024 512 ) (1368 3024 768 ) (1368 3032 768 ) 
4 47 50 (1368 2992 512 ) (1368 2984 512 ) (1368 2984 768 ) (1368 2992 768 ) 
4 47 48 (1368 3072 512 ) (1368 3032 512 ) (1368 3032 768 ) (1368 3072 768 ) 
4 48 52 (1320 3032 768 ) (1320 3032 512 ) (1328 3032 512 ) (1328 3032 768 ) 
4 48 51 (1360 3032 512 ) (1368 3032 512 ) (1368 3032 768 ) (1360 3032 768 ) 
4 48 53 (1320 3072 512 ) (1320 3032 512 ) (1320 3032 768 ) (1320 3072 768 ) 
4 49 54 (1328 2984 656 ) (1328 2984 768 ) (1320 2984 768 ) (1320 2984 656 ) 
4 49 55 (1320 2984 512 ) (1328 2984 512 ) (1328 2984 656 ) (1320 2984 656 ) 
4 49 53 (1320 2992 512 ) (1320 2984 512 ) (1320 2984 768 ) (1320 2992 768 ) 
4 50 54 (1368 2984 656 ) (1368 2984 768 ) (1360 2984 768 ) (1360 2984 656 ) 
4 50 55 (1360 2984 512 ) (1368 2984 512 ) (1368 2984 656 ) (1360 2984 656 ) 
4 52 53 (1320 3032 512 ) (1320 3024 512 ) (1320 3024 768 ) (1320 3032 768 ) 
4 53 89 (1024 2984 768 ) (1024 3072 768 ) (1024 3072 512 ) (1024 2984 512 ) 
4 53 54 (1320 2984 656 ) (1320 2984 768 ) (1024 2984 768 ) (1024 2984 656 ) 
4 53 55 (1024 2984 512 ) (1320 2984 512 ) (1320 2984 656 ) (1024 2984 656 ) 
6 54 96 (1024 2815.998535 750.848694 ) (1024 2880 768 ) (1024 2984 768 ) (1024 2984 656 ) (1024 2756.250732 656 ) (1024 2769.150146 704 ) 
4 54 55 (1024 2984 656 ) (1792 2984 656 ) (1792 2756.250732 656 ) (1024 2756.250732 656 ) 
4 55 97 (1024 2752 512 ) (1024 2752 656 ) (1024 2984 656 ) (1024 2984 512 ) 
4 55 56 (1024 2752 656 ) (1024 2752 512 ) (1792 2752 512 ) (1792 2752 656 ) 
4 56 112 (1024 2592 480 ) (1024 2592 664 ) (1024 2752 664 ) (1024 2752 480 ) 
4 57 113 (1024 2048 64 ) (1024 2048 704 ) (1024 2304 704 ) (1024 2304 64 ) 
4 57 60 (1728 2048 704 ) (1024 2048 704 ) (1024 2048 64 ) (1728 2048 64 ) 
4 58 59 (1856.007813 1408 64 ) (2048 1216.007813 64 ) (2048 1216.007813 704 ) (1856.007813 1408 704 ) 
4 59 72 (2048 1024 64 ) (2048 1024 704 ) (1728 1024 704 ) (1728 1024 64 ) 
4 59 60 (1728 1536.005005 64 ) (1728 1024 64 ) (1728 1024 704 ) (1728 1536.005005 704 ) 
4 60 236 (1024 1024 64 ) (1024 1024 704 ) (1024 2048 704 ) (1024 2048 64 ) 
4 60 72 (1728 1024 704 ) (1024 1024 704 ) (1024 1024 64 ) (1728 1024 64 ) 
4 61 62 (2524 168 376 ) (2524 168 336 ) (2524 128 336 ) (2524 128 376 ) 
4 62 65 (2404 168 336 ) (2444 168 336 ) (2444 128 336 ) (2404 128 336 ) 
4 63 68 (2064 296 192 ) (2512 296 192 ) (2512 168 192 ) (2064 168 192 ) 
4 63 66 (2064 168 192 ) (2404 168 192 ) (2404 168 256 ) (2064 168 256 ) 
4 63 64 (2444 168 192 ) (2512 168 192 ) (2512 168 256 ) (2444 168 256 ) 
4 63 65 (2404 168 192 ) (2444 168 192 ) (2444 168 256 ) (2404 168 256 ) 
4 64 68 (2444 168 192 ) (2512 168 192 ) (2512 128 192 ) (2444 128 192 ) 
4 64 67 (2444 128 192 ) (2512 128 192 ) (2512 128 256 ) (2444 128 256 ) 
4 64 65 (2444 168 256 ) (2444 168 192 ) (2444 128 192 ) (2444 128 256 ) 
4 65 68 (2404 168 192 ) (2444 168 192 ) (2444 128 192 ) (2404 128 192 ) 
4 65 67 (2404 128 192 ) (2444 128 192 ) (2444 128 256 ) (2404 128 256 ) 
4 65 66 (2404 168 256 ) (2404 168 192 ) (2404 128 192 ) (2404 128 256 ) 
4 66 68 (2064 168 192 ) (2404 168 192 ) (2404 128 192 ) (2064 128 192 ) 
4 66 67 (2064 128 192 ) (2404 128 192 ) (2404 128 256 ) (2064 128 256 ) 
4 67 68 (2512 0 192 ) (2064 0 192 ) (2064 128 192 ) (2512 128 192 ) 
4 68 69 (2064 260 64 ) (2064 36 64 ) (2064 36 192 ) (2064 260 192 ) 
4 69 70 (2060 260 192 ) (2060 260 64 ) (2060 36 64 ) (2060 36 192 ) 
4 70 71 (2052 260 192 ) (2052 260 64 ) (2052 36 64 ) (2052 36 192 ) 
4 71 72 (2048 36 192 ) (2048 260 192 ) (2048 260 64 ) (2048 36 64 ) 
4 72 237 (1024 0 64 ) (1024 0 704 ) (1024 1024 704 ) (1024 1024 64 ) 
4 73 75 (1024 3264 512 ) (1024 3264 656 ) (384 3264 656 ) (384 3264 512 ) 
4 74 90 (856 3072 768 ) (808 3072 768 ) (808 3072 656 ) (856 3072 656 ) 
4 74 89 (1024 3072 656 ) (1024 3072 768 ) (856 3072 768 ) (856 3072 656 ) 
4 74 95 (808 3072 768 ) (384 3072 768 ) (384 3072 656 ) (808 3072 656 ) 
6 74 76 (384 3259.709717 656 ) (384 3072 656 ) (384 3072 768 ) (384 3136 768 ) (384 3200.001221 750.848572 ) (384 3246.860596 703.989197 ) 
4 74 75 (1024 3072 656 ) (384 3072 656 ) (384 3259.709717 656 ) (1024 3259.709717 656 ) 
4 75 90 (856 3072 656 ) (808 3072 656 ) (808 3072 512 ) (856 3072 512 ) 
4 75 89 (1024 3072 512 ) (1024 3072 656 ) (856 3072 656 ) (856 3072 512 ) 
4 75 95 (808 3072 656 ) (384 3072 656 ) (384 3072 512 ) (808 3072 512 ) 
4 75 85 (384 3264 544 ) (384 3264 528 ) (384 3072 528 ) (384 3072 544 ) 
4 75 83 (384 3264 560 ) (384 3264 544 ) (384 3072 544 ) (384 3072 560 ) 
4 75 81 (384 3264 656 ) (384 3264 560 ) (384 3072 560 ) (384 3072 656 ) 
4 76 98 (384 3072 656 ) (384 3072 768 ) (368 3072 768 ) (368 3072 656 ) 
4 76 81 (384 3259.722412 656 ) (384 3072 656 ) (368 3072 656 ) (368 3259.722168 656 ) 
4 76 79 (368 3259.722412 656 ) (368 3072 656 ) (368 3072 688 ) (368 3251.144531 688 ) 
5 76 78 (368 3072 688 ) (368 3072 704 ) (368 3246.849854 704 ) (368 3246.857666 703.992188 ) (368 3251.144531 688 ) 
5 76 77 (368 3072 704 ) (368 3072 768 ) (368 3136 768 ) (368 3200.001221 750.848572 ) (368 3246.849854 704 ) 
4 77 117 (0 3072 720 ) (0 3072 752 ) (0 3264 752 ) (0 3264 720 ) 
4 77 115 (0 3072 752 ) (0 3072 896 ) (0 3264 896 ) (0 3264 752 ) 
4 77 114 (0 3072 896 ) (0 3072 1024 ) (0 3264 1024 ) (0 3264 896 ) 
4 77 101 (0 3072 1024 ) (0 3072 704 ) (32 3072 704 ) (32 3072 1024 ) 
4 77 100 (32 3072 704 ) (368 3072 704 ) (368 3072 1024 ) (32 3072 1024 ) 
4 77 78 (32 3264 704 ) (368 3264 704 ) (368 3072 704 ) (32 3072 704 ) 
4 78 100 (32 3072 688 ) (368 3072 688 ) (368 3072 704 ) (32 3072 704 ) 
4 78 80 (64 3264 688 ) (96 3264 688 ) (96 3072 688 ) (64 3072 688 ) 
4 78 79 (96 3264 688 ) (368 3264 688 ) (368 3072 688 ) (96 3072 688 ) 
4 79 104 (96 3072 656 ) (128 3072 656 ) (128 3072 672 ) (96 3072 672 ) 
4 79 103 (128 3072 656 ) (368 3072 656 ) (368 3072 672 ) (128 3072 672 ) 
4 79 102 (368 3072 672 ) (368 3072 688 ) (96 3072 688 ) (96 3072 672 ) 
4 79 87 (128 3264 656 ) (160 3264 656 ) (160 3072 656 ) (128 3072 656 ) 
4 79 86 (160 3264 656 ) (224 3264 656 ) (224 3072 656 ) (160 3072 656 ) 
4 79 84 (224 3264 656 ) (256 3264 656 ) (256 3072 656 ) (224 3072 656 ) 
4 79 82 (256 3264 656 ) (288 3264 656 ) (288 3072 656 ) (256 3072 656 ) 
4 79 81 (288 3264 656 ) (368 3264 656 ) (368 3072 656 ) (288 3072 656 ) 
4 79 80 (96 3072 672 ) (96 3072 688 ) (96 3264 688 ) (96 3264 672 ) 
4 80 102 (96 3072 672 ) (96 3072 688 ) (64 3072 688 ) (64 3072 672 ) 
4 81 108 (288 3072 576 ) (288 3072 560 ) (368 3072 560 ) (368 3072 576 ) 
4 81 106 (288 3072 624 ) (288 3072 576 ) (368 3072 576 ) (368 3072 624 ) 
4 81 105 (288 3072 640 ) (288 3072 624 ) (368 3072 624 ) (368 3072 640 ) 
4 81 103 (368 3072 656 ) (288 3072 656 ) (288 3072 640 ) (368 3072 640 ) 
4 81 99 (384 3072 560 ) (384 3072 656 ) (368 3072 656 ) (368 3072 560 ) 
4 81 83 (320 3264 560 ) (384 3264 560 ) (384 3072 560 ) (320 3072 560 ) 
4 81 82 (288 3072 576 ) (288 3072 656 ) (288 3264 656 ) (288 3264 576 ) 
4 82 106 (256 3072 624 ) (256 3072 576 ) (288 3072 576 ) (288 3072 624 ) 
4 82 105 (256 3072 640 ) (256 3072 624 ) (288 3072 624 ) (288 3072 640 ) 
4 82 103 (288 3072 656 ) (256 3072 656 ) (256 3072 640 ) (288 3072 640 ) 
4 82 84 (256 3072 592 ) (256 3072 656 ) (256 3264 656 ) (256 3264 592 ) 
4 83 111 (352 3072 560 ) (320 3072 560 ) (320 3072 544 ) (352 3072 544 ) 
4 83 110 (368 3072 560 ) (352 3072 560 ) (352 3072 544 ) (368 3072 544 ) 
4 83 99 (384 3072 544 ) (384 3072 560 ) (368 3072 560 ) (368 3072 544 ) 
4 83 85 (352 3264 544 ) (384 3264 544 ) (384 3072 544 ) (352 3072 544 ) 
4 84 107 (224 3072 624 ) (224 3072 592 ) (256 3072 592 ) (256 3072 624 ) 
4 84 105 (224 3072 640 ) (224 3072 624 ) (256 3072 624 ) (256 3072 640 ) 
4 84 103 (256 3072 656 ) (224 3072 656 ) (224 3072 640 ) (256 3072 640 ) 
4 84 88 (224 3072 608 ) (224 3072 624 ) (224 3264 624 ) (224 3264 608 ) 
4 84 86 (224 3072 624 ) (224 3072 656 ) (224 3264 656 ) (224 3264 624 ) 
4 85 110 (368 3072 544 ) (352 3072 544 ) (352 3072 528 ) (368 3072 528 ) 
4 85 99 (384 3072 528 ) (384 3072 544 ) (368 3072 544 ) (368 3072 528 ) 
4 86 105 (224 3072 624 ) (224 3072 640 ) (160 3072 640 ) (160 3072 624 ) 
4 86 103 (224 3072 640 ) (224 3072 656 ) (160 3072 656 ) (160 3072 640 ) 
4 86 88 (192 3264 624 ) (224 3264 624 ) (224 3072 624 ) (192 3072 624 ) 
4 86 87 (160 3072 640 ) (160 3072 656 ) (160 3264 656 ) (160 3264 640 ) 
4 87 103 (160 3072 656 ) (128 3072 656 ) (128 3072 640 ) (160 3072 640 ) 
4 88 109 (224 3072 608 ) (224 3072 624 ) (192 3072 624 ) (192 3072 608 ) 
4 89 96 (1024 2984 656 ) (1024 2984 768 ) (856 2984 768 ) (856 2984 656 ) 
4 89 97 (856 2984 512 ) (1024 2984 512 ) (1024 2984 656 ) (856 2984 656 ) 
4 89 93 (856 3032 512 ) (856 3024 512 ) (856 3024 768 ) (856 3032 768 ) 
4 89 92 (856 2992 512 ) (856 2984 512 ) (856 2984 768 ) (856 2992 768 ) 
4 89 90 (856 3072 512 ) (856 3032 512 ) (856 3032 768 ) (856 3072 768 ) 
4 90 94 (808 3032 768 ) (808 3032 512 ) (816 3032 512 ) (816 3032 768 ) 
4 90 93 (848 3032 512 ) (856 3032 512 ) (856 3032 768 ) (848 3032 768 ) 
4 90 95 (808 3072 512 ) (808 3032 512 ) (808 3032 768 ) (808 3072 768 ) 
4 91 96 (815.991882 2984 656 ) (815.991882 2984 768 ) (808 2984 768 ) (808 2984 656 ) 
4 91 97 (808 2984 512 ) (815.991882 2984 512 ) (815.991882 2984 656 ) (808 2984 656 ) 
4 91 95 (808 2991.991943 512 ) (808 2984 512 ) (808 2984 768 ) (808 2991.991943 768 ) 
4 92 96 (856 2984 656 ) (856 2984 768 ) (848 2984 768 ) (848 2984 656 ) 
4 92 97 (848 2984 512 ) (856 2984 512 ) (856 2984 656 ) (848 2984 656 ) 
4 94 95 (808 3032 512 ) (808 3024 512 ) (808 3024 768 ) (808 3032 768 ) 
4 95 98 (384 2984 768 ) (384 3072 768 ) (384 3072 656 ) (384 2984 656 ) 
4 95 99 (384 3072 656 ) (384 3072 528 ) (384 2984 528 ) (384 2984 656 ) 
4 95 96 (808 2984 656 ) (808 2984 768 ) (384 2984 768 ) (384 2984 656 ) 
4 95 97 (384 2984 512 ) (808 2984 512 ) (808 2984 656 ) (384 2984 656 ) 
6 96 98 (384 2769.149902 704 ) (384 2815.998535 750.848633 ) (384 2880 768 ) (384 2984 768 ) (384 2984 656 ) (384 2756.250732 656 ) 
4 96 97 (384 2756.250732 656 ) (384 2984 656 ) (1024 2984 656 ) (1024 2756.250732 656 ) 
4 97 112 (1024 2752 512 ) (1024 2752 656 ) (384 2752 656 ) (384 2752 512 ) 
4 97 99 (384 2752 528 ) (384 2752 656 ) (384 2984 656 ) (384 2984 528 ) 
4 98 103 (368 3072 672 ) (368 3072 656 ) (368 2756.250488 656 ) (368 2760.550293 672 ) 
4 98 102 (368 3072 688 ) (368 3072 672 ) (368 2760.550293 672 ) (368 2764.850098 688 ) 
6 98 100 (368 3072 768 ) (368 3072 688 ) (368 2764.850098 688 ) (368 2769.149902 704 ) (368 2815.998535 750.848633 ) (368 2880 768 ) 
4 98 99 (368 2756.250732 656 ) (368 3072 656 ) (384 3072 656 ) (384 2756.250488 656 ) 
4 99 110 (368 3072 560 ) (368 3072 528 ) (368 2752 528 ) (368 2752 560 ) 
4 99 108 (368 3072 576 ) (368 3072 560 ) (368 2752 560 ) (368 2752 576 ) 
4 99 106 (368 3072 624 ) (368 3072 576 ) (368 2752 576 ) (368 2752 624 ) 
4 99 105 (368 3072 640 ) (368 3072 624 ) (368 2752 624 ) (368 2752 640 ) 
4 99 103 (368 3072 656 ) (368 3072 640 ) (368 2752 640 ) (368 2752 656 ) 
4 100 102 (368 3072 688 ) (368 2752 688 ) (64 2752 688 ) (64 3072 688 ) 
4 100 101 (32 2752 704 ) (32 2752 1024 ) (32 3072 1024 ) (32 3072 704 ) 
4 101 142 (0 2752 720 ) (0 2752 752 ) (0 3072 752 ) (0 3072 720 ) 
4 101 140 (0 2752 752 ) (0 2752 896 ) (0 3072 896 ) (0 3072 752 ) 
4 101 139 (0 2752 896 ) (0 2752 1024 ) (0 3072 1024 ) (0 3072 896 ) 
4 102 104 (96 3072 672 ) (128 3072 672 ) (128 2752 672 ) (96 2752 672 ) 
4 102 103 (128 3072 672 ) (368 3072 672 ) (368 2752 672 ) (128 2752 672 ) 
4 103 105 (160 3072 640 ) (368 3072 640 ) (368 2752 640 ) (160 2752 640 ) 
4 103 104 (128 2752 656 ) (128 2752 672 ) (128 3072 672 ) (128 3072 656 ) 
4 105 109 (224 2752 624 ) (192 2752 624 ) (192 3072 624 ) (224 3072 624 ) 
4 105 107 (256 2752 624 ) (224 2752 624 ) (224 3072 624 ) (256 3072 624 ) 
4 105 106 (368 3072 624 ) (368 2752 624 ) (256 2752 624 ) (256 3072 624 ) 
4 106 108 (288 3072 576 ) (368 3072 576 ) (368 2752 576 ) (288 2752 576 ) 
4 106 107 (256 2752 592 ) (256 2752 624 ) (256 3072 624 ) (256 3072 592 ) 
4 107 109 (224 2752 608 ) (224 2752 624 ) (224 3072 624 ) (224 3072 608 ) 
4 108 111 (320 3072 560 ) (352 3072 560 ) (352 2752 560 ) (320 2752 560 ) 
4 108 110 (352 3072 560 ) (368 3072 560 ) (368 2752 560 ) (352 2752 560 ) 
4 110 111 (352 2752 544 ) (352 2752 560 ) (352 3072 560 ) (352 3072 544 ) 
4 113 236 (1024 2048 64 ) (1024 2048 704 ) (0 2048 704 ) (0 2048 64 ) 
4 113 167 (0 2048 64 ) (0 2048 192 ) (0 2304 192 ) (0 2304 64 ) 
4 113 166 (0 2048 192 ) (0 2048 704 ) (0 2304 704 ) (0 2304 192 ) 
4 114 139 (0 3072 896 ) (0 3072 1024 ) (-112 3072 1024 ) (-112 3072 896 ) 
4 114 116 (-96 3072 896 ) (-112 3072 896 ) (-112 3264 896 ) (-96 3264 896 ) 
4 114 115 (0 3072 896 ) (-96 3072 896 ) (-96 3264 896 ) (0 3264 896 ) 
4 115 140 (0 3072 752 ) (0 3072 896 ) (-96 3072 896 ) (-96 3072 752 ) 
4 115 118 (-32 3072 752 ) (-64 3072 752 ) (-64 3264 752 ) (-32 3264 752 ) 
4 115 117 (0 3072 752 ) (-32 3072 752 ) (-32 3264 752 ) (0 3264 752 ) 
4 115 116 (-96 3072 768 ) (-96 3072 896 ) (-96 3264 896 ) (-96 3264 768 ) 
4 116 141 (-96 3072 896 ) (-128 3072 896 ) (-128 3072 768 ) (-96 3072 768 ) 
4 116 119 (-128 3264 896 ) (-128 3264 768 ) (-128 3072 768 ) (-128 3072 896 ) 
4 117 142 (0 3072 720 ) (0 3072 752 ) (-32 3072 752 ) (-32 3072 720 ) 
4 117 118 (-32 3072 752 ) (-32 3264 752 ) (-32 3264 736 ) (-32 3072 736 ) 
4 118 143 (-32 3072 736 ) (-32 3072 752 ) (-64 3072 752 ) (-64 3072 736 ) 
4 119 145 (-552 3072 1024 ) (-600 3072 1024 ) (-600 3072 768 ) (-552 3072 768 ) 
4 119 144 (-128 3072 768 ) (-128 3072 1024 ) (-552 3072 1024 ) (-552 3072 768 ) 
4 119 150 (-600 3072 1024 ) (-1024 3072 1024 ) (-1024 3072 768 ) (-600 3072 768 ) 
7 119 120 (-1024 3072 768 ) (-1024 3072 1024 ) (-1024 3136 1024 ) (-1024 3200 1006.849854 ) (-1024 3246.850098 960 ) (-1024 3264 896 ) (-1024 3264 768 ) 
4 120 175 (-1064 3072 1024 ) (-1112 3072 1024 ) (-1112 3072 768 ) (-1064 3072 768 ) 
4 120 174 (-1024 3072 768 ) (-1024 3072 1024 ) (-1064 3072 1024 ) (-1064 3072 768 ) 
4 120 180 (-1112 3072 1024 ) (-1536 3072 1024 ) (-1536 3072 768 ) (-1112 3072 768 ) 
5 120 130 (-1536 3264 896 ) (-1536 3264 784 ) (-1536 3072 784 ) (-1536 3072 912 ) (-1536 3259.712646 912 ) 
6 120 122 (-1536 3072 912 ) (-1536 3072 1024 ) (-1536 3136 1024 ) (-1536 3200 1006.849854 ) (-1536 3246.850098 960 ) (-1536 3259.712646 912 ) 
7 121 232 (-2048 3072 1024 ) (-2048 3072 1280 ) (-2048 3136 1280 ) (-2048 3200 1262.849976 ) (-2048 3246.850098 1216 ) (-2048 3264 1152 ) (-2048 3264 1024 ) 
4 121 188 (-1552 3072 1280 ) (-2048 3072 1280 ) (-2048 3072 1024 ) (-1552 3072 1024 ) 
4 121 129 (-2016 3264 1024 ) (-1984 3264 1024 ) (-1984 3072 1024 ) (-2016 3072 1024 ) 
4 121 128 (-1984 3264 1024 ) (-1952 3264 1024 ) (-1952 3072 1024 ) (-1984 3072 1024 ) 
4 121 127 (-1952 3264 1024 ) (-1920 3264 1024 ) (-1920 3072 1024 ) (-1952 3072 1024 ) 
4 121 126 (-1920 3264 1024 ) (-1888 3264 1024 ) (-1888 3072 1024 ) (-1920 3072 1024 ) 
4 121 125 (-1888 3264 1024 ) (-1856 3264 1024 ) (-1856 3072 1024 ) (-1888 3072 1024 ) 
4 121 124 (-1856 3264 1024 ) (-1824 3264 1024 ) (-1824 3072 1024 ) (-1856 3072 1024 ) 
4 121 123 (-1824 3264 1024 ) (-1552 3264 1024 ) (-1552 3072 1024 ) (-1824 3072 1024 ) 
4 122 189 (-1536 3072 912 ) (-1536 3072 1024 ) (-1552 3072 1024 ) (-1552 3072 912 ) 
4 122 130 (-1552 3264 912 ) (-1536 3264 912 ) (-1536 3072 912 ) (-1552 3072 912 ) 
4 122 123 (-1552 3264 912 ) (-1552 3072 912 ) (-1552 3072 1024 ) (-1552 3264 1024 ) 
4 123 190 (-1552 3072 1024 ) (-1824 3072 1024 ) (-1824 3072 912 ) (-1552 3072 912 ) 
4 123 137 (-1792 3264 912 ) (-1760 3264 912 ) (-1760 3072 912 ) (-1792 3072 912 ) 
4 123 136 (-1760 3264 912 ) (-1728 3264 912 ) (-1728 3072 912 ) (-1760 3072 912 ) 
4 123 135 (-1728 3264 912 ) (-1664 3264 912 ) (-1664 3072 912 ) (-1728 3072 912 ) 
4 123 134 (-1664 3264 912 ) (-1632 3264 912 ) (-1632 3072 912 ) (-1664 3072 912 ) 
4 123 133 (-1632 3264 912 ) (-1600 3264 912 ) (-1600 3072 912 ) (-1632 3072 912 ) 
4 123 132 (-1600 3264 912 ) (-1568 3264 912 ) (-1568 3072 912 ) (-1600 3072 912 ) 
4 123 131 (-1568 3264 912 ) (-1552 3264 912 ) (-1552 3072 912 ) (-1568 3072 912 ) 
4 123 124 (-1824 3072 928 ) (-1824 3072 1024 ) (-1824 3264 1024 ) (-1824 3264 928 ) 
4 124 191 (-1824 3072 1024 ) (-1856 3072 1024 ) (-1856 3072 928 ) (-1824 3072 928 ) 
4 124 125 (-1856 3072 944 ) (-1856 3072 1024 ) (-1856 3264 1024 ) (-1856 3264 944 ) 
4 125 192 (-1856 3072 1024 ) (-1888 3072 1024 ) (-1888 3072 944 ) (-1856 3072 944 ) 
4 125 126 (-1888 3072 960 ) (-1888 3072 1024 ) (-1888 3264 1024 ) (-1888 3264 960 ) 
4 126 193 (-1888 3072 1024 ) (-1920 3072 1024 ) (-1920 3072 960 ) (-1888 3072 960 ) 
4 126 127 (-1920 3072 976 ) (-1920 3072 1024 ) (-1920 3264 1024 ) (-1920 3264 976 ) 
4 127 194 (-1920 3072 1024 ) (-1952 3072 1024 ) (-1952 3072 976 ) (-1920 3072 976 ) 
4 127 128 (-1952 3072 992 ) (-1952 3072 1024 ) (-1952 3264 1024 ) (-1952 3264 992 ) 
4 128 195 (-1952 3072 1024 ) (-1984 3072 1024 ) (-1984 3072 992 ) (-1952 3072 992 ) 
4 128 129 (-1984 3072 1008 ) (-1984 3072 1024 ) (-1984 3264 1024 ) (-1984 3264 1008 ) 
4 129 196 (-1984 3072 1024 ) (-2016 3072 1024 ) (-2016 3072 1008 ) (-1984 3072 1008 ) 
4 130 197 (-1536 3072 784 ) (-1536 3072 912 ) (-1552 3072 912 ) (-1552 3072 784 ) 
4 130 131 (-1552 3264 784 ) (-1552 3072 784 ) (-1552 3072 912 ) (-1552 3264 912 ) 
4 131 198 (-1552 3072 912 ) (-1568 3072 912 ) (-1568 3072 784 ) (-1552 3072 784 ) 
4 131 132 (-1568 3072 800 ) (-1568 3072 912 ) (-1568 3264 912 ) (-1568 3264 800 ) 
4 132 199 (-1568 3072 912 ) (-1600 3072 912 ) (-1600 3072 800 ) (-1568 3072 800 ) 
4 132 133 (-1600 3072 816 ) (-1600 3072 912 ) (-1600 3264 912 ) (-1600 3264 816 ) 
4 133 200 (-1600 3072 912 ) (-1632 3072 912 ) (-1632 3072 816 ) (-1600 3072 816 ) 
4 133 134 (-1632 3072 832 ) (-1632 3072 912 ) (-1632 3264 912 ) (-1632 3264 832 ) 
4 134 201 (-1632 3072 912 ) (-1664 3072 912 ) (-1664 3072 832 ) (-1632 3072 832 ) 
4 134 138 (-1664 3264 864 ) (-1664 3264 848 ) (-1664 3072 848 ) (-1664 3072 864 ) 
4 134 135 (-1664 3072 912 ) (-1664 3264 912 ) (-1664 3264 864 ) (-1664 3072 864 ) 
4 135 202 (-1664 3072 864 ) (-1664 3072 912 ) (-1728 3072 912 ) (-1728 3072 864 ) 
4 135 138 (-1696 3264 864 ) (-1664 3264 864 ) (-1664 3072 864 ) (-1696 3072 864 ) 
4 135 136 (-1728 3072 880 ) (-1728 3072 912 ) (-1728 3264 912 ) (-1728 3264 880 ) 
4 136 203 (-1728 3072 912 ) (-1760 3072 912 ) (-1760 3072 880 ) (-1728 3072 880 ) 
4 136 137 (-1760 3072 896 ) (-1760 3072 912 ) (-1760 3264 912 ) (-1760 3264 896 ) 
4 137 204 (-1760 3072 912 ) (-1792 3072 912 ) (-1792 3072 896 ) (-1760 3072 896 ) 
4 138 205 (-1664 3072 848 ) (-1664 3072 864 ) (-1696 3072 864 ) (-1696 3072 848 ) 
4 139 141 (-96 2752 896 ) (-112 2752 896 ) (-112 3072 896 ) (-96 3072 896 ) 
4 139 140 (0 2752 896 ) (-96 2752 896 ) (-96 3072 896 ) (0 3072 896 ) 
4 140 143 (-32 2752 752 ) (-64 2752 752 ) (-64 3072 752 ) (-32 3072 752 ) 
4 140 142 (0 2752 752 ) (-32 2752 752 ) (-32 3072 752 ) (0 3072 752 ) 
4 140 141 (-96 2752 768 ) (-96 2752 896 ) (-96 3072 896 ) (-96 3072 768 ) 
4 141 151 (-128 2984 768 ) (-128 2752 768 ) (-128 2752 896 ) (-128 2984 896 ) 
4 141 144 (-128 3072 896 ) (-128 3072 768 ) (-128 2984 768 ) (-128 2984 896 ) 
4 142 143 (-32 2752 736 ) (-32 2752 752 ) (-32 3072 752 ) (-32 3072 736 ) 
4 144 151 (-552 2984 768 ) (-128 2984 768 ) (-128 2984 1024 ) (-552 2984 1024 ) 
4 144 148 (-552 3032 768 ) (-552 3024 768 ) (-552 3024 1024 ) (-552 3032 1024 ) 
4 144 147 (-552 2992 768 ) (-552 2984 768 ) (-552 2984 1024 ) (-552 2992 1024 ) 
4 144 145 (-552 3072 768 ) (-552 3032 768 ) (-552 3032 1024 ) (-552 3072 1024 ) 
4 145 149 (-600 3032 1024 ) (-600 3032 768 ) (-592 3032 768 ) (-592 3032 1024 ) 
4 145 148 (-560 3032 768 ) (-552 3032 768 ) (-552 3032 1024 ) (-560 3032 1024 ) 
4 145 150 (-600 3072 768 ) (-600 3032 768 ) (-600 3032 1024 ) (-600 3072 1024 ) 
4 146 151 (-600 2984 768 ) (-592 2984 768 ) (-592 2984 1024 ) (-600 2984 1024 ) 
4 146 150 (-600 2992 768 ) (-600 2984 768 ) (-600 2984 1024 ) (-600 2992 1024 ) 
4 147 151 (-560 2984 768 ) (-552 2984 768 ) (-552 2984 1024 ) (-560 2984 1024 ) 
4 149 150 (-600 3032 768 ) (-600 3024 768 ) (-600 3024 1024 ) (-600 3032 1024 ) 
4 150 174 (-1024 3072 1024 ) (-1024 3072 768 ) (-1024 2984 768 ) (-1024 2984 1024 ) 
4 150 151 (-1024 2984 768 ) (-600 2984 768 ) (-600 2984 1024 ) (-1024 2984 1024 ) 
7 151 181 (-1024 2984 768 ) (-1024 2752 768 ) (-1024 2752 896 ) (-1024 2769.149902 960 ) (-1024 2816 1006.850037 ) (-1024 2880 1024 ) (-1024 2984 1024 ) 
4 151 160 (-880 2752 768 ) (-784 2752 768 ) (-784 2752 880 ) (-880 2752 880 ) 
4 152 155 (-512 2872 64 ) (-512 2824 64 ) (-512 2824 172 ) (-512 2872 172 ) 
4 153 155 (-640 2928 64 ) (-512 2928 64 ) (-512 2928 192 ) (-640 2928 192 ) 
4 154 158 (-968 2928 64 ) (-923 2928 64 ) (-923 2928 192 ) (-968 2928 192 ) 
4 154 157 (-923 2928 64 ) (-704 2928 64 ) (-704 2928 192 ) (-923 2928 192 ) 
4 155 162 (-600 2752 64 ) (-552 2752 64 ) (-552 2752 172.500000 ) (-600 2752 172.500000 ) 
4 155 156 (-640 2928 192 ) (-640 2928 64 ) (-640 2768 64 ) (-640 2768 192 ) 
4 156 157 (-704 2928 192 ) (-704 2928 64 ) (-704 2768 64 ) (-704 2768 192 ) 
4 157 163 (-880 2752 64 ) (-784 2752 64 ) (-784 2752 172.500000 ) (-880 2752 172.500000 ) 
4 157 161 (-880 2752 172.500000 ) (-784 2752 172.500000 ) (-784 2752 176 ) (-880 2752 176 ) 
4 157 159 (-923 2752 176 ) (-923 2752 192 ) (-923 2760 192 ) (-923 2760 176 ) 
4 157 158 (-923 2928 192 ) (-923 2928 64 ) (-923 2760 64 ) (-923 2760 192 ) 
4 158 182 (-1024 2928 64 ) (-1024 2760 64 ) (-1024 2760 192 ) (-1024 2928 192 ) 
4 158 159 (-923 2760 176 ) (-923 2760 192 ) (-1024 2760 192 ) (-1024 2760 176 ) 
4 159 184 (-1024 2752 176 ) (-1024 2752 192 ) (-1024 2760 192 ) (-1024 2760 176 ) 
4 160 164 (-880 2736 768 ) (-784 2736 768 ) (-784 2736 880 ) (-880 2736 880 ) 
4 161 165 (-880 2736 172.500000 ) (-784 2736 172.500000 ) (-784 2736 176 ) (-880 2736 176 ) 
4 161 163 (-784 2736 172.500000 ) (-880 2736 172.500000 ) (-880 2752 172.500000 ) (-784 2752 172.500000 ) 
4 163 165 (-880 2736 64 ) (-784 2736 64 ) (-784 2736 172.500000 ) (-880 2736 172.500000 ) 
4 164 165 (-896 2608 768 ) (-896 2736 768 ) (-768 2736 768 ) (-768 2608 768 ) 
4 166 238 (0 2048 192 ) (0 2048 704 ) (-768 2048 704 ) (-768 2048 192 ) 
4 166 167 (0 2048 192 ) (-768 2048 192 ) (-768 2304 192 ) (0 2304 192 ) 
4 167 241 (0 2048 64 ) (0 2048 192 ) (-768 2048 192 ) (-768 2048 64 ) 
4 168 213 (-1024 2296 192 ) (-1024 2304 192 ) (-1024 2304 176 ) (-1024 2296 176 ) 
4 168 169 (-832 2296 176 ) (-845 2296 176 ) (-845 2304 176 ) (-832 2304 176 ) 
4 168 170 (-832 2296 176 ) (-832 2296 192 ) (-1024 2296 192 ) (-1024 2296 176 ) 
4 169 170 (-845 2296 64 ) (-832 2296 64 ) (-832 2296 176 ) (-845 2296 176 ) 
4 170 243 (-832 2048 192 ) (-1024 2048 192 ) (-1024 2048 64 ) (-832 2048 64 ) 
4 170 222 (-1024 2112 192 ) (-1024 2128 192 ) (-1024 2128 64 ) (-1024 2112 64 ) 
4 170 218 (-1024 2128 192 ) (-1024 2288 192 ) (-1024 2288 64 ) (-1024 2128 64 ) 
4 170 214 (-1024 2288 192 ) (-1024 2296 192 ) (-1024 2296 64 ) (-1024 2288 64 ) 
4 170 171 (-832 2288 64 ) (-832 2128 64 ) (-1024 2128 64 ) (-1024 2288 64 ) 
4 171 230 (-1024 2128 64 ) (-1024 2288 64 ) (-1024 2288 48 ) (-1024 2128 48 ) 
4 171 172 (-832 2128 48 ) (-1024 2128 48 ) (-1024 2288 48 ) (-832 2288 48 ) 
4 172 231 (-1024 2288 48 ) (-1024 2288 0 ) (-1024 2128 0 ) (-1024 2128 48 ) 
4 172 173 (-912 2288 0 ) (-832 2288 0 ) (-832 2128 0 ) (-912 2128 0 ) 
4 174 181 (-1064 2984 768 ) (-1024 2984 768 ) (-1024 2984 1024 ) (-1064 2984 1024 ) 
4 174 178 (-1064 3032 768 ) (-1064 3024 768 ) (-1064 3024 1024 ) (-1064 3032 1024 ) 
4 174 177 (-1064 2992 768 ) (-1064 2984 768 ) (-1064 2984 1024 ) (-1064 2992 1024 ) 
4 174 175 (-1064 3072 768 ) (-1064 3032 768 ) (-1064 3032 1024 ) (-1064 3072 1024 ) 
4 175 179 (-1112 3032 1024 ) (-1112 3032 768 ) (-1104 3032 768 ) (-1104 3032 1024 ) 
4 175 178 (-1072 3032 768 ) (-1064 3032 768 ) (-1064 3032 1024 ) (-1072 3032 1024 ) 
4 175 180 (-1112 3072 768 ) (-1112 3032 768 ) (-1112 3032 1024 ) (-1112 3072 1024 ) 
4 176 181 (-1112 2984 768 ) (-1104 2984 768 ) (-1104 2984 1024 ) (-1112 2984 1024 ) 
4 176 180 (-1112 2992 768 ) (-1112 2984 768 ) (-1112 2984 1024 ) (-1112 2992 1024 ) 
4 177 181 (-1072 2984 768 ) (-1064 2984 768 ) (-1064 2984 1024 ) (-1072 2984 1024 ) 
4 179 180 (-1112 3032 768 ) (-1112 3024 768 ) (-1112 3024 1024 ) (-1112 3032 1024 ) 
4 180 197 (-1536 3072 912 ) (-1536 3072 784 ) (-1536 2984 784 ) (-1536 2984 912 ) 
4 180 189 (-1536 2984 1024 ) (-1536 3072 1024 ) (-1536 3072 912 ) (-1536 2984 912 ) 
4 180 181 (-1536 2984 768 ) (-1112 2984 768 ) (-1112 2984 1024 ) (-1536 2984 1024 ) 
5 181 197 (-1536 2752 784 ) (-1536 2752 896 ) (-1536 2756.287598 912 ) (-1536 2984 912 ) (-1536 2984 784 ) 
6 181 189 (-1536 2756.287598 912 ) (-1536 2769.149902 960 ) (-1536 2816 1006.850037 ) (-1536 2880 1024 ) (-1536 2984 1024 ) (-1536 2984 912 ) 
4 182 184 (-1024 2760 176 ) (-1024 2760 192 ) (-1032 2760 192 ) (-1032 2760 176 ) 
4 182 183 (-1032 2928 64 ) (-1032 2760 64 ) (-1032 2760 192 ) (-1032 2928 192 ) 
4 183 185 (-1077 2944 192 ) (-1077 2944 64 ) (-1077 2760 64 ) (-1077 2760 192 ) 
4 183 184 (-1077 2760 192 ) (-1077 2760 176 ) (-1032 2760 176 ) (-1032 2760 192 ) 
4 184 185 (-1077 2752 176 ) (-1077 2752 192 ) (-1077 2760 192 ) (-1077 2760 176 ) 
4 185 186 (-1120 2944 192 ) (-1120 2944 64 ) (-1120 2752 64 ) (-1120 2752 192 ) 
4 186 206 (-1120 2752 192 ) (-1312 2752 192 ) (-1312 2752 64 ) (-1120 2752 64 ) 
4 186 187 (-1408 2872 64 ) (-1408 2824 64 ) (-1408 2824 172 ) (-1408 2872 172 ) 
7 188 233 (-2048 2752 1024 ) (-2048 2752 1152 ) (-2048 2769.150146 1216 ) (-2048 2816 1262.849976 ) (-2048 2880 1280 ) (-2048 3072 1280 ) (-2048 3072 1024 ) 
4 188 196 (-1984 2752 1024 ) (-2016 2752 1024 ) (-2016 3072 1024 ) (-1984 3072 1024 ) 
4 188 195 (-1952 2752 1024 ) (-1984 2752 1024 ) (-1984 3072 1024 ) (-1952 3072 1024 ) 
4 188 194 (-1920 2752 1024 ) (-1952 2752 1024 ) (-1952 3072 1024 ) (-1920 3072 1024 ) 
4 188 193 (-1888 2752 1024 ) (-1920 2752 1024 ) (-1920 3072 1024 ) (-1888 3072 1024 ) 
4 188 192 (-1856 2752 1024 ) (-1888 2752 1024 ) (-1888 3072 1024 ) (-1856 3072 1024 ) 
4 188 191 (-1824 2752 1024 ) (-1856 2752 1024 ) (-1856 3072 1024 ) (-1824 3072 1024 ) 
4 188 190 (-1552 2752 1024 ) (-1824 2752 1024 ) (-1824 3072 1024 ) (-1552 3072 1024 ) 
4 189 197 (-1552 3072 912 ) (-1536 3072 912 ) (-1536 2752 912 ) (-1552 2752 912 ) 
4 189 190 (-1552 3072 912 ) (-1552 2752 912 ) (-1552 2752 1024 ) (-1552 3072 1024 ) 
4 190 204 (-1792 3072 912 ) (-1760 3072 912 ) (-1760 2752 912 ) (-1792 2752 912 ) 
4 190 203 (-1760 3072 912 ) (-1728 3072 912 ) (-1728 2752 912 ) (-1760 2752 912 ) 
4 190 202 (-1728 3072 912 ) (-1664 3072 912 ) (-1664 2752 912 ) (-1728 2752 912 ) 
4 190 201 (-1664 3072 912 ) (-1632 3072 912 ) (-1632 2752 912 ) (-1664 2752 912 ) 
4 190 200 (-1632 3072 912 ) (-1600 3072 912 ) (-1600 2752 912 ) (-1632 2752 912 ) 
4 190 199 (-1600 3072 912 ) (-1568 3072 912 ) (-1568 2752 912 ) (-1600 2752 912 ) 
4 190 198 (-1568 3072 912 ) (-1552 3072 912 ) (-1552 2752 912 ) (-1568 2752 912 ) 
4 190 191 (-1824 2752 928 ) (-1824 2752 1024 ) (-1824 3072 1024 ) (-1824 3072 928 ) 
4 191 192 (-1856 2752 944 ) (-1856 2752 1024 ) (-1856 3072 1024 ) (-1856 3072 944 ) 
4 192 193 (-1888 2752 960 ) (-1888 2752 1024 ) (-1888 3072 1024 ) (-1888 3072 960 ) 
4 193 194 (-1920 2752 976 ) (-1920 2752 1024 ) (-1920 3072 1024 ) (-1920 3072 976 ) 
4 194 195 (-1952 2752 992 ) (-1952 2752 1024 ) (-1952 3072 1024 ) (-1952 3072 992 ) 
4 195 196 (-1984 2752 1008 ) (-1984 2752 1024 ) (-1984 3072 1024 ) (-1984 3072 1008 ) 
4 197 198 (-1552 3072 784 ) (-1552 2752 784 ) (-1552 2752 912 ) (-1552 3072 912 ) 
4 198 199 (-1568 2752 800 ) (-1568 2752 912 ) (-1568 3072 912 ) (-1568 3072 800 ) 
4 199 200 (-1600 2752 816 ) (-1600 2752 912 ) (-1600 3072 912 ) (-1600 3072 816 ) 
4 200 201 (-1632 2752 832 ) (-1632 2752 912 ) (-1632 3072 912 ) (-1632 3072 832 ) 
4 201 205 (-1664 2752 848 ) (-1664 2752 864 ) (-1664 3072 864 ) (-1664 3072 848 ) 
4 201 202 (-1664 2752 864 ) (-1664 2752 912 ) (-1664 3072 912 ) (-1664 3072 864 ) 
4 202 205 (-1696 3072 864 ) (-1664 3072 864 ) (-1664 2752 864 ) (-1696 2752 864 ) 
4 202 203 (-1728 2752 880 ) (-1728 2752 912 ) (-1728 3072 912 ) (-1728 3072 880 ) 
4 203 204 (-1760 2752 896 ) (-1760 2752 912 ) (-1760 3072 912 ) (-1760 3072 896 ) 
4 206 207 (-1312 2736 64 ) (-1120 2736 64 ) (-1120 2736 192 ) (-1312 2736 192 ) 
4 207 208 (-1296 2688 64 ) (-1136 2688 64 ) (-1136 2688 192 ) (-1296 2688 192 ) 
4 208 209 (-1296 2624 64 ) (-1136 2624 64 ) (-1136 2624 192 ) (-1296 2624 192 ) 
4 209 210 (-1240 2320 64 ) (-1192 2320 64 ) (-1192 2320 170 ) (-1240 2320 170 ) 
4 210 211 (-1192 2313 64 ) (-1192 2313 170 ) (-1240 2313 170 ) (-1240 2313 64 ) 
4 211 212 (-1192 2311 64 ) (-1192 2311 170 ) (-1240 2311 170 ) (-1240 2311 64 ) 
4 212 216 (-1240 2304 64 ) (-1192 2304 64 ) (-1192 2304 170 ) (-1240 2304 170 ) 
4 213 215 (-1059 2296 192 ) (-1059 2304 192 ) (-1059 2304 176 ) (-1059 2296 176 ) 
4 213 214 (-1059 2296 192 ) (-1059 2296 176 ) (-1024 2296 176 ) (-1024 2296 192 ) 
4 214 218 (-1024 2288 192 ) (-1059 2288 192 ) (-1059 2288 64 ) (-1024 2288 64 ) 
4 214 215 (-1059 2288 64 ) (-1059 2288 192 ) (-1059 2296 192 ) (-1059 2296 64 ) 
4 215 218 (-1059 2288 192 ) (-1072 2288 192 ) (-1072 2288 64 ) (-1059 2288 64 ) 
4 216 221 (-1136 2288 192 ) (-1296 2288 192 ) (-1296 2288 64 ) (-1136 2288 64 ) 
4 217 221 (-1360 2288 192 ) (-1408 2288 192 ) (-1408 2288 64 ) (-1360 2288 64 ) 
4 218 230 (-1024 2288 64 ) (-1024 2128 64 ) (-1096 2128 64 ) (-1096 2288 64 ) 
4 218 222 (-1024 2128 192 ) (-1072 2128 192 ) (-1072 2128 64 ) (-1024 2128 64 ) 
4 218 219 (-1096 2288 192 ) (-1096 2288 128 ) (-1096 2284 128 ) (-1096 2284 192 ) 
4 218 220 (-1096 2284 64 ) (-1096 2128 64 ) (-1096 2128 192 ) (-1096 2284 192 ) 
4 219 220 (-1111.790039 2284 192 ) (-1111.790039 2284 128 ) (-1096 2284 128 ) (-1096 2284 192 ) 
4 219 221 (-1111.790039 2288 192 ) (-1111.790039 2288 128 ) (-1111.790039 2284 128 ) (-1111.790039 2284 192 ) 
4 220 230 (-1096 2128 64 ) (-1111.790039 2128 64 ) (-1111.790039 2284 64 ) (-1096 2284 64 ) 
4 220 221 (-1111.790039 2284 64 ) (-1111.790039 2128 64 ) (-1111.790039 2128 192 ) (-1111.790039 2284 192 ) 
4 221 230 (-1111.790039 2128 64 ) (-1408 2128 64 ) (-1408 2288 64 ) (-1111.790039 2288 64 ) 
4 221 229 (-1408 2232 64 ) (-1408 2184 64 ) (-1408 2184 170 ) (-1408 2232 170 ) 
4 221 227 (-1224 2128 192 ) (-1296 2128 192 ) (-1296 2128 64 ) (-1224 2128 64 ) 
4 221 228 (-1360 2128 192 ) (-1408 2128 192 ) (-1408 2128 64 ) (-1360 2128 64 ) 
4 221 224 (-1208 2128 192 ) (-1224 2128 192 ) (-1224 2128 64 ) (-1208 2128 64 ) 
4 221 223 (-1136 2128 192 ) (-1208 2128 192 ) (-1208 2128 64 ) (-1136 2128 64 ) 
4 223 225 (-1208 2112 136 ) (-1208 2112 192 ) (-1208 2116 192 ) (-1208 2116 136 ) 
4 223 226 (-1208 2116 64 ) (-1208 2112 64 ) (-1208 2112 104 ) (-1208 2116 104 ) 
4 223 224 (-1208 2128 192 ) (-1208 2128 64 ) (-1208 2116 64 ) (-1208 2116 192 ) 
4 224 227 (-1224 2128 192 ) (-1224 2128 64 ) (-1224 2116 64 ) (-1224 2116 192 ) 
4 224 225 (-1224 2116 192 ) (-1224 2116 136 ) (-1208 2116 136 ) (-1208 2116 192 ) 
4 224 226 (-1224 2116 104 ) (-1224 2116 64 ) (-1208 2116 64 ) (-1208 2116 104 ) 
4 225 227 (-1224 2112 136 ) (-1224 2112 192 ) (-1224 2116 192 ) (-1224 2116 136 ) 
4 226 227 (-1224 2116 64 ) (-1224 2112 64 ) (-1224 2112 104 ) (-1224 2116 104 ) 
4 230 231 (-1024 2128 48 ) (-1408 2128 48 ) (-1408 2288 48 ) (-1024 2288 48 ) 
7 232 234 (-3072 3072 1024 ) (-3072 3072 1280 ) (-3072 3136 1280 ) (-3072 3200 1262.849976 ) (-3072 3246.850098 1216 ) (-3072 3264 1152 ) (-3072 3264 1024 ) 
4 232 233 (-2048 3072 1024 ) (-2048 3072 1280 ) (-3072 3072 1280 ) (-3072 3072 1024 ) 
7 233 235 (-3072 2752 1024 ) (-3072 2752 1152 ) (-3072 2769.150146 1216 ) (-3072 2816 1262.849976 ) (-3072 2880 1280 ) (-3072 3072 1280 ) (-3072 3072 1024 ) 
4 234 235 (-3072 3072 1024 ) (-3072 3072 1280 ) (-3456 3072 1280 ) (-3456 3072 1024 ) 
4 236 241 (0 2048 192 ) (0 2048 64 ) (0 1024 64 ) (0 1024 192 ) 
4 236 238 (0 2048 704 ) (0 2048 192 ) (0 1024 192 ) (0 1024 704 ) 
4 236 237 (1024 1024 64 ) (1024 1024 704 ) (0 1024 704 ) (0 1024 64 ) 
4 237 252 (0 0 64 ) (0 0 704 ) (0 1024 704 ) (0 1024 64 ) 
4 238 253 (-512 1024 704 ) (-768 1024 704 ) (-768 1024 192 ) (-512 1024 192 ) 
4 238 252 (0 1024 192 ) (0 1024 704 ) (-512 1024 704 ) (-512 1024 192 ) 
4 238 241 (-768 2048 192 ) (0 2048 192 ) (0 1024 192 ) (-768 1024 192 ) 
4 238 239 (-768 1856 192 ) (-768 1792 192 ) (-768 1792 704 ) (-768 1856 704 ) 
4 238 240 (-768 1792 192 ) (-768 1024 192 ) (-768 1024 704 ) (-768 1792 704 ) 
3 239 242 (-768 1856 192 ) (-768 1792 192 ) (-832 1792 192 ) 
4 239 240 (-832 1792 192 ) (-768 1792 192 ) (-768 1792 704 ) (-832 1792 704 ) 
4 240 253 (-768 1024 704 ) (-1024 1024 704 ) (-1024 1024 192 ) (-768 1024 192 ) 
4 240 251 (-1024 1024 192 ) (-1024 1792 192 ) (-952 1792 192 ) (-952 1024 192 ) 
4 240 246 (-952 1792 192 ) (-832 1792 192 ) (-832 1024 192 ) (-952 1024 192 ) 
4 240 242 (-832 1792 192 ) (-768 1792 192 ) (-768 1024 192 ) (-832 1024 192 ) 
4 241 253 (-512 1024 192 ) (-768 1024 192 ) (-768 1024 64 ) (-512 1024 64 ) 
4 241 252 (0 1024 64 ) (0 1024 192 ) (-512 1024 192 ) (-512 1024 64 ) 
4 241 242 (-768 1856 64 ) (-768 1024 64 ) (-768 1024 192 ) (-768 1856 192 ) 
4 242 253 (-768 1024 192 ) (-832 1024 192 ) (-832 1024 64 ) (-768 1024 64 ) 
4 242 247 (-832 1792 64 ) (-832 1024 64 ) (-832 1024 172 ) (-832 1792 172 ) 
4 242 246 (-832 1024 172 ) (-832 1024 192 ) (-832 1792 192 ) (-832 1792 172 ) 
4 243 244 (-1008 2000 64 ) (-848 2000 64 ) (-848 2000 192 ) (-1008 2000 192 ) 
4 244 245 (-1008 1936 64 ) (-848 1936 64 ) (-848 1936 192 ) (-1008 1936 192 ) 
4 245 248 (-952 1808 64 ) (-904 1808 64 ) (-904 1808 172 ) (-952 1808 172 ) 
4 246 253 (-832 1024 192 ) (-952 1024 192 ) (-952 1024 172 ) (-832 1024 172 ) 
4 246 251 (-952 1792 172 ) (-952 1024 172 ) (-952 1024 192 ) (-952 1792 192 ) 
4 246 250 (-952 1024 172 ) (-952 1792 172 ) (-904 1792 172 ) (-904 1024 172 ) 
4 246 247 (-904 1792 172 ) (-832 1792 172 ) (-832 1024 172 ) (-904 1024 172 ) 
4 247 253 (-904 1024 64 ) (-832 1024 64 ) (-832 1024 172 ) (-904 1024 172 ) 
4 247 250 (-904 1024 172 ) (-904 1792 172 ) (-904 1792 64 ) (-904 1024 64 ) 
4 248 249 (-904 1801 64 ) (-904 1801 172 ) (-952 1801 172 ) (-952 1801 64 ) 
4 249 250 (-904 1799 64 ) (-904 1799 172 ) (-952 1799 172 ) (-952 1799 64 ) 
4 250 253 (-952 1024 172 ) (-952 1024 64 ) (-904 1024 64 ) (-904 1024 172 ) 
4 250 251 (-952 1792 64 ) (-952 1024 64 ) (-952 1024 172 ) (-952 1792 172 ) 
4 251 253 (-952 1024 192 ) (-1024 1024 192 ) (-1024 1024 64 ) (-952 1024 64 ) 
4 252 253 (-512 1024 64 ) (-512 256 64 ) (-512 256 704 ) (-512 1024 704 ) 
